%このファイルは日本語文字を含みます.
\BOOKMARK [1][-]{section*.1}{概要}{}% 1
\BOOKMARK [1][-]{section.1}{はじめに}{}% 2
\BOOKMARK [1][-]{section.2}{LTI}{}% 3
\BOOKMARK [2][-]{subsection.2.1}{OAuth}{section.2}% 4
\BOOKMARK [2][-]{subsection.2.2}{LTI1.0におけるOAuth1.0}{section.2}% 5
\BOOKMARK [3][-]{subsubsection.2.2.1}{キーの作成}{subsection.2.2}% 6
\BOOKMARK [3][-]{subsubsection.2.2.2}{文字列の作成}{subsection.2.2}% 7
\BOOKMARK [3][-]{subsubsection.2.2.3}{署名の作成}{subsection.2.2}% 8
\BOOKMARK [2][-]{subsection.2.3}{成績反映}{section.2}% 9
\BOOKMARK [1][-]{section.3}{システム概要}{}% 10
\BOOKMARK [2][-]{subsection.3.1}{システム}{section.3}% 11
\BOOKMARK [2][-]{subsection.3.2}{Ruby on Rails}{section.3}% 12
\BOOKMARK [2][-]{subsection.3.3}{UIについて}{section.3}% 13
\BOOKMARK [1][-]{section.4}{実装実験}{}% 14
\BOOKMARK [2][-]{subsection.4.1}{LTI使用方法}{section.4}% 15
\BOOKMARK [2][-]{subsection.4.2}{外部ツールの起動}{section.4}% 16
\BOOKMARK [2][-]{subsection.4.3}{成績反映に使うデータ}{section.4}% 17
\BOOKMARK [2][-]{subsection.4.4}{成績反映}{section.4}% 18
\BOOKMARK [1][-]{section.5}{まとめと課題}{}% 19
