This is e-upTeX, Version 3.14159265-p3.8.0-u1.23-180226-2.6 (utf8.uptex) (TeX Live 2018) (preloaded format=uplatex 2018.12.13)  18 JAN 2019 19:53
entering extended mode
 restricted \write18 enabled.
 file:line:error style messages enabled.
 %&-line parsing enabled.
**experiment.tex
(./experiment.tex
pLaTeX2e <2018-04-01u02>+1 (based on LaTeX2e <2018-04-01> patch level 2)
Babel <3.18> and hyphenation patterns for 84 language(s) loaded.

./experiment.tex:2: LaTeX Error: Missing \begin{document}.

See the LaTeX manual or LaTeX Companion for explanation.
Type  H <return>  for immediate help.
 ...                                              
                                                  
l.2 本
       研究ではLTIを用いることで実際に複数のLMSから、独...
You're in trouble here.  Try typing  <return>  to proceed.
If that doesn't work, type  X <return>  to quit.


Overfull \hbox (29.6222pt too wide) in paragraph at lines 2--3
[]\JY2/mc/m/n/10 本
 []


Overfull \hbox (9.6222pt too wide) in paragraph at lines 2--3
\JY2/mc/m/n/10 研
 []


Overfull \hbox (9.6222pt too wide) in paragraph at lines 2--3
\JY2/mc/m/n/10 究
 []


Overfull \hbox (9.6222pt too wide) in paragraph at lines 2--3
\JY2/mc/m/n/10 で
 []


Overfull \hbox (9.6222pt too wide) in paragraph at lines 2--3
\JY2/mc/m/n/10 は
 []


Overfull \hbox (16.25002pt too wide) in paragraph at lines 2--3
\OT1/cmr/m/n/10 LTI
 []


Overfull \hbox (9.6222pt too wide) in paragraph at lines 2--3
\JY2/mc/m/n/10 を
 []


Overfull \hbox (9.6222pt too wide) in paragraph at lines 2--3
\JY2/mc/m/n/10 用
 []


Overfull \hbox (9.6222pt too wide) in paragraph at lines 2--3
\JY2/mc/m/n/10 い
 []


Overfull \hbox (9.6222pt too wide) in paragraph at lines 2--3
\JY2/mc/m/n/10 る
 []


Overfull \hbox (9.6222pt too wide) in paragraph at lines 2--3
\JY2/mc/m/n/10 こ
 []


Overfull \hbox (9.6222pt too wide) in paragraph at lines 2--3
\JY2/mc/m/n/10 と
 []


Overfull \hbox (9.6222pt too wide) in paragraph at lines 2--3
\JY2/mc/m/n/10 で
 []


Overfull \hbox (9.6222pt too wide) in paragraph at lines 2--3
\JY2/mc/m/n/10 実
 []


Overfull \hbox (9.6222pt too wide) in paragraph at lines 2--3
\JY2/mc/m/n/10 際
 []


Overfull \hbox (9.6222pt too wide) in paragraph at lines 2--3
\JY2/mc/m/n/10 に
 []


Overfull \hbox (9.6222pt too wide) in paragraph at lines 2--3
\JY2/mc/m/n/10 複
 []


Overfull \hbox (9.6222pt too wide) in paragraph at lines 2--3
\JY2/mc/m/n/10 数
 []


Overfull \hbox (9.6222pt too wide) in paragraph at lines 2--3
\JY2/mc/m/n/10 の
 []


Overfull \hbox (20.97227pt too wide) in paragraph at lines 2--3
\OT1/cmr/m/n/10 LMS
 []


Overfull \hbox (9.6222pt too wide) in paragraph at lines 2--3
\JY2/mc/m/n/10 か
 []


Overfull \hbox (13.93329pt too wide) in paragraph at lines 2--3
\JY2/mc/m/n/10 ら 、
 []


Overfull \hbox (9.6222pt too wide) in paragraph at lines 2--3
\JY2/mc/m/n/10 独
 []


Overfull \hbox (9.6222pt too wide) in paragraph at lines 2--3
\JY2/mc/m/n/10 立
 []


Overfull \hbox (9.6222pt too wide) in paragraph at lines 2--3
\JY2/mc/m/n/10 し
 []


Overfull \hbox (9.6222pt too wide) in paragraph at lines 2--3
\JY2/mc/m/n/10 た
 []


Overfull \hbox (19.44447pt too wide) in paragraph at lines 2--3
\OT1/cmr/m/n/10 Web
 []


Overfull \hbox (9.6222pt too wide) in paragraph at lines 2--3
\JY2/mc/m/n/10 ア
 []


Overfull \hbox (9.6222pt too wide) in paragraph at lines 2--3
\JY2/mc/m/n/10 プ
 []


Overfull \hbox (9.6222pt too wide) in paragraph at lines 2--3
\JY2/mc/m/n/10 リ
 []


Overfull \hbox (18.74438pt too wide) in paragraph at lines 2--3
\JY2/mc/m/n/10 ケ ー
 []


Overfull \hbox (9.6222pt too wide) in paragraph at lines 2--3
\JY2/mc/m/n/10 シ
 []


Overfull \hbox (9.6222pt too wide) in paragraph at lines 2--3
\JY2/mc/m/n/10 ョ
 []


Overfull \hbox (9.6222pt too wide) in paragraph at lines 2--3
\JY2/mc/m/n/10 ン
 []


Overfull \hbox (9.6222pt too wide) in paragraph at lines 2--3
\JY2/mc/m/n/10 で
 []


Overfull \hbox (9.6222pt too wide) in paragraph at lines 2--3
\JY2/mc/m/n/10 あ
 []


Overfull \hbox (9.6222pt too wide) in paragraph at lines 2--3
\JY2/mc/m/n/10 る
 []


Overfull \hbox (9.6222pt too wide) in paragraph at lines 2--3
\JY2/mc/m/n/10 ネ
 []


Overfull \hbox (9.6222pt too wide) in paragraph at lines 2--3
\JY2/mc/m/n/10 ッ
 []


Overfull \hbox (9.6222pt too wide) in paragraph at lines 2--3
\JY2/mc/m/n/10 ト
 []


Overfull \hbox (18.74438pt too wide) in paragraph at lines 2--3
\JY2/mc/m/n/10 ワ ー
 []


Overfull \hbox (9.6222pt too wide) in paragraph at lines 2--3
\JY2/mc/m/n/10 ク
 []


Overfull \hbox (9.6222pt too wide) in paragraph at lines 2--3
\JY2/mc/m/n/10 自
 []


Overfull \hbox (9.6222pt too wide) in paragraph at lines 2--3
\JY2/mc/m/n/10 己
 []


Overfull \hbox (9.6222pt too wide) in paragraph at lines 2--3
\JY2/mc/m/n/10 学
 []


Overfull \hbox (9.6222pt too wide) in paragraph at lines 2--3
\JY2/mc/m/n/10 習
 []


Overfull \hbox (9.6222pt too wide) in paragraph at lines 2--3
\JY2/mc/m/n/10 機
 []


Overfull \hbox (9.6222pt too wide) in paragraph at lines 2--3
\JY2/mc/m/n/10 能
 []


Overfull \hbox (9.6222pt too wide) in paragraph at lines 2--3
\JY2/mc/m/n/10 を
 []


Overfull \hbox (9.6222pt too wide) in paragraph at lines 2--3
\JY2/mc/m/n/10 同
 []


Overfull \hbox (9.6222pt too wide) in paragraph at lines 2--3
\JY2/mc/m/n/10 じ
 []


Overfull \hbox (9.6222pt too wide) in paragraph at lines 2--3
\JY2/mc/m/n/10 よ
 []


Overfull \hbox (9.6222pt too wide) in paragraph at lines 2--3
\JY2/mc/m/n/10 う
 []


Overfull \hbox (9.6222pt too wide) in paragraph at lines 2--3
\JY2/mc/m/n/10 に
 []


Overfull \hbox (9.6222pt too wide) in paragraph at lines 2--3
\JY2/mc/m/n/10 学
 []


Overfull \hbox (9.6222pt too wide) in paragraph at lines 2--3
\JY2/mc/m/n/10 習
 []


Overfull \hbox (9.6222pt too wide) in paragraph at lines 2--3
\JY2/mc/m/n/10 支
 []


Overfull \hbox (9.6222pt too wide) in paragraph at lines 2--3
\JY2/mc/m/n/10 援
 []


Overfull \hbox (18.74438pt too wide) in paragraph at lines 2--3
\JY2/mc/m/n/10 ツ ー
 []


Overfull \hbox (9.6222pt too wide) in paragraph at lines 2--3
\JY2/mc/m/n/10 ル
 []


Overfull \hbox (9.6222pt too wide) in paragraph at lines 2--3
\JY2/mc/m/n/10 と
 []


Overfull \hbox (9.6222pt too wide) in paragraph at lines 2--3
\JY2/mc/m/n/10 し
 []


Overfull \hbox (9.6222pt too wide) in paragraph at lines 2--3
\JY2/mc/m/n/10 て
 []


Overfull \hbox (9.6222pt too wide) in paragraph at lines 2--3
\JY2/mc/m/n/10 呼
 []


Overfull \hbox (9.6222pt too wide) in paragraph at lines 2--3
\JY2/mc/m/n/10 び
 []


Overfull \hbox (9.6222pt too wide) in paragraph at lines 2--3
\JY2/mc/m/n/10 出
 []


Overfull \hbox (9.6222pt too wide) in paragraph at lines 2--3
\JY2/mc/m/n/10 す
 []


Overfull \hbox (9.6222pt too wide) in paragraph at lines 2--3
\JY2/mc/m/n/10 こ
 []


Overfull \hbox (9.6222pt too wide) in paragraph at lines 2--3
\JY2/mc/m/n/10 と
 []


Overfull \hbox (9.6222pt too wide) in paragraph at lines 2--3
\JY2/mc/m/n/10 が
 []


Overfull \hbox (9.6222pt too wide) in paragraph at lines 2--3
\JY2/mc/m/n/10 で
 []


Overfull \hbox (9.6222pt too wide) in paragraph at lines 2--3
\JY2/mc/m/n/10 き
 []


Overfull \hbox (9.6222pt too wide) in paragraph at lines 2--3
\JY2/mc/m/n/10 る
 []


Overfull \hbox (9.6222pt too wide) in paragraph at lines 2--3
\JY2/mc/m/n/10 の
 []


Overfull \hbox (9.6222pt too wide) in paragraph at lines 2--3
\JY2/mc/m/n/10 か
 []


Overfull \hbox (9.6222pt too wide) in paragraph at lines 2--3
\JY2/mc/m/n/10 を
 []


Overfull \hbox (9.6222pt too wide) in paragraph at lines 2--3
\JY2/mc/m/n/10 確
 []


Overfull \hbox (9.6222pt too wide) in paragraph at lines 2--3
\JY2/mc/m/n/10 認
 []


Overfull \hbox (9.6222pt too wide) in paragraph at lines 2--3
\JY2/mc/m/n/10 す
 []


Overfull \hbox (9.6222pt too wide) in paragraph at lines 2--3
\JY2/mc/m/n/10 る
 []


Overfull \hbox (9.6222pt too wide) in paragraph at lines 2--3
\JY2/mc/m/n/10 た
 []


Overfull \hbox (9.6222pt too wide) in paragraph at lines 2--3
\JY2/mc/m/n/10 め
 []


Overfull \hbox (13.93329pt too wide) in paragraph at lines 2--3
\JY2/mc/m/n/10 に 、
 []


Overfull \hbox (16.25002pt too wide) in paragraph at lines 2--3
\OT1/cmr/m/n/10 LTI
 []


Overfull \hbox (9.6222pt too wide) in paragraph at lines 2--3
\JY2/mc/m/n/10 に
 []


Overfull \hbox (9.6222pt too wide) in paragraph at lines 2--3
\JY2/mc/m/n/10 準
 []


Overfull \hbox (9.6222pt too wide) in paragraph at lines 2--3
\JY2/mc/m/n/10 拠
 []


Overfull \hbox (9.6222pt too wide) in paragraph at lines 2--3
\JY2/mc/m/n/10 し
 []


Overfull \hbox (9.6222pt too wide) in paragraph at lines 2--3
\JY2/mc/m/n/10 た
 []


Overfull \hbox (20.97227pt too wide) in paragraph at lines 2--3
\OT1/cmr/m/n/10 LMS
 []


Overfull \hbox (9.6222pt too wide) in paragraph at lines 2--3
\JY2/mc/m/n/10 で
 []


Overfull \hbox (9.6222pt too wide) in paragraph at lines 2--3
\JY2/mc/m/n/10 あ
 []


Overfull \hbox (9.6222pt too wide) in paragraph at lines 2--3
\JY2/mc/m/n/10 る
 []


Overfull \hbox (22.77783pt too wide) in paragraph at lines 2--3
\OT1/cmr/m/n/10 Moo-
 []


Overfull \hbox (17.5889pt too wide) in paragraph at lines 2--3
\OT1/cmr/m/n/10 dle\JY2/mc/m/n/10 、
 []


Overfull \hbox (21.11115pt too wide) in paragraph at lines 2--3
\OT1/cmr/m/n/10 Can-
 []


Overfull \hbox (13.6667pt too wide) in paragraph at lines 2--3
\OT1/cmr/m/n/10 vas
 []


Overfull \hbox (9.6222pt too wide) in paragraph at lines 2--3
\JY2/mc/m/n/10 を
 []


Overfull \hbox (9.6222pt too wide) in paragraph at lines 2--3
\JY2/mc/m/n/10 用
 []


Overfull \hbox (9.6222pt too wide) in paragraph at lines 2--3
\JY2/mc/m/n/10 い
 []


Overfull \hbox (9.6222pt too wide) in paragraph at lines 2--3
\JY2/mc/m/n/10 て
 []


Overfull \hbox (9.6222pt too wide) in paragraph at lines 2--3
\JY2/mc/m/n/10 の
 []


Overfull \hbox (9.6222pt too wide) in paragraph at lines 2--3
\JY2/mc/m/n/10 実
 []


Overfull \hbox (9.6222pt too wide) in paragraph at lines 2--3
\JY2/mc/m/n/10 装
 []


Overfull \hbox (9.6222pt too wide) in paragraph at lines 2--3
\JY2/mc/m/n/10 実
 []


Overfull \hbox (9.6222pt too wide) in paragraph at lines 2--3
\JY2/mc/m/n/10 験
 []


Overfull \hbox (9.6222pt too wide) in paragraph at lines 2--3
\JY2/mc/m/n/10 を
 []


Overfull \hbox (9.6222pt too wide) in paragraph at lines 2--3
\JY2/mc/m/n/10 行
 []


Overfull \hbox (9.6222pt too wide) in paragraph at lines 2--3
\JY2/mc/m/n/10 っ
 []


Overfull \hbox (13.93329pt too wide) in paragraph at lines 2--3
\JY2/mc/m/n/10 た 。 
 []

LaTeX Font Info:    Font shape `JT2/mc/m/n' will be
(Font)              scaled to size 9.6222pt on input line 3.
LaTeX Font Info:    Font shape `JY2/mc/m/n' will be
(Font)              scaled to size 9.6222pt on input line 3.

./experiment.tex:3: LaTeX Error: The font size command \normalsize is not defined:
               there is probably something wrong with the class file.

See the LaTeX manual or LaTeX Companion for explanation.
Type  H <return>  for immediate help.
 ...                                              
                                                  
l.3 
    
Your command was ignored.
Type  I <command> <return>  to replace it with another command,
or  <return>  to continue without it.

[1
./experiment.tex:3: Undefined control sequence.
<write> \newlabel{tag:experiment}{{}{\thepage 
                                              }}
l.3 
    
The control sequence at the end of the top line
of your error message was never \def'ed. If you have
misspelled it (e.g., `\hobx'), type `I' and the correct
spelling (e.g., `I\hbox'). Otherwise just continue,
and I'll forget about whatever was undefined.

\newlabel{tag:experiment}{{}{}}
]
./experiment.tex:4: Undefined control sequence.
l.4 \subsection
               {LTI使用方法}
The control sequence at the end of the top line
of your error message was never \def'ed. If you have
misspelled it (e.g., `\hobx'), type `I' and the correct
spelling (e.g., `I\hbox'). Otherwise just continue,
and I'll forget about whatever was undefined.


./experiment.tex:4: LaTeX Error: Missing \begin{document}.

See the LaTeX manual or LaTeX Companion for explanation.
Type  H <return>  for immediate help.
 ...                                              
                                                  
l.4 \subsection{L
                 TI使用方法}
You're in trouble here.  Try typing  <return>  to proceed.
If that doesn't work, type  X <return>  to quit.

LaTeX Font Info:    Font shape `JT2/mc/bx/n' in size <10> not available
(Font)              Font shape `JT2/gt/m/n' tried instead on input line 6.
LaTeX Font Info:    Font shape `JT2/gt/m/n' will be
(Font)              scaled to size 9.6222pt on input line 6.
LaTeX Font Info:    Font shape `JY2/mc/bx/n' in size <10> not available
(Font)              Font shape `JY2/gt/m/n' tried instead on input line 6.
LaTeX Font Info:    Font shape `JY2/gt/m/n' will be
(Font)              scaled to size 9.6222pt on input line 6.
./experiment.tex:6: Undefined control sequence.
<write> ...e `fig:moodle config' on page \thepage 
                                                  \space undefined\on@line .^^J
l.6 ...ル設定より図\ref{fig:moodle config}
                                                参照、ツール名、ツー
The control sequence at the end of the top line
of your error message was never \def'ed. If you have
misspelled it (e.g., `\hobx'), type `I' and the correct
spelling (e.g., `I\hbox'). Otherwise just continue,
and I'll forget about whatever was undefined.


LaTeX Warning: Reference `fig:moodle config' on page  undefined on input line 6.


./experiment.tex:7: LaTeX Error: Environment figure undefined.

See the LaTeX manual or LaTeX Companion for explanation.
Type  H <return>  for immediate help.
 ...                                              
                                                  
l.7 \begin{figure}
                  [htbp]
Your command was ignored.
Type  I <command> <return>  to replace it with another command,
or  <return>  to continue without it.


Overfull \hbox (36.25002pt too wide) in paragraph at lines 4--8
[]\OT1/cmr/m/n/10 LTI
 []


Overfull \hbox (9.6222pt too wide) in paragraph at lines 4--8
\JY2/mc/m/n/10 使
 []


Overfull \hbox (9.6222pt too wide) in paragraph at lines 4--8
\JY2/mc/m/n/10 用
 []


Overfull \hbox (9.6222pt too wide) in paragraph at lines 4--8
\JY2/mc/m/n/10 方
 []


Overfull \hbox (9.6222pt too wide) in paragraph at lines 4--8
\JY2/mc/m/n/10 法
 []


Overfull \hbox (20.97227pt too wide) in paragraph at lines 4--8
\OT1/cmr/m/n/10 LMS
 []


Overfull \hbox (9.6222pt too wide) in paragraph at lines 4--8
\JY2/mc/m/n/10 上
 []


Overfull \hbox (9.6222pt too wide) in paragraph at lines 4--8
\JY2/mc/m/n/10 で
 []


Overfull \hbox (19.44449pt too wide) in paragraph at lines 4--8
\OT1/cmr/m/n/10 Tool
 []


Overfull \hbox (60.05003pt too wide) in paragraph at lines 4--8
\OT1/cmr/m/n/10 Provider(\JY2/mc/m/n/10 ツ ー
 []


Overfull \hbox (14.43329pt too wide) in paragraph at lines 4--8
\JY2/mc/m/n/10 ル ・
 []


Overfull \hbox (9.6222pt too wide) in paragraph at lines 4--8
\JY2/mc/m/n/10 プ
 []


Overfull \hbox (9.6222pt too wide) in paragraph at lines 4--8
\JY2/mc/m/n/10 ロ
 []


Overfull \hbox (9.6222pt too wide) in paragraph at lines 4--8
\JY2/mc/m/n/10 バ
 []


Overfull \hbox (9.6222pt too wide) in paragraph at lines 4--8
\JY2/mc/m/n/10 イ
 []


Overfull \hbox (13.5111pt too wide) in paragraph at lines 4--8
\JY2/mc/m/n/10 ダ\OT1/cmr/m/n/10 )
 []


Overfull \hbox (9.6222pt too wide) in paragraph at lines 4--8
\JY2/mc/m/n/10 を
 []


Overfull \hbox (9.6222pt too wide) in paragraph at lines 4--8
\JY2/mc/m/n/10 使
 []


Overfull \hbox (9.6222pt too wide) in paragraph at lines 4--8
\JY2/mc/m/n/10 用
 []


Overfull \hbox (9.6222pt too wide) in paragraph at lines 4--8
\JY2/mc/m/n/10 す
 []


Overfull \hbox (9.6222pt too wide) in paragraph at lines 4--8
\JY2/mc/m/n/10 る
 []


Overfull \hbox (9.6222pt too wide) in paragraph at lines 4--8
\JY2/mc/m/n/10 に
 []


Overfull \hbox (13.93329pt too wide) in paragraph at lines 4--8
\JY2/mc/m/n/10 は 、
 []


Overfull \hbox (9.6222pt too wide) in paragraph at lines 4--8
\JY2/mc/m/n/10 各
 []


Overfull \hbox (20.97227pt too wide) in paragraph at lines 4--8
\OT1/cmr/m/n/10 LMS
 []


Overfull \hbox (9.6222pt too wide) in paragraph at lines 4--8
\JY2/mc/m/n/10 上
 []


Overfull \hbox (9.6222pt too wide) in paragraph at lines 4--8
\JY2/mc/m/n/10 で
 []


Overfull \hbox (9.6222pt too wide) in paragraph at lines 4--8
\JY2/mc/m/n/10 外
 []


Overfull \hbox (9.6222pt too wide) in paragraph at lines 4--8
\JY2/mc/m/n/10 部
 []


Overfull \hbox (18.74438pt too wide) in paragraph at lines 4--8
\JY2/mc/m/n/10 ツ ー
 []


Overfull \hbox (9.6222pt too wide) in paragraph at lines 4--8
\JY2/mc/m/n/10 ル
 []


Overfull \hbox (9.6222pt too wide) in paragraph at lines 4--8
\JY2/mc/m/n/10 の
 []


Overfull \hbox (9.6222pt too wide) in paragraph at lines 4--8
\JY2/mc/m/n/10 設
 []


Overfull \hbox (9.6222pt too wide) in paragraph at lines 4--8
\JY2/mc/m/n/10 定
 []


Overfull \hbox (9.6222pt too wide) in paragraph at lines 4--8
\JY2/mc/m/n/10 を
 []


Overfull \hbox (9.6222pt too wide) in paragraph at lines 4--8
\JY2/mc/m/n/10 変
 []


Overfull \hbox (9.6222pt too wide) in paragraph at lines 4--8
\JY2/mc/m/n/10 更
 []


Overfull \hbox (9.6222pt too wide) in paragraph at lines 4--8
\JY2/mc/m/n/10 す
 []


Overfull \hbox (9.6222pt too wide) in paragraph at lines 4--8
\JY2/mc/m/n/10 る
 []


Overfull \hbox (9.6222pt too wide) in paragraph at lines 4--8
\JY2/mc/m/n/10 必
 []


Overfull \hbox (9.6222pt too wide) in paragraph at lines 4--8
\JY2/mc/m/n/10 要
 []


Overfull \hbox (9.6222pt too wide) in paragraph at lines 4--8
\JY2/mc/m/n/10 が
 []


Overfull \hbox (9.6222pt too wide) in paragraph at lines 4--8
\JY2/mc/m/n/10 あ
 []


Overfull \hbox (13.93329pt too wide) in paragraph at lines 4--8
\JY2/mc/m/n/10 る 。
 []


Overfull \hbox (9.6222pt too wide) in paragraph at lines 4--8
\JY2/mc/m/n/10 例
 []


Overfull \hbox (9.6222pt too wide) in paragraph at lines 4--8
\JY2/mc/m/n/10 と
 []


Overfull \hbox (9.6222pt too wide) in paragraph at lines 4--8
\JY2/mc/m/n/10 し
 []


Overfull \hbox (13.93329pt too wide) in paragraph at lines 4--8
\JY2/mc/m/n/10 て 、
 []


Overfull \hbox (21.9445pt too wide) in paragraph at lines 4--8
\OT1/cmr/m/n/10 moo-
 []


Overfull \hbox (12.7778pt too wide) in paragraph at lines 4--8
\OT1/cmr/m/n/10 dle
 []


Overfull \hbox (9.6222pt too wide) in paragraph at lines 4--8
\JY2/mc/m/n/10 で
 []


Overfull \hbox (9.6222pt too wide) in paragraph at lines 4--8
\JY2/mc/m/n/10 の
 []


Overfull \hbox (9.6222pt too wide) in paragraph at lines 4--8
\JY2/mc/m/n/10 使
 []


Overfull \hbox (9.6222pt too wide) in paragraph at lines 4--8
\JY2/mc/m/n/10 用
 []


Overfull \hbox (9.6222pt too wide) in paragraph at lines 4--8
\JY2/mc/m/n/10 方
 []


Overfull \hbox (9.6222pt too wide) in paragraph at lines 4--8
\JY2/mc/m/n/10 法
 []


Overfull \hbox (9.6222pt too wide) in paragraph at lines 4--8
\JY2/mc/m/n/10 を
 []


Overfull \hbox (9.6222pt too wide) in paragraph at lines 4--8
\JY2/mc/m/n/10 説
 []


Overfull \hbox (9.6222pt too wide) in paragraph at lines 4--8
\JY2/mc/m/n/10 明
 []


Overfull \hbox (9.6222pt too wide) in paragraph at lines 4--8
\JY2/mc/m/n/10 す
 []


Overfull \hbox (13.93329pt too wide) in paragraph at lines 4--8
\JY2/mc/m/n/10 る 。 
 []


Overfull \hbox (31.66676pt too wide) in paragraph at lines 4--8
[]\OT1/cmr/m/n/10 moodle
 []


Overfull \hbox (9.6222pt too wide) in paragraph at lines 4--8
\JY2/mc/m/n/10 で
 []


Overfull \hbox (9.6222pt too wide) in paragraph at lines 4--8
\JY2/mc/m/n/10 は
 []


Overfull \hbox (9.6222pt too wide) in paragraph at lines 4--8
\JY2/mc/m/n/10 外
 []


Overfull \hbox (9.6222pt too wide) in paragraph at lines 4--8
\JY2/mc/m/n/10 部
 []


Overfull \hbox (18.74438pt too wide) in paragraph at lines 4--8
\JY2/mc/m/n/10 ツ ー
 []


Overfull \hbox (9.6222pt too wide) in paragraph at lines 4--8
\JY2/mc/m/n/10 ル
 []


Overfull \hbox (9.6222pt too wide) in paragraph at lines 4--8
\JY2/mc/m/n/10 設
 []


Overfull \hbox (9.6222pt too wide) in paragraph at lines 4--8
\JY2/mc/m/n/10 定
 []


Overfull \hbox (9.6222pt too wide) in paragraph at lines 4--8
\JY2/mc/m/n/10 よ
 []


Overfull \hbox (9.6222pt too wide) in paragraph at lines 4--8
\JY2/mc/m/n/10 り
 []


Overfull \hbox (9.6222pt too wide) in paragraph at lines 4--8
\JY2/mc/m/n/10 図
 []


Overfull \hbox (10.86105pt too wide) in paragraph at lines 4--8
[]
 []


Overfull \hbox (9.6222pt too wide) in paragraph at lines 4--8
\JY2/mc/m/n/10 参
 []


Overfull \hbox (13.93329pt too wide) in paragraph at lines 4--8
\JY2/mc/m/n/10 照 、
 []


Overfull \hbox (18.74438pt too wide) in paragraph at lines 4--8
\JY2/mc/m/n/10 ツ ー
 []


Overfull \hbox (9.6222pt too wide) in paragraph at lines 4--8
\JY2/mc/m/n/10 ル
 []


Overfull \hbox (13.93329pt too wide) in paragraph at lines 4--8
\JY2/mc/m/n/10 名 、
 []


Overfull \hbox (18.74438pt too wide) in paragraph at lines 4--8
\JY2/mc/m/n/10 ツ ー
 []


Overfull \hbox (9.6222pt too wide) in paragraph at lines 4--8
\JY2/mc/m/n/10 ル
 []


Overfull \hbox (25.92224pt too wide) in paragraph at lines 4--8
\OT1/cmr/m/n/10 URL\JY2/mc/m/n/10 、
 []


Overfull \hbox (9.6222pt too wide) in paragraph at lines 4--8
\JY2/mc/m/n/10 コ
 []


Overfull \hbox (9.6222pt too wide) in paragraph at lines 4--8
\JY2/mc/m/n/10 ン
 []


Overfull \hbox (9.6222pt too wide) in paragraph at lines 4--8
\JY2/mc/m/n/10 シ
 []


Overfull \hbox (18.74438pt too wide) in paragraph at lines 4--8
\JY2/mc/m/n/10 ュ ー
 []


Overfull \hbox (9.6222pt too wide) in paragraph at lines 4--8
\JY2/mc/m/n/10 マ
 []


Overfull \hbox (23.05548pt too wide) in paragraph at lines 4--8
\JY2/mc/m/n/10 キ ー 、
 []


Overfull \hbox (9.6222pt too wide) in paragraph at lines 4--8
\JY2/mc/m/n/10 秘
 []


Overfull \hbox (9.6222pt too wide) in paragraph at lines 4--8
\JY2/mc/m/n/10 密
 []


Overfull \hbox (9.6222pt too wide) in paragraph at lines 4--8
\JY2/mc/m/n/10 鍵
 []


Overfull \hbox (9.6222pt too wide) in paragraph at lines 4--8
\JY2/mc/m/n/10 の
 []


Overfull \hbox (9.6222pt too wide) in paragraph at lines 4--8
\JY2/mc/m/n/10 設
 []


Overfull \hbox (9.6222pt too wide) in paragraph at lines 4--8
\JY2/mc/m/n/10 定
 []


Overfull \hbox (9.6222pt too wide) in paragraph at lines 4--8
\JY2/mc/m/n/10 を
 []


Overfull \hbox (9.6222pt too wide) in paragraph at lines 4--8
\JY2/mc/m/n/10 す
 []


Overfull \hbox (9.6222pt too wide) in paragraph at lines 4--8
\JY2/mc/m/n/10 る
 []


Overfull \hbox (9.6222pt too wide) in paragraph at lines 4--8
\JY2/mc/m/n/10 必
 []


Overfull \hbox (9.6222pt too wide) in paragraph at lines 4--8
\JY2/mc/m/n/10 要
 []


Overfull \hbox (9.6222pt too wide) in paragraph at lines 4--8
\JY2/mc/m/n/10 が
 []


Overfull \hbox (9.6222pt too wide) in paragraph at lines 4--8
\JY2/mc/m/n/10 あ
 []


Overfull \hbox (13.93329pt too wide) in paragraph at lines 4--8
\JY2/mc/m/n/10 る 。
 []


Overfull \hbox (9.6222pt too wide) in paragraph at lines 4--8
\JY2/mc/m/n/10 こ
 []


Overfull \hbox (9.6222pt too wide) in paragraph at lines 4--8
\JY2/mc/m/n/10 れ
 []


Overfull \hbox (9.6222pt too wide) in paragraph at lines 4--8
\JY2/mc/m/n/10 ら
 []


Overfull \hbox (9.6222pt too wide) in paragraph at lines 4--8
\JY2/mc/m/n/10 の
 []


Overfull \hbox (9.6222pt too wide) in paragraph at lines 4--8
\JY2/mc/m/n/10 設
 []


Overfull \hbox (9.6222pt too wide) in paragraph at lines 4--8
\JY2/mc/m/n/10 定
 []


Overfull \hbox (9.6222pt too wide) in paragraph at lines 4--8
\JY2/mc/m/n/10 を
 []


Overfull \hbox (9.6222pt too wide) in paragraph at lines 4--8
\JY2/mc/m/n/10 得
 []


Overfull \hbox (13.93329pt too wide) in paragraph at lines 4--8
\JY2/mc/m/n/10 て 、
 []


Overfull \hbox (21.9445pt too wide) in paragraph at lines 4--8
\OT1/cmr/m/n/10 moo-
 []


Overfull \hbox (12.7778pt too wide) in paragraph at lines 4--8
\OT1/cmr/m/n/10 dle
 []


Overfull \hbox (9.6222pt too wide) in paragraph at lines 4--8
\JY2/mc/m/n/10 か
 []


Overfull \hbox (9.6222pt too wide) in paragraph at lines 4--8
\JY2/mc/m/n/10 ら
 []


Overfull \hbox (19.44449pt too wide) in paragraph at lines 4--8
\OT1/cmr/m/n/10 Tool
 []


Overfull \hbox (60.05003pt too wide) in paragraph at lines 4--8
\OT1/cmr/m/n/10 Provider(\JY2/mc/m/n/10 ツ ー
 []


Overfull \hbox (14.43329pt too wide) in paragraph at lines 4--8
\JY2/mc/m/n/10 ル ・
 []


Overfull \hbox (9.6222pt too wide) in paragraph at lines 4--8
\JY2/mc/m/n/10 プ
 []


Overfull \hbox (9.6222pt too wide) in paragraph at lines 4--8
\JY2/mc/m/n/10 ロ
 []


Overfull \hbox (9.6222pt too wide) in paragraph at lines 4--8
\JY2/mc/m/n/10 パ
 []


Overfull \hbox (9.6222pt too wide) in paragraph at lines 4--8
\JY2/mc/m/n/10 イ
 []


Overfull \hbox (13.5111pt too wide) in paragraph at lines 4--8
\JY2/mc/m/n/10 ダ\OT1/cmr/m/n/10 )
 []


Overfull \hbox (9.6222pt too wide) in paragraph at lines 4--8
\JY2/mc/m/n/10 を
 []


Overfull \hbox (9.6222pt too wide) in paragraph at lines 4--8
\JY2/mc/m/n/10 利
 []


Overfull \hbox (9.6222pt too wide) in paragraph at lines 4--8
\JY2/mc/m/n/10 用
 []


Overfull \hbox (9.6222pt too wide) in paragraph at lines 4--8
\JY2/mc/m/n/10 す
 []


Overfull \hbox (9.6222pt too wide) in paragraph at lines 4--8
\JY2/mc/m/n/10 る
 []


Overfull \hbox (9.6222pt too wide) in paragraph at lines 4--8
\JY2/mc/m/n/10 こ
 []


Overfull \hbox (9.6222pt too wide) in paragraph at lines 4--8
\JY2/mc/m/n/10 と
 []


Overfull \hbox (9.6222pt too wide) in paragraph at lines 4--8
\JY2/mc/m/n/10 が
 []


Overfull \hbox (9.6222pt too wide) in paragraph at lines 4--8
\JY2/mc/m/n/10 可
 []


Overfull \hbox (9.6222pt too wide) in paragraph at lines 4--8
\JY2/mc/m/n/10 能
 []


Overfull \hbox (9.6222pt too wide) in paragraph at lines 4--8
\JY2/mc/m/n/10 と
 []


Overfull \hbox (9.6222pt too wide) in paragraph at lines 4--8
\JY2/mc/m/n/10 な
 []


Overfull \hbox (13.93329pt too wide) in paragraph at lines 4--8
\JY2/mc/m/n/10 る 。 
 []


Overfull \hbox (25.8334pt too wide) in paragraph at lines 4--8
[]\OT1/cmr/m/n/10 [htbp] 
 []

./experiment.tex:9: Undefined control sequence.
l.9     \includegraphics
                        [clip,width=12.0cm,height=8.0cm]{img/moodleSet.png}
The control sequence at the end of the top line
of your error message was never \def'ed. If you have
misspelled it (e.g., `\hobx'), type `I' and the correct
spelling (e.g., `I\hbox'). Otherwise just continue,
and I'll forget about whatever was undefined.


./experiment.tex:10: LaTeX Error: \caption outside float.

See the LaTeX manual or LaTeX Companion for explanation.
Type  H <return>  for immediate help.
 ...                                              
                                                  
l.10     \caption
                 {moodle 外部ツール設定画面}
You're in trouble here.  Try typing  <return>  to proceed.
If that doesn't work, type  X <return>  to quit.


Overfull \hbox (235.83395pt too wide) in paragraph at lines 9--12
 \OT1/cmr/m/n/10 [clip,width=12.0cm,height=8.0cm]img/moodleSet.png 
 []


Overfull \hbox (21.9445pt too wide) in paragraph at lines 9--12
 \OT1/cmr/m/n/10 moo- 
 []


Overfull \hbox (12.7778pt too wide) in paragraph at lines 9--12
 \OT1/cmr/m/n/10 dle 
 []


Overfull \hbox (9.6222pt too wide) in paragraph at lines 9--12
 \JY2/mc/m/n/10 外 
 []


Overfull \hbox (9.6222pt too wide) in paragraph at lines 9--12
 \JY2/mc/m/n/10 部 
 []


Overfull \hbox (18.74438pt too wide) in paragraph at lines 9--12
 \JY2/mc/m/n/10 ツ ー 
 []


Overfull \hbox (9.6222pt too wide) in paragraph at lines 9--12
 \JY2/mc/m/n/10 ル 
 []


Overfull \hbox (9.6222pt too wide) in paragraph at lines 9--12
 \JY2/mc/m/n/10 設 
 []


Overfull \hbox (9.6222pt too wide) in paragraph at lines 9--12
 \JY2/mc/m/n/10 定 
 []


Overfull \hbox (9.6222pt too wide) in paragraph at lines 9--12
 \JY2/mc/m/n/10 画 
 []


Overfull \hbox (9.6222pt too wide) in paragraph at lines 9--12
 \JY2/mc/m/n/10 面[] 
 []


./experiment.tex:13: LaTeX Error: \begin{document} ended by \end{figure}.

See the LaTeX manual or LaTeX Companion for explanation.
Type  H <return>  for immediate help.
 ...                                              
                                                  
l.13 \end{figure}
                 
Your command was ignored.
Type  I <command> <return>  to replace it with another command,
or  <return>  to continue without it.

./experiment.tex:15: Undefined control sequence.
l.15 \subsection
                {成績反映}
The control sequence at the end of the top line
of your error message was never \def'ed. If you have
misspelled it (e.g., `\hobx'), type `I' and the correct
spelling (e.g., `I\hbox'). Otherwise just continue,
and I'll forget about whatever was undefined.

)
! Emergency stop.
<*> experiment.tex
                  
*** (job aborted, no legal \end found)

 
Here is how much of TeX's memory you used:
 11 strings out of 493270
 145 string characters out of 6145017
 65809 words of memory out of 5000000
 4049 multiletter control sequences out of 15000+600000
 6589 words of font info for 33 fonts, out of 8000000 for 9000
 929 hyphenation exceptions out of 8191
 22i,4n,15p,370b,119s stack positions out of 5000i,500n,10000p,200000b,80000s
Output written on experiment.dvi (1 page, 920 bytes).
