This is e-upTeX, Version 3.14159265-p3.8.0-u1.23-180226-2.6 (utf8.uptex) (TeX Live 2018) (preloaded format=uplatex 2018.12.13)  21 JAN 2019 11:26
entering extended mode
 restricted \write18 enabled.
 file:line:error style messages enabled.
 %&-line parsing enabled.
**first.tex
(./first.tex
pLaTeX2e <2018-04-01u02>+1 (based on LaTeX2e <2018-04-01> patch level 2)
Babel <3.18> and hyphenation patterns for 84 language(s) loaded.
./first.tex:1: Undefined control sequence.
l.1 \section
            {はじめに}
The control sequence at the end of the top line
of your error message was never \def'ed. If you have
misspelled it (e.g., `\hobx'), type `I' and the correct
spelling (e.g., `I\hbox'). Otherwise just continue,
and I'll forget about whatever was undefined.


./first.tex:1: LaTeX Error: Missing \begin{document}.

See the LaTeX manual or LaTeX Companion for explanation.
Type  H <return>  for immediate help.
 ...                                              
                                                  
l.1 \section{は
                じめに}
You're in trouble here.  Try typing  <return>  to proceed.
If that doesn't work, type  X <return>  to quit.


Overfull \hbox (29.6222pt too wide) in paragraph at lines 1--7
[]\JY2/mc/m/n/10 は
 []


Overfull \hbox (9.6222pt too wide) in paragraph at lines 1--7
\JY2/mc/m/n/10 じ
 []


Overfull \hbox (9.6222pt too wide) in paragraph at lines 1--7
\JY2/mc/m/n/10 め
 []


Overfull \hbox (9.6222pt too wide) in paragraph at lines 1--7
\JY2/mc/m/n/10 に[]
 []


Overfull \hbox (9.6222pt too wide) in paragraph at lines 1--7
\JY2/mc/m/n/10 近
 []


Overfull \hbox (13.93329pt too wide) in paragraph at lines 1--7
\JY2/mc/m/n/10 年 、
 []


Overfull \hbox (9.6222pt too wide) in paragraph at lines 1--7
\JY2/mc/m/n/10 イ
 []


Overfull \hbox (9.6222pt too wide) in paragraph at lines 1--7
\JY2/mc/m/n/10 ン
 []


Overfull \hbox (18.74438pt too wide) in paragraph at lines 1--7
\JY2/mc/m/n/10 タ ー
 []


Overfull \hbox (9.6222pt too wide) in paragraph at lines 1--7
\JY2/mc/m/n/10 ネ
 []


Overfull \hbox (9.6222pt too wide) in paragraph at lines 1--7
\JY2/mc/m/n/10 ッ
 []


Overfull \hbox (9.6222pt too wide) in paragraph at lines 1--7
\JY2/mc/m/n/10 ト
 []


Overfull \hbox (9.6222pt too wide) in paragraph at lines 1--7
\JY2/mc/m/n/10 の
 []


Overfull \hbox (9.6222pt too wide) in paragraph at lines 1--7
\JY2/mc/m/n/10 普
 []


Overfull \hbox (9.6222pt too wide) in paragraph at lines 1--7
\JY2/mc/m/n/10 及
 []


Overfull \hbox (9.6222pt too wide) in paragraph at lines 1--7
\JY2/mc/m/n/10 が
 []


Overfull \hbox (9.6222pt too wide) in paragraph at lines 1--7
\JY2/mc/m/n/10 進
 []


Overfull \hbox (9.6222pt too wide) in paragraph at lines 1--7
\JY2/mc/m/n/10 む
 []


Overfull \hbox (9.6222pt too wide) in paragraph at lines 1--7
\JY2/mc/m/n/10 に
 []


Overfull \hbox (9.6222pt too wide) in paragraph at lines 1--7
\JY2/mc/m/n/10 つ
 []


Overfull \hbox (13.93329pt too wide) in paragraph at lines 1--7
\JY2/mc/m/n/10 れ 、
 []


Overfull \hbox (9.6222pt too wide) in paragraph at lines 1--7
\JY2/mc/m/n/10 情
 []


Overfull \hbox (9.6222pt too wide) in paragraph at lines 1--7
\JY2/mc/m/n/10 報
 []


Overfull \hbox (9.6222pt too wide) in paragraph at lines 1--7
\JY2/mc/m/n/10 技
 []


Overfull \hbox (9.6222pt too wide) in paragraph at lines 1--7
\JY2/mc/m/n/10 術
 []


Overfull \hbox (9.6222pt too wide) in paragraph at lines 1--7
\JY2/mc/m/n/10 者
 []


Overfull \hbox (9.6222pt too wide) in paragraph at lines 1--7
\JY2/mc/m/n/10 に
 []


Overfull \hbox (9.6222pt too wide) in paragraph at lines 1--7
\JY2/mc/m/n/10 と
 []


Overfull \hbox (9.6222pt too wide) in paragraph at lines 1--7
\JY2/mc/m/n/10 っ
 []


Overfull \hbox (9.6222pt too wide) in paragraph at lines 1--7
\JY2/mc/m/n/10 て
 []


Overfull \hbox (9.6222pt too wide) in paragraph at lines 1--7
\JY2/mc/m/n/10 ネ
 []


Overfull \hbox (9.6222pt too wide) in paragraph at lines 1--7
\JY2/mc/m/n/10 ッ
 []


Overfull \hbox (9.6222pt too wide) in paragraph at lines 1--7
\JY2/mc/m/n/10 ト
 []


Overfull \hbox (18.74438pt too wide) in paragraph at lines 1--7
\JY2/mc/m/n/10 ワ ー
 []


Overfull \hbox (9.6222pt too wide) in paragraph at lines 1--7
\JY2/mc/m/n/10 ク
 []


Overfull \hbox (9.6222pt too wide) in paragraph at lines 1--7
\JY2/mc/m/n/10 技
 []


Overfull \hbox (9.6222pt too wide) in paragraph at lines 1--7
\JY2/mc/m/n/10 術
 []


Overfull \hbox (9.6222pt too wide) in paragraph at lines 1--7
\JY2/mc/m/n/10 へ
 []


Overfull \hbox (9.6222pt too wide) in paragraph at lines 1--7
\JY2/mc/m/n/10 の
 []


Overfull \hbox (9.6222pt too wide) in paragraph at lines 1--7
\JY2/mc/m/n/10 理
 []


Overfull \hbox (9.6222pt too wide) in paragraph at lines 1--7
\JY2/mc/m/n/10 解
 []


Overfull \hbox (9.6222pt too wide) in paragraph at lines 1--7
\JY2/mc/m/n/10 は
 []


Overfull \hbox (9.6222pt too wide) in paragraph at lines 1--7
\JY2/mc/m/n/10 必
 []


Overfull \hbox (9.6222pt too wide) in paragraph at lines 1--7
\JY2/mc/m/n/10 要
 []


Overfull \hbox (9.6222pt too wide) in paragraph at lines 1--7
\JY2/mc/m/n/10 不
 []


Overfull \hbox (9.6222pt too wide) in paragraph at lines 1--7
\JY2/mc/m/n/10 可
 []


Overfull \hbox (9.6222pt too wide) in paragraph at lines 1--7
\JY2/mc/m/n/10 欠
 []


Overfull \hbox (9.6222pt too wide) in paragraph at lines 1--7
\JY2/mc/m/n/10 な
 []


Overfull \hbox (9.6222pt too wide) in paragraph at lines 1--7
\JY2/mc/m/n/10 も
 []


Overfull \hbox (9.6222pt too wide) in paragraph at lines 1--7
\JY2/mc/m/n/10 の
 []


Overfull \hbox (9.6222pt too wide) in paragraph at lines 1--7
\JY2/mc/m/n/10 で
 []


Overfull \hbox (9.6222pt too wide) in paragraph at lines 1--7
\JY2/mc/m/n/10 あ
 []


Overfull \hbox (9.6222pt too wide) in paragraph at lines 1--7
\JY2/mc/m/n/10 る
 []


Overfull \hbox (9.6222pt too wide) in paragraph at lines 1--7
\JY2/mc/m/n/10 と
 []


Overfull \hbox (9.6222pt too wide) in paragraph at lines 1--7
\JY2/mc/m/n/10 同
 []


Overfull \hbox (9.6222pt too wide) in paragraph at lines 1--7
\JY2/mc/m/n/10 時
 []


Overfull \hbox (13.93329pt too wide) in paragraph at lines 1--7
\JY2/mc/m/n/10 に 、
 []


Overfull \hbox (9.6222pt too wide) in paragraph at lines 1--7
\JY2/mc/m/n/10 座
 []


Overfull \hbox (9.6222pt too wide) in paragraph at lines 1--7
\JY2/mc/m/n/10 学
 []


Overfull \hbox (9.6222pt too wide) in paragraph at lines 1--7
\JY2/mc/m/n/10 な
 []


Overfull \hbox (9.6222pt too wide) in paragraph at lines 1--7
\JY2/mc/m/n/10 ど
 []


Overfull \hbox (9.6222pt too wide) in paragraph at lines 1--7
\JY2/mc/m/n/10 を
 []


Overfull \hbox (9.6222pt too wide) in paragraph at lines 1--7
\JY2/mc/m/n/10 用
 []


Overfull \hbox (9.6222pt too wide) in paragraph at lines 1--7
\JY2/mc/m/n/10 い
 []


Overfull \hbox (9.6222pt too wide) in paragraph at lines 1--7
\JY2/mc/m/n/10 て
 []


Overfull \hbox (9.6222pt too wide) in paragraph at lines 1--7
\JY2/mc/m/n/10 知
 []


Overfull \hbox (9.6222pt too wide) in paragraph at lines 1--7
\JY2/mc/m/n/10 識
 []


Overfull \hbox (9.6222pt too wide) in paragraph at lines 1--7
\JY2/mc/m/n/10 と
 []


Overfull \hbox (9.6222pt too wide) in paragraph at lines 1--7
\JY2/mc/m/n/10 し
 []


Overfull \hbox (9.6222pt too wide) in paragraph at lines 1--7
\JY2/mc/m/n/10 て
 []


Overfull \hbox (9.6222pt too wide) in paragraph at lines 1--7
\JY2/mc/m/n/10 ネ
 []


Overfull \hbox (9.6222pt too wide) in paragraph at lines 1--7
\JY2/mc/m/n/10 ッ
 []


Overfull \hbox (9.6222pt too wide) in paragraph at lines 1--7
\JY2/mc/m/n/10 ト
 []


Overfull \hbox (18.74438pt too wide) in paragraph at lines 1--7
\JY2/mc/m/n/10 ワ ー
 []


Overfull \hbox (9.6222pt too wide) in paragraph at lines 1--7
\JY2/mc/m/n/10 ク
 []


Overfull \hbox (9.6222pt too wide) in paragraph at lines 1--7
\JY2/mc/m/n/10 技
 []


Overfull \hbox (9.6222pt too wide) in paragraph at lines 1--7
\JY2/mc/m/n/10 術
 []


Overfull \hbox (9.6222pt too wide) in paragraph at lines 1--7
\JY2/mc/m/n/10 を
 []


Overfull \hbox (9.6222pt too wide) in paragraph at lines 1--7
\JY2/mc/m/n/10 学
 []


Overfull \hbox (9.6222pt too wide) in paragraph at lines 1--7
\JY2/mc/m/n/10 習
 []


Overfull \hbox (9.6222pt too wide) in paragraph at lines 1--7
\JY2/mc/m/n/10 し
 []


Overfull \hbox (9.6222pt too wide) in paragraph at lines 1--7
\JY2/mc/m/n/10 て
 []


Overfull \hbox (13.93329pt too wide) in paragraph at lines 1--7
\JY2/mc/m/n/10 も 、
 []


Overfull \hbox (9.6222pt too wide) in paragraph at lines 1--7
\JY2/mc/m/n/10 実
 []


Overfull \hbox (9.6222pt too wide) in paragraph at lines 1--7
\JY2/mc/m/n/10 際
 []


Overfull \hbox (9.6222pt too wide) in paragraph at lines 1--7
\JY2/mc/m/n/10 の
 []


Overfull \hbox (9.6222pt too wide) in paragraph at lines 1--7
\JY2/mc/m/n/10 ネ
 []


Overfull \hbox (9.6222pt too wide) in paragraph at lines 1--7
\JY2/mc/m/n/10 ッ
 []


Overfull \hbox (9.6222pt too wide) in paragraph at lines 1--7
\JY2/mc/m/n/10 ト
 []


Overfull \hbox (18.74438pt too wide) in paragraph at lines 1--7
\JY2/mc/m/n/10 ワ ー
 []


Overfull \hbox (9.6222pt too wide) in paragraph at lines 1--7
\JY2/mc/m/n/10 ク
 []


Overfull \hbox (9.6222pt too wide) in paragraph at lines 1--7
\JY2/mc/m/n/10 と
 []


Overfull \hbox (9.6222pt too wide) in paragraph at lines 1--7
\JY2/mc/m/n/10 学
 []


Overfull \hbox (9.6222pt too wide) in paragraph at lines 1--7
\JY2/mc/m/n/10 習
 []


Overfull \hbox (9.6222pt too wide) in paragraph at lines 1--7
\JY2/mc/m/n/10 し
 []


Overfull \hbox (9.6222pt too wide) in paragraph at lines 1--7
\JY2/mc/m/n/10 た
 []


Overfull \hbox (9.6222pt too wide) in paragraph at lines 1--7
\JY2/mc/m/n/10 ネ
 []


Overfull \hbox (9.6222pt too wide) in paragraph at lines 1--7
\JY2/mc/m/n/10 ッ
 []


Overfull \hbox (9.6222pt too wide) in paragraph at lines 1--7
\JY2/mc/m/n/10 ト
 []


Overfull \hbox (18.74438pt too wide) in paragraph at lines 1--7
\JY2/mc/m/n/10 ワ ー
 []


Overfull \hbox (9.6222pt too wide) in paragraph at lines 1--7
\JY2/mc/m/n/10 ク
 []


Overfull \hbox (9.6222pt too wide) in paragraph at lines 1--7
\JY2/mc/m/n/10 技
 []


Overfull \hbox (9.6222pt too wide) in paragraph at lines 1--7
\JY2/mc/m/n/10 術
 []


Overfull \hbox (9.6222pt too wide) in paragraph at lines 1--7
\JY2/mc/m/n/10 の
 []


Overfull \hbox (9.6222pt too wide) in paragraph at lines 1--7
\JY2/mc/m/n/10 知
 []


Overfull \hbox (9.6222pt too wide) in paragraph at lines 1--7
\JY2/mc/m/n/10 識
 []


Overfull \hbox (9.6222pt too wide) in paragraph at lines 1--7
\JY2/mc/m/n/10 が
 []


Overfull \hbox (9.6222pt too wide) in paragraph at lines 1--7
\JY2/mc/m/n/10 繋
 []


Overfull \hbox (9.6222pt too wide) in paragraph at lines 1--7
\JY2/mc/m/n/10 が
 []


Overfull \hbox (9.6222pt too wide) in paragraph at lines 1--7
\JY2/mc/m/n/10 り
 []


Overfull \hbox (9.6222pt too wide) in paragraph at lines 1--7
\JY2/mc/m/n/10 づ
 []


Overfull \hbox (9.6222pt too wide) in paragraph at lines 1--7
\JY2/mc/m/n/10 ら
 []


Overfull \hbox (9.6222pt too wide) in paragraph at lines 1--7
\JY2/mc/m/n/10 い
 []


Overfull \hbox (9.6222pt too wide) in paragraph at lines 1--7
\JY2/mc/m/n/10 分
 []


Overfull \hbox (9.6222pt too wide) in paragraph at lines 1--7
\JY2/mc/m/n/10 野
 []


Overfull \hbox (9.6222pt too wide) in paragraph at lines 1--7
\JY2/mc/m/n/10 で
 []


Overfull \hbox (9.6222pt too wide) in paragraph at lines 1--7
\JY2/mc/m/n/10 あ
 []


Overfull \hbox (13.93329pt too wide) in paragraph at lines 1--7
\JY2/mc/m/n/10 る 。
 []


Overfull \hbox (9.6222pt too wide) in paragraph at lines 1--7
\JY2/mc/m/n/10 実
 []


Overfull \hbox (9.6222pt too wide) in paragraph at lines 1--7
\JY2/mc/m/n/10 際
 []


Overfull \hbox (9.6222pt too wide) in paragraph at lines 1--7
\JY2/mc/m/n/10 に
 []


Overfull \hbox (9.6222pt too wide) in paragraph at lines 1--7
\JY2/mc/m/n/10 ネ
 []


Overfull \hbox (9.6222pt too wide) in paragraph at lines 1--7
\JY2/mc/m/n/10 ッ
 []


Overfull \hbox (9.6222pt too wide) in paragraph at lines 1--7
\JY2/mc/m/n/10 ト
 []


Overfull \hbox (18.74438pt too wide) in paragraph at lines 1--7
\JY2/mc/m/n/10 ワ ー
 []


Overfull \hbox (9.6222pt too wide) in paragraph at lines 1--7
\JY2/mc/m/n/10 ク
 []


Overfull \hbox (9.6222pt too wide) in paragraph at lines 1--7
\JY2/mc/m/n/10 を
 []


Overfull \hbox (9.6222pt too wide) in paragraph at lines 1--7
\JY2/mc/m/n/10 構
 []


Overfull \hbox (9.6222pt too wide) in paragraph at lines 1--7
\JY2/mc/m/n/10 築
 []


Overfull \hbox (13.93329pt too wide) in paragraph at lines 1--7
\JY2/mc/m/n/10 し 、
 []


Overfull \hbox (9.6222pt too wide) in paragraph at lines 1--7
\JY2/mc/m/n/10 機
 []


Overfull \hbox (9.6222pt too wide) in paragraph at lines 1--7
\JY2/mc/m/n/10 器
 []


Overfull \hbox (9.6222pt too wide) in paragraph at lines 1--7
\JY2/mc/m/n/10 情
 []


Overfull \hbox (9.6222pt too wide) in paragraph at lines 1--7
\JY2/mc/m/n/10 報
 []


Overfull \hbox (9.6222pt too wide) in paragraph at lines 1--7
\JY2/mc/m/n/10 な
 []


Overfull \hbox (9.6222pt too wide) in paragraph at lines 1--7
\JY2/mc/m/n/10 ど
 []


Overfull \hbox (9.6222pt too wide) in paragraph at lines 1--7
\JY2/mc/m/n/10 を
 []


Overfull \hbox (9.6222pt too wide) in paragraph at lines 1--7
\JY2/mc/m/n/10 追
 []


Overfull \hbox (9.6222pt too wide) in paragraph at lines 1--7
\JY2/mc/m/n/10 加
 []


Overfull \hbox (9.6222pt too wide) in paragraph at lines 1--7
\JY2/mc/m/n/10 す
 []


Overfull \hbox (9.6222pt too wide) in paragraph at lines 1--7
\JY2/mc/m/n/10 る
 []


Overfull \hbox (9.6222pt too wide) in paragraph at lines 1--7
\JY2/mc/m/n/10 こ
 []


Overfull \hbox (9.6222pt too wide) in paragraph at lines 1--7
\JY2/mc/m/n/10 と
 []


Overfull \hbox (13.93329pt too wide) in paragraph at lines 1--7
\JY2/mc/m/n/10 で 、
 []


Overfull \hbox (9.6222pt too wide) in paragraph at lines 1--7
\JY2/mc/m/n/10 自
 []


Overfull \hbox (9.6222pt too wide) in paragraph at lines 1--7
\JY2/mc/m/n/10 ら
 []


Overfull \hbox (9.6222pt too wide) in paragraph at lines 1--7
\JY2/mc/m/n/10 の
 []


Overfull \hbox (9.6222pt too wide) in paragraph at lines 1--7
\JY2/mc/m/n/10 手
 []


Overfull \hbox (9.6222pt too wide) in paragraph at lines 1--7
\JY2/mc/m/n/10 で
 []


Overfull \hbox (9.6222pt too wide) in paragraph at lines 1--7
\JY2/mc/m/n/10 正
 []


Overfull \hbox (9.6222pt too wide) in paragraph at lines 1--7
\JY2/mc/m/n/10 し
 []


Overfull \hbox (9.6222pt too wide) in paragraph at lines 1--7
\JY2/mc/m/n/10 い
 []


Overfull \hbox (9.6222pt too wide) in paragraph at lines 1--7
\JY2/mc/m/n/10 ネ
 []


Overfull \hbox (9.6222pt too wide) in paragraph at lines 1--7
\JY2/mc/m/n/10 ッ
 []


Overfull \hbox (9.6222pt too wide) in paragraph at lines 1--7
\JY2/mc/m/n/10 ト
 []


Overfull \hbox (18.74438pt too wide) in paragraph at lines 1--7
\JY2/mc/m/n/10 ワ ー
 []


Overfull \hbox (9.6222pt too wide) in paragraph at lines 1--7
\JY2/mc/m/n/10 ク
 []


Overfull \hbox (9.6222pt too wide) in paragraph at lines 1--7
\JY2/mc/m/n/10 を
 []


Overfull \hbox (9.6222pt too wide) in paragraph at lines 1--7
\JY2/mc/m/n/10 形
 []


Overfull \hbox (9.6222pt too wide) in paragraph at lines 1--7
\JY2/mc/m/n/10 成
 []


Overfull \hbox (9.6222pt too wide) in paragraph at lines 1--7
\JY2/mc/m/n/10 す
 []


Overfull \hbox (9.6222pt too wide) in paragraph at lines 1--7
\JY2/mc/m/n/10 る
 []


Overfull \hbox (9.6222pt too wide) in paragraph at lines 1--7
\JY2/mc/m/n/10 演
 []


Overfull \hbox (9.6222pt too wide) in paragraph at lines 1--7
\JY2/mc/m/n/10 習
 []


Overfull \hbox (9.6222pt too wide) in paragraph at lines 1--7
\JY2/mc/m/n/10 を
 []


Overfull \hbox (9.6222pt too wide) in paragraph at lines 1--7
\JY2/mc/m/n/10 行
 []


Overfull \hbox (9.6222pt too wide) in paragraph at lines 1--7
\JY2/mc/m/n/10 う
 []


Overfull \hbox (9.6222pt too wide) in paragraph at lines 1--7
\JY2/mc/m/n/10 こ
 []


Overfull \hbox (9.6222pt too wide) in paragraph at lines 1--7
\JY2/mc/m/n/10 と
 []


Overfull \hbox (9.6222pt too wide) in paragraph at lines 1--7
\JY2/mc/m/n/10 が
 []


Overfull \hbox (9.6222pt too wide) in paragraph at lines 1--7
\JY2/mc/m/n/10 実
 []


Overfull \hbox (9.6222pt too wide) in paragraph at lines 1--7
\JY2/mc/m/n/10 際
 []


Overfull \hbox (9.6222pt too wide) in paragraph at lines 1--7
\JY2/mc/m/n/10 の
 []


Overfull \hbox (9.6222pt too wide) in paragraph at lines 1--7
\JY2/mc/m/n/10 ネ
 []


Overfull \hbox (9.6222pt too wide) in paragraph at lines 1--7
\JY2/mc/m/n/10 ッ
 []


Overfull \hbox (9.6222pt too wide) in paragraph at lines 1--7
\JY2/mc/m/n/10 ト
 []


Overfull \hbox (18.74438pt too wide) in paragraph at lines 1--7
\JY2/mc/m/n/10 ワ ー
 []


Overfull \hbox (9.6222pt too wide) in paragraph at lines 1--7
\JY2/mc/m/n/10 ク
 []


Overfull \hbox (9.6222pt too wide) in paragraph at lines 1--7
\JY2/mc/m/n/10 と
 []


Overfull \hbox (9.6222pt too wide) in paragraph at lines 1--7
\JY2/mc/m/n/10 そ
 []


Overfull \hbox (9.6222pt too wide) in paragraph at lines 1--7
\JY2/mc/m/n/10 れ
 []


Overfull \hbox (9.6222pt too wide) in paragraph at lines 1--7
\JY2/mc/m/n/10 に
 []


Overfull \hbox (9.6222pt too wide) in paragraph at lines 1--7
\JY2/mc/m/n/10 付
 []


Overfull \hbox (9.6222pt too wide) in paragraph at lines 1--7
\JY2/mc/m/n/10 随
 []


Overfull \hbox (9.6222pt too wide) in paragraph at lines 1--7
\JY2/mc/m/n/10 す
 []


Overfull \hbox (9.6222pt too wide) in paragraph at lines 1--7
\JY2/mc/m/n/10 る
 []


Overfull \hbox (9.6222pt too wide) in paragraph at lines 1--7
\JY2/mc/m/n/10 知
 []


Overfull \hbox (9.6222pt too wide) in paragraph at lines 1--7
\JY2/mc/m/n/10 識
 []


Overfull \hbox (9.6222pt too wide) in paragraph at lines 1--7
\JY2/mc/m/n/10 を
 []


Overfull \hbox (9.6222pt too wide) in paragraph at lines 1--7
\JY2/mc/m/n/10 深
 []


Overfull \hbox (9.6222pt too wide) in paragraph at lines 1--7
\JY2/mc/m/n/10 め
 []


Overfull \hbox (9.6222pt too wide) in paragraph at lines 1--7
\JY2/mc/m/n/10 る
 []


Overfull \hbox (9.6222pt too wide) in paragraph at lines 1--7
\JY2/mc/m/n/10 の
 []


Overfull \hbox (9.6222pt too wide) in paragraph at lines 1--7
\JY2/mc/m/n/10 に
 []


Overfull \hbox (9.6222pt too wide) in paragraph at lines 1--7
\JY2/mc/m/n/10 効
 []


Overfull \hbox (9.6222pt too wide) in paragraph at lines 1--7
\JY2/mc/m/n/10 果
 []


Overfull \hbox (9.6222pt too wide) in paragraph at lines 1--7
\JY2/mc/m/n/10 的
 []


Overfull \hbox (9.6222pt too wide) in paragraph at lines 1--7
\JY2/mc/m/n/10 だ
 []


Overfull \hbox (9.6222pt too wide) in paragraph at lines 1--7
\JY2/mc/m/n/10 と
 []


Overfull \hbox (9.6222pt too wide) in paragraph at lines 1--7
\JY2/mc/m/n/10 考
 []


Overfull \hbox (9.6222pt too wide) in paragraph at lines 1--7
\JY2/mc/m/n/10 え
 []


Overfull \hbox (9.6222pt too wide) in paragraph at lines 1--7
\JY2/mc/m/n/10 ら
 []


Overfull \hbox (9.6222pt too wide) in paragraph at lines 1--7
\JY2/mc/m/n/10 れ
 []


Overfull \hbox (13.93329pt too wide) in paragraph at lines 1--7
\JY2/mc/m/n/10 る 。
 []


Overfull \hbox (9.6222pt too wide) in paragraph at lines 1--7
\JY2/mc/m/n/10 し
 []


Overfull \hbox (9.6222pt too wide) in paragraph at lines 1--7
\JY2/mc/m/n/10 か
 []


Overfull \hbox (13.93329pt too wide) in paragraph at lines 1--7
\JY2/mc/m/n/10 し 、
 []


Overfull \hbox (9.6222pt too wide) in paragraph at lines 1--7
\JY2/mc/m/n/10 教
 []


Overfull \hbox (9.6222pt too wide) in paragraph at lines 1--7
\JY2/mc/m/n/10 育
 []


Overfull \hbox (9.6222pt too wide) in paragraph at lines 1--7
\JY2/mc/m/n/10 機
 []


Overfull \hbox (9.6222pt too wide) in paragraph at lines 1--7
\JY2/mc/m/n/10 関
 []


Overfull \hbox (9.6222pt too wide) in paragraph at lines 1--7
\JY2/mc/m/n/10 や
 []


Overfull \hbox (9.6222pt too wide) in paragraph at lines 1--7
\JY2/mc/m/n/10 学
 []


Overfull \hbox (9.6222pt too wide) in paragraph at lines 1--7
\JY2/mc/m/n/10 習
 []


Overfull \hbox (9.6222pt too wide) in paragraph at lines 1--7
\JY2/mc/m/n/10 者
 []


Overfull \hbox (9.6222pt too wide) in paragraph at lines 1--7
\JY2/mc/m/n/10 で
 []


Overfull \hbox (9.6222pt too wide) in paragraph at lines 1--7
\JY2/mc/m/n/10 あ
 []


Overfull \hbox (9.6222pt too wide) in paragraph at lines 1--7
\JY2/mc/m/n/10 る
 []


Overfull \hbox (9.6222pt too wide) in paragraph at lines 1--7
\JY2/mc/m/n/10 個
 []


Overfull \hbox (9.6222pt too wide) in paragraph at lines 1--7
\JY2/mc/m/n/10 人
 []


Overfull \hbox (13.93329pt too wide) in paragraph at lines 1--7
\JY2/mc/m/n/10 が 、
 []


Overfull \hbox (9.6222pt too wide) in paragraph at lines 1--7
\JY2/mc/m/n/10 ネ
 []


Overfull \hbox (9.6222pt too wide) in paragraph at lines 1--7
\JY2/mc/m/n/10 ッ
 []


Overfull \hbox (9.6222pt too wide) in paragraph at lines 1--7
\JY2/mc/m/n/10 ト
 []


Overfull \hbox (18.74438pt too wide) in paragraph at lines 1--7
\JY2/mc/m/n/10 ワ ー
 []


Overfull \hbox (9.6222pt too wide) in paragraph at lines 1--7
\JY2/mc/m/n/10 ク
 []


Overfull \hbox (9.6222pt too wide) in paragraph at lines 1--7
\JY2/mc/m/n/10 構
 []


Overfull \hbox (9.6222pt too wide) in paragraph at lines 1--7
\JY2/mc/m/n/10 築
 []


Overfull \hbox (9.6222pt too wide) in paragraph at lines 1--7
\JY2/mc/m/n/10 の
 []


Overfull \hbox (9.6222pt too wide) in paragraph at lines 1--7
\JY2/mc/m/n/10 演
 []


Overfull \hbox (9.6222pt too wide) in paragraph at lines 1--7
\JY2/mc/m/n/10 習
 []


Overfull \hbox (9.6222pt too wide) in paragraph at lines 1--7
\JY2/mc/m/n/10 に
 []


Overfull \hbox (9.6222pt too wide) in paragraph at lines 1--7
\JY2/mc/m/n/10 必
 []


Overfull \hbox (9.6222pt too wide) in paragraph at lines 1--7
\JY2/mc/m/n/10 要
 []


Overfull \hbox (9.6222pt too wide) in paragraph at lines 1--7
\JY2/mc/m/n/10 な
 []


Overfull \hbox (9.6222pt too wide) in paragraph at lines 1--7
\JY2/mc/m/n/10 機
 []


Overfull \hbox (9.6222pt too wide) in paragraph at lines 1--7
\JY2/mc/m/n/10 器
 []


Overfull \hbox (9.6222pt too wide) in paragraph at lines 1--7
\JY2/mc/m/n/10 を
 []


Overfull \hbox (9.6222pt too wide) in paragraph at lines 1--7
\JY2/mc/m/n/10 す
 []


Overfull \hbox (9.6222pt too wide) in paragraph at lines 1--7
\JY2/mc/m/n/10 べ
 []


Overfull \hbox (9.6222pt too wide) in paragraph at lines 1--7
\JY2/mc/m/n/10 て
 []


Overfull \hbox (9.6222pt too wide) in paragraph at lines 1--7
\JY2/mc/m/n/10 揃
 []


Overfull \hbox (13.93329pt too wide) in paragraph at lines 1--7
\JY2/mc/m/n/10 え 、
 []


Overfull \hbox (9.6222pt too wide) in paragraph at lines 1--7
\JY2/mc/m/n/10 そ
 []


Overfull \hbox (9.6222pt too wide) in paragraph at lines 1--7
\JY2/mc/m/n/10 れ
 []


Overfull \hbox (9.6222pt too wide) in paragraph at lines 1--7
\JY2/mc/m/n/10 ら
 []


Overfull \hbox (9.6222pt too wide) in paragraph at lines 1--7
\JY2/mc/m/n/10 を
 []


Overfull \hbox (9.6222pt too wide) in paragraph at lines 1--7
\JY2/mc/m/n/10 用
 []


Overfull \hbox (9.6222pt too wide) in paragraph at lines 1--7
\JY2/mc/m/n/10 い
 []


Overfull \hbox (9.6222pt too wide) in paragraph at lines 1--7
\JY2/mc/m/n/10 て
 []


Overfull \hbox (9.6222pt too wide) in paragraph at lines 1--7
\JY2/mc/m/n/10 ネ
 []


Overfull \hbox (9.6222pt too wide) in paragraph at lines 1--7
\JY2/mc/m/n/10 ッ
 []


Overfull \hbox (9.6222pt too wide) in paragraph at lines 1--7
\JY2/mc/m/n/10 ト
 []


Overfull \hbox (18.74438pt too wide) in paragraph at lines 1--7
\JY2/mc/m/n/10 ワ ー
 []


Overfull \hbox (9.6222pt too wide) in paragraph at lines 1--7
\JY2/mc/m/n/10 ク
 []


Overfull \hbox (9.6222pt too wide) in paragraph at lines 1--7
\JY2/mc/m/n/10 の
 []


Overfull \hbox (9.6222pt too wide) in paragraph at lines 1--7
\JY2/mc/m/n/10 構
 []


Overfull \hbox (9.6222pt too wide) in paragraph at lines 1--7
\JY2/mc/m/n/10 築
 []


Overfull \hbox (9.6222pt too wide) in paragraph at lines 1--7
\JY2/mc/m/n/10 を
 []


Overfull \hbox (9.6222pt too wide) in paragraph at lines 1--7
\JY2/mc/m/n/10 行
 []


Overfull \hbox (9.6222pt too wide) in paragraph at lines 1--7
\JY2/mc/m/n/10 う
 []


Overfull \hbox (9.6222pt too wide) in paragraph at lines 1--7
\JY2/mc/m/n/10 の
 []


Overfull \hbox (13.93329pt too wide) in paragraph at lines 1--7
\JY2/mc/m/n/10 は 、
 []


Overfull \hbox (9.6222pt too wide) in paragraph at lines 1--7
\JY2/mc/m/n/10 あ
 []


Overfull \hbox (9.6222pt too wide) in paragraph at lines 1--7
\JY2/mc/m/n/10 ま
 []


Overfull \hbox (9.6222pt too wide) in paragraph at lines 1--7
\JY2/mc/m/n/10 り
 []


Overfull \hbox (9.6222pt too wide) in paragraph at lines 1--7
\JY2/mc/m/n/10 現
 []


Overfull \hbox (9.6222pt too wide) in paragraph at lines 1--7
\JY2/mc/m/n/10 実
 []


Overfull \hbox (9.6222pt too wide) in paragraph at lines 1--7
\JY2/mc/m/n/10 的
 []


Overfull \hbox (9.6222pt too wide) in paragraph at lines 1--7
\JY2/mc/m/n/10 で
 []


Overfull \hbox (9.6222pt too wide) in paragraph at lines 1--7
\JY2/mc/m/n/10 は
 []


Overfull \hbox (9.6222pt too wide) in paragraph at lines 1--7
\JY2/mc/m/n/10 な
 []


Overfull \hbox (13.93329pt too wide) in paragraph at lines 1--7
\JY2/mc/m/n/10 い 。
 []


Overfull \hbox (9.6222pt too wide) in paragraph at lines 1--7
\JY2/mc/m/n/10 解
 []


Overfull \hbox (9.6222pt too wide) in paragraph at lines 1--7
\JY2/mc/m/n/10 決
 []


Overfull \hbox (9.6222pt too wide) in paragraph at lines 1--7
\JY2/mc/m/n/10 策
 []


Overfull \hbox (9.6222pt too wide) in paragraph at lines 1--7
\JY2/mc/m/n/10 と
 []


Overfull \hbox (9.6222pt too wide) in paragraph at lines 1--7
\JY2/mc/m/n/10 し
 []


Overfull \hbox (13.93329pt too wide) in paragraph at lines 1--7
\JY2/mc/m/n/10 て 、
 []


Overfull \hbox (4.44444pt too wide) in paragraph at lines 1--7
\OT1/cmr/m/n/10 e
 []


Overfull \hbox (18.74438pt too wide) in paragraph at lines 1--7
\JY2/mc/m/n/10 ラ ー
 []


Overfull \hbox (9.6222pt too wide) in paragraph at lines 1--7
\JY2/mc/m/n/10 ニ
 []


Overfull \hbox (9.6222pt too wide) in paragraph at lines 1--7
\JY2/mc/m/n/10 ン
 []


Overfull \hbox (9.6222pt too wide) in paragraph at lines 1--7
\JY2/mc/m/n/10 グ
 []


Overfull \hbox (9.6222pt too wide) in paragraph at lines 1--7
\JY2/mc/m/n/10 を
 []


Overfull \hbox (9.6222pt too wide) in paragraph at lines 1--7
\JY2/mc/m/n/10 用
 []


Overfull \hbox (9.6222pt too wide) in paragraph at lines 1--7
\JY2/mc/m/n/10 い
 []


Overfull \hbox (9.6222pt too wide) in paragraph at lines 1--7
\JY2/mc/m/n/10 た
 []


Overfull \hbox (9.6222pt too wide) in paragraph at lines 1--7
\JY2/mc/m/n/10 自
 []


Overfull \hbox (9.6222pt too wide) in paragraph at lines 1--7
\JY2/mc/m/n/10 己
 []


Overfull \hbox (9.6222pt too wide) in paragraph at lines 1--7
\JY2/mc/m/n/10 学
 []


Overfull \hbox (9.6222pt too wide) in paragraph at lines 1--7
\JY2/mc/m/n/10 習
 []


Overfull \hbox (9.6222pt too wide) in paragraph at lines 1--7
\JY2/mc/m/n/10 が
 []


Overfull \hbox (9.6222pt too wide) in paragraph at lines 1--7
\JY2/mc/m/n/10 挙
 []


Overfull \hbox (9.6222pt too wide) in paragraph at lines 1--7
\JY2/mc/m/n/10 げ
 []


Overfull \hbox (9.6222pt too wide) in paragraph at lines 1--7
\JY2/mc/m/n/10 ら
 []


Overfull \hbox (9.6222pt too wide) in paragraph at lines 1--7
\JY2/mc/m/n/10 れ
 []


Overfull \hbox (13.93329pt too wide) in paragraph at lines 1--7
\JY2/mc/m/n/10 る 。
 []


Overfull \hbox (9.6222pt too wide) in paragraph at lines 1--7
\JY2/mc/m/n/10 プ
 []


Overfull \hbox (9.6222pt too wide) in paragraph at lines 1--7
\JY2/mc/m/n/10 ロ
 []


Overfull \hbox (9.6222pt too wide) in paragraph at lines 1--7
\JY2/mc/m/n/10 グ
 []


Overfull \hbox (9.6222pt too wide) in paragraph at lines 1--7
\JY2/mc/m/n/10 ラ
 []


Overfull \hbox (9.6222pt too wide) in paragraph at lines 1--7
\JY2/mc/m/n/10 ミ
 []


Overfull \hbox (9.6222pt too wide) in paragraph at lines 1--7
\JY2/mc/m/n/10 ン
 []


Overfull \hbox (9.6222pt too wide) in paragraph at lines 1--7
\JY2/mc/m/n/10 グ
 []


Overfull \hbox (9.6222pt too wide) in paragraph at lines 1--7
\JY2/mc/m/n/10 学
 []


Overfull \hbox (9.6222pt too wide) in paragraph at lines 1--7
\JY2/mc/m/n/10 習
 []


Overfull \hbox (9.6222pt too wide) in paragraph at lines 1--7
\JY2/mc/m/n/10 に
 []


Overfull \hbox (9.6222pt too wide) in paragraph at lines 1--7
\JY2/mc/m/n/10 お
 []


Overfull \hbox (9.6222pt too wide) in paragraph at lines 1--7
\JY2/mc/m/n/10 い
 []


Overfull \hbox (13.93329pt too wide) in paragraph at lines 1--7
\JY2/mc/m/n/10 て 、
 []


Overfull \hbox (4.44444pt too wide) in paragraph at lines 1--7
\OT1/cmr/m/n/10 e
 []


Overfull \hbox (18.74438pt too wide) in paragraph at lines 1--7
\JY2/mc/m/n/10 ラ ー
 []


Overfull \hbox (9.6222pt too wide) in paragraph at lines 1--7
\JY2/mc/m/n/10 ニ
 []


Overfull \hbox (9.6222pt too wide) in paragraph at lines 1--7
\JY2/mc/m/n/10 ン
 []


Overfull \hbox (9.6222pt too wide) in paragraph at lines 1--7
\JY2/mc/m/n/10 グ
 []


Overfull \hbox (9.6222pt too wide) in paragraph at lines 1--7
\JY2/mc/m/n/10 を
 []


Overfull \hbox (9.6222pt too wide) in paragraph at lines 1--7
\JY2/mc/m/n/10 用
 []


Overfull \hbox (9.6222pt too wide) in paragraph at lines 1--7
\JY2/mc/m/n/10 い
 []


Overfull \hbox (9.6222pt too wide) in paragraph at lines 1--7
\JY2/mc/m/n/10 た
 []


Overfull \hbox (9.6222pt too wide) in paragraph at lines 1--7
\JY2/mc/m/n/10 自
 []


Overfull \hbox (9.6222pt too wide) in paragraph at lines 1--7
\JY2/mc/m/n/10 己
 []


Overfull \hbox (9.6222pt too wide) in paragraph at lines 1--7
\JY2/mc/m/n/10 学
 []


Overfull \hbox (9.6222pt too wide) in paragraph at lines 1--7
\JY2/mc/m/n/10 習
 []


Overfull \hbox (9.6222pt too wide) in paragraph at lines 1--7
\JY2/mc/m/n/10 を
 []


Overfull \hbox (9.6222pt too wide) in paragraph at lines 1--7
\JY2/mc/m/n/10 行
 []


Overfull \hbox (9.6222pt too wide) in paragraph at lines 1--7
\JY2/mc/m/n/10 う
 []


Overfull \hbox (9.6222pt too wide) in paragraph at lines 1--7
\JY2/mc/m/n/10 こ
 []


Overfull \hbox (9.6222pt too wide) in paragraph at lines 1--7
\JY2/mc/m/n/10 と
 []


Overfull \hbox (9.6222pt too wide) in paragraph at lines 1--7
\JY2/mc/m/n/10 が
 []


Overfull \hbox (9.6222pt too wide) in paragraph at lines 1--7
\JY2/mc/m/n/10 で
 []


Overfull \hbox (9.6222pt too wide) in paragraph at lines 1--7
\JY2/mc/m/n/10 き
 []


Overfull \hbox (9.6222pt too wide) in paragraph at lines 1--7
\JY2/mc/m/n/10 る
 []


Overfull \hbox (19.44447pt too wide) in paragraph at lines 1--7
\OT1/cmr/m/n/10 Web
 []


Overfull \hbox (9.6222pt too wide) in paragraph at lines 1--7
\JY2/mc/m/n/10 サ
 []


Overfull \hbox (9.6222pt too wide) in paragraph at lines 1--7
\JY2/mc/m/n/10 イ
 []


Overfull \hbox (9.6222pt too wide) in paragraph at lines 1--7
\JY2/mc/m/n/10 ト
 []


Overfull \hbox (9.6222pt too wide) in paragraph at lines 1--7
\JY2/mc/m/n/10 が
 []


Overfull \hbox (9.6222pt too wide) in paragraph at lines 1--7
\JY2/mc/m/n/10 近
 []


Overfull \hbox (9.6222pt too wide) in paragraph at lines 1--7
\JY2/mc/m/n/10 年
 []


Overfull \hbox (9.6222pt too wide) in paragraph at lines 1--7
\JY2/mc/m/n/10 普
 []


Overfull \hbox (9.6222pt too wide) in paragraph at lines 1--7
\JY2/mc/m/n/10 及
 []


Overfull \hbox (9.6222pt too wide) in paragraph at lines 1--7
\JY2/mc/m/n/10 し
 []


Overfull \hbox (9.6222pt too wide) in paragraph at lines 1--7
\JY2/mc/m/n/10 つ
 []


Overfull \hbox (9.6222pt too wide) in paragraph at lines 1--7
\JY2/mc/m/n/10 つ
 []


Overfull \hbox (9.6222pt too wide) in paragraph at lines 1--7
\JY2/mc/m/n/10 あ
 []


Overfull \hbox (13.93329pt too wide) in paragraph at lines 1--7
\JY2/mc/m/n/10 る 。
 []


Overfull \hbox (9.6222pt too wide) in paragraph at lines 1--7
\JY2/mc/m/n/10 情
 []


Overfull \hbox (9.6222pt too wide) in paragraph at lines 1--7
\JY2/mc/m/n/10 報
 []


Overfull \hbox (9.6222pt too wide) in paragraph at lines 1--7
\JY2/mc/m/n/10 技
 []


Overfull \hbox (9.6222pt too wide) in paragraph at lines 1--7
\JY2/mc/m/n/10 術
 []


Overfull \hbox (9.6222pt too wide) in paragraph at lines 1--7
\JY2/mc/m/n/10 者
 []


Overfull \hbox (9.6222pt too wide) in paragraph at lines 1--7
\JY2/mc/m/n/10 に
 []


Overfull \hbox (9.6222pt too wide) in paragraph at lines 1--7
\JY2/mc/m/n/10 と
 []


Overfull \hbox (9.6222pt too wide) in paragraph at lines 1--7
\JY2/mc/m/n/10 っ
 []


Overfull \hbox (9.6222pt too wide) in paragraph at lines 1--7
\JY2/mc/m/n/10 て
 []


Overfull \hbox (9.6222pt too wide) in paragraph at lines 1--7
\JY2/mc/m/n/10 ネ
 []


Overfull \hbox (9.6222pt too wide) in paragraph at lines 1--7
\JY2/mc/m/n/10 ッ
 []


Overfull \hbox (9.6222pt too wide) in paragraph at lines 1--7
\JY2/mc/m/n/10 ト
 []


Overfull \hbox (18.74438pt too wide) in paragraph at lines 1--7
\JY2/mc/m/n/10 ワ ー
 []


Overfull \hbox (9.6222pt too wide) in paragraph at lines 1--7
\JY2/mc/m/n/10 ク
 []


Overfull \hbox (9.6222pt too wide) in paragraph at lines 1--7
\JY2/mc/m/n/10 技
 []


Overfull \hbox (9.6222pt too wide) in paragraph at lines 1--7
\JY2/mc/m/n/10 術
 []


Overfull \hbox (9.6222pt too wide) in paragraph at lines 1--7
\JY2/mc/m/n/10 へ
 []


Overfull \hbox (9.6222pt too wide) in paragraph at lines 1--7
\JY2/mc/m/n/10 の
 []


Overfull \hbox (9.6222pt too wide) in paragraph at lines 1--7
\JY2/mc/m/n/10 理
 []


Overfull \hbox (9.6222pt too wide) in paragraph at lines 1--7
\JY2/mc/m/n/10 解
 []


Overfull \hbox (9.6222pt too wide) in paragraph at lines 1--7
\JY2/mc/m/n/10 が
 []


Overfull \hbox (9.6222pt too wide) in paragraph at lines 1--7
\JY2/mc/m/n/10 プ
 []


Overfull \hbox (9.6222pt too wide) in paragraph at lines 1--7
\JY2/mc/m/n/10 ロ
 []


Overfull \hbox (9.6222pt too wide) in paragraph at lines 1--7
\JY2/mc/m/n/10 グ
 []


Overfull \hbox (9.6222pt too wide) in paragraph at lines 1--7
\JY2/mc/m/n/10 ラ
 []


Overfull \hbox (9.6222pt too wide) in paragraph at lines 1--7
\JY2/mc/m/n/10 ミ
 []


Overfull \hbox (9.6222pt too wide) in paragraph at lines 1--7
\JY2/mc/m/n/10 ン
 []


Overfull \hbox (9.6222pt too wide) in paragraph at lines 1--7
\JY2/mc/m/n/10 グ
 []


Overfull \hbox (9.6222pt too wide) in paragraph at lines 1--7
\JY2/mc/m/n/10 の
 []


Overfull \hbox (9.6222pt too wide) in paragraph at lines 1--7
\JY2/mc/m/n/10 知
 []


Overfull \hbox (9.6222pt too wide) in paragraph at lines 1--7
\JY2/mc/m/n/10 識
 []


Overfull \hbox (9.6222pt too wide) in paragraph at lines 1--7
\JY2/mc/m/n/10 同
 []


Overfull \hbox (13.93329pt too wide) in paragraph at lines 1--7
\JY2/mc/m/n/10 様 、
 []


Overfull \hbox (9.6222pt too wide) in paragraph at lines 1--7
\JY2/mc/m/n/10 必
 []


Overfull \hbox (9.6222pt too wide) in paragraph at lines 1--7
\JY2/mc/m/n/10 要
 []


Overfull \hbox (9.6222pt too wide) in paragraph at lines 1--7
\JY2/mc/m/n/10 不
 []


Overfull \hbox (9.6222pt too wide) in paragraph at lines 1--7
\JY2/mc/m/n/10 可
 []


Overfull \hbox (9.6222pt too wide) in paragraph at lines 1--7
\JY2/mc/m/n/10 欠
 []


Overfull \hbox (9.6222pt too wide) in paragraph at lines 1--7
\JY2/mc/m/n/10 な
 []


Overfull \hbox (9.6222pt too wide) in paragraph at lines 1--7
\JY2/mc/m/n/10 も
 []


Overfull \hbox (9.6222pt too wide) in paragraph at lines 1--7
\JY2/mc/m/n/10 の
 []


Overfull \hbox (9.6222pt too wide) in paragraph at lines 1--7
\JY2/mc/m/n/10 に
 []


Overfull \hbox (9.6222pt too wide) in paragraph at lines 1--7
\JY2/mc/m/n/10 な
 []


Overfull \hbox (9.6222pt too wide) in paragraph at lines 1--7
\JY2/mc/m/n/10 っ
 []


Overfull \hbox (9.6222pt too wide) in paragraph at lines 1--7
\JY2/mc/m/n/10 て
 []


Overfull \hbox (9.6222pt too wide) in paragraph at lines 1--7
\JY2/mc/m/n/10 い
 []


Overfull \hbox (9.6222pt too wide) in paragraph at lines 1--7
\JY2/mc/m/n/10 る
 []


Overfull \hbox (9.6222pt too wide) in paragraph at lines 1--7
\JY2/mc/m/n/10 現
 []


Overfull \hbox (13.93329pt too wide) in paragraph at lines 1--7
\JY2/mc/m/n/10 在 、
 []


Overfull \hbox (9.6222pt too wide) in paragraph at lines 1--7
\JY2/mc/m/n/10 ネ
 []


Overfull \hbox (9.6222pt too wide) in paragraph at lines 1--7
\JY2/mc/m/n/10 ッ
 []


Overfull \hbox (9.6222pt too wide) in paragraph at lines 1--7
\JY2/mc/m/n/10 ト
 []


Overfull \hbox (18.74438pt too wide) in paragraph at lines 1--7
\JY2/mc/m/n/10 ワ ー
 []


Overfull \hbox (9.6222pt too wide) in paragraph at lines 1--7
\JY2/mc/m/n/10 ク
 []


Overfull \hbox (9.6222pt too wide) in paragraph at lines 1--7
\JY2/mc/m/n/10 技
 []


Overfull \hbox (9.6222pt too wide) in paragraph at lines 1--7
\JY2/mc/m/n/10 術
 []


Overfull \hbox (9.6222pt too wide) in paragraph at lines 1--7
\JY2/mc/m/n/10 に
 []


Overfull \hbox (9.6222pt too wide) in paragraph at lines 1--7
\JY2/mc/m/n/10 お
 []


Overfull \hbox (9.6222pt too wide) in paragraph at lines 1--7
\JY2/mc/m/n/10 い
 []


Overfull \hbox (9.6222pt too wide) in paragraph at lines 1--7
\JY2/mc/m/n/10 て
 []


Overfull \hbox (9.6222pt too wide) in paragraph at lines 1--7
\JY2/mc/m/n/10 も
 []


Overfull \hbox (4.44444pt too wide) in paragraph at lines 1--7
\OT1/cmr/m/n/10 e
 []


Overfull \hbox (18.74438pt too wide) in paragraph at lines 1--7
\JY2/mc/m/n/10 ラ ー
 []


Overfull \hbox (9.6222pt too wide) in paragraph at lines 1--7
\JY2/mc/m/n/10 ニ
 []


Overfull \hbox (9.6222pt too wide) in paragraph at lines 1--7
\JY2/mc/m/n/10 ン
 []


Overfull \hbox (9.6222pt too wide) in paragraph at lines 1--7
\JY2/mc/m/n/10 グ
 []


Overfull \hbox (9.6222pt too wide) in paragraph at lines 1--7
\JY2/mc/m/n/10 を
 []


Overfull \hbox (9.6222pt too wide) in paragraph at lines 1--7
\JY2/mc/m/n/10 用
 []


Overfull \hbox (9.6222pt too wide) in paragraph at lines 1--7
\JY2/mc/m/n/10 い
 []


Overfull \hbox (9.6222pt too wide) in paragraph at lines 1--7
\JY2/mc/m/n/10 た
 []


Overfull \hbox (9.6222pt too wide) in paragraph at lines 1--7
\JY2/mc/m/n/10 自
 []


Overfull \hbox (9.6222pt too wide) in paragraph at lines 1--7
\JY2/mc/m/n/10 己
 []


Overfull \hbox (9.6222pt too wide) in paragraph at lines 1--7
\JY2/mc/m/n/10 学
 []


Overfull \hbox (9.6222pt too wide) in paragraph at lines 1--7
\JY2/mc/m/n/10 習
 []


Overfull \hbox (9.6222pt too wide) in paragraph at lines 1--7
\JY2/mc/m/n/10 の
 []


Overfull \hbox (9.6222pt too wide) in paragraph at lines 1--7
\JY2/mc/m/n/10 機
 []


Overfull \hbox (9.6222pt too wide) in paragraph at lines 1--7
\JY2/mc/m/n/10 会
 []


Overfull \hbox (9.6222pt too wide) in paragraph at lines 1--7
\JY2/mc/m/n/10 を
 []


Overfull \hbox (9.6222pt too wide) in paragraph at lines 1--7
\JY2/mc/m/n/10 提
 []


Overfull \hbox (9.6222pt too wide) in paragraph at lines 1--7
\JY2/mc/m/n/10 供
 []


Overfull \hbox (9.6222pt too wide) in paragraph at lines 1--7
\JY2/mc/m/n/10 す
 []


Overfull \hbox (9.6222pt too wide) in paragraph at lines 1--7
\JY2/mc/m/n/10 る
 []


Overfull \hbox (9.6222pt too wide) in paragraph at lines 1--7
\JY2/mc/m/n/10 こ
 []


Overfull \hbox (9.6222pt too wide) in paragraph at lines 1--7
\JY2/mc/m/n/10 と
 []


Overfull \hbox (9.6222pt too wide) in paragraph at lines 1--7
\JY2/mc/m/n/10 が
 []


Overfull \hbox (9.6222pt too wide) in paragraph at lines 1--7
\JY2/mc/m/n/10 求
 []


Overfull \hbox (9.6222pt too wide) in paragraph at lines 1--7
\JY2/mc/m/n/10 め
 []


Overfull \hbox (9.6222pt too wide) in paragraph at lines 1--7
\JY2/mc/m/n/10 ら
 []


Overfull \hbox (9.6222pt too wide) in paragraph at lines 1--7
\JY2/mc/m/n/10 れ
 []


Overfull \hbox (9.6222pt too wide) in paragraph at lines 1--7
\JY2/mc/m/n/10 て
 []


Overfull \hbox (9.6222pt too wide) in paragraph at lines 1--7
\JY2/mc/m/n/10 い
 []


Overfull \hbox (13.93329pt too wide) in paragraph at lines 1--7
\JY2/mc/m/n/10 る 。 
 []


Overfull \hbox (9.6222pt too wide) in paragraph at lines 1--7
\JY2/mc/m/n/10 　
 []


Overfull \hbox (9.6222pt too wide) in paragraph at lines 1--7
\JY2/mc/m/n/10 ま
 []


Overfull \hbox (13.93329pt too wide) in paragraph at lines 1--7
\JY2/mc/m/n/10 た 、
 []


Overfull \hbox (9.6222pt too wide) in paragraph at lines 1--7
\JY2/mc/m/n/10 多
 []


Overfull \hbox (9.6222pt too wide) in paragraph at lines 1--7
\JY2/mc/m/n/10 く
 []


Overfull \hbox (9.6222pt too wide) in paragraph at lines 1--7
\JY2/mc/m/n/10 の
 []


Overfull \hbox (9.6222pt too wide) in paragraph at lines 1--7
\JY2/mc/m/n/10 企
 []


Overfull \hbox (9.6222pt too wide) in paragraph at lines 1--7
\JY2/mc/m/n/10 業
 []


Overfull \hbox (9.6222pt too wide) in paragraph at lines 1--7
\JY2/mc/m/n/10 や
 []


Overfull \hbox (9.6222pt too wide) in paragraph at lines 1--7
\JY2/mc/m/n/10 教
 []


Overfull \hbox (9.6222pt too wide) in paragraph at lines 1--7
\JY2/mc/m/n/10 育
 []


Overfull \hbox (9.6222pt too wide) in paragraph at lines 1--7
\JY2/mc/m/n/10 機
 []


Overfull \hbox (9.6222pt too wide) in paragraph at lines 1--7
\JY2/mc/m/n/10 関
 []


Overfull \hbox (9.6222pt too wide) in paragraph at lines 1--7
\JY2/mc/m/n/10 に
 []


Overfull \hbox (9.6222pt too wide) in paragraph at lines 1--7
\JY2/mc/m/n/10 お
 []


Overfull \hbox (9.6222pt too wide) in paragraph at lines 1--7
\JY2/mc/m/n/10 い
 []


Overfull \hbox (9.6222pt too wide) in paragraph at lines 1--7
\JY2/mc/m/n/10 て
 []


Overfull \hbox (63.36127pt too wide) in paragraph at lines 1--7
\OT1/cmr/m/n/10 LMS(Learning
 []


Overfull \hbox (23.0556pt too wide) in paragraph at lines 1--7
\OT1/cmr/m/n/10 Man-
 []


Overfull \hbox (17.7778pt too wide) in paragraph at lines 1--7
\OT1/cmr/m/n/10 age-
 []


Overfull \hbox (21.94449pt too wide) in paragraph at lines 1--7
\OT1/cmr/m/n/10 ment
 []


Overfull \hbox (18.11115pt too wide) in paragraph at lines 1--7
\OT1/cmr/m/n/10 Sys-
 []


Overfull \hbox (20.5556pt too wide) in paragraph at lines 1--7
\OT1/cmr/m/n/10 tem)
 []


Overfull \hbox (9.6222pt too wide) in paragraph at lines 1--7
\JY2/mc/m/n/10 を
 []


Overfull \hbox (9.6222pt too wide) in paragraph at lines 1--7
\JY2/mc/m/n/10 用
 []


Overfull \hbox (9.6222pt too wide) in paragraph at lines 1--7
\JY2/mc/m/n/10 い
 []


Overfull \hbox (9.6222pt too wide) in paragraph at lines 1--7
\JY2/mc/m/n/10 て
 []


Overfull \hbox (9.6222pt too wide) in paragraph at lines 1--7
\JY2/mc/m/n/10 の
 []


Overfull \hbox (4.44444pt too wide) in paragraph at lines 1--7
\OT1/cmr/m/n/10 e
 []


Overfull \hbox (18.74438pt too wide) in paragraph at lines 1--7
\JY2/mc/m/n/10 ラ ー
 []


Overfull \hbox (9.6222pt too wide) in paragraph at lines 1--7
\JY2/mc/m/n/10 ニ
 []


Overfull \hbox (9.6222pt too wide) in paragraph at lines 1--7
\JY2/mc/m/n/10 ン
 []


Overfull \hbox (9.6222pt too wide) in paragraph at lines 1--7
\JY2/mc/m/n/10 グ
 []


Overfull \hbox (9.6222pt too wide) in paragraph at lines 1--7
\JY2/mc/m/n/10 学
 []


Overfull \hbox (9.6222pt too wide) in paragraph at lines 1--7
\JY2/mc/m/n/10 習
 []


Overfull \hbox (9.6222pt too wide) in paragraph at lines 1--7
\JY2/mc/m/n/10 が
 []


Overfull \hbox (9.6222pt too wide) in paragraph at lines 1--7
\JY2/mc/m/n/10 行
 []


Overfull \hbox (9.6222pt too wide) in paragraph at lines 1--7
\JY2/mc/m/n/10 わ
 []


Overfull \hbox (9.6222pt too wide) in paragraph at lines 1--7
\JY2/mc/m/n/10 れ
 []


Overfull \hbox (9.6222pt too wide) in paragraph at lines 1--7
\JY2/mc/m/n/10 て
 []


Overfull \hbox (9.6222pt too wide) in paragraph at lines 1--7
\JY2/mc/m/n/10 い
 []


Overfull \hbox (13.93329pt too wide) in paragraph at lines 1--7
\JY2/mc/m/n/10 る 。
 []


Overfull \hbox (9.6222pt too wide) in paragraph at lines 1--7
\JY2/mc/m/n/10 し
 []


Overfull \hbox (9.6222pt too wide) in paragraph at lines 1--7
\JY2/mc/m/n/10 か
 []


Overfull \hbox (13.93329pt too wide) in paragraph at lines 1--7
\JY2/mc/m/n/10 し 、
 []


Overfull \hbox (20.97227pt too wide) in paragraph at lines 1--7
\OT1/cmr/m/n/10 LMS
 []


Overfull \hbox (9.6222pt too wide) in paragraph at lines 1--7
\JY2/mc/m/n/10 が
 []


Overfull \hbox (9.6222pt too wide) in paragraph at lines 1--7
\JY2/mc/m/n/10 行
 []


Overfull \hbox (9.6222pt too wide) in paragraph at lines 1--7
\JY2/mc/m/n/10 う
 []


Overfull \hbox (9.6222pt too wide) in paragraph at lines 1--7
\JY2/mc/m/n/10 の
 []


Overfull \hbox (9.6222pt too wide) in paragraph at lines 1--7
\JY2/mc/m/n/10 は
 []


Overfull \hbox (9.6222pt too wide) in paragraph at lines 1--7
\JY2/mc/m/n/10 学
 []


Overfull \hbox (9.6222pt too wide) in paragraph at lines 1--7
\JY2/mc/m/n/10 習
 []


Overfull \hbox (9.6222pt too wide) in paragraph at lines 1--7
\JY2/mc/m/n/10 の
 []


Overfull \hbox (9.6222pt too wide) in paragraph at lines 1--7
\JY2/mc/m/n/10 管
 []


Overfull \hbox (9.6222pt too wide) in paragraph at lines 1--7
\JY2/mc/m/n/10 理
 []


Overfull \hbox (9.6222pt too wide) in paragraph at lines 1--7
\JY2/mc/m/n/10 で
 []


Overfull \hbox (9.6222pt too wide) in paragraph at lines 1--7
\JY2/mc/m/n/10 あ
 []


Overfull \hbox (13.93329pt too wide) in paragraph at lines 1--7
\JY2/mc/m/n/10 り 、
 []


Overfull \hbox (9.6222pt too wide) in paragraph at lines 1--7
\JY2/mc/m/n/10 教
 []


Overfull \hbox (9.6222pt too wide) in paragraph at lines 1--7
\JY2/mc/m/n/10 材
 []


Overfull \hbox (9.6222pt too wide) in paragraph at lines 1--7
\JY2/mc/m/n/10 や
 []


Overfull \hbox (9.6222pt too wide) in paragraph at lines 1--7
\JY2/mc/m/n/10 資
 []


Overfull \hbox (9.6222pt too wide) in paragraph at lines 1--7
\JY2/mc/m/n/10 料
 []


Overfull \hbox (9.6222pt too wide) in paragraph at lines 1--7
\JY2/mc/m/n/10 の
 []


Overfull \hbox (9.6222pt too wide) in paragraph at lines 1--7
\JY2/mc/m/n/10 配
 []


Overfull \hbox (13.93329pt too wide) in paragraph at lines 1--7
\JY2/mc/m/n/10 布 、
 []


Overfull \hbox (9.6222pt too wide) in paragraph at lines 1--7
\JY2/mc/m/n/10 簡
 []


Overfull \hbox (9.6222pt too wide) in paragraph at lines 1--7
\JY2/mc/m/n/10 単
 []


Overfull \hbox (9.6222pt too wide) in paragraph at lines 1--7
\JY2/mc/m/n/10 な
 []


Overfull \hbox (9.6222pt too wide) in paragraph at lines 1--7
\JY2/mc/m/n/10 テ
 []


Overfull \hbox (9.6222pt too wide) in paragraph at lines 1--7
\JY2/mc/m/n/10 ス
 []


Overfull \hbox (9.6222pt too wide) in paragraph at lines 1--7
\JY2/mc/m/n/10 ト
 []


Overfull \hbox (9.6222pt too wide) in paragraph at lines 1--7
\JY2/mc/m/n/10 や
 []


Overfull \hbox (9.6222pt too wide) in paragraph at lines 1--7
\JY2/mc/m/n/10 課
 []


Overfull \hbox (9.6222pt too wide) in paragraph at lines 1--7
\JY2/mc/m/n/10 題
 []


Overfull \hbox (9.6222pt too wide) in paragraph at lines 1--7
\JY2/mc/m/n/10 の
 []


Overfull \hbox (9.6222pt too wide) in paragraph at lines 1--7
\JY2/mc/m/n/10 実
 []


Overfull \hbox (13.93329pt too wide) in paragraph at lines 1--7
\JY2/mc/m/n/10 施 、
 []


Overfull \hbox (9.6222pt too wide) in paragraph at lines 1--7
\JY2/mc/m/n/10 そ
 []


Overfull \hbox (9.6222pt too wide) in paragraph at lines 1--7
\JY2/mc/m/n/10 れ
 []


Overfull \hbox (9.6222pt too wide) in paragraph at lines 1--7
\JY2/mc/m/n/10 に
 []


Overfull \hbox (9.6222pt too wide) in paragraph at lines 1--7
\JY2/mc/m/n/10 対
 []


Overfull \hbox (9.6222pt too wide) in paragraph at lines 1--7
\JY2/mc/m/n/10 す
 []


Overfull \hbox (9.6222pt too wide) in paragraph at lines 1--7
\JY2/mc/m/n/10 る
 []


Overfull \hbox (9.6222pt too wide) in paragraph at lines 1--7
\JY2/mc/m/n/10 評
 []


Overfull \hbox (9.6222pt too wide) in paragraph at lines 1--7
\JY2/mc/m/n/10 価
 []


Overfull \hbox (9.6222pt too wide) in paragraph at lines 1--7
\JY2/mc/m/n/10 を
 []


Overfull \hbox (9.6222pt too wide) in paragraph at lines 1--7
\JY2/mc/m/n/10 行
 []


Overfull \hbox (9.6222pt too wide) in paragraph at lines 1--7
\JY2/mc/m/n/10 う
 []


Overfull \hbox (9.6222pt too wide) in paragraph at lines 1--7
\JY2/mc/m/n/10 の
 []


Overfull \hbox (9.6222pt too wide) in paragraph at lines 1--7
\JY2/mc/m/n/10 が
 []


Overfull \hbox (9.6222pt too wide) in paragraph at lines 1--7
\JY2/mc/m/n/10 主
 []


Overfull \hbox (9.6222pt too wide) in paragraph at lines 1--7
\JY2/mc/m/n/10 な
 []


Overfull \hbox (9.6222pt too wide) in paragraph at lines 1--7
\JY2/mc/m/n/10 機
 []


Overfull \hbox (9.6222pt too wide) in paragraph at lines 1--7
\JY2/mc/m/n/10 能
 []


Overfull \hbox (9.6222pt too wide) in paragraph at lines 1--7
\JY2/mc/m/n/10 で
 []


Overfull \hbox (9.6222pt too wide) in paragraph at lines 1--7
\JY2/mc/m/n/10 あ
 []


Overfull \hbox (13.93329pt too wide) in paragraph at lines 1--7
\JY2/mc/m/n/10 る 。
 []


Overfull \hbox (9.6222pt too wide) in paragraph at lines 1--7
\JY2/mc/m/n/10 よ
 []


Overfull \hbox (9.6222pt too wide) in paragraph at lines 1--7
\JY2/mc/m/n/10 り
 []


Overfull \hbox (9.6222pt too wide) in paragraph at lines 1--7
\JY2/mc/m/n/10 高
 []


Overfull \hbox (9.6222pt too wide) in paragraph at lines 1--7
\JY2/mc/m/n/10 度
 []


Overfull \hbox (9.6222pt too wide) in paragraph at lines 1--7
\JY2/mc/m/n/10 な
 []


Overfull \hbox (9.6222pt too wide) in paragraph at lines 1--7
\JY2/mc/m/n/10 学
 []


Overfull \hbox (9.6222pt too wide) in paragraph at lines 1--7
\JY2/mc/m/n/10 習
 []


Overfull \hbox (9.6222pt too wide) in paragraph at lines 1--7
\JY2/mc/m/n/10 を
 []


Overfull \hbox (20.97227pt too wide) in paragraph at lines 1--7
\OT1/cmr/m/n/10 LMS
 []


Overfull \hbox (9.6222pt too wide) in paragraph at lines 1--7
\JY2/mc/m/n/10 上
 []


Overfull \hbox (9.6222pt too wide) in paragraph at lines 1--7
\JY2/mc/m/n/10 で
 []


Overfull \hbox (9.6222pt too wide) in paragraph at lines 1--7
\JY2/mc/m/n/10 行
 []


Overfull \hbox (9.6222pt too wide) in paragraph at lines 1--7
\JY2/mc/m/n/10 う
 []


Overfull \hbox (9.6222pt too wide) in paragraph at lines 1--7
\JY2/mc/m/n/10 に
 []


Overfull \hbox (13.93329pt too wide) in paragraph at lines 1--7
\JY2/mc/m/n/10 は 、
 []


Overfull \hbox (9.6222pt too wide) in paragraph at lines 1--7
\JY2/mc/m/n/10 学
 []


Overfull \hbox (9.6222pt too wide) in paragraph at lines 1--7
\JY2/mc/m/n/10 習
 []


Overfull \hbox (9.6222pt too wide) in paragraph at lines 1--7
\JY2/mc/m/n/10 し
 []


Overfull \hbox (9.6222pt too wide) in paragraph at lines 1--7
\JY2/mc/m/n/10 た
 []


Overfull \hbox (9.6222pt too wide) in paragraph at lines 1--7
\JY2/mc/m/n/10 い
 []


Overfull \hbox (9.6222pt too wide) in paragraph at lines 1--7
\JY2/mc/m/n/10 内
 []


Overfull \hbox (9.6222pt too wide) in paragraph at lines 1--7
\JY2/mc/m/n/10 容
 []


Overfull \hbox (9.6222pt too wide) in paragraph at lines 1--7
\JY2/mc/m/n/10 に
 []


Overfull \hbox (9.6222pt too wide) in paragraph at lines 1--7
\JY2/mc/m/n/10 合
 []


Overfull \hbox (9.6222pt too wide) in paragraph at lines 1--7
\JY2/mc/m/n/10 わ
 []


Overfull \hbox (9.6222pt too wide) in paragraph at lines 1--7
\JY2/mc/m/n/10 せ
 []


Overfull \hbox (9.6222pt too wide) in paragraph at lines 1--7
\JY2/mc/m/n/10 た
 []


Overfull \hbox (9.6222pt too wide) in paragraph at lines 1--7
\JY2/mc/m/n/10 学
 []


Overfull \hbox (9.6222pt too wide) in paragraph at lines 1--7
\JY2/mc/m/n/10 習
 []


Overfull \hbox (9.6222pt too wide) in paragraph at lines 1--7
\JY2/mc/m/n/10 支
 []


Overfull \hbox (9.6222pt too wide) in paragraph at lines 1--7
\JY2/mc/m/n/10 援
 []


Overfull \hbox (18.74438pt too wide) in paragraph at lines 1--7
\JY2/mc/m/n/10 ツ ー
 []


Overfull \hbox (9.6222pt too wide) in paragraph at lines 1--7
\JY2/mc/m/n/10 ル
 []


Overfull \hbox (9.6222pt too wide) in paragraph at lines 1--7
\JY2/mc/m/n/10 を
 []


Overfull \hbox (20.97227pt too wide) in paragraph at lines 1--7
\OT1/cmr/m/n/10 LMS
 []


Overfull \hbox (9.6222pt too wide) in paragraph at lines 1--7
\JY2/mc/m/n/10 に
 []


Overfull \hbox (9.6222pt too wide) in paragraph at lines 1--7
\JY2/mc/m/n/10 導
 []


Overfull \hbox (9.6222pt too wide) in paragraph at lines 1--7
\JY2/mc/m/n/10 入
 []


Overfull \hbox (9.6222pt too wide) in paragraph at lines 1--7
\JY2/mc/m/n/10 し
 []


Overfull \hbox (9.6222pt too wide) in paragraph at lines 1--7
\JY2/mc/m/n/10 な
 []


Overfull \hbox (9.6222pt too wide) in paragraph at lines 1--7
\JY2/mc/m/n/10 け
 []


Overfull \hbox (9.6222pt too wide) in paragraph at lines 1--7
\JY2/mc/m/n/10 れ
 []


Overfull \hbox (9.6222pt too wide) in paragraph at lines 1--7
\JY2/mc/m/n/10 ば
 []


Overfull \hbox (9.6222pt too wide) in paragraph at lines 1--7
\JY2/mc/m/n/10 な
 []


Overfull \hbox (9.6222pt too wide) in paragraph at lines 1--7
\JY2/mc/m/n/10 ら
 []


Overfull \hbox (9.6222pt too wide) in paragraph at lines 1--7
\JY2/mc/m/n/10 な
 []


Overfull \hbox (13.93329pt too wide) in paragraph at lines 1--7
\JY2/mc/m/n/10 い 。 
 []


Overfull \hbox (9.6222pt too wide) in paragraph at lines 1--7
\JY2/mc/m/n/10 　
 []


Overfull \hbox (9.6222pt too wide) in paragraph at lines 1--7
\JY2/mc/m/n/10 ネ
 []


Overfull \hbox (9.6222pt too wide) in paragraph at lines 1--7
\JY2/mc/m/n/10 ッ
 []


Overfull \hbox (9.6222pt too wide) in paragraph at lines 1--7
\JY2/mc/m/n/10 ト
 []


Overfull \hbox (18.74438pt too wide) in paragraph at lines 1--7
\JY2/mc/m/n/10 ワ ー
 []


Overfull \hbox (9.6222pt too wide) in paragraph at lines 1--7
\JY2/mc/m/n/10 ク
 []


Overfull \hbox (9.6222pt too wide) in paragraph at lines 1--7
\JY2/mc/m/n/10 自
 []


Overfull \hbox (9.6222pt too wide) in paragraph at lines 1--7
\JY2/mc/m/n/10 己
 []


Overfull \hbox (9.6222pt too wide) in paragraph at lines 1--7
\JY2/mc/m/n/10 学
 []


Overfull \hbox (9.6222pt too wide) in paragraph at lines 1--7
\JY2/mc/m/n/10 習
 []


Overfull \hbox (9.6222pt too wide) in paragraph at lines 1--7
\JY2/mc/m/n/10 機
 []


Overfull \hbox (9.6222pt too wide) in paragraph at lines 1--7
\JY2/mc/m/n/10 能
 []


Overfull \hbox (9.6222pt too wide) in paragraph at lines 1--7
\JY2/mc/m/n/10 の
 []


Overfull \hbox (9.6222pt too wide) in paragraph at lines 1--7
\JY2/mc/m/n/10 先
 []


Overfull \hbox (9.6222pt too wide) in paragraph at lines 1--7
\JY2/mc/m/n/10 行
 []


Overfull \hbox (9.6222pt too wide) in paragraph at lines 1--7
\JY2/mc/m/n/10 研
 []


Overfull \hbox (9.6222pt too wide) in paragraph at lines 1--7
\JY2/mc/m/n/10 究
 []


Overfull \hbox (9.6222pt too wide) in paragraph at lines 1--7
\JY2/mc/m/n/10 と
 []


Overfull \hbox (9.6222pt too wide) in paragraph at lines 1--7
\JY2/mc/m/n/10 し
 []


Overfull \hbox (13.93329pt too wide) in paragraph at lines 1--7
\JY2/mc/m/n/10 て 、
 []


Overfull \hbox (9.6222pt too wide) in paragraph at lines 1--7
\JY2/mc/m/n/10 魚
 []


Overfull \hbox (9.6222pt too wide) in paragraph at lines 1--7
\JY2/mc/m/n/10 本
 []


Overfull \hbox (9.6222pt too wide) in paragraph at lines 1--7
\JY2/mc/m/n/10 ら
 []


Overfull \hbox (10.55559pt too wide) in paragraph at lines 1--7
\OT1/cmr/m/n/10 [1]
 []


Overfull \hbox (13.93329pt too wide) in paragraph at lines 1--7
\JY2/mc/m/n/10 は 、
 []


Overfull \hbox (9.6222pt too wide) in paragraph at lines 1--7
\JY2/mc/m/n/10 特
 []


Overfull \hbox (9.6222pt too wide) in paragraph at lines 1--7
\JY2/mc/m/n/10 定
 []


Overfull \hbox (9.6222pt too wide) in paragraph at lines 1--7
\JY2/mc/m/n/10 の
 []


Overfull \hbox (20.97227pt too wide) in paragraph at lines 1--7
\OT1/cmr/m/n/10 LMS
 []


Overfull \hbox (9.6222pt too wide) in paragraph at lines 1--7
\JY2/mc/m/n/10 の
 []


Overfull \hbox (9.6222pt too wide) in paragraph at lines 1--7
\JY2/mc/m/n/10 プ
 []


Overfull \hbox (9.6222pt too wide) in paragraph at lines 1--7
\JY2/mc/m/n/10 ラ
 []


Overfull \hbox (9.6222pt too wide) in paragraph at lines 1--7
\JY2/mc/m/n/10 グ
 []


Overfull \hbox (9.6222pt too wide) in paragraph at lines 1--7
\JY2/mc/m/n/10 イ
 []


Overfull \hbox (9.6222pt too wide) in paragraph at lines 1--7
\JY2/mc/m/n/10 ン
 []


Overfull \hbox (9.6222pt too wide) in paragraph at lines 1--7
\JY2/mc/m/n/10 と
 []


Overfull \hbox (9.6222pt too wide) in paragraph at lines 1--7
\JY2/mc/m/n/10 し
 []


Overfull \hbox (9.6222pt too wide) in paragraph at lines 1--7
\JY2/mc/m/n/10 て
 []


Overfull \hbox (9.6222pt too wide) in paragraph at lines 1--7
\JY2/mc/m/n/10 ネ
 []


Overfull \hbox (9.6222pt too wide) in paragraph at lines 1--7
\JY2/mc/m/n/10 ッ
 []


Overfull \hbox (9.6222pt too wide) in paragraph at lines 1--7
\JY2/mc/m/n/10 ト
 []


Overfull \hbox (18.74438pt too wide) in paragraph at lines 1--7
\JY2/mc/m/n/10 ワ ー
 []


Overfull \hbox (9.6222pt too wide) in paragraph at lines 1--7
\JY2/mc/m/n/10 ク
 []


Overfull \hbox (9.6222pt too wide) in paragraph at lines 1--7
\JY2/mc/m/n/10 自
 []


Overfull \hbox (9.6222pt too wide) in paragraph at lines 1--7
\JY2/mc/m/n/10 己
 []


Overfull \hbox (9.6222pt too wide) in paragraph at lines 1--7
\JY2/mc/m/n/10 学
 []


Overfull \hbox (9.6222pt too wide) in paragraph at lines 1--7
\JY2/mc/m/n/10 習
 []


Overfull \hbox (9.6222pt too wide) in paragraph at lines 1--7
\JY2/mc/m/n/10 機
 []


Overfull \hbox (9.6222pt too wide) in paragraph at lines 1--7
\JY2/mc/m/n/10 能
 []


Overfull \hbox (9.6222pt too wide) in paragraph at lines 1--7
\JY2/mc/m/n/10 を
 []


Overfull \hbox (9.6222pt too wide) in paragraph at lines 1--7
\JY2/mc/m/n/10 導
 []


Overfull \hbox (9.6222pt too wide) in paragraph at lines 1--7
\JY2/mc/m/n/10 入
 []


Overfull \hbox (9.6222pt too wide) in paragraph at lines 1--7
\JY2/mc/m/n/10 し
 []


Overfull \hbox (13.93329pt too wide) in paragraph at lines 1--7
\JY2/mc/m/n/10 た 。
 []


Overfull \hbox (9.6222pt too wide) in paragraph at lines 1--7
\JY2/mc/m/n/10 こ
 []


Overfull \hbox (9.6222pt too wide) in paragraph at lines 1--7
\JY2/mc/m/n/10 れ
 []


Overfull \hbox (13.93329pt too wide) in paragraph at lines 1--7
\JY2/mc/m/n/10 は 、
 []


Overfull \hbox (9.6222pt too wide) in paragraph at lines 1--7
\JY2/mc/m/n/10 特
 []


Overfull \hbox (9.6222pt too wide) in paragraph at lines 1--7
\JY2/mc/m/n/10 定
 []


Overfull \hbox (9.6222pt too wide) in paragraph at lines 1--7
\JY2/mc/m/n/10 の
 []


Overfull \hbox (20.97227pt too wide) in paragraph at lines 1--7
\OT1/cmr/m/n/10 LMS
 []


Overfull \hbox (9.6222pt too wide) in paragraph at lines 1--7
\JY2/mc/m/n/10 上
 []


Overfull \hbox (9.6222pt too wide) in paragraph at lines 1--7
\JY2/mc/m/n/10 で
 []


Overfull \hbox (9.6222pt too wide) in paragraph at lines 1--7
\JY2/mc/m/n/10 の
 []


Overfull \hbox (9.6222pt too wide) in paragraph at lines 1--7
\JY2/mc/m/n/10 動
 []


Overfull \hbox (9.6222pt too wide) in paragraph at lines 1--7
\JY2/mc/m/n/10 作
 []


Overfull \hbox (9.6222pt too wide) in paragraph at lines 1--7
\JY2/mc/m/n/10 を
 []


Overfull \hbox (9.6222pt too wide) in paragraph at lines 1--7
\JY2/mc/m/n/10 想
 []


Overfull \hbox (9.6222pt too wide) in paragraph at lines 1--7
\JY2/mc/m/n/10 定
 []


Overfull \hbox (9.6222pt too wide) in paragraph at lines 1--7
\JY2/mc/m/n/10 し
 []


Overfull \hbox (9.6222pt too wide) in paragraph at lines 1--7
\JY2/mc/m/n/10 て
 []


Overfull \hbox (9.6222pt too wide) in paragraph at lines 1--7
\JY2/mc/m/n/10 設
 []


Overfull \hbox (9.6222pt too wide) in paragraph at lines 1--7
\JY2/mc/m/n/10 計
 []


Overfull \hbox (9.6222pt too wide) in paragraph at lines 1--7
\JY2/mc/m/n/10 さ
 []


Overfull \hbox (9.6222pt too wide) in paragraph at lines 1--7
\JY2/mc/m/n/10 れ
 []


Overfull \hbox (9.6222pt too wide) in paragraph at lines 1--7
\JY2/mc/m/n/10 て
 []


Overfull \hbox (9.6222pt too wide) in paragraph at lines 1--7
\JY2/mc/m/n/10 お
 []


Overfull \hbox (13.93329pt too wide) in paragraph at lines 1--7
\JY2/mc/m/n/10 り 、
 []


Overfull \hbox (9.6222pt too wide) in paragraph at lines 1--7
\JY2/mc/m/n/10 同
 []


Overfull \hbox (9.6222pt too wide) in paragraph at lines 1--7
\JY2/mc/m/n/10 一
 []


Overfull \hbox (9.6222pt too wide) in paragraph at lines 1--7
\JY2/mc/m/n/10 の
 []


Overfull \hbox (20.97227pt too wide) in paragraph at lines 1--7
\OT1/cmr/m/n/10 LMS
 []


Overfull \hbox (9.6222pt too wide) in paragraph at lines 1--7
\JY2/mc/m/n/10 上
 []


Overfull \hbox (9.6222pt too wide) in paragraph at lines 1--7
\JY2/mc/m/n/10 で
 []


Overfull \hbox (9.6222pt too wide) in paragraph at lines 1--7
\JY2/mc/m/n/10 し
 []


Overfull \hbox (9.6222pt too wide) in paragraph at lines 1--7
\JY2/mc/m/n/10 か
 []


Overfull \hbox (9.6222pt too wide) in paragraph at lines 1--7
\JY2/mc/m/n/10 動
 []


Overfull \hbox (9.6222pt too wide) in paragraph at lines 1--7
\JY2/mc/m/n/10 作
 []


Overfull \hbox (9.6222pt too wide) in paragraph at lines 1--7
\JY2/mc/m/n/10 で
 []


Overfull \hbox (9.6222pt too wide) in paragraph at lines 1--7
\JY2/mc/m/n/10 き
 []


Overfull \hbox (13.93329pt too wide) in paragraph at lines 1--7
\JY2/mc/m/n/10 ず 、
 []


Overfull \hbox (9.6222pt too wide) in paragraph at lines 1--7
\JY2/mc/m/n/10 ま
 []


Overfull \hbox (13.93329pt too wide) in paragraph at lines 1--7
\JY2/mc/m/n/10 た 、
 []


Overfull \hbox (9.6222pt too wide) in paragraph at lines 1--7
\JY2/mc/m/n/10 導
 []


Overfull \hbox (9.6222pt too wide) in paragraph at lines 1--7
\JY2/mc/m/n/10 入
 []


Overfull \hbox (9.6222pt too wide) in paragraph at lines 1--7
\JY2/mc/m/n/10 し
 []


Overfull \hbox (9.6222pt too wide) in paragraph at lines 1--7
\JY2/mc/m/n/10 た
 []


Overfull \hbox (20.97227pt too wide) in paragraph at lines 1--7
\OT1/cmr/m/n/10 LMS
 []


Overfull \hbox (9.6222pt too wide) in paragraph at lines 1--7
\JY2/mc/m/n/10 に
 []


Overfull \hbox (9.6222pt too wide) in paragraph at lines 1--7
\JY2/mc/m/n/10 強
 []


Overfull \hbox (9.6222pt too wide) in paragraph at lines 1--7
\JY2/mc/m/n/10 く
 []


Overfull \hbox (9.6222pt too wide) in paragraph at lines 1--7
\JY2/mc/m/n/10 依
 []


Overfull \hbox (9.6222pt too wide) in paragraph at lines 1--7
\JY2/mc/m/n/10 存
 []


Overfull \hbox (9.6222pt too wide) in paragraph at lines 1--7
\JY2/mc/m/n/10 し
 []


Overfull \hbox (9.6222pt too wide) in paragraph at lines 1--7
\JY2/mc/m/n/10 て
 []


Overfull \hbox (9.6222pt too wide) in paragraph at lines 1--7
\JY2/mc/m/n/10 い
 []


Overfull \hbox (9.6222pt too wide) in paragraph at lines 1--7
\JY2/mc/m/n/10 る
 []


Overfull \hbox (9.6222pt too wide) in paragraph at lines 1--7
\JY2/mc/m/n/10 た
 []


Overfull \hbox (13.93329pt too wide) in paragraph at lines 1--7
\JY2/mc/m/n/10 め 、
 []


Overfull \hbox (20.97227pt too wide) in paragraph at lines 1--7
\OT1/cmr/m/n/10 LMS
 []


Overfull \hbox (9.6222pt too wide) in paragraph at lines 1--7
\JY2/mc/m/n/10 側
 []


Overfull \hbox (9.6222pt too wide) in paragraph at lines 1--7
\JY2/mc/m/n/10 に
 []


Overfull \hbox (9.6222pt too wide) in paragraph at lines 1--7
\JY2/mc/m/n/10 変
 []


Overfull \hbox (9.6222pt too wide) in paragraph at lines 1--7
\JY2/mc/m/n/10 更
 []


Overfull \hbox (9.6222pt too wide) in paragraph at lines 1--7
\JY2/mc/m/n/10 が
 []


Overfull \hbox (9.6222pt too wide) in paragraph at lines 1--7
\JY2/mc/m/n/10 あ
 []


Overfull \hbox (9.6222pt too wide) in paragraph at lines 1--7
\JY2/mc/m/n/10 っ
 []


Overfull \hbox (9.6222pt too wide) in paragraph at lines 1--7
\JY2/mc/m/n/10 た
 []


Overfull \hbox (9.6222pt too wide) in paragraph at lines 1--7
\JY2/mc/m/n/10 場
 []


Overfull \hbox (13.93329pt too wide) in paragraph at lines 1--7
\JY2/mc/m/n/10 合 、
 []


Overfull \hbox (9.6222pt too wide) in paragraph at lines 1--7
\JY2/mc/m/n/10 そ
 []


Overfull \hbox (9.6222pt too wide) in paragraph at lines 1--7
\JY2/mc/m/n/10 れ
 []


Overfull \hbox (9.6222pt too wide) in paragraph at lines 1--7
\JY2/mc/m/n/10 に
 []


Overfull \hbox (9.6222pt too wide) in paragraph at lines 1--7
\JY2/mc/m/n/10 合
 []


Overfull \hbox (9.6222pt too wide) in paragraph at lines 1--7
\JY2/mc/m/n/10 わ
 []


Overfull \hbox (9.6222pt too wide) in paragraph at lines 1--7
\JY2/mc/m/n/10 せ
 []


Overfull \hbox (9.6222pt too wide) in paragraph at lines 1--7
\JY2/mc/m/n/10 て
 []


Overfull \hbox (9.6222pt too wide) in paragraph at lines 1--7
\JY2/mc/m/n/10 プ
 []


Overfull \hbox (9.6222pt too wide) in paragraph at lines 1--7
\JY2/mc/m/n/10 ラ
 []


Overfull \hbox (9.6222pt too wide) in paragraph at lines 1--7
\JY2/mc/m/n/10 グ
 []


Overfull \hbox (9.6222pt too wide) in paragraph at lines 1--7
\JY2/mc/m/n/10 イ
 []


Overfull \hbox (9.6222pt too wide) in paragraph at lines 1--7
\JY2/mc/m/n/10 ン
 []


Overfull \hbox (9.6222pt too wide) in paragraph at lines 1--7
\JY2/mc/m/n/10 側
 []


Overfull \hbox (9.6222pt too wide) in paragraph at lines 1--7
\JY2/mc/m/n/10 も
 []


Overfull \hbox (9.6222pt too wide) in paragraph at lines 1--7
\JY2/mc/m/n/10 変
 []


Overfull \hbox (9.6222pt too wide) in paragraph at lines 1--7
\JY2/mc/m/n/10 更
 []


Overfull \hbox (9.6222pt too wide) in paragraph at lines 1--7
\JY2/mc/m/n/10 し
 []


Overfull \hbox (9.6222pt too wide) in paragraph at lines 1--7
\JY2/mc/m/n/10 な
 []


Overfull \hbox (9.6222pt too wide) in paragraph at lines 1--7
\JY2/mc/m/n/10 け
 []


Overfull \hbox (9.6222pt too wide) in paragraph at lines 1--7
\JY2/mc/m/n/10 れ
 []


Overfull \hbox (9.6222pt too wide) in paragraph at lines 1--7
\JY2/mc/m/n/10 ば
 []


Overfull \hbox (9.6222pt too wide) in paragraph at lines 1--7
\JY2/mc/m/n/10 な
 []


Overfull \hbox (9.6222pt too wide) in paragraph at lines 1--7
\JY2/mc/m/n/10 ら
 []


Overfull \hbox (13.93329pt too wide) in paragraph at lines 1--7
\JY2/mc/m/n/10 ず 、
 []


Overfull \hbox (9.6222pt too wide) in paragraph at lines 1--7
\JY2/mc/m/n/10 プ
 []


Overfull \hbox (9.6222pt too wide) in paragraph at lines 1--7
\JY2/mc/m/n/10 ラ
 []


Overfull \hbox (9.6222pt too wide) in paragraph at lines 1--7
\JY2/mc/m/n/10 グ
 []


Overfull \hbox (9.6222pt too wide) in paragraph at lines 1--7
\JY2/mc/m/n/10 イ
 []


Overfull \hbox (9.6222pt too wide) in paragraph at lines 1--7
\JY2/mc/m/n/10 ン
 []


Overfull \hbox (9.6222pt too wide) in paragraph at lines 1--7
\JY2/mc/m/n/10 と
 []


Overfull \hbox (9.6222pt too wide) in paragraph at lines 1--7
\JY2/mc/m/n/10 し
 []


Overfull \hbox (9.6222pt too wide) in paragraph at lines 1--7
\JY2/mc/m/n/10 て
 []


Overfull \hbox (9.6222pt too wide) in paragraph at lines 1--7
\JY2/mc/m/n/10 動
 []


Overfull \hbox (9.6222pt too wide) in paragraph at lines 1--7
\JY2/mc/m/n/10 作
 []


Overfull \hbox (9.6222pt too wide) in paragraph at lines 1--7
\JY2/mc/m/n/10 す
 []


Overfull \hbox (9.6222pt too wide) in paragraph at lines 1--7
\JY2/mc/m/n/10 る
 []


Overfull \hbox (9.6222pt too wide) in paragraph at lines 1--7
\JY2/mc/m/n/10 た
 []


Overfull \hbox (9.6222pt too wide) in paragraph at lines 1--7
\JY2/mc/m/n/10 め
 []


Overfull \hbox (9.6222pt too wide) in paragraph at lines 1--7
\JY2/mc/m/n/10 の
 []


Overfull \hbox (9.6222pt too wide) in paragraph at lines 1--7
\JY2/mc/m/n/10 細
 []


Overfull \hbox (9.6222pt too wide) in paragraph at lines 1--7
\JY2/mc/m/n/10 か
 []


Overfull \hbox (9.6222pt too wide) in paragraph at lines 1--7
\JY2/mc/m/n/10 な
 []


Overfull \hbox (9.6222pt too wide) in paragraph at lines 1--7
\JY2/mc/m/n/10 設
 []


Overfull \hbox (9.6222pt too wide) in paragraph at lines 1--7
\JY2/mc/m/n/10 定
 []


Overfull \hbox (9.6222pt too wide) in paragraph at lines 1--7
\JY2/mc/m/n/10 を
 []


Overfull \hbox (9.6222pt too wide) in paragraph at lines 1--7
\JY2/mc/m/n/10 行
 []


Overfull \hbox (9.6222pt too wide) in paragraph at lines 1--7
\JY2/mc/m/n/10 わ
 []


Overfull \hbox (9.6222pt too wide) in paragraph at lines 1--7
\JY2/mc/m/n/10 な
 []


Overfull \hbox (9.6222pt too wide) in paragraph at lines 1--7
\JY2/mc/m/n/10 け
 []


Overfull \hbox (9.6222pt too wide) in paragraph at lines 1--7
\JY2/mc/m/n/10 れ
 []


Overfull \hbox (9.6222pt too wide) in paragraph at lines 1--7
\JY2/mc/m/n/10 ば
 []


Overfull \hbox (9.6222pt too wide) in paragraph at lines 1--7
\JY2/mc/m/n/10 な
 []


Overfull \hbox (9.6222pt too wide) in paragraph at lines 1--7
\JY2/mc/m/n/10 ら
 []


Overfull \hbox (9.6222pt too wide) in paragraph at lines 1--7
\JY2/mc/m/n/10 な
 []


Overfull \hbox (13.93329pt too wide) in paragraph at lines 1--7
\JY2/mc/m/n/10 い 。 
 []


Overfull \hbox (9.6222pt too wide) in paragraph at lines 1--7
\JY2/mc/m/n/10 　
 []


Overfull \hbox (9.6222pt too wide) in paragraph at lines 1--7
\JY2/mc/m/n/10 北
 []


Overfull \hbox (9.6222pt too wide) in paragraph at lines 1--7
\JY2/mc/m/n/10 澤
 []


Overfull \hbox (9.6222pt too wide) in paragraph at lines 1--7
\JY2/mc/m/n/10 ら
 []


Overfull \hbox (10.55559pt too wide) in paragraph at lines 1--7
\OT1/cmr/m/n/10 [2]
 []


Overfull \hbox (13.93329pt too wide) in paragraph at lines 1--7
\JY2/mc/m/n/10 は 、
 []


Overfull \hbox (9.6222pt too wide) in paragraph at lines 1--7
\JY2/mc/m/n/10 仮
 []


Overfull \hbox (9.6222pt too wide) in paragraph at lines 1--7
\JY2/mc/m/n/10 想
 []


Overfull \hbox (25.13896pt too wide) in paragraph at lines 1--7
\OT1/cmr/m/n/10 Linux
 []


Overfull \hbox (9.6222pt too wide) in paragraph at lines 1--7
\JY2/mc/m/n/10 で
 []


Overfull \hbox (9.6222pt too wide) in paragraph at lines 1--7
\JY2/mc/m/n/10 あ
 []


Overfull \hbox (9.6222pt too wide) in paragraph at lines 1--7
\JY2/mc/m/n/10 る
 []


Overfull \hbox (19.80557pt too wide) in paragraph at lines 1--7
\OT1/cmr/m/n/10 User
 []


Overfull \hbox (24.4445pt too wide) in paragraph at lines 1--7
\OT1/cmr/m/n/10 Mode
 []


Overfull \hbox (25.13896pt too wide) in paragraph at lines 1--7
\OT1/cmr/m/n/10 Linux
 []


Overfull \hbox (9.6222pt too wide) in paragraph at lines 1--7
\JY2/mc/m/n/10 を
 []


Overfull \hbox (9.6222pt too wide) in paragraph at lines 1--7
\JY2/mc/m/n/10 利
 []


Overfull \hbox (9.6222pt too wide) in paragraph at lines 1--7
\JY2/mc/m/n/10 用
 []


Overfull \hbox (9.6222pt too wide) in paragraph at lines 1--7
\JY2/mc/m/n/10 し
 []


Overfull \hbox (9.6222pt too wide) in paragraph at lines 1--7
\JY2/mc/m/n/10 て
 []


Overfull \hbox (18.74438pt too wide) in paragraph at lines 1--7
\JY2/mc/m/n/10 サ ー
 []


Overfull \hbox (9.6222pt too wide) in paragraph at lines 1--7
\JY2/mc/m/n/10 バ
 []


Overfull \hbox (9.6222pt too wide) in paragraph at lines 1--7
\JY2/mc/m/n/10 上
 []


Overfull \hbox (9.6222pt too wide) in paragraph at lines 1--7
\JY2/mc/m/n/10 に
 []


Overfull \hbox (9.6222pt too wide) in paragraph at lines 1--7
\JY2/mc/m/n/10 複
 []


Overfull \hbox (9.6222pt too wide) in paragraph at lines 1--7
\JY2/mc/m/n/10 数
 []


Overfull \hbox (9.6222pt too wide) in paragraph at lines 1--7
\JY2/mc/m/n/10 の
 []


Overfull \hbox (9.6222pt too wide) in paragraph at lines 1--7
\JY2/mc/m/n/10 仮
 []


Overfull \hbox (9.6222pt too wide) in paragraph at lines 1--7
\JY2/mc/m/n/10 想
 []


Overfull \hbox (9.6222pt too wide) in paragraph at lines 1--7
\JY2/mc/m/n/10 マ
 []


Overfull \hbox (9.6222pt too wide) in paragraph at lines 1--7
\JY2/mc/m/n/10 シ
 []


Overfull \hbox (9.6222pt too wide) in paragraph at lines 1--7
\JY2/mc/m/n/10 ン
 []


Overfull \hbox (9.6222pt too wide) in paragraph at lines 1--7
\JY2/mc/m/n/10 を
 []


Overfull \hbox (9.6222pt too wide) in paragraph at lines 1--7
\JY2/mc/m/n/10 生
 []


Overfull \hbox (9.6222pt too wide) in paragraph at lines 1--7
\JY2/mc/m/n/10 成
 []


Overfull \hbox (13.93329pt too wide) in paragraph at lines 1--7
\JY2/mc/m/n/10 し 、
 []


Overfull \hbox (9.6222pt too wide) in paragraph at lines 1--7
\JY2/mc/m/n/10 そ
 []


Overfull \hbox (9.6222pt too wide) in paragraph at lines 1--7
\JY2/mc/m/n/10 れ
 []


Overfull \hbox (9.6222pt too wide) in paragraph at lines 1--7
\JY2/mc/m/n/10 ら
 []


Overfull \hbox (9.6222pt too wide) in paragraph at lines 1--7
\JY2/mc/m/n/10 を
 []


Overfull \hbox (9.6222pt too wide) in paragraph at lines 1--7
\JY2/mc/m/n/10 仮
 []


Overfull \hbox (9.6222pt too wide) in paragraph at lines 1--7
\JY2/mc/m/n/10 想
 []


Overfull \hbox (9.6222pt too wide) in paragraph at lines 1--7
\JY2/mc/m/n/10 ネ
 []


Overfull \hbox (9.6222pt too wide) in paragraph at lines 1--7
\JY2/mc/m/n/10 ッ
 []


Overfull \hbox (9.6222pt too wide) in paragraph at lines 1--7
\JY2/mc/m/n/10 ト
 []


Overfull \hbox (18.74438pt too wide) in paragraph at lines 1--7
\JY2/mc/m/n/10 ワ ー
 []


Overfull \hbox (9.6222pt too wide) in paragraph at lines 1--7
\JY2/mc/m/n/10 ク
 []


Overfull \hbox (9.6222pt too wide) in paragraph at lines 1--7
\JY2/mc/m/n/10 機
 []


Overfull \hbox (9.6222pt too wide) in paragraph at lines 1--7
\JY2/mc/m/n/10 器
 []


Overfull \hbox (9.6222pt too wide) in paragraph at lines 1--7
\JY2/mc/m/n/10 と
 []


Overfull \hbox (9.6222pt too wide) in paragraph at lines 1--7
\JY2/mc/m/n/10 し
 []


Overfull \hbox (9.6222pt too wide) in paragraph at lines 1--7
\JY2/mc/m/n/10 て
 []


Overfull \hbox (9.6222pt too wide) in paragraph at lines 1--7
\JY2/mc/m/n/10 扱
 []


Overfull \hbox (9.6222pt too wide) in paragraph at lines 1--7
\JY2/mc/m/n/10 う
 []


Overfull \hbox (9.6222pt too wide) in paragraph at lines 1--7
\JY2/mc/m/n/10 こ
 []


Overfull \hbox (9.6222pt too wide) in paragraph at lines 1--7
\JY2/mc/m/n/10 と
 []


Overfull \hbox (9.6222pt too wide) in paragraph at lines 1--7
\JY2/mc/m/n/10 で
 []


Overfull \hbox (9.6222pt too wide) in paragraph at lines 1--7
\JY2/mc/m/n/10 ネ
 []


Overfull \hbox (9.6222pt too wide) in paragraph at lines 1--7
\JY2/mc/m/n/10 ッ
 []


Overfull \hbox (9.6222pt too wide) in paragraph at lines 1--7
\JY2/mc/m/n/10 ト
 []


Overfull \hbox (18.74438pt too wide) in paragraph at lines 1--7
\JY2/mc/m/n/10 ワ ー
 []


Overfull \hbox (9.6222pt too wide) in paragraph at lines 1--7
\JY2/mc/m/n/10 ク
 []


Overfull \hbox (9.6222pt too wide) in paragraph at lines 1--7
\JY2/mc/m/n/10 シ
 []


Overfull \hbox (9.6222pt too wide) in paragraph at lines 1--7
\JY2/mc/m/n/10 ミ
 []


Overfull \hbox (9.6222pt too wide) in paragraph at lines 1--7
\JY2/mc/m/n/10 ュ
 []


Overfull \hbox (18.74438pt too wide) in paragraph at lines 1--7
\JY2/mc/m/n/10 レ ー
 []


Overfull \hbox (9.6222pt too wide) in paragraph at lines 1--7
\JY2/mc/m/n/10 ト
 []


Overfull \hbox (9.6222pt too wide) in paragraph at lines 1--7
\JY2/mc/m/n/10 を
 []


Overfull \hbox (9.6222pt too wide) in paragraph at lines 1--7
\JY2/mc/m/n/10 行
 []


Overfull \hbox (9.6222pt too wide) in paragraph at lines 1--7
\JY2/mc/m/n/10 う
 []


Overfull \hbox (9.6222pt too wide) in paragraph at lines 1--7
\JY2/mc/m/n/10 シ
 []


Overfull \hbox (9.6222pt too wide) in paragraph at lines 1--7
\JY2/mc/m/n/10 ス
 []


Overfull \hbox (9.6222pt too wide) in paragraph at lines 1--7
\JY2/mc/m/n/10 テ
 []


Overfull \hbox (9.6222pt too wide) in paragraph at lines 1--7
\JY2/mc/m/n/10 ム
 []


Overfull \hbox (9.6222pt too wide) in paragraph at lines 1--7
\JY2/mc/m/n/10 を
 []


Overfull \hbox (9.6222pt too wide) in paragraph at lines 1--7
\JY2/mc/m/n/10 開
 []


Overfull \hbox (9.6222pt too wide) in paragraph at lines 1--7
\JY2/mc/m/n/10 発
 []


Overfull \hbox (9.6222pt too wide) in paragraph at lines 1--7
\JY2/mc/m/n/10 し
 []


Overfull \hbox (13.93329pt too wide) in paragraph at lines 1--7
\JY2/mc/m/n/10 た 。
 []


Overfull \hbox (9.6222pt too wide) in paragraph at lines 1--7
\JY2/mc/m/n/10 こ
 []


Overfull \hbox (9.6222pt too wide) in paragraph at lines 1--7
\JY2/mc/m/n/10 の
 []


Overfull \hbox (9.6222pt too wide) in paragraph at lines 1--7
\JY2/mc/m/n/10 シ
 []


Overfull \hbox (9.6222pt too wide) in paragraph at lines 1--7
\JY2/mc/m/n/10 ス
 []


Overfull \hbox (9.6222pt too wide) in paragraph at lines 1--7
\JY2/mc/m/n/10 テ
 []


Overfull \hbox (9.6222pt too wide) in paragraph at lines 1--7
\JY2/mc/m/n/10 ム
 []


Overfull \hbox (9.6222pt too wide) in paragraph at lines 1--7
\JY2/mc/m/n/10 は
 []


Overfull \hbox (19.44447pt too wide) in paragraph at lines 1--7
\OT1/cmr/m/n/10 Web
 []


Overfull \hbox (9.6222pt too wide) in paragraph at lines 1--7
\JY2/mc/m/n/10 ア
 []


Overfull \hbox (9.6222pt too wide) in paragraph at lines 1--7
\JY2/mc/m/n/10 プ
 []


Overfull \hbox (9.6222pt too wide) in paragraph at lines 1--7
\JY2/mc/m/n/10 リ
 []


Overfull \hbox (18.74438pt too wide) in paragraph at lines 1--7
\JY2/mc/m/n/10 ケ ー
 []


Overfull \hbox (9.6222pt too wide) in paragraph at lines 1--7
\JY2/mc/m/n/10 シ
 []


Overfull \hbox (9.6222pt too wide) in paragraph at lines 1--7
\JY2/mc/m/n/10 ョ
 []


Overfull \hbox (9.6222pt too wide) in paragraph at lines 1--7
\JY2/mc/m/n/10 ン
 []


Overfull \hbox (9.6222pt too wide) in paragraph at lines 1--7
\JY2/mc/m/n/10 と
 []


Overfull \hbox (9.6222pt too wide) in paragraph at lines 1--7
\JY2/mc/m/n/10 し
 []


Overfull \hbox (9.6222pt too wide) in paragraph at lines 1--7
\JY2/mc/m/n/10 て
 []


Overfull \hbox (9.6222pt too wide) in paragraph at lines 1--7
\JY2/mc/m/n/10 動
 []


Overfull \hbox (9.6222pt too wide) in paragraph at lines 1--7
\JY2/mc/m/n/10 作
 []


Overfull \hbox (13.93329pt too wide) in paragraph at lines 1--7
\JY2/mc/m/n/10 し 、
 []


Overfull \hbox (9.6222pt too wide) in paragraph at lines 1--7
\JY2/mc/m/n/10 学
 []


Overfull \hbox (9.6222pt too wide) in paragraph at lines 1--7
\JY2/mc/m/n/10 習
 []


Overfull \hbox (9.6222pt too wide) in paragraph at lines 1--7
\JY2/mc/m/n/10 者
 []


Overfull \hbox (9.6222pt too wide) in paragraph at lines 1--7
\JY2/mc/m/n/10 は
 []


Overfull \hbox (9.6222pt too wide) in paragraph at lines 1--7
\JY2/mc/m/n/10 ア
 []


Overfull \hbox (9.6222pt too wide) in paragraph at lines 1--7
\JY2/mc/m/n/10 プ
 []


Overfull \hbox (9.6222pt too wide) in paragraph at lines 1--7
\JY2/mc/m/n/10 リ
 []


Overfull \hbox (18.74438pt too wide) in paragraph at lines 1--7
\JY2/mc/m/n/10 ケ ー
 []


Overfull \hbox (9.6222pt too wide) in paragraph at lines 1--7
\JY2/mc/m/n/10 シ
 []


Overfull \hbox (9.6222pt too wide) in paragraph at lines 1--7
\JY2/mc/m/n/10 ョ
 []


Overfull \hbox (9.6222pt too wide) in paragraph at lines 1--7
\JY2/mc/m/n/10 ン
 []


Overfull \hbox (9.6222pt too wide) in paragraph at lines 1--7
\JY2/mc/m/n/10 を
 []


Overfull \hbox (9.6222pt too wide) in paragraph at lines 1--7
\JY2/mc/m/n/10 操
 []


Overfull \hbox (9.6222pt too wide) in paragraph at lines 1--7
\JY2/mc/m/n/10 作
 []


Overfull \hbox (9.6222pt too wide) in paragraph at lines 1--7
\JY2/mc/m/n/10 す
 []


Overfull \hbox (9.6222pt too wide) in paragraph at lines 1--7
\JY2/mc/m/n/10 る
 []


Overfull \hbox (9.6222pt too wide) in paragraph at lines 1--7
\JY2/mc/m/n/10 こ
 []


Overfull \hbox (9.6222pt too wide) in paragraph at lines 1--7
\JY2/mc/m/n/10 と
 []


Overfull \hbox (9.6222pt too wide) in paragraph at lines 1--7
\JY2/mc/m/n/10 に
 []


Overfull \hbox (9.6222pt too wide) in paragraph at lines 1--7
\JY2/mc/m/n/10 よ
 []


Overfull \hbox (9.6222pt too wide) in paragraph at lines 1--7
\JY2/mc/m/n/10 っ
 []


Overfull \hbox (9.6222pt too wide) in paragraph at lines 1--7
\JY2/mc/m/n/10 て
 []


Overfull \hbox (9.6222pt too wide) in paragraph at lines 1--7
\JY2/mc/m/n/10 仮
 []


Overfull \hbox (9.6222pt too wide) in paragraph at lines 1--7
\JY2/mc/m/n/10 想
 []


Overfull \hbox (9.6222pt too wide) in paragraph at lines 1--7
\JY2/mc/m/n/10 ネ
 []


Overfull \hbox (9.6222pt too wide) in paragraph at lines 1--7
\JY2/mc/m/n/10 ッ
 []


Overfull \hbox (9.6222pt too wide) in paragraph at lines 1--7
\JY2/mc/m/n/10 ト
 []


Overfull \hbox (18.74438pt too wide) in paragraph at lines 1--7
\JY2/mc/m/n/10 ワ ー
 []


Overfull \hbox (9.6222pt too wide) in paragraph at lines 1--7
\JY2/mc/m/n/10 ク
 []


Overfull \hbox (9.6222pt too wide) in paragraph at lines 1--7
\JY2/mc/m/n/10 を
 []


Overfull \hbox (9.6222pt too wide) in paragraph at lines 1--7
\JY2/mc/m/n/10 構
 []


Overfull \hbox (9.6222pt too wide) in paragraph at lines 1--7
\JY2/mc/m/n/10 築
 []


Overfull \hbox (9.6222pt too wide) in paragraph at lines 1--7
\JY2/mc/m/n/10 す
 []


Overfull \hbox (13.93329pt too wide) in paragraph at lines 1--7
\JY2/mc/m/n/10 る 。
 []


Overfull \hbox (9.6222pt too wide) in paragraph at lines 1--7
\JY2/mc/m/n/10 こ
 []


Overfull \hbox (9.6222pt too wide) in paragraph at lines 1--7
\JY2/mc/m/n/10 れ
 []


Overfull \hbox (13.93329pt too wide) in paragraph at lines 1--7
\JY2/mc/m/n/10 は 、
 []


Overfull \hbox (9.6222pt too wide) in paragraph at lines 1--7
\JY2/mc/m/n/10 独
 []


Overfull \hbox (9.6222pt too wide) in paragraph at lines 1--7
\JY2/mc/m/n/10 立
 []


Overfull \hbox (9.6222pt too wide) in paragraph at lines 1--7
\JY2/mc/m/n/10 し
 []


Overfull \hbox (9.6222pt too wide) in paragraph at lines 1--7
\JY2/mc/m/n/10 た
 []


Overfull \hbox (9.6222pt too wide) in paragraph at lines 1--7
\JY2/mc/m/n/10 ネ
 []


Overfull \hbox (9.6222pt too wide) in paragraph at lines 1--7
\JY2/mc/m/n/10 ッ
 []


Overfull \hbox (9.6222pt too wide) in paragraph at lines 1--7
\JY2/mc/m/n/10 ト
 []


Overfull \hbox (18.74438pt too wide) in paragraph at lines 1--7
\JY2/mc/m/n/10 ワ ー
 []


Overfull \hbox (9.6222pt too wide) in paragraph at lines 1--7
\JY2/mc/m/n/10 ク
 []


Overfull \hbox (9.6222pt too wide) in paragraph at lines 1--7
\JY2/mc/m/n/10 自
 []


Overfull \hbox (9.6222pt too wide) in paragraph at lines 1--7
\JY2/mc/m/n/10 己
 []


Overfull \hbox (9.6222pt too wide) in paragraph at lines 1--7
\JY2/mc/m/n/10 学
 []


Overfull \hbox (9.6222pt too wide) in paragraph at lines 1--7
\JY2/mc/m/n/10 習
 []


Overfull \hbox (9.6222pt too wide) in paragraph at lines 1--7
\JY2/mc/m/n/10 機
 []


Overfull \hbox (9.6222pt too wide) in paragraph at lines 1--7
\JY2/mc/m/n/10 能
 []


Overfull \hbox (9.6222pt too wide) in paragraph at lines 1--7
\JY2/mc/m/n/10 と
 []


Overfull \hbox (9.6222pt too wide) in paragraph at lines 1--7
\JY2/mc/m/n/10 し
 []


Overfull \hbox (9.6222pt too wide) in paragraph at lines 1--7
\JY2/mc/m/n/10 て
 []


Overfull \hbox (9.6222pt too wide) in paragraph at lines 1--7
\JY2/mc/m/n/10 動
 []


Overfull \hbox (9.6222pt too wide) in paragraph at lines 1--7
\JY2/mc/m/n/10 作
 []


Overfull \hbox (9.6222pt too wide) in paragraph at lines 1--7
\JY2/mc/m/n/10 し
 []


Overfull \hbox (9.6222pt too wide) in paragraph at lines 1--7
\JY2/mc/m/n/10 て
 []


Overfull \hbox (9.6222pt too wide) in paragraph at lines 1--7
\JY2/mc/m/n/10 い
 []


Overfull \hbox (9.6222pt too wide) in paragraph at lines 1--7
\JY2/mc/m/n/10 る
 []


Overfull \hbox (9.6222pt too wide) in paragraph at lines 1--7
\JY2/mc/m/n/10 た
 []


Overfull \hbox (13.93329pt too wide) in paragraph at lines 1--7
\JY2/mc/m/n/10 め 、
 []


Overfull \hbox (20.97227pt too wide) in paragraph at lines 1--7
\OT1/cmr/m/n/10 LMS
 []


Overfull \hbox (9.6222pt too wide) in paragraph at lines 1--7
\JY2/mc/m/n/10 と
 []


Overfull \hbox (9.6222pt too wide) in paragraph at lines 1--7
\JY2/mc/m/n/10 の
 []


Overfull \hbox (9.6222pt too wide) in paragraph at lines 1--7
\JY2/mc/m/n/10 連
 []


Overfull \hbox (9.6222pt too wide) in paragraph at lines 1--7
\JY2/mc/m/n/10 携
 []


Overfull \hbox (9.6222pt too wide) in paragraph at lines 1--7
\JY2/mc/m/n/10 を
 []


Overfull \hbox (9.6222pt too wide) in paragraph at lines 1--7
\JY2/mc/m/n/10 行
 []


Overfull \hbox (9.6222pt too wide) in paragraph at lines 1--7
\JY2/mc/m/n/10 う
 []


Overfull \hbox (9.6222pt too wide) in paragraph at lines 1--7
\JY2/mc/m/n/10 こ
 []


Overfull \hbox (9.6222pt too wide) in paragraph at lines 1--7
\JY2/mc/m/n/10 と
 []


Overfull \hbox (9.6222pt too wide) in paragraph at lines 1--7
\JY2/mc/m/n/10 が
 []


Overfull \hbox (9.6222pt too wide) in paragraph at lines 1--7
\JY2/mc/m/n/10 で
 []


Overfull \hbox (9.6222pt too wide) in paragraph at lines 1--7
\JY2/mc/m/n/10 き
 []


Overfull \hbox (13.93329pt too wide) in paragraph at lines 1--7
\JY2/mc/m/n/10 ず 、
 []


Overfull \hbox (9.6222pt too wide) in paragraph at lines 1--7
\JY2/mc/m/n/10 採
 []


Overfull \hbox (9.6222pt too wide) in paragraph at lines 1--7
\JY2/mc/m/n/10 点
 []


Overfull \hbox (9.6222pt too wide) in paragraph at lines 1--7
\JY2/mc/m/n/10 機
 []


Overfull \hbox (9.6222pt too wide) in paragraph at lines 1--7
\JY2/mc/m/n/10 能
 []


Overfull \hbox (9.6222pt too wide) in paragraph at lines 1--7
\JY2/mc/m/n/10 な
 []


Overfull \hbox (9.6222pt too wide) in paragraph at lines 1--7
\JY2/mc/m/n/10 ど
 []


Overfull \hbox (9.6222pt too wide) in paragraph at lines 1--7
\JY2/mc/m/n/10 を
 []


Overfull \hbox (9.6222pt too wide) in paragraph at lines 1--7
\JY2/mc/m/n/10 利
 []


Overfull \hbox (9.6222pt too wide) in paragraph at lines 1--7
\JY2/mc/m/n/10 用
 []


Overfull \hbox (9.6222pt too wide) in paragraph at lines 1--7
\JY2/mc/m/n/10 し
 []


Overfull \hbox (9.6222pt too wide) in paragraph at lines 1--7
\JY2/mc/m/n/10 よ
 []


Overfull \hbox (9.6222pt too wide) in paragraph at lines 1--7
\JY2/mc/m/n/10 う
 []


Overfull \hbox (9.6222pt too wide) in paragraph at lines 1--7
\JY2/mc/m/n/10 と
 []


Overfull \hbox (9.6222pt too wide) in paragraph at lines 1--7
\JY2/mc/m/n/10 し
 []


Overfull \hbox (9.6222pt too wide) in paragraph at lines 1--7
\JY2/mc/m/n/10 た
 []


Overfull \hbox (9.6222pt too wide) in paragraph at lines 1--7
\JY2/mc/m/n/10 場
 []


Overfull \hbox (13.93329pt too wide) in paragraph at lines 1--7
\JY2/mc/m/n/10 合 、
 []


Overfull \hbox (20.97227pt too wide) in paragraph at lines 1--7
\OT1/cmr/m/n/10 LMS
 []


Overfull \hbox (9.6222pt too wide) in paragraph at lines 1--7
\JY2/mc/m/n/10 側
 []


Overfull \hbox (9.6222pt too wide) in paragraph at lines 1--7
\JY2/mc/m/n/10 に
 []


Overfull \hbox (9.6222pt too wide) in paragraph at lines 1--7
\JY2/mc/m/n/10 手
 []


Overfull \hbox (9.6222pt too wide) in paragraph at lines 1--7
\JY2/mc/m/n/10 動
 []


Overfull \hbox (9.6222pt too wide) in paragraph at lines 1--7
\JY2/mc/m/n/10 で
 []


Overfull \hbox (9.6222pt too wide) in paragraph at lines 1--7
\JY2/mc/m/n/10 行
 []


Overfull \hbox (9.6222pt too wide) in paragraph at lines 1--7
\JY2/mc/m/n/10 わ
 []


Overfull \hbox (9.6222pt too wide) in paragraph at lines 1--7
\JY2/mc/m/n/10 な
 []


Overfull \hbox (9.6222pt too wide) in paragraph at lines 1--7
\JY2/mc/m/n/10 け
 []


Overfull \hbox (9.6222pt too wide) in paragraph at lines 1--7
\JY2/mc/m/n/10 れ
 []


Overfull \hbox (9.6222pt too wide) in paragraph at lines 1--7
\JY2/mc/m/n/10 ば
 []


Overfull \hbox (9.6222pt too wide) in paragraph at lines 1--7
\JY2/mc/m/n/10 な
 []


Overfull \hbox (9.6222pt too wide) in paragraph at lines 1--7
\JY2/mc/m/n/10 ら
 []


Overfull \hbox (9.6222pt too wide) in paragraph at lines 1--7
\JY2/mc/m/n/10 な
 []


Overfull \hbox (13.93329pt too wide) in paragraph at lines 1--7
\JY2/mc/m/n/10 い 。 
 []

LaTeX Font Info:    Font shape `JT2/mc/m/n' will be
(Font)              scaled to size 9.6222pt on input line 7.
LaTeX Font Info:    Font shape `JY2/mc/m/n' will be
(Font)              scaled to size 9.6222pt on input line 7.

./first.tex:7: LaTeX Error: The font size command \normalsize is not defined:
               there is probably something wrong with the class file.

See the LaTeX manual or LaTeX Companion for explanation.
Type  H <return>  for immediate help.
 ...                                              
                                                  
l.7 
    
Your command was ignored.
Type  I <command> <return>  to replace it with another command,
or  <return>  to continue without it.

[1
./first.tex:7: Undefined control sequence.
<write> \newlabel{tag:first}{{}{\thepage 
                                         }}
l.7 
    
The control sequence at the end of the top line
of your error message was never \def'ed. If you have
misspelled it (e.g., `\hobx'), type `I' and the correct
spelling (e.g., `I\hbox'). Otherwise just continue,
and I'll forget about whatever was undefined.

\newlabel{tag:first}{{}{}}
]
Underfull \vbox (badness 10000) has occurred while \output is active []



./first.tex:7: LaTeX Error: The font size command \normalsize is not defined:
               there is probably something wrong with the class file.

See the LaTeX manual or LaTeX Companion for explanation.
Type  H <return>  for immediate help.
 ...                                              
                                                  
l.7 
    
Your command was ignored.
Type  I <command> <return>  to replace it with another command,
or  <return>  to continue without it.

[2]

./first.tex:8: LaTeX Error: Missing \begin{document}.

See the LaTeX manual or LaTeX Companion for explanation.
Type  H <return>  for immediate help.
 ...                                              
                                                  
l.8 そ
       こで、これらの問題を解決するため、本研究では、...
You're in trouble here.  Try typing  <return>  to proceed.
If that doesn't work, type  X <return>  to quit.

)
! Emergency stop.
<*> first.tex
             
*** (job aborted, no legal \end found)

 
Here is how much of TeX's memory you used:
 5 strings out of 493270
 43 string characters out of 6145017
 87677 words of memory out of 5000000
 4044 multiletter control sequences out of 15000+600000
 6281 words of font info for 32 fonts, out of 8000000 for 9000
 929 hyphenation exceptions out of 8191
 18i,4n,8p,1418b,119s stack positions out of 5000i,500n,10000p,200000b,80000s
Output written on first.dvi (2 pages, 6392 bytes).
