This is e-upTeX, Version 3.14159265-p3.8.0-u1.23-180226-2.6 (utf8.uptex) (TeX Live 2018) (preloaded format=uplatex 2018.12.13)  18 JAN 2019 22:28
entering extended mode
 restricted \write18 enabled.
 file:line:error style messages enabled.
 %&-line parsing enabled.
**function.tex
(./function.tex
pLaTeX2e <2018-04-01u02>+1 (based on LaTeX2e <2018-04-01> patch level 2)
Babel <3.18> and hyphenation patterns for 84 language(s) loaded.
./function.tex:1: Undefined control sequence.
l.1 \section
            {システム概要}
The control sequence at the end of the top line
of your error message was never \def'ed. If you have
misspelled it (e.g., `\hobx'), type `I' and the correct
spelling (e.g., `I\hbox'). Otherwise just continue,
and I'll forget about whatever was undefined.


./function.tex:1: LaTeX Error: Missing \begin{document}.

See the LaTeX manual or LaTeX Companion for explanation.
Type  H <return>  for immediate help.
 ...                                              
                                                  
l.1 \section{シ
                ステム概要}
You're in trouble here.  Try typing  <return>  to proceed.
If that doesn't work, type  X <return>  to quit.

./function.tex:2: Undefined control sequence.
l.2 \subsection
               {システム}
The control sequence at the end of the top line
of your error message was never \def'ed. If you have
misspelled it (e.g., `\hobx'), type `I' and the correct
spelling (e.g., `I\hbox'). Otherwise just continue,
and I'll forget about whatever was undefined.

LaTeX Font Info:    Font shape `JT2/mc/m/n' will be
(Font)              scaled to size 9.6222pt on input line 4.
LaTeX Font Info:    Font shape `JY2/mc/m/n' will be
(Font)              scaled to size 9.6222pt on input line 4.
LaTeX Font Info:    Font shape `JT2/mc/bx/n' in size <10> not available
(Font)              Font shape `JT2/gt/m/n' tried instead on input line 4.
LaTeX Font Info:    Font shape `JT2/gt/m/n' will be
(Font)              scaled to size 9.6222pt on input line 4.
LaTeX Font Info:    Font shape `JY2/mc/bx/n' in size <10> not available
(Font)              Font shape `JY2/gt/m/n' tried instead on input line 4.
LaTeX Font Info:    Font shape `JY2/gt/m/n' will be
(Font)              scaled to size 9.6222pt on input line 4.
./function.tex:4: Undefined control sequence.
<write> ... `fig:virtualMachine' on page \thepage 
                                                  \space undefined\on@line .^^J
l.4 ...。これらは図\ref{fig:virtualMachine}
                                                 で表しているようにネ
The control sequence at the end of the top line
of your error message was never \def'ed. If you have
misspelled it (e.g., `\hobx'), type `I' and the correct
spelling (e.g., `I\hbox'). Otherwise just continue,
and I'll forget about whatever was undefined.


LaTeX Warning: Reference `fig:virtualMachine' on page  undefined on input line 4.


Overfull \hbox (29.6222pt too wide) in paragraph at lines 1--5
[]\JY2/mc/m/n/10 シ
 []


Overfull \hbox (9.6222pt too wide) in paragraph at lines 1--5
\JY2/mc/m/n/10 ス
 []


Overfull \hbox (9.6222pt too wide) in paragraph at lines 1--5
\JY2/mc/m/n/10 テ
 []


Overfull \hbox (9.6222pt too wide) in paragraph at lines 1--5
\JY2/mc/m/n/10 ム
 []


Overfull \hbox (9.6222pt too wide) in paragraph at lines 1--5
\JY2/mc/m/n/10 概
 []


Overfull \hbox (9.6222pt too wide) in paragraph at lines 1--5
\JY2/mc/m/n/10 要
 []


Overfull \hbox (9.6222pt too wide) in paragraph at lines 1--5
\JY2/mc/m/n/10 シ
 []


Overfull \hbox (9.6222pt too wide) in paragraph at lines 1--5
\JY2/mc/m/n/10 ス
 []


Overfull \hbox (9.6222pt too wide) in paragraph at lines 1--5
\JY2/mc/m/n/10 テ
 []


Overfull \hbox (9.6222pt too wide) in paragraph at lines 1--5
\JY2/mc/m/n/10 ム[]
 []


Overfull \hbox (9.6222pt too wide) in paragraph at lines 1--5
\JY2/mc/m/n/10 本
 []


Overfull \hbox (9.6222pt too wide) in paragraph at lines 1--5
\JY2/mc/m/n/10 研
 []


Overfull \hbox (9.6222pt too wide) in paragraph at lines 1--5
\JY2/mc/m/n/10 究
 []


Overfull \hbox (9.6222pt too wide) in paragraph at lines 1--5
\JY2/mc/m/n/10 で
 []


Overfull \hbox (13.93329pt too wide) in paragraph at lines 1--5
\JY2/mc/m/n/10 は 、
 []


Overfull \hbox (9.6222pt too wide) in paragraph at lines 1--5
\JY2/mc/m/n/10 プ
 []


Overfull \hbox (9.6222pt too wide) in paragraph at lines 1--5
\JY2/mc/m/n/10 ラ
 []


Overfull \hbox (9.6222pt too wide) in paragraph at lines 1--5
\JY2/mc/m/n/10 グ
 []


Overfull \hbox (9.6222pt too wide) in paragraph at lines 1--5
\JY2/mc/m/n/10 イ
 []


Overfull \hbox (9.6222pt too wide) in paragraph at lines 1--5
\JY2/mc/m/n/10 ン
 []


Overfull \hbox (9.6222pt too wide) in paragraph at lines 1--5
\JY2/mc/m/n/10 と
 []


Overfull \hbox (9.6222pt too wide) in paragraph at lines 1--5
\JY2/mc/m/n/10 し
 []


Overfull \hbox (9.6222pt too wide) in paragraph at lines 1--5
\JY2/mc/m/n/10 て
 []


Overfull \hbox (20.97227pt too wide) in paragraph at lines 1--5
\OT1/cmr/m/n/10 LMS
 []


Overfull \hbox (9.6222pt too wide) in paragraph at lines 1--5
\JY2/mc/m/n/10 上
 []


Overfull \hbox (9.6222pt too wide) in paragraph at lines 1--5
\JY2/mc/m/n/10 に
 []


Overfull \hbox (9.6222pt too wide) in paragraph at lines 1--5
\JY2/mc/m/n/10 新
 []


Overfull \hbox (9.6222pt too wide) in paragraph at lines 1--5
\JY2/mc/m/n/10 し
 []


Overfull \hbox (9.6222pt too wide) in paragraph at lines 1--5
\JY2/mc/m/n/10 い
 []


Overfull \hbox (9.6222pt too wide) in paragraph at lines 1--5
\JY2/mc/m/n/10 機
 []


Overfull \hbox (9.6222pt too wide) in paragraph at lines 1--5
\JY2/mc/m/n/10 能
 []


Overfull \hbox (9.6222pt too wide) in paragraph at lines 1--5
\JY2/mc/m/n/10 を
 []


Overfull \hbox (9.6222pt too wide) in paragraph at lines 1--5
\JY2/mc/m/n/10 提
 []


Overfull \hbox (9.6222pt too wide) in paragraph at lines 1--5
\JY2/mc/m/n/10 供
 []


Overfull \hbox (9.6222pt too wide) in paragraph at lines 1--5
\JY2/mc/m/n/10 す
 []


Overfull \hbox (9.6222pt too wide) in paragraph at lines 1--5
\JY2/mc/m/n/10 る
 []


Overfull \hbox (9.6222pt too wide) in paragraph at lines 1--5
\JY2/mc/m/n/10 の
 []


Overfull \hbox (9.6222pt too wide) in paragraph at lines 1--5
\JY2/mc/m/n/10 で
 []


Overfull \hbox (9.6222pt too wide) in paragraph at lines 1--5
\JY2/mc/m/n/10 は
 []


Overfull \hbox (9.6222pt too wide) in paragraph at lines 1--5
\JY2/mc/m/n/10 な
 []


Overfull \hbox (13.93329pt too wide) in paragraph at lines 1--5
\JY2/mc/m/n/10 く 、
 []


Overfull \hbox (16.25002pt too wide) in paragraph at lines 1--5
\OT1/cmr/m/n/10 LTI
 []


Overfull \hbox (9.6222pt too wide) in paragraph at lines 1--5
\JY2/mc/m/n/10 に
 []


Overfull \hbox (9.6222pt too wide) in paragraph at lines 1--5
\JY2/mc/m/n/10 準
 []


Overfull \hbox (9.6222pt too wide) in paragraph at lines 1--5
\JY2/mc/m/n/10 拠
 []


Overfull \hbox (9.6222pt too wide) in paragraph at lines 1--5
\JY2/mc/m/n/10 し
 []


Overfull \hbox (9.6222pt too wide) in paragraph at lines 1--5
\JY2/mc/m/n/10 た
 []


Overfull \hbox (19.44447pt too wide) in paragraph at lines 1--5
\OT1/cmr/m/n/10 Web
 []


Overfull \hbox (9.6222pt too wide) in paragraph at lines 1--5
\JY2/mc/m/n/10 ア
 []


Overfull \hbox (9.6222pt too wide) in paragraph at lines 1--5
\JY2/mc/m/n/10 プ
 []


Overfull \hbox (9.6222pt too wide) in paragraph at lines 1--5
\JY2/mc/m/n/10 リ
 []


Overfull \hbox (18.74438pt too wide) in paragraph at lines 1--5
\JY2/mc/m/n/10 ケ ー
 []


Overfull \hbox (9.6222pt too wide) in paragraph at lines 1--5
\JY2/mc/m/n/10 シ
 []


Overfull \hbox (9.6222pt too wide) in paragraph at lines 1--5
\JY2/mc/m/n/10 ョ
 []


Overfull \hbox (9.6222pt too wide) in paragraph at lines 1--5
\JY2/mc/m/n/10 ン
 []


Overfull \hbox (9.6222pt too wide) in paragraph at lines 1--5
\JY2/mc/m/n/10 を
 []


Overfull \hbox (9.6222pt too wide) in paragraph at lines 1--5
\JY2/mc/m/n/10 用
 []


Overfull \hbox (9.6222pt too wide) in paragraph at lines 1--5
\JY2/mc/m/n/10 い
 []


Overfull \hbox (13.93329pt too wide) in paragraph at lines 1--5
\JY2/mc/m/n/10 て 、
 []


Overfull \hbox (9.6222pt too wide) in paragraph at lines 1--5
\JY2/mc/m/n/10 異
 []


Overfull \hbox (9.6222pt too wide) in paragraph at lines 1--5
\JY2/mc/m/n/10 な
 []


Overfull \hbox (9.6222pt too wide) in paragraph at lines 1--5
\JY2/mc/m/n/10 る
 []


Overfull \hbox (20.97227pt too wide) in paragraph at lines 1--5
\OT1/cmr/m/n/10 LMS
 []


Overfull \hbox (9.6222pt too wide) in paragraph at lines 1--5
\JY2/mc/m/n/10 で
 []


Overfull \hbox (9.6222pt too wide) in paragraph at lines 1--5
\JY2/mc/m/n/10 同
 []


Overfull \hbox (9.6222pt too wide) in paragraph at lines 1--5
\JY2/mc/m/n/10 様
 []


Overfull \hbox (9.6222pt too wide) in paragraph at lines 1--5
\JY2/mc/m/n/10 の
 []


Overfull \hbox (9.6222pt too wide) in paragraph at lines 1--5
\JY2/mc/m/n/10 機
 []


Overfull \hbox (9.6222pt too wide) in paragraph at lines 1--5
\JY2/mc/m/n/10 能
 []


Overfull \hbox (9.6222pt too wide) in paragraph at lines 1--5
\JY2/mc/m/n/10 が
 []


Overfull \hbox (9.6222pt too wide) in paragraph at lines 1--5
\JY2/mc/m/n/10 提
 []


Overfull \hbox (9.6222pt too wide) in paragraph at lines 1--5
\JY2/mc/m/n/10 供
 []


Overfull \hbox (9.6222pt too wide) in paragraph at lines 1--5
\JY2/mc/m/n/10 で
 []


Overfull \hbox (13.93329pt too wide) in paragraph at lines 1--5
\JY2/mc/m/n/10 き 、
 []


Overfull \hbox (19.44447pt too wide) in paragraph at lines 1--5
\OT1/cmr/m/n/10 Web
 []


Overfull \hbox (9.6222pt too wide) in paragraph at lines 1--5
\JY2/mc/m/n/10 ア
 []


Overfull \hbox (9.6222pt too wide) in paragraph at lines 1--5
\JY2/mc/m/n/10 プ
 []


Overfull \hbox (9.6222pt too wide) in paragraph at lines 1--5
\JY2/mc/m/n/10 リ
 []


Overfull \hbox (18.74438pt too wide) in paragraph at lines 1--5
\JY2/mc/m/n/10 ケ ー
 []


Overfull \hbox (9.6222pt too wide) in paragraph at lines 1--5
\JY2/mc/m/n/10 シ
 []


Overfull \hbox (9.6222pt too wide) in paragraph at lines 1--5
\JY2/mc/m/n/10 ョ
 []


Overfull \hbox (9.6222pt too wide) in paragraph at lines 1--5
\JY2/mc/m/n/10 ン
 []


Overfull \hbox (9.6222pt too wide) in paragraph at lines 1--5
\JY2/mc/m/n/10 側
 []


Overfull \hbox (9.6222pt too wide) in paragraph at lines 1--5
\JY2/mc/m/n/10 で
 []


Overfull \hbox (9.6222pt too wide) in paragraph at lines 1--5
\JY2/mc/m/n/10 の
 []


Overfull \hbox (9.6222pt too wide) in paragraph at lines 1--5
\JY2/mc/m/n/10 操
 []


Overfull \hbox (9.6222pt too wide) in paragraph at lines 1--5
\JY2/mc/m/n/10 作
 []


Overfull \hbox (9.6222pt too wide) in paragraph at lines 1--5
\JY2/mc/m/n/10 に
 []


Overfull \hbox (9.6222pt too wide) in paragraph at lines 1--5
\JY2/mc/m/n/10 対
 []


Overfull \hbox (9.6222pt too wide) in paragraph at lines 1--5
\JY2/mc/m/n/10 し
 []


Overfull \hbox (20.97227pt too wide) in paragraph at lines 1--5
\OT1/cmr/m/n/10 LMS
 []


Overfull \hbox (9.6222pt too wide) in paragraph at lines 1--5
\JY2/mc/m/n/10 側
 []


Overfull \hbox (9.6222pt too wide) in paragraph at lines 1--5
\JY2/mc/m/n/10 に
 []


Overfull \hbox (9.6222pt too wide) in paragraph at lines 1--5
\JY2/mc/m/n/10 特
 []


Overfull \hbox (9.6222pt too wide) in paragraph at lines 1--5
\JY2/mc/m/n/10 定
 []


Overfull \hbox (9.6222pt too wide) in paragraph at lines 1--5
\JY2/mc/m/n/10 の
 []


Overfull \hbox (9.6222pt too wide) in paragraph at lines 1--5
\JY2/mc/m/n/10 点
 []


Overfull \hbox (9.6222pt too wide) in paragraph at lines 1--5
\JY2/mc/m/n/10 数
 []


Overfull \hbox (9.6222pt too wide) in paragraph at lines 1--5
\JY2/mc/m/n/10 を
 []


Overfull \hbox (9.6222pt too wide) in paragraph at lines 1--5
\JY2/mc/m/n/10 返
 []


Overfull \hbox (9.6222pt too wide) in paragraph at lines 1--5
\JY2/mc/m/n/10 す
 []


Overfull \hbox (9.6222pt too wide) in paragraph at lines 1--5
\JY2/mc/m/n/10 こ
 []


Overfull \hbox (9.6222pt too wide) in paragraph at lines 1--5
\JY2/mc/m/n/10 と
 []


Overfull \hbox (9.6222pt too wide) in paragraph at lines 1--5
\JY2/mc/m/n/10 を
 []


Overfull \hbox (9.6222pt too wide) in paragraph at lines 1--5
\JY2/mc/m/n/10 目
 []


Overfull \hbox (9.6222pt too wide) in paragraph at lines 1--5
\JY2/mc/m/n/10 的
 []


Overfull \hbox (9.6222pt too wide) in paragraph at lines 1--5
\JY2/mc/m/n/10 と
 []


Overfull \hbox (9.6222pt too wide) in paragraph at lines 1--5
\JY2/mc/m/n/10 し
 []


Overfull \hbox (13.93329pt too wide) in paragraph at lines 1--5
\JY2/mc/m/n/10 た 。
 []


Overfull \hbox (9.6222pt too wide) in paragraph at lines 1--5
\JY2/mc/m/n/10 そ
 []


Overfull \hbox (9.6222pt too wide) in paragraph at lines 1--5
\JY2/mc/m/n/10 こ
 []


Overfull \hbox (13.93329pt too wide) in paragraph at lines 1--5
\JY2/mc/m/n/10 で 、
 []


Overfull \hbox (9.6222pt too wide) in paragraph at lines 1--5
\JY2/mc/m/n/10 異
 []


Overfull \hbox (9.6222pt too wide) in paragraph at lines 1--5
\JY2/mc/m/n/10 な
 []


Overfull \hbox (9.6222pt too wide) in paragraph at lines 1--5
\JY2/mc/m/n/10 る
 []


Overfull \hbox (9.6222pt too wide) in paragraph at lines 1--5
\JY2/mc/m/n/10 仮
 []


Overfull \hbox (9.6222pt too wide) in paragraph at lines 1--5
\JY2/mc/m/n/10 想
 []


Overfull \hbox (9.6222pt too wide) in paragraph at lines 1--5
\JY2/mc/m/n/10 マ
 []


Overfull \hbox (9.6222pt too wide) in paragraph at lines 1--5
\JY2/mc/m/n/10 シ
 []


Overfull \hbox (9.6222pt too wide) in paragraph at lines 1--5
\JY2/mc/m/n/10 ン
 []


Overfull \hbox (9.6222pt too wide) in paragraph at lines 1--5
\JY2/mc/m/n/10 上
 []


Overfull \hbox (9.6222pt too wide) in paragraph at lines 1--5
\JY2/mc/m/n/10 に
 []


Overfull \hbox (9.6222pt too wide) in paragraph at lines 1--5
\JY2/mc/m/n/10 そ
 []


Overfull \hbox (9.6222pt too wide) in paragraph at lines 1--5
\JY2/mc/m/n/10 れ
 []


Overfull \hbox (9.6222pt too wide) in paragraph at lines 1--5
\JY2/mc/m/n/10 ぞ
 []


Overfull \hbox (9.6222pt too wide) in paragraph at lines 1--5
\JY2/mc/m/n/10 れ
 []


Overfull \hbox (20.97227pt too wide) in paragraph at lines 1--5
\OT1/cmr/m/n/10 LMS
 []


Overfull \hbox (9.6222pt too wide) in paragraph at lines 1--5
\JY2/mc/m/n/10 で
 []


Overfull \hbox (9.6222pt too wide) in paragraph at lines 1--5
\JY2/mc/m/n/10 あ
 []


Overfull \hbox (9.6222pt too wide) in paragraph at lines 1--5
\JY2/mc/m/n/10 る
 []


Overfull \hbox (21.11115pt too wide) in paragraph at lines 1--5
\OT1/cmr/m/n/10 Can-
 []


Overfull \hbox (18.4778pt too wide) in paragraph at lines 1--5
\OT1/cmr/m/n/10 vas\JY2/mc/m/n/10 、
 []


Overfull \hbox (22.77783pt too wide) in paragraph at lines 1--5
\OT1/cmr/m/n/10 Moo-
 []


Overfull \hbox (12.7778pt too wide) in paragraph at lines 1--5
\OT1/cmr/m/n/10 dle
 []


Overfull \hbox (13.93329pt too wide) in paragraph at lines 1--5
\JY2/mc/m/n/10 と 、
 []


Overfull \hbox (9.6222pt too wide) in paragraph at lines 1--5
\JY2/mc/m/n/10 独
 []


Overfull \hbox (9.6222pt too wide) in paragraph at lines 1--5
\JY2/mc/m/n/10 立
 []


Overfull \hbox (9.6222pt too wide) in paragraph at lines 1--5
\JY2/mc/m/n/10 し
 []


Overfull \hbox (9.6222pt too wide) in paragraph at lines 1--5
\JY2/mc/m/n/10 た
 []


Overfull \hbox (19.44447pt too wide) in paragraph at lines 1--5
\OT1/cmr/m/n/10 Web
 []


Overfull \hbox (9.6222pt too wide) in paragraph at lines 1--5
\JY2/mc/m/n/10 ア
 []


Overfull \hbox (9.6222pt too wide) in paragraph at lines 1--5
\JY2/mc/m/n/10 プ
 []


Overfull \hbox (9.6222pt too wide) in paragraph at lines 1--5
\JY2/mc/m/n/10 リ
 []


Overfull \hbox (18.74438pt too wide) in paragraph at lines 1--5
\JY2/mc/m/n/10 ケ ー
 []


Overfull \hbox (9.6222pt too wide) in paragraph at lines 1--5
\JY2/mc/m/n/10 シ
 []


Overfull \hbox (9.6222pt too wide) in paragraph at lines 1--5
\JY2/mc/m/n/10 ョ
 []


Overfull \hbox (9.6222pt too wide) in paragraph at lines 1--5
\JY2/mc/m/n/10 ン
 []


Overfull \hbox (9.6222pt too wide) in paragraph at lines 1--5
\JY2/mc/m/n/10 と
 []


Overfull \hbox (9.6222pt too wide) in paragraph at lines 1--5
\JY2/mc/m/n/10 し
 []


Overfull \hbox (9.6222pt too wide) in paragraph at lines 1--5
\JY2/mc/m/n/10 て
 []


Overfull \hbox (9.6222pt too wide) in paragraph at lines 1--5
\JY2/mc/m/n/10 ネ
 []


Overfull \hbox (9.6222pt too wide) in paragraph at lines 1--5
\JY2/mc/m/n/10 ッ
 []


Overfull \hbox (9.6222pt too wide) in paragraph at lines 1--5
\JY2/mc/m/n/10 ト
 []


Overfull \hbox (18.74438pt too wide) in paragraph at lines 1--5
\JY2/mc/m/n/10 ワ ー
 []


Overfull \hbox (9.6222pt too wide) in paragraph at lines 1--5
\JY2/mc/m/n/10 ク
 []


Overfull \hbox (9.6222pt too wide) in paragraph at lines 1--5
\JY2/mc/m/n/10 自
 []


Overfull \hbox (9.6222pt too wide) in paragraph at lines 1--5
\JY2/mc/m/n/10 己
 []


Overfull \hbox (9.6222pt too wide) in paragraph at lines 1--5
\JY2/mc/m/n/10 学
 []


Overfull \hbox (9.6222pt too wide) in paragraph at lines 1--5
\JY2/mc/m/n/10 習
 []


Overfull \hbox (9.6222pt too wide) in paragraph at lines 1--5
\JY2/mc/m/n/10 機
 []


Overfull \hbox (9.6222pt too wide) in paragraph at lines 1--5
\JY2/mc/m/n/10 能
 []


Overfull \hbox (9.6222pt too wide) in paragraph at lines 1--5
\JY2/mc/m/n/10 を
 []


Overfull \hbox (9.6222pt too wide) in paragraph at lines 1--5
\JY2/mc/m/n/10 導
 []


Overfull \hbox (9.6222pt too wide) in paragraph at lines 1--5
\JY2/mc/m/n/10 入
 []


Overfull \hbox (9.6222pt too wide) in paragraph at lines 1--5
\JY2/mc/m/n/10 し
 []


Overfull \hbox (13.93329pt too wide) in paragraph at lines 1--5
\JY2/mc/m/n/10 た 。
 []


Overfull \hbox (9.6222pt too wide) in paragraph at lines 1--5
\JY2/mc/m/n/10 ま
 []


Overfull \hbox (13.93329pt too wide) in paragraph at lines 1--5
\JY2/mc/m/n/10 た 、
 []


Overfull \hbox (9.6222pt too wide) in paragraph at lines 1--5
\JY2/mc/m/n/10 ネ
 []


Overfull \hbox (9.6222pt too wide) in paragraph at lines 1--5
\JY2/mc/m/n/10 ッ
 []


Overfull \hbox (9.6222pt too wide) in paragraph at lines 1--5
\JY2/mc/m/n/10 ト
 []


Overfull \hbox (18.74438pt too wide) in paragraph at lines 1--5
\JY2/mc/m/n/10 ワ ー
 []


Overfull \hbox (9.6222pt too wide) in paragraph at lines 1--5
\JY2/mc/m/n/10 ク
 []


Overfull \hbox (9.6222pt too wide) in paragraph at lines 1--5
\JY2/mc/m/n/10 自
 []


Overfull \hbox (9.6222pt too wide) in paragraph at lines 1--5
\JY2/mc/m/n/10 己
 []


Overfull \hbox (9.6222pt too wide) in paragraph at lines 1--5
\JY2/mc/m/n/10 学
 []


Overfull \hbox (9.6222pt too wide) in paragraph at lines 1--5
\JY2/mc/m/n/10 習
 []


Overfull \hbox (9.6222pt too wide) in paragraph at lines 1--5
\JY2/mc/m/n/10 機
 []


Overfull \hbox (9.6222pt too wide) in paragraph at lines 1--5
\JY2/mc/m/n/10 能
 []


Overfull \hbox (9.6222pt too wide) in paragraph at lines 1--5
\JY2/mc/m/n/10 は
 []


Overfull \hbox (23.47227pt too wide) in paragraph at lines 1--5
\OT1/cmr/m/n/10 Ruby
 []


Overfull \hbox (10.55559pt too wide) in paragraph at lines 1--5
\OT1/cmr/m/n/10 on
 []


Overfull \hbox (21.86115pt too wide) in paragraph at lines 1--5
\OT1/cmr/m/n/10 Rails
 []


Overfull \hbox (9.6222pt too wide) in paragraph at lines 1--5
\JY2/mc/m/n/10 を
 []


Overfull \hbox (9.6222pt too wide) in paragraph at lines 1--5
\JY2/mc/m/n/10 用
 []


Overfull \hbox (9.6222pt too wide) in paragraph at lines 1--5
\JY2/mc/m/n/10 い
 []


Overfull \hbox (9.6222pt too wide) in paragraph at lines 1--5
\JY2/mc/m/n/10 て
 []


Overfull \hbox (9.6222pt too wide) in paragraph at lines 1--5
\JY2/mc/m/n/10 実
 []


Overfull \hbox (9.6222pt too wide) in paragraph at lines 1--5
\JY2/mc/m/n/10 装
 []


Overfull \hbox (9.6222pt too wide) in paragraph at lines 1--5
\JY2/mc/m/n/10 し
 []


Overfull \hbox (13.93329pt too wide) in paragraph at lines 1--5
\JY2/mc/m/n/10 た 。
 []


Overfull \hbox (9.6222pt too wide) in paragraph at lines 1--5
\JY2/mc/m/n/10 こ
 []


Overfull \hbox (9.6222pt too wide) in paragraph at lines 1--5
\JY2/mc/m/n/10 れ
 []


Overfull \hbox (9.6222pt too wide) in paragraph at lines 1--5
\JY2/mc/m/n/10 ら
 []


Overfull \hbox (9.6222pt too wide) in paragraph at lines 1--5
\JY2/mc/m/n/10 は
 []


Overfull \hbox (9.6222pt too wide) in paragraph at lines 1--5
\JY2/mc/m/n/10 図
 []


Overfull \hbox (10.86105pt too wide) in paragraph at lines 1--5
[]
 []


Overfull \hbox (9.6222pt too wide) in paragraph at lines 1--5
\JY2/mc/m/n/10 で
 []


Overfull \hbox (9.6222pt too wide) in paragraph at lines 1--5
\JY2/mc/m/n/10 表
 []


Overfull \hbox (9.6222pt too wide) in paragraph at lines 1--5
\JY2/mc/m/n/10 し
 []


Overfull \hbox (9.6222pt too wide) in paragraph at lines 1--5
\JY2/mc/m/n/10 て
 []


Overfull \hbox (9.6222pt too wide) in paragraph at lines 1--5
\JY2/mc/m/n/10 い
 []


Overfull \hbox (9.6222pt too wide) in paragraph at lines 1--5
\JY2/mc/m/n/10 る
 []


Overfull \hbox (9.6222pt too wide) in paragraph at lines 1--5
\JY2/mc/m/n/10 よ
 []


Overfull \hbox (9.6222pt too wide) in paragraph at lines 1--5
\JY2/mc/m/n/10 う
 []


Overfull \hbox (9.6222pt too wide) in paragraph at lines 1--5
\JY2/mc/m/n/10 に
 []


Overfull \hbox (9.6222pt too wide) in paragraph at lines 1--5
\JY2/mc/m/n/10 ネ
 []


Overfull \hbox (9.6222pt too wide) in paragraph at lines 1--5
\JY2/mc/m/n/10 ッ
 []


Overfull \hbox (9.6222pt too wide) in paragraph at lines 1--5
\JY2/mc/m/n/10 ト
 []


Overfull \hbox (18.74438pt too wide) in paragraph at lines 1--5
\JY2/mc/m/n/10 ワ ー
 []


Overfull \hbox (9.6222pt too wide) in paragraph at lines 1--5
\JY2/mc/m/n/10 ク
 []


Overfull \hbox (9.6222pt too wide) in paragraph at lines 1--5
\JY2/mc/m/n/10 自
 []


Overfull \hbox (9.6222pt too wide) in paragraph at lines 1--5
\JY2/mc/m/n/10 己
 []


Overfull \hbox (9.6222pt too wide) in paragraph at lines 1--5
\JY2/mc/m/n/10 学
 []


Overfull \hbox (9.6222pt too wide) in paragraph at lines 1--5
\JY2/mc/m/n/10 習
 []


Overfull \hbox (9.6222pt too wide) in paragraph at lines 1--5
\JY2/mc/m/n/10 機
 []


Overfull \hbox (9.6222pt too wide) in paragraph at lines 1--5
\JY2/mc/m/n/10 能
 []


Overfull \hbox (9.6222pt too wide) in paragraph at lines 1--5
\JY2/mc/m/n/10 は
 []


Overfull \hbox (9.6222pt too wide) in paragraph at lines 1--5
\JY2/mc/m/n/10 実
 []


Overfull \hbox (9.6222pt too wide) in paragraph at lines 1--5
\JY2/mc/m/n/10 際
 []


Overfull \hbox (9.6222pt too wide) in paragraph at lines 1--5
\JY2/mc/m/n/10 に
 []


Overfull \hbox (9.6222pt too wide) in paragraph at lines 1--5
\JY2/mc/m/n/10 は
 []


Overfull \hbox (9.6222pt too wide) in paragraph at lines 1--5
\JY2/mc/m/n/10 独
 []


Overfull \hbox (9.6222pt too wide) in paragraph at lines 1--5
\JY2/mc/m/n/10 立
 []


Overfull \hbox (9.6222pt too wide) in paragraph at lines 1--5
\JY2/mc/m/n/10 し
 []


Overfull \hbox (9.6222pt too wide) in paragraph at lines 1--5
\JY2/mc/m/n/10 た
 []


Overfull \hbox (19.44447pt too wide) in paragraph at lines 1--5
\OT1/cmr/m/n/10 Web
 []


Overfull \hbox (9.6222pt too wide) in paragraph at lines 1--5
\JY2/mc/m/n/10 ア
 []


Overfull \hbox (9.6222pt too wide) in paragraph at lines 1--5
\JY2/mc/m/n/10 プ
 []


Overfull \hbox (9.6222pt too wide) in paragraph at lines 1--5
\JY2/mc/m/n/10 リ
 []


Overfull \hbox (18.74438pt too wide) in paragraph at lines 1--5
\JY2/mc/m/n/10 ケ ー
 []


Overfull \hbox (9.6222pt too wide) in paragraph at lines 1--5
\JY2/mc/m/n/10 シ
 []


Overfull \hbox (9.6222pt too wide) in paragraph at lines 1--5
\JY2/mc/m/n/10 ョ
 []


Overfull \hbox (9.6222pt too wide) in paragraph at lines 1--5
\JY2/mc/m/n/10 ン
 []


Overfull \hbox (9.6222pt too wide) in paragraph at lines 1--5
\JY2/mc/m/n/10 で
 []


Overfull \hbox (9.6222pt too wide) in paragraph at lines 1--5
\JY2/mc/m/n/10 あ
 []


Overfull \hbox (9.6222pt too wide) in paragraph at lines 1--5
\JY2/mc/m/n/10 る
 []


Overfull \hbox (13.93329pt too wide) in paragraph at lines 1--5
\JY2/mc/m/n/10 が 、
 []


Overfull \hbox (9.6222pt too wide) in paragraph at lines 1--5
\JY2/mc/m/n/10 あ
 []


Overfull \hbox (9.6222pt too wide) in paragraph at lines 1--5
\JY2/mc/m/n/10 た
 []


Overfull \hbox (9.6222pt too wide) in paragraph at lines 1--5
\JY2/mc/m/n/10 か
 []


Overfull \hbox (9.6222pt too wide) in paragraph at lines 1--5
\JY2/mc/m/n/10 も
 []


Overfull \hbox (20.97227pt too wide) in paragraph at lines 1--5
\OT1/cmr/m/n/10 LMS
 []


Overfull \hbox (9.6222pt too wide) in paragraph at lines 1--5
\JY2/mc/m/n/10 側
 []


Overfull \hbox (9.6222pt too wide) in paragraph at lines 1--5
\JY2/mc/m/n/10 に
 []


Overfull \hbox (9.6222pt too wide) in paragraph at lines 1--5
\JY2/mc/m/n/10 プ
 []


Overfull \hbox (9.6222pt too wide) in paragraph at lines 1--5
\JY2/mc/m/n/10 ラ
 []


Overfull \hbox (9.6222pt too wide) in paragraph at lines 1--5
\JY2/mc/m/n/10 グ
 []


Overfull \hbox (9.6222pt too wide) in paragraph at lines 1--5
\JY2/mc/m/n/10 イ
 []


Overfull \hbox (9.6222pt too wide) in paragraph at lines 1--5
\JY2/mc/m/n/10 ン
 []


Overfull \hbox (9.6222pt too wide) in paragraph at lines 1--5
\JY2/mc/m/n/10 と
 []


Overfull \hbox (9.6222pt too wide) in paragraph at lines 1--5
\JY2/mc/m/n/10 し
 []


Overfull \hbox (9.6222pt too wide) in paragraph at lines 1--5
\JY2/mc/m/n/10 て
 []


Overfull \hbox (9.6222pt too wide) in paragraph at lines 1--5
\JY2/mc/m/n/10 導
 []


Overfull \hbox (9.6222pt too wide) in paragraph at lines 1--5
\JY2/mc/m/n/10 入
 []


Overfull \hbox (9.6222pt too wide) in paragraph at lines 1--5
\JY2/mc/m/n/10 さ
 []


Overfull \hbox (9.6222pt too wide) in paragraph at lines 1--5
\JY2/mc/m/n/10 れ
 []


Overfull \hbox (9.6222pt too wide) in paragraph at lines 1--5
\JY2/mc/m/n/10 て
 []


Overfull \hbox (9.6222pt too wide) in paragraph at lines 1--5
\JY2/mc/m/n/10 い
 []


Overfull \hbox (9.6222pt too wide) in paragraph at lines 1--5
\JY2/mc/m/n/10 る
 []


Overfull \hbox (9.6222pt too wide) in paragraph at lines 1--5
\JY2/mc/m/n/10 よ
 []


Overfull \hbox (9.6222pt too wide) in paragraph at lines 1--5
\JY2/mc/m/n/10 う
 []


Overfull \hbox (9.6222pt too wide) in paragraph at lines 1--5
\JY2/mc/m/n/10 に
 []


Overfull \hbox (9.6222pt too wide) in paragraph at lines 1--5
\JY2/mc/m/n/10 機
 []


Overfull \hbox (9.6222pt too wide) in paragraph at lines 1--5
\JY2/mc/m/n/10 能
 []


Overfull \hbox (9.6222pt too wide) in paragraph at lines 1--5
\JY2/mc/m/n/10 を
 []


Overfull \hbox (9.6222pt too wide) in paragraph at lines 1--5
\JY2/mc/m/n/10 提
 []


Overfull \hbox (9.6222pt too wide) in paragraph at lines 1--5
\JY2/mc/m/n/10 供
 []


Overfull \hbox (9.6222pt too wide) in paragraph at lines 1--5
\JY2/mc/m/n/10 す
 []


Overfull \hbox (13.93329pt too wide) in paragraph at lines 1--5
\JY2/mc/m/n/10 る 。 
 []


./function.tex:5: LaTeX Error: The font size command \normalsize is not defined:
               there is probably something wrong with the class file.

See the LaTeX manual or LaTeX Companion for explanation.
Type  H <return>  for immediate help.
 ...                                              
                                                  
l.5 
    
Your command was ignored.
Type  I <command> <return>  to replace it with another command,
or  <return>  to continue without it.

[1
./function.tex:5: Undefined control sequence.
<write> \newlabel{tag:function}{{}{\thepage 
                                            }}
l.5 
    
The control sequence at the end of the top line
of your error message was never \def'ed. If you have
misspelled it (e.g., `\hobx'), type `I' and the correct
spelling (e.g., `I\hbox'). Otherwise just continue,
and I'll forget about whatever was undefined.

\newlabel{tag:function}{{}{}}
]

./function.tex:6: LaTeX Error: Environment figure undefined.

See the LaTeX manual or LaTeX Companion for explanation.
Type  H <return>  for immediate help.
 ...                                              
                                                  
l.6 \begin{figure}
                  [htbp]
Your command was ignored.
Type  I <command> <return>  to replace it with another command,
or  <return>  to continue without it.


./function.tex:6: LaTeX Error: Missing \begin{document}.

See the LaTeX manual or LaTeX Companion for explanation.
Type  H <return>  for immediate help.
 ...                                              
                                                  
l.6 \begin{figure}[
                   htbp]
You're in trouble here.  Try typing  <return>  to proceed.
If that doesn't work, type  X <return>  to quit.


Overfull \hbox (45.8334pt too wide) in paragraph at lines 6--7
[]\OT1/cmr/m/n/10 [htbp] 
 []

./function.tex:8: Undefined control sequence.
l.8     \includegraphics
                        [clip,width=12.0cm,height=8.0cm]{img/virtualMachine....
The control sequence at the end of the top line
of your error message was never \def'ed. If you have
misspelled it (e.g., `\hobx'), type `I' and the correct
spelling (e.g., `I\hbox'). Otherwise just continue,
and I'll forget about whatever was undefined.


./function.tex:9: LaTeX Error: \caption outside float.

See the LaTeX manual or LaTeX Companion for explanation.
Type  H <return>  for immediate help.
 ...                                              
                                                  
l.9     \caption
                {仮想マシンの構成}
You're in trouble here.  Try typing  <return>  to proceed.
If that doesn't work, type  X <return>  to quit.


Overfull \hbox (256.13954pt too wide) in paragraph at lines 8--11
 \OT1/cmr/m/n/10 [clip,width=12.0cm,height=8.0cm]img/virtualMachine.png 
 []


Overfull \hbox (9.6222pt too wide) in paragraph at lines 8--11
 \JY2/mc/m/n/10 仮 
 []


Overfull \hbox (9.6222pt too wide) in paragraph at lines 8--11
 \JY2/mc/m/n/10 想 
 []


Overfull \hbox (9.6222pt too wide) in paragraph at lines 8--11
 \JY2/mc/m/n/10 マ 
 []


Overfull \hbox (9.6222pt too wide) in paragraph at lines 8--11
 \JY2/mc/m/n/10 シ 
 []


Overfull \hbox (9.6222pt too wide) in paragraph at lines 8--11
 \JY2/mc/m/n/10 ン 
 []


Overfull \hbox (9.6222pt too wide) in paragraph at lines 8--11
 \JY2/mc/m/n/10 の 
 []


Overfull \hbox (9.6222pt too wide) in paragraph at lines 8--11
 \JY2/mc/m/n/10 構 
 []


Overfull \hbox (9.6222pt too wide) in paragraph at lines 8--11
 \JY2/mc/m/n/10 成[] 
 []


./function.tex:12: LaTeX Error: \begin{document} ended by \end{figure}.

See the LaTeX manual or LaTeX Companion for explanation.
Type  H <return>  for immediate help.
 ...                                              
                                                  
l.12 \end{figure}
                 
Your command was ignored.
Type  I <command> <return>  to replace it with another command,
or  <return>  to continue without it.

./function.tex:19: Undefined control sequence.
<write> ...ence `fig:beforeCons' on page \thepage 
                                                  \space undefined\on@line .^^J
l.19 ...中村(2018)らの図\ref{fig:beforeCons}
                                                 で構成されたシステム
The control sequence at the end of the top line
of your error message was never \def'ed. If you have
misspelled it (e.g., `\hobx'), type `I' and the correct
spelling (e.g., `I\hbox'). Otherwise just continue,
and I'll forget about whatever was undefined.


LaTeX Warning: Reference `fig:beforeCons' on page  undefined on input line 19.

)
! Emergency stop.
<*> function.tex
                
*** (job aborted, no legal \end found)

 
Here is how much of TeX's memory you used:
 12 strings out of 493270
 152 string characters out of 6145017
 69474 words of memory out of 5000000
 4050 multiletter control sequences out of 15000+600000
 6589 words of font info for 33 fonts, out of 8000000 for 9000
 929 hyphenation exceptions out of 8191
 22i,4n,15p,901b,103s stack positions out of 5000i,500n,10000p,200000b,80000s
Output written on function.dvi (1 page, 912 bytes).
