This is e-upTeX, Version 3.14159265-p3.8.0-u1.23-180226-2.6 (utf8.uptex) (TeX Live 2018) (preloaded format=uplatex 2018.12.13)  21 JAN 2019 12:21
entering extended mode
 restricted \write18 enabled.
 file:line:error style messages enabled.
 %&-line parsing enabled.
**lti.tex
(./lti.tex
pLaTeX2e <2018-04-01u02>+1 (based on LaTeX2e <2018-04-01> patch level 2)
Babel <3.18> and hyphenation patterns for 84 language(s) loaded.
./lti.tex:1: Undefined control sequence.
l.1 \section
            {LTI}\label{tag:LTI}
The control sequence at the end of the top line
of your error message was never \def'ed. If you have
misspelled it (e.g., `\hobx'), type `I' and the correct
spelling (e.g., `I\hbox'). Otherwise just continue,
and I'll forget about whatever was undefined.


./lti.tex:1: LaTeX Error: Missing \begin{document}.

See the LaTeX manual or LaTeX Companion for explanation.
Type  H <return>  for immediate help.
 ...                                              
                                                  
l.1 \section{L
              TI}\label{tag:LTI}
You're in trouble here.  Try typing  <return>  to proceed.
If that doesn't work, type  X <return>  to quit.


Overfull \hbox (36.25002pt too wide) in paragraph at lines 1--3
[]\OT1/cmr/m/n/10 LTI[]
 []


Overfull \hbox (58.639pt too wide) in paragraph at lines 1--3
\OT1/cmr/m/n/10 LTI(Learning
 []


Overfull \hbox (23.38893pt too wide) in paragraph at lines 1--3
\OT1/cmr/m/n/10 Tools
 []


Overfull \hbox (19.19446pt too wide) in paragraph at lines 1--3
\OT1/cmr/m/n/10 Iter-
 []


Overfull \hbox (16.6667pt too wide) in paragraph at lines 1--3
\OT1/cmr/m/n/10 Op-
 []


Overfull \hbox (11.69444pt too wide) in paragraph at lines 1--3
\OT1/cmr/m/n/10 er-
 []


Overfull \hbox (19.44449pt too wide) in paragraph at lines 1--3
\OT1/cmr/m/n/10 abil-
 []


Overfull \hbox (15.5556pt too wide) in paragraph at lines 1--3
\OT1/cmr/m/n/10 ity)
 []


Overfull \hbox (9.6222pt too wide) in paragraph at lines 1--3
\JY2/mc/m/n/10 と
 []


Overfull \hbox (13.93329pt too wide) in paragraph at lines 1--3
\JY2/mc/m/n/10 は 、
 []


Overfull \hbox (9.6222pt too wide) in paragraph at lines 1--3
\JY2/mc/m/n/10 異
 []


Overfull \hbox (9.6222pt too wide) in paragraph at lines 1--3
\JY2/mc/m/n/10 な
 []


Overfull \hbox (9.6222pt too wide) in paragraph at lines 1--3
\JY2/mc/m/n/10 る
 []


Overfull \hbox (9.6222pt too wide) in paragraph at lines 1--3
\JY2/mc/m/n/10 プ
 []


Overfull \hbox (9.6222pt too wide) in paragraph at lines 1--3
\JY2/mc/m/n/10 ラ
 []


Overfull \hbox (9.6222pt too wide) in paragraph at lines 1--3
\JY2/mc/m/n/10 ッ
 []


Overfull \hbox (9.6222pt too wide) in paragraph at lines 1--3
\JY2/mc/m/n/10 ト
 []


Overfull \hbox (9.6222pt too wide) in paragraph at lines 1--3
\JY2/mc/m/n/10 フ
 []


Overfull \hbox (18.74438pt too wide) in paragraph at lines 1--3
\JY2/mc/m/n/10 ォ ー
 []


Overfull \hbox (9.6222pt too wide) in paragraph at lines 1--3
\JY2/mc/m/n/10 ム
 []


Overfull \hbox (9.6222pt too wide) in paragraph at lines 1--3
\JY2/mc/m/n/10 間
 []


Overfull \hbox (9.6222pt too wide) in paragraph at lines 1--3
\JY2/mc/m/n/10 に
 []


Overfull \hbox (9.6222pt too wide) in paragraph at lines 1--3
\JY2/mc/m/n/10 お
 []


Overfull \hbox (9.6222pt too wide) in paragraph at lines 1--3
\JY2/mc/m/n/10 け
 []


Overfull \hbox (9.6222pt too wide) in paragraph at lines 1--3
\JY2/mc/m/n/10 る
 []


Overfull \hbox (9.6222pt too wide) in paragraph at lines 1--3
\JY2/mc/m/n/10 学
 []


Overfull \hbox (9.6222pt too wide) in paragraph at lines 1--3
\JY2/mc/m/n/10 習
 []


Overfull \hbox (9.6222pt too wide) in paragraph at lines 1--3
\JY2/mc/m/n/10 支
 []


Overfull \hbox (9.6222pt too wide) in paragraph at lines 1--3
\JY2/mc/m/n/10 援
 []


Overfull \hbox (18.74438pt too wide) in paragraph at lines 1--3
\JY2/mc/m/n/10 ツ ー
 []


Overfull \hbox (9.6222pt too wide) in paragraph at lines 1--3
\JY2/mc/m/n/10 ル
 []


Overfull \hbox (9.6222pt too wide) in paragraph at lines 1--3
\JY2/mc/m/n/10 の
 []


Overfull \hbox (9.6222pt too wide) in paragraph at lines 1--3
\JY2/mc/m/n/10 相
 []


Overfull \hbox (9.6222pt too wide) in paragraph at lines 1--3
\JY2/mc/m/n/10 互
 []


Overfull \hbox (9.6222pt too wide) in paragraph at lines 1--3
\JY2/mc/m/n/10 運
 []


Overfull \hbox (9.6222pt too wide) in paragraph at lines 1--3
\JY2/mc/m/n/10 用
 []


Overfull \hbox (9.6222pt too wide) in paragraph at lines 1--3
\JY2/mc/m/n/10 を
 []


Overfull \hbox (9.6222pt too wide) in paragraph at lines 1--3
\JY2/mc/m/n/10 可
 []


Overfull \hbox (9.6222pt too wide) in paragraph at lines 1--3
\JY2/mc/m/n/10 能
 []


Overfull \hbox (9.6222pt too wide) in paragraph at lines 1--3
\JY2/mc/m/n/10 に
 []


Overfull \hbox (9.6222pt too wide) in paragraph at lines 1--3
\JY2/mc/m/n/10 す
 []


Overfull \hbox (9.6222pt too wide) in paragraph at lines 1--3
\JY2/mc/m/n/10 る
 []


Overfull \hbox (9.6222pt too wide) in paragraph at lines 1--3
\JY2/mc/m/n/10 た
 []


Overfull \hbox (9.6222pt too wide) in paragraph at lines 1--3
\JY2/mc/m/n/10 め
 []


Overfull \hbox (9.6222pt too wide) in paragraph at lines 1--3
\JY2/mc/m/n/10 の
 []


Overfull \hbox (9.6222pt too wide) in paragraph at lines 1--3
\JY2/mc/m/n/10 規
 []


Overfull \hbox (9.6222pt too wide) in paragraph at lines 1--3
\JY2/mc/m/n/10 格
 []


Overfull \hbox (10.55559pt too wide) in paragraph at lines 1--3
\OT1/cmr/m/n/10 [5]
 []


Overfull \hbox (9.6222pt too wide) in paragraph at lines 1--3
\JY2/mc/m/n/10 で
 []


Overfull \hbox (9.6222pt too wide) in paragraph at lines 1--3
\JY2/mc/m/n/10 あ
 []


Overfull \hbox (13.93329pt too wide) in paragraph at lines 1--3
\JY2/mc/m/n/10 り 、
 []


Overfull \hbox (18.74438pt too wide) in paragraph at lines 1--3
\JY2/mc/m/n/10 ツ ー
 []


Overfull \hbox (9.6222pt too wide) in paragraph at lines 1--3
\JY2/mc/m/n/10 ル
 []


Overfull \hbox (9.6222pt too wide) in paragraph at lines 1--3
\JY2/mc/m/n/10 間
 []


Overfull \hbox (9.6222pt too wide) in paragraph at lines 1--3
\JY2/mc/m/n/10 の
 []


Overfull \hbox (9.6222pt too wide) in paragraph at lines 1--3
\JY2/mc/m/n/10 通
 []


Overfull \hbox (9.6222pt too wide) in paragraph at lines 1--3
\JY2/mc/m/n/10 信
 []


Overfull \hbox (9.6222pt too wide) in paragraph at lines 1--3
\JY2/mc/m/n/10 プ
 []


Overfull \hbox (9.6222pt too wide) in paragraph at lines 1--3
\JY2/mc/m/n/10 ロ
 []


Overfull \hbox (9.6222pt too wide) in paragraph at lines 1--3
\JY2/mc/m/n/10 ト
 []


Overfull \hbox (9.6222pt too wide) in paragraph at lines 1--3
\JY2/mc/m/n/10 コ
 []


Overfull \hbox (9.6222pt too wide) in paragraph at lines 1--3
\JY2/mc/m/n/10 ル
 []


Overfull \hbox (9.6222pt too wide) in paragraph at lines 1--3
\JY2/mc/m/n/10 は
 []


Overfull \hbox (28.75005pt too wide) in paragraph at lines 1--3
\OT1/cmr/m/n/10 HTTP
 []


Overfull \hbox (9.6222pt too wide) in paragraph at lines 1--3
\JY2/mc/m/n/10 上
 []


Overfull \hbox (9.6222pt too wide) in paragraph at lines 1--3
\JY2/mc/m/n/10 で
 []


Overfull \hbox (9.6222pt too wide) in paragraph at lines 1--3
\JY2/mc/m/n/10 の
 []


Overfull \hbox (9.6222pt too wide) in paragraph at lines 1--3
\JY2/mc/m/n/10 メ
 []


Overfull \hbox (9.6222pt too wide) in paragraph at lines 1--3
\JY2/mc/m/n/10 ッ
 []


Overfull \hbox (18.74438pt too wide) in paragraph at lines 1--3
\JY2/mc/m/n/10 セ ー
 []


Overfull \hbox (9.6222pt too wide) in paragraph at lines 1--3
\JY2/mc/m/n/10 ジ
 []


Overfull \hbox (9.6222pt too wide) in paragraph at lines 1--3
\JY2/mc/m/n/10 交
 []


Overfull \hbox (9.6222pt too wide) in paragraph at lines 1--3
\JY2/mc/m/n/10 換
 []


Overfull \hbox (9.6222pt too wide) in paragraph at lines 1--3
\JY2/mc/m/n/10 と
 []


Overfull \hbox (9.6222pt too wide) in paragraph at lines 1--3
\JY2/mc/m/n/10 し
 []


Overfull \hbox (9.6222pt too wide) in paragraph at lines 1--3
\JY2/mc/m/n/10 て
 []


Overfull \hbox (9.6222pt too wide) in paragraph at lines 1--3
\JY2/mc/m/n/10 実
 []


Overfull \hbox (9.6222pt too wide) in paragraph at lines 1--3
\JY2/mc/m/n/10 装
 []


Overfull \hbox (9.6222pt too wide) in paragraph at lines 1--3
\JY2/mc/m/n/10 さ
 []


Overfull \hbox (9.6222pt too wide) in paragraph at lines 1--3
\JY2/mc/m/n/10 れ
 []


Overfull \hbox (9.6222pt too wide) in paragraph at lines 1--3
\JY2/mc/m/n/10 て
 []


Overfull \hbox (9.6222pt too wide) in paragraph at lines 1--3
\JY2/mc/m/n/10 い
 []


Overfull \hbox (13.93329pt too wide) in paragraph at lines 1--3
\JY2/mc/m/n/10 る 。 
 []


./lti.tex:4: LaTeX Error: Missing \begin{document}.

See the LaTeX manual or LaTeX Companion for explanation.
Type  H <return>  for immediate help.
 ...                                              
                                                  
l.4 L
     TIでは、ユーザ情報や課題の進行状況を直接管理する...
You're in trouble here.  Try typing  <return>  to proceed.
If that doesn't work, type  X <return>  to quit.


Overfull \hbox (36.25002pt too wide) in paragraph at lines 4--16
[]\OT1/cmr/m/n/10 LTI
 []


Overfull \hbox (9.6222pt too wide) in paragraph at lines 4--16
\JY2/mc/m/n/10 で
 []


Overfull \hbox (13.93329pt too wide) in paragraph at lines 4--16
\JY2/mc/m/n/10 は 、
 []


Overfull \hbox (18.74438pt too wide) in paragraph at lines 4--16
\JY2/mc/m/n/10 ユ ー
 []


Overfull \hbox (9.6222pt too wide) in paragraph at lines 4--16
\JY2/mc/m/n/10 ザ
 []


Overfull \hbox (9.6222pt too wide) in paragraph at lines 4--16
\JY2/mc/m/n/10 情
 []


Overfull \hbox (9.6222pt too wide) in paragraph at lines 4--16
\JY2/mc/m/n/10 報
 []


Overfull \hbox (9.6222pt too wide) in paragraph at lines 4--16
\JY2/mc/m/n/10 や
 []


Overfull \hbox (9.6222pt too wide) in paragraph at lines 4--16
\JY2/mc/m/n/10 課
 []


Overfull \hbox (9.6222pt too wide) in paragraph at lines 4--16
\JY2/mc/m/n/10 題
 []


Overfull \hbox (9.6222pt too wide) in paragraph at lines 4--16
\JY2/mc/m/n/10 の
 []


Overfull \hbox (9.6222pt too wide) in paragraph at lines 4--16
\JY2/mc/m/n/10 進
 []


Overfull \hbox (9.6222pt too wide) in paragraph at lines 4--16
\JY2/mc/m/n/10 行
 []


Overfull \hbox (9.6222pt too wide) in paragraph at lines 4--16
\JY2/mc/m/n/10 状
 []


Overfull \hbox (9.6222pt too wide) in paragraph at lines 4--16
\JY2/mc/m/n/10 況
 []


Overfull \hbox (9.6222pt too wide) in paragraph at lines 4--16
\JY2/mc/m/n/10 を
 []


Overfull \hbox (9.6222pt too wide) in paragraph at lines 4--16
\JY2/mc/m/n/10 直
 []


Overfull \hbox (9.6222pt too wide) in paragraph at lines 4--16
\JY2/mc/m/n/10 接
 []


Overfull \hbox (9.6222pt too wide) in paragraph at lines 4--16
\JY2/mc/m/n/10 管
 []


Overfull \hbox (9.6222pt too wide) in paragraph at lines 4--16
\JY2/mc/m/n/10 理
 []


Overfull \hbox (9.6222pt too wide) in paragraph at lines 4--16
\JY2/mc/m/n/10 す
 []


Overfull \hbox (9.6222pt too wide) in paragraph at lines 4--16
\JY2/mc/m/n/10 る
 []


Overfull \hbox (20.97227pt too wide) in paragraph at lines 4--16
\OT1/cmr/m/n/10 LMS
 []


Overfull \hbox (9.6222pt too wide) in paragraph at lines 4--16
\JY2/mc/m/n/10 を
 []


Overfull \hbox (18.74438pt too wide) in paragraph at lines 4--16
\JY2/mc/m/n/10 ツ ー
 []


Overfull \hbox (9.6222pt too wide) in paragraph at lines 4--16
\JY2/mc/m/n/10 ル
 []


Overfull \hbox (9.6222pt too wide) in paragraph at lines 4--16
\JY2/mc/m/n/10 コ
 []


Overfull \hbox (9.6222pt too wide) in paragraph at lines 4--16
\JY2/mc/m/n/10 ン
 []


Overfull \hbox (9.6222pt too wide) in paragraph at lines 4--16
\JY2/mc/m/n/10 シ
 []


Overfull \hbox (18.74438pt too wide) in paragraph at lines 4--16
\JY2/mc/m/n/10 ュ ー
 []


Overfull \hbox (9.6222pt too wide) in paragraph at lines 4--16
\JY2/mc/m/n/10 マ
 []


Overfull \hbox (9.6222pt too wide) in paragraph at lines 4--16
\JY2/mc/m/n/10 と
 []


Overfull \hbox (9.6222pt too wide) in paragraph at lines 4--16
\JY2/mc/m/n/10 呼
 []


Overfull \hbox (13.93329pt too wide) in paragraph at lines 4--16
\JY2/mc/m/n/10 ぶ 。
 []


Overfull \hbox (9.6222pt too wide) in paragraph at lines 4--16
\JY2/mc/m/n/10 標
 []


Overfull \hbox (9.6222pt too wide) in paragraph at lines 4--16
\JY2/mc/m/n/10 準
 []


Overfull \hbox (9.6222pt too wide) in paragraph at lines 4--16
\JY2/mc/m/n/10 機
 []


Overfull \hbox (9.6222pt too wide) in paragraph at lines 4--16
\JY2/mc/m/n/10 能
 []


Overfull \hbox (9.6222pt too wide) in paragraph at lines 4--16
\JY2/mc/m/n/10 と
 []


Overfull \hbox (9.6222pt too wide) in paragraph at lines 4--16
\JY2/mc/m/n/10 し
 []


Overfull \hbox (9.6222pt too wide) in paragraph at lines 4--16
\JY2/mc/m/n/10 て
 []


Overfull \hbox (16.25002pt too wide) in paragraph at lines 4--16
\OT1/cmr/m/n/10 LTI
 []


Overfull \hbox (9.6222pt too wide) in paragraph at lines 4--16
\JY2/mc/m/n/10 に
 []


Overfull \hbox (9.6222pt too wide) in paragraph at lines 4--16
\JY2/mc/m/n/10 対
 []


Overfull \hbox (9.6222pt too wide) in paragraph at lines 4--16
\JY2/mc/m/n/10 応
 []


Overfull \hbox (9.6222pt too wide) in paragraph at lines 4--16
\JY2/mc/m/n/10 し
 []


Overfull \hbox (9.6222pt too wide) in paragraph at lines 4--16
\JY2/mc/m/n/10 て
 []


Overfull \hbox (9.6222pt too wide) in paragraph at lines 4--16
\JY2/mc/m/n/10 い
 []


Overfull \hbox (9.6222pt too wide) in paragraph at lines 4--16
\JY2/mc/m/n/10 る
 []


Overfull \hbox (20.97227pt too wide) in paragraph at lines 4--16
\OT1/cmr/m/n/10 LMS
 []


Overfull \hbox (9.6222pt too wide) in paragraph at lines 4--16
\JY2/mc/m/n/10 と
 []


Overfull \hbox (9.6222pt too wide) in paragraph at lines 4--16
\JY2/mc/m/n/10 し
 []


Overfull \hbox (13.93329pt too wide) in paragraph at lines 4--16
\JY2/mc/m/n/10 て 、
 []


Overfull \hbox (21.11115pt too wide) in paragraph at lines 4--16
\OT1/cmr/m/n/10 Can-
 []


Overfull \hbox (16.44449pt too wide) in paragraph at lines 4--16
\OT1/cmr/m/n/10 vas,
 []


Overfull \hbox (22.77783pt too wide) in paragraph at lines 4--16
\OT1/cmr/m/n/10 Moo-
 []


Overfull \hbox (15.55559pt too wide) in paragraph at lines 4--16
\OT1/cmr/m/n/10 dle,
 []


Overfull \hbox (25.83342pt too wide) in paragraph at lines 4--16
\OT1/cmr/m/n/10 Sakai,
 []


Overfull \hbox (27.63895pt too wide) in paragraph at lines 4--16
\OT1/cmr/m/n/10 Black-
 []


Overfull \hbox (25.30563pt too wide) in paragraph at lines 4--16
\OT1/cmr/m/n/10 board
 []


Overfull \hbox (9.6222pt too wide) in paragraph at lines 4--16
\JY2/mc/m/n/10 な
 []


Overfull \hbox (9.6222pt too wide) in paragraph at lines 4--16
\JY2/mc/m/n/10 ど
 []


Overfull \hbox (9.6222pt too wide) in paragraph at lines 4--16
\JY2/mc/m/n/10 が
 []


Overfull \hbox (9.6222pt too wide) in paragraph at lines 4--16
\JY2/mc/m/n/10 あ
 []


Overfull \hbox (13.93329pt too wide) in paragraph at lines 4--16
\JY2/mc/m/n/10 る 。
 []


Overfull \hbox (9.6222pt too wide) in paragraph at lines 4--16
\JY2/mc/m/n/10 一
 []


Overfull \hbox (13.93329pt too wide) in paragraph at lines 4--16
\JY2/mc/m/n/10 方 、
 []


Overfull \hbox (9.6222pt too wide) in paragraph at lines 4--16
\JY2/mc/m/n/10 個
 []


Overfull \hbox (9.6222pt too wide) in paragraph at lines 4--16
\JY2/mc/m/n/10 別
 []


Overfull \hbox (9.6222pt too wide) in paragraph at lines 4--16
\JY2/mc/m/n/10 の
 []


Overfull \hbox (9.6222pt too wide) in paragraph at lines 4--16
\JY2/mc/m/n/10 具
 []


Overfull \hbox (9.6222pt too wide) in paragraph at lines 4--16
\JY2/mc/m/n/10 体
 []


Overfull \hbox (9.6222pt too wide) in paragraph at lines 4--16
\JY2/mc/m/n/10 的
 []


Overfull \hbox (9.6222pt too wide) in paragraph at lines 4--16
\JY2/mc/m/n/10 な
 []


Overfull \hbox (9.6222pt too wide) in paragraph at lines 4--16
\JY2/mc/m/n/10 問
 []


Overfull \hbox (9.6222pt too wide) in paragraph at lines 4--16
\JY2/mc/m/n/10 題
 []


Overfull \hbox (9.6222pt too wide) in paragraph at lines 4--16
\JY2/mc/m/n/10 や
 []


Overfull \hbox (9.6222pt too wide) in paragraph at lines 4--16
\JY2/mc/m/n/10 教
 []


Overfull \hbox (9.6222pt too wide) in paragraph at lines 4--16
\JY2/mc/m/n/10 材
 []


Overfull \hbox (9.6222pt too wide) in paragraph at lines 4--16
\JY2/mc/m/n/10 を
 []


Overfull \hbox (9.6222pt too wide) in paragraph at lines 4--16
\JY2/mc/m/n/10 提
 []


Overfull \hbox (9.6222pt too wide) in paragraph at lines 4--16
\JY2/mc/m/n/10 供
 []


Overfull \hbox (9.6222pt too wide) in paragraph at lines 4--16
\JY2/mc/m/n/10 す
 []


Overfull \hbox (9.6222pt too wide) in paragraph at lines 4--16
\JY2/mc/m/n/10 る
 []


Overfull \hbox (9.6222pt too wide) in paragraph at lines 4--16
\JY2/mc/m/n/10 プ
 []


Overfull \hbox (9.6222pt too wide) in paragraph at lines 4--16
\JY2/mc/m/n/10 ラ
 []


Overfull \hbox (9.6222pt too wide) in paragraph at lines 4--16
\JY2/mc/m/n/10 ッ
 []


Overfull \hbox (9.6222pt too wide) in paragraph at lines 4--16
\JY2/mc/m/n/10 ト
 []


Overfull \hbox (9.6222pt too wide) in paragraph at lines 4--16
\JY2/mc/m/n/10 フ
 []


Overfull \hbox (18.74438pt too wide) in paragraph at lines 4--16
\JY2/mc/m/n/10 ォ ー
 []


Overfull \hbox (9.6222pt too wide) in paragraph at lines 4--16
\JY2/mc/m/n/10 ム
 []


Overfull \hbox (9.6222pt too wide) in paragraph at lines 4--16
\JY2/mc/m/n/10 を
 []


Overfull \hbox (18.74438pt too wide) in paragraph at lines 4--16
\JY2/mc/m/n/10 ツ ー
 []


Overfull \hbox (9.6222pt too wide) in paragraph at lines 4--16
\JY2/mc/m/n/10 ル
 []


Overfull \hbox (9.6222pt too wide) in paragraph at lines 4--16
\JY2/mc/m/n/10 プ
 []


Overfull \hbox (9.6222pt too wide) in paragraph at lines 4--16
\JY2/mc/m/n/10 ロ
 []


Overfull \hbox (9.6222pt too wide) in paragraph at lines 4--16
\JY2/mc/m/n/10 バ
 []


Overfull \hbox (9.6222pt too wide) in paragraph at lines 4--16
\JY2/mc/m/n/10 イ
 []


Overfull \hbox (9.6222pt too wide) in paragraph at lines 4--16
\JY2/mc/m/n/10 ダ
 []


Overfull \hbox (9.6222pt too wide) in paragraph at lines 4--16
\JY2/mc/m/n/10 と
 []


Overfull \hbox (9.6222pt too wide) in paragraph at lines 4--16
\JY2/mc/m/n/10 呼
 []


Overfull \hbox (13.93329pt too wide) in paragraph at lines 4--16
\JY2/mc/m/n/10 ぶ 。
 []


Overfull \hbox (16.25002pt too wide) in paragraph at lines 4--16
\OT1/cmr/m/n/10 LTI
 []


Overfull \hbox (9.6222pt too wide) in paragraph at lines 4--16
\JY2/mc/m/n/10 に
 []


Overfull \hbox (9.6222pt too wide) in paragraph at lines 4--16
\JY2/mc/m/n/10 準
 []


Overfull \hbox (9.6222pt too wide) in paragraph at lines 4--16
\JY2/mc/m/n/10 拠
 []


Overfull \hbox (9.6222pt too wide) in paragraph at lines 4--16
\JY2/mc/m/n/10 し
 []


Overfull \hbox (9.6222pt too wide) in paragraph at lines 4--16
\JY2/mc/m/n/10 た
 []


Overfull \hbox (18.74438pt too wide) in paragraph at lines 4--16
\JY2/mc/m/n/10 ツ ー
 []


Overfull \hbox (9.6222pt too wide) in paragraph at lines 4--16
\JY2/mc/m/n/10 ル
 []


Overfull \hbox (9.6222pt too wide) in paragraph at lines 4--16
\JY2/mc/m/n/10 プ
 []


Overfull \hbox (9.6222pt too wide) in paragraph at lines 4--16
\JY2/mc/m/n/10 ロ
 []


Overfull \hbox (9.6222pt too wide) in paragraph at lines 4--16
\JY2/mc/m/n/10 バ
 []


Overfull \hbox (9.6222pt too wide) in paragraph at lines 4--16
\JY2/mc/m/n/10 イ
 []


Overfull \hbox (9.6222pt too wide) in paragraph at lines 4--16
\JY2/mc/m/n/10 ダ
 []


Overfull \hbox (9.6222pt too wide) in paragraph at lines 4--16
\JY2/mc/m/n/10 を
 []


Overfull \hbox (9.6222pt too wide) in paragraph at lines 4--16
\JY2/mc/m/n/10 実
 []


Overfull \hbox (9.6222pt too wide) in paragraph at lines 4--16
\JY2/mc/m/n/10 装
 []


Overfull \hbox (9.6222pt too wide) in paragraph at lines 4--16
\JY2/mc/m/n/10 す
 []


Overfull \hbox (9.6222pt too wide) in paragraph at lines 4--16
\JY2/mc/m/n/10 れ
 []


Overfull \hbox (13.93329pt too wide) in paragraph at lines 4--16
\JY2/mc/m/n/10 ば 、
 []


Overfull \hbox (16.25002pt too wide) in paragraph at lines 4--16
\OT1/cmr/m/n/10 LTI
 []


Overfull \hbox (9.6222pt too wide) in paragraph at lines 4--16
\JY2/mc/m/n/10 に
 []


Overfull \hbox (9.6222pt too wide) in paragraph at lines 4--16
\JY2/mc/m/n/10 対
 []


Overfull \hbox (9.6222pt too wide) in paragraph at lines 4--16
\JY2/mc/m/n/10 応
 []


Overfull \hbox (9.6222pt too wide) in paragraph at lines 4--16
\JY2/mc/m/n/10 し
 []


Overfull \hbox (9.6222pt too wide) in paragraph at lines 4--16
\JY2/mc/m/n/10 た
 []


Overfull \hbox (9.6222pt too wide) in paragraph at lines 4--16
\JY2/mc/m/n/10 複
 []


Overfull \hbox (9.6222pt too wide) in paragraph at lines 4--16
\JY2/mc/m/n/10 数
 []


Overfull \hbox (9.6222pt too wide) in paragraph at lines 4--16
\JY2/mc/m/n/10 の
 []


Overfull \hbox (20.97227pt too wide) in paragraph at lines 4--16
\OT1/cmr/m/n/10 LMS
 []


Overfull \hbox (9.6222pt too wide) in paragraph at lines 4--16
\JY2/mc/m/n/10 か
 []


Overfull \hbox (9.6222pt too wide) in paragraph at lines 4--16
\JY2/mc/m/n/10 ら
 []


Overfull \hbox (18.74438pt too wide) in paragraph at lines 4--16
\JY2/mc/m/n/10 ツ ー
 []


Overfull \hbox (9.6222pt too wide) in paragraph at lines 4--16
\JY2/mc/m/n/10 ル
 []


Overfull \hbox (9.6222pt too wide) in paragraph at lines 4--16
\JY2/mc/m/n/10 を
 []


Overfull \hbox (9.6222pt too wide) in paragraph at lines 4--16
\JY2/mc/m/n/10 実
 []


Overfull \hbox (9.6222pt too wide) in paragraph at lines 4--16
\JY2/mc/m/n/10 行
 []


Overfull \hbox (9.6222pt too wide) in paragraph at lines 4--16
\JY2/mc/m/n/10 す
 []


Overfull \hbox (9.6222pt too wide) in paragraph at lines 4--16
\JY2/mc/m/n/10 る
 []


Overfull \hbox (9.6222pt too wide) in paragraph at lines 4--16
\JY2/mc/m/n/10 こ
 []


Overfull \hbox (9.6222pt too wide) in paragraph at lines 4--16
\JY2/mc/m/n/10 と
 []


Overfull \hbox (9.6222pt too wide) in paragraph at lines 4--16
\JY2/mc/m/n/10 が
 []


Overfull \hbox (9.6222pt too wide) in paragraph at lines 4--16
\JY2/mc/m/n/10 可
 []


Overfull \hbox (9.6222pt too wide) in paragraph at lines 4--16
\JY2/mc/m/n/10 能
 []


Overfull \hbox (9.6222pt too wide) in paragraph at lines 4--16
\JY2/mc/m/n/10 と
 []


Overfull \hbox (9.6222pt too wide) in paragraph at lines 4--16
\JY2/mc/m/n/10 な
 []


Overfull \hbox (13.93329pt too wide) in paragraph at lines 4--16
\JY2/mc/m/n/10 る 。
 []


Overfull \hbox (9.6222pt too wide) in paragraph at lines 4--16
\JY2/mc/m/n/10 こ
 []


Overfull \hbox (9.6222pt too wide) in paragraph at lines 4--16
\JY2/mc/m/n/10 れ
 []


Overfull \hbox (9.6222pt too wide) in paragraph at lines 4--16
\JY2/mc/m/n/10 は
 []


Overfull \hbox (18.74438pt too wide) in paragraph at lines 4--16
\JY2/mc/m/n/10 ツ ー
 []


Overfull \hbox (9.6222pt too wide) in paragraph at lines 4--16
\JY2/mc/m/n/10 ル
 []


Overfull \hbox (9.6222pt too wide) in paragraph at lines 4--16
\JY2/mc/m/n/10 を
 []


Overfull \hbox (9.6222pt too wide) in paragraph at lines 4--16
\JY2/mc/m/n/10 プ
 []


Overfull \hbox (9.6222pt too wide) in paragraph at lines 4--16
\JY2/mc/m/n/10 ラ
 []


Overfull \hbox (9.6222pt too wide) in paragraph at lines 4--16
\JY2/mc/m/n/10 グ
 []


Overfull \hbox (9.6222pt too wide) in paragraph at lines 4--16
\JY2/mc/m/n/10 イ
 []


Overfull \hbox (9.6222pt too wide) in paragraph at lines 4--16
\JY2/mc/m/n/10 ン
 []


Overfull \hbox (9.6222pt too wide) in paragraph at lines 4--16
\JY2/mc/m/n/10 と
 []


Overfull \hbox (9.6222pt too wide) in paragraph at lines 4--16
\JY2/mc/m/n/10 し
 []


Overfull \hbox (9.6222pt too wide) in paragraph at lines 4--16
\JY2/mc/m/n/10 て
 []


Overfull \hbox (9.6222pt too wide) in paragraph at lines 4--16
\JY2/mc/m/n/10 実
 []


Overfull \hbox (9.6222pt too wide) in paragraph at lines 4--16
\JY2/mc/m/n/10 装
 []


Overfull \hbox (9.6222pt too wide) in paragraph at lines 4--16
\JY2/mc/m/n/10 す
 []


Overfull \hbox (9.6222pt too wide) in paragraph at lines 4--16
\JY2/mc/m/n/10 る
 []


Overfull \hbox (9.6222pt too wide) in paragraph at lines 4--16
\JY2/mc/m/n/10 の
 []


Overfull \hbox (9.6222pt too wide) in paragraph at lines 4--16
\JY2/mc/m/n/10 に
 []


Overfull \hbox (9.6222pt too wide) in paragraph at lines 4--16
\JY2/mc/m/n/10 比
 []


Overfull \hbox (9.6222pt too wide) in paragraph at lines 4--16
\JY2/mc/m/n/10 べ
 []


Overfull \hbox (9.6222pt too wide) in paragraph at lines 4--16
\JY2/mc/m/n/10 て
 []


Overfull \hbox (9.6222pt too wide) in paragraph at lines 4--16
\JY2/mc/m/n/10 ソ
 []


Overfull \hbox (9.6222pt too wide) in paragraph at lines 4--16
\JY2/mc/m/n/10 フ
 []


Overfull \hbox (9.6222pt too wide) in paragraph at lines 4--16
\JY2/mc/m/n/10 ト
 []


Overfull \hbox (9.6222pt too wide) in paragraph at lines 4--16
\JY2/mc/m/n/10 ウ
 []


Overfull \hbox (9.6222pt too wide) in paragraph at lines 4--16
\JY2/mc/m/n/10 ェ
 []


Overfull \hbox (9.6222pt too wide) in paragraph at lines 4--16
\JY2/mc/m/n/10 ア
 []


Overfull \hbox (9.6222pt too wide) in paragraph at lines 4--16
\JY2/mc/m/n/10 開
 []


Overfull \hbox (9.6222pt too wide) in paragraph at lines 4--16
\JY2/mc/m/n/10 発
 []


Overfull \hbox (9.6222pt too wide) in paragraph at lines 4--16
\JY2/mc/m/n/10 効
 []


Overfull \hbox (9.6222pt too wide) in paragraph at lines 4--16
\JY2/mc/m/n/10 率
 []


Overfull \hbox (9.6222pt too wide) in paragraph at lines 4--16
\JY2/mc/m/n/10 の
 []


Overfull \hbox (9.6222pt too wide) in paragraph at lines 4--16
\JY2/mc/m/n/10 面
 []


Overfull \hbox (9.6222pt too wide) in paragraph at lines 4--16
\JY2/mc/m/n/10 で
 []


Overfull \hbox (9.6222pt too wide) in paragraph at lines 4--16
\JY2/mc/m/n/10 極
 []


Overfull \hbox (9.6222pt too wide) in paragraph at lines 4--16
\JY2/mc/m/n/10 め
 []


Overfull \hbox (9.6222pt too wide) in paragraph at lines 4--16
\JY2/mc/m/n/10 て
 []


Overfull \hbox (9.6222pt too wide) in paragraph at lines 4--16
\JY2/mc/m/n/10 有
 []


Overfull \hbox (9.6222pt too wide) in paragraph at lines 4--16
\JY2/mc/m/n/10 利
 []


Overfull \hbox (9.6222pt too wide) in paragraph at lines 4--16
\JY2/mc/m/n/10 で
 []


Overfull \hbox (9.6222pt too wide) in paragraph at lines 4--16
\JY2/mc/m/n/10 あ
 []


Overfull \hbox (13.93329pt too wide) in paragraph at lines 4--16
\JY2/mc/m/n/10 る 。 
 []


Underfull \vbox (badness 10000) has occurred while \output is active []

LaTeX Font Info:    Font shape `JT2/mc/m/n' will be
(Font)              scaled to size 9.6222pt on input line 16.
LaTeX Font Info:    Font shape `JY2/mc/m/n' will be
(Font)              scaled to size 9.6222pt on input line 16.


./lti.tex:16: LaTeX Error: The font size command \normalsize is not defined:
               there is probably something wrong with the class file.

See the LaTeX manual or LaTeX Companion for explanation.
Type  H <return>  for immediate help.
 ...                                              
                                                  
l.16 
     
Your command was ignored.
Type  I <command> <return>  to replace it with another command,
or  <return>  to continue without it.

[1
./lti.tex:16: Undefined control sequence.
<write> \newlabel{tag:LTI}{{}{\thepage 
                                       }}
l.16 
     
The control sequence at the end of the top line
of your error message was never \def'ed. If you have
misspelled it (e.g., `\hobx'), type `I' and the correct
spelling (e.g., `I\hbox'). Otherwise just continue,
and I'll forget about whatever was undefined.

\newlabel{tag:LTI}{{}{}}
]

./lti.tex:17: LaTeX Error: Missing \begin{document}.

See the LaTeX manual or LaTeX Companion for explanation.
Type  H <return>  for immediate help.
 ...                                              
                                                  
l.17 ユ
        ーザとツールコンシューマ間では、ユーザーIDとPW...
You're in trouble here.  Try typing  <return>  to proceed.
If that doesn't work, type  X <return>  to quit.

./lti.tex:19: Undefined control sequence.
l.19 \subsection
                {OAuth}
The control sequence at the end of the top line
of your error message was never \def'ed. If you have
misspelled it (e.g., `\hobx'), type `I' and the correct
spelling (e.g., `I\hbox'). Otherwise just continue,
and I'll forget about whatever was undefined.


Overfull \hbox (38.74438pt too wide) in paragraph at lines 17--22
[]\JY2/mc/m/n/10 ユ ー
 []


Overfull \hbox (9.6222pt too wide) in paragraph at lines 17--22
\JY2/mc/m/n/10 ザ
 []


Overfull \hbox (9.6222pt too wide) in paragraph at lines 17--22
\JY2/mc/m/n/10 と
 []


Overfull \hbox (18.74438pt too wide) in paragraph at lines 17--22
\JY2/mc/m/n/10 ツ ー
 []


Overfull \hbox (9.6222pt too wide) in paragraph at lines 17--22
\JY2/mc/m/n/10 ル
 []


Overfull \hbox (9.6222pt too wide) in paragraph at lines 17--22
\JY2/mc/m/n/10 コ
 []


Overfull \hbox (9.6222pt too wide) in paragraph at lines 17--22
\JY2/mc/m/n/10 ン
 []


Overfull \hbox (9.6222pt too wide) in paragraph at lines 17--22
\JY2/mc/m/n/10 シ
 []


Overfull \hbox (18.74438pt too wide) in paragraph at lines 17--22
\JY2/mc/m/n/10 ュ ー
 []


Overfull \hbox (9.6222pt too wide) in paragraph at lines 17--22
\JY2/mc/m/n/10 マ
 []


Overfull \hbox (9.6222pt too wide) in paragraph at lines 17--22
\JY2/mc/m/n/10 間
 []


Overfull \hbox (9.6222pt too wide) in paragraph at lines 17--22
\JY2/mc/m/n/10 で
 []


Overfull \hbox (13.93329pt too wide) in paragraph at lines 17--22
\JY2/mc/m/n/10 は 、
 []


Overfull \hbox (18.74438pt too wide) in paragraph at lines 17--22
\JY2/mc/m/n/10 ユ ー
 []


Overfull \hbox (18.74438pt too wide) in paragraph at lines 17--22
\JY2/mc/m/n/10 ザ ー
 []


Overfull \hbox (11.25002pt too wide) in paragraph at lines 17--22
\OT1/cmr/m/n/10 ID
 []


Overfull \hbox (9.6222pt too wide) in paragraph at lines 17--22
\JY2/mc/m/n/10 と
 []


Overfull \hbox (17.08337pt too wide) in paragraph at lines 17--22
\OT1/cmr/m/n/10 PW
 []


Overfull \hbox (9.6222pt too wide) in paragraph at lines 17--22
\JY2/mc/m/n/10 を
 []


Overfull \hbox (9.6222pt too wide) in paragraph at lines 17--22
\JY2/mc/m/n/10 用
 []


Overfull \hbox (9.6222pt too wide) in paragraph at lines 17--22
\JY2/mc/m/n/10 い
 []


Overfull \hbox (9.6222pt too wide) in paragraph at lines 17--22
\JY2/mc/m/n/10 て
 []


Overfull \hbox (9.6222pt too wide) in paragraph at lines 17--22
\JY2/mc/m/n/10 認
 []


Overfull \hbox (9.6222pt too wide) in paragraph at lines 17--22
\JY2/mc/m/n/10 証
 []


Overfull \hbox (9.6222pt too wide) in paragraph at lines 17--22
\JY2/mc/m/n/10 を
 []


Overfull \hbox (9.6222pt too wide) in paragraph at lines 17--22
\JY2/mc/m/n/10 行
 []


Overfull \hbox (13.93329pt too wide) in paragraph at lines 17--22
\JY2/mc/m/n/10 う 。
 []


Overfull \hbox (9.6222pt too wide) in paragraph at lines 17--22
\JY2/mc/m/n/10 し
 []


Overfull \hbox (9.6222pt too wide) in paragraph at lines 17--22
\JY2/mc/m/n/10 か
 []


Overfull \hbox (13.93329pt too wide) in paragraph at lines 17--22
\JY2/mc/m/n/10 し 、
 []


Overfull \hbox (18.74438pt too wide) in paragraph at lines 17--22
\JY2/mc/m/n/10 ユ ー
 []


Overfull \hbox (18.74438pt too wide) in paragraph at lines 17--22
\JY2/mc/m/n/10 ザ ー
 []


Overfull \hbox (9.6222pt too wide) in paragraph at lines 17--22
\JY2/mc/m/n/10 が
 []


Overfull \hbox (18.74438pt too wide) in paragraph at lines 17--22
\JY2/mc/m/n/10 ツ ー
 []


Overfull \hbox (9.6222pt too wide) in paragraph at lines 17--22
\JY2/mc/m/n/10 ル
 []


Overfull \hbox (9.6222pt too wide) in paragraph at lines 17--22
\JY2/mc/m/n/10 コ
 []


Overfull \hbox (9.6222pt too wide) in paragraph at lines 17--22
\JY2/mc/m/n/10 ン
 []


Overfull \hbox (9.6222pt too wide) in paragraph at lines 17--22
\JY2/mc/m/n/10 シ
 []


Overfull \hbox (18.74438pt too wide) in paragraph at lines 17--22
\JY2/mc/m/n/10 ュ ー
 []


Overfull \hbox (9.6222pt too wide) in paragraph at lines 17--22
\JY2/mc/m/n/10 マ
 []


Overfull \hbox (9.6222pt too wide) in paragraph at lines 17--22
\JY2/mc/m/n/10 で
 []


Overfull \hbox (18.74438pt too wide) in paragraph at lines 17--22
\JY2/mc/m/n/10 ツ ー
 []


Overfull \hbox (9.6222pt too wide) in paragraph at lines 17--22
\JY2/mc/m/n/10 ル
 []


Overfull \hbox (9.6222pt too wide) in paragraph at lines 17--22
\JY2/mc/m/n/10 プ
 []


Overfull \hbox (9.6222pt too wide) in paragraph at lines 17--22
\JY2/mc/m/n/10 ロ
 []


Overfull \hbox (9.6222pt too wide) in paragraph at lines 17--22
\JY2/mc/m/n/10 バ
 []


Overfull \hbox (9.6222pt too wide) in paragraph at lines 17--22
\JY2/mc/m/n/10 イ
 []


Overfull \hbox (9.6222pt too wide) in paragraph at lines 17--22
\JY2/mc/m/n/10 ダ
 []


Overfull \hbox (9.6222pt too wide) in paragraph at lines 17--22
\JY2/mc/m/n/10 を
 []


Overfull \hbox (9.6222pt too wide) in paragraph at lines 17--22
\JY2/mc/m/n/10 使
 []


Overfull \hbox (9.6222pt too wide) in paragraph at lines 17--22
\JY2/mc/m/n/10 用
 []


Overfull \hbox (9.6222pt too wide) in paragraph at lines 17--22
\JY2/mc/m/n/10 す
 []


Overfull \hbox (9.6222pt too wide) in paragraph at lines 17--22
\JY2/mc/m/n/10 る
 []


Overfull \hbox (9.6222pt too wide) in paragraph at lines 17--22
\JY2/mc/m/n/10 際
 []


Overfull \hbox (13.93329pt too wide) in paragraph at lines 17--22
\JY2/mc/m/n/10 は 、
 []


Overfull \hbox (11.25002pt too wide) in paragraph at lines 17--22
\OT1/cmr/m/n/10 ID
 []


Overfull \hbox (9.6222pt too wide) in paragraph at lines 17--22
\JY2/mc/m/n/10 と
 []


Overfull \hbox (17.08337pt too wide) in paragraph at lines 17--22
\OT1/cmr/m/n/10 PW
 []


Overfull \hbox (9.6222pt too wide) in paragraph at lines 17--22
\JY2/mc/m/n/10 を
 []


Overfull \hbox (9.6222pt too wide) in paragraph at lines 17--22
\JY2/mc/m/n/10 再
 []


Overfull \hbox (9.6222pt too wide) in paragraph at lines 17--22
\JY2/mc/m/n/10 度
 []


Overfull \hbox (9.6222pt too wide) in paragraph at lines 17--22
\JY2/mc/m/n/10 入
 []


Overfull \hbox (9.6222pt too wide) in paragraph at lines 17--22
\JY2/mc/m/n/10 力
 []


Overfull \hbox (9.6222pt too wide) in paragraph at lines 17--22
\JY2/mc/m/n/10 せ
 []


Overfull \hbox (9.6222pt too wide) in paragraph at lines 17--22
\JY2/mc/m/n/10 ず
 []


Overfull \hbox (9.6222pt too wide) in paragraph at lines 17--22
\JY2/mc/m/n/10 に
 []


Overfull \hbox (9.6222pt too wide) in paragraph at lines 17--22
\JY2/mc/m/n/10 使
 []


Overfull \hbox (9.6222pt too wide) in paragraph at lines 17--22
\JY2/mc/m/n/10 用
 []


Overfull \hbox (9.6222pt too wide) in paragraph at lines 17--22
\JY2/mc/m/n/10 す
 []


Overfull \hbox (9.6222pt too wide) in paragraph at lines 17--22
\JY2/mc/m/n/10 る
 []


Overfull \hbox (9.6222pt too wide) in paragraph at lines 17--22
\JY2/mc/m/n/10 こ
 []


Overfull \hbox (9.6222pt too wide) in paragraph at lines 17--22
\JY2/mc/m/n/10 と
 []


Overfull \hbox (9.6222pt too wide) in paragraph at lines 17--22
\JY2/mc/m/n/10 が
 []


Overfull \hbox (9.6222pt too wide) in paragraph at lines 17--22
\JY2/mc/m/n/10 で
 []


Overfull \hbox (9.6222pt too wide) in paragraph at lines 17--22
\JY2/mc/m/n/10 き
 []


Overfull \hbox (13.93329pt too wide) in paragraph at lines 17--22
\JY2/mc/m/n/10 る 。 
 []


Overfull \hbox (9.6222pt too wide) in paragraph at lines 17--22
\JY2/mc/m/n/10 こ
 []


Overfull \hbox (9.6222pt too wide) in paragraph at lines 17--22
\JY2/mc/m/n/10 れ
 []


Overfull \hbox (9.6222pt too wide) in paragraph at lines 17--22
\JY2/mc/m/n/10 が
 []


Overfull \hbox (16.25002pt too wide) in paragraph at lines 17--22
\OT1/cmr/m/n/10 LTI
 []


Overfull \hbox (9.6222pt too wide) in paragraph at lines 17--22
\JY2/mc/m/n/10 の
 []


Overfull \hbox (9.6222pt too wide) in paragraph at lines 17--22
\JY2/mc/m/n/10 利
 []


Overfull \hbox (9.6222pt too wide) in paragraph at lines 17--22
\JY2/mc/m/n/10 点
 []


Overfull \hbox (9.6222pt too wide) in paragraph at lines 17--22
\JY2/mc/m/n/10 で
 []


Overfull \hbox (9.6222pt too wide) in paragraph at lines 17--22
\JY2/mc/m/n/10 あ
 []


Overfull \hbox (13.93329pt too wide) in paragraph at lines 17--22
\JY2/mc/m/n/10 り 、
 []


Overfull \hbox (9.6222pt too wide) in paragraph at lines 17--22
\JY2/mc/m/n/10 こ
 []


Overfull \hbox (9.6222pt too wide) in paragraph at lines 17--22
\JY2/mc/m/n/10 の
 []


Overfull \hbox (9.6222pt too wide) in paragraph at lines 17--22
\JY2/mc/m/n/10 認
 []


Overfull \hbox (9.6222pt too wide) in paragraph at lines 17--22
\JY2/mc/m/n/10 証
 []


Overfull \hbox (9.6222pt too wide) in paragraph at lines 17--22
\JY2/mc/m/n/10 を
 []


Overfull \hbox (9.6222pt too wide) in paragraph at lines 17--22
\JY2/mc/m/n/10 省
 []


Overfull \hbox (9.6222pt too wide) in paragraph at lines 17--22
\JY2/mc/m/n/10 く
 []


Overfull \hbox (9.6222pt too wide) in paragraph at lines 17--22
\JY2/mc/m/n/10 た
 []


Overfull \hbox (9.6222pt too wide) in paragraph at lines 17--22
\JY2/mc/m/n/10 め
 []


Overfull \hbox (9.6222pt too wide) in paragraph at lines 17--22
\JY2/mc/m/n/10 に
 []


Overfull \hbox (30.00008pt too wide) in paragraph at lines 17--22
\OT1/cmr/m/n/10 OAuth
 []


Overfull \hbox (9.6222pt too wide) in paragraph at lines 17--22
\JY2/mc/m/n/10 と
 []


Overfull \hbox (9.6222pt too wide) in paragraph at lines 17--22
\JY2/mc/m/n/10 呼
 []


Overfull \hbox (9.6222pt too wide) in paragraph at lines 17--22
\JY2/mc/m/n/10 ば
 []


Overfull \hbox (9.6222pt too wide) in paragraph at lines 17--22
\JY2/mc/m/n/10 れ
 []


Overfull \hbox (9.6222pt too wide) in paragraph at lines 17--22
\JY2/mc/m/n/10 る
 []


Overfull \hbox (9.6222pt too wide) in paragraph at lines 17--22
\JY2/mc/m/n/10 プ
 []


Overfull \hbox (9.6222pt too wide) in paragraph at lines 17--22
\JY2/mc/m/n/10 ロ
 []


Overfull \hbox (9.6222pt too wide) in paragraph at lines 17--22
\JY2/mc/m/n/10 ト
 []


Overfull \hbox (9.6222pt too wide) in paragraph at lines 17--22
\JY2/mc/m/n/10 コ
 []


Overfull \hbox (9.6222pt too wide) in paragraph at lines 17--22
\JY2/mc/m/n/10 ル
 []


Overfull \hbox (9.6222pt too wide) in paragraph at lines 17--22
\JY2/mc/m/n/10 が
 []


Overfull \hbox (9.6222pt too wide) in paragraph at lines 17--22
\JY2/mc/m/n/10 使
 []


Overfull \hbox (9.6222pt too wide) in paragraph at lines 17--22
\JY2/mc/m/n/10 わ
 []


Overfull \hbox (9.6222pt too wide) in paragraph at lines 17--22
\JY2/mc/m/n/10 れ
 []


Overfull \hbox (9.6222pt too wide) in paragraph at lines 17--22
\JY2/mc/m/n/10 て
 []


Overfull \hbox (9.6222pt too wide) in paragraph at lines 17--22
\JY2/mc/m/n/10 い
 []


Overfull \hbox (13.93329pt too wide) in paragraph at lines 17--22
\JY2/mc/m/n/10 る 。
 []


Overfull \hbox (30.00008pt too wide) in paragraph at lines 17--22
\OT1/cmr/m/n/10 OAuth
 []


Overfull \hbox (52.63336pt too wide) in paragraph at lines 17--22
\OT1/cmr/m/n/10 OAuth(\JY2/mc/m/n/10 オ ー
 []


Overfull \hbox (18.74438pt too wide) in paragraph at lines 17--22
\JY2/mc/m/n/10 オ ー
 []


Overfull \hbox (13.5111pt too wide) in paragraph at lines 17--22
\JY2/mc/m/n/10 ス\OT1/cmr/m/n/10 )
 []


Overfull \hbox (9.6222pt too wide) in paragraph at lines 17--22
\JY2/mc/m/n/10 と
 []


Overfull \hbox (13.93329pt too wide) in paragraph at lines 17--22
\JY2/mc/m/n/10 は 、
 []


Overfull \hbox (18.61116pt too wide) in paragraph at lines 17--22
\OT1/cmr/m/n/10 SNS
 []


Overfull \hbox (9.6222pt too wide) in paragraph at lines 17--22
\JY2/mc/m/n/10 や
 []


Overfull \hbox (19.44447pt too wide) in paragraph at lines 17--22
\OT1/cmr/m/n/10 Web
 []


Overfull \hbox (18.74438pt too wide) in paragraph at lines 17--22
\JY2/mc/m/n/10 サ ー
 []


Overfull \hbox (9.6222pt too wide) in paragraph at lines 17--22
\JY2/mc/m/n/10 ビ
 []


Overfull \hbox (9.6222pt too wide) in paragraph at lines 17--22
\JY2/mc/m/n/10 ス
 []


Overfull \hbox (9.6222pt too wide) in paragraph at lines 17--22
\JY2/mc/m/n/10 間
 []


Overfull \hbox (9.6222pt too wide) in paragraph at lines 17--22
\JY2/mc/m/n/10 で
 []


Overfull \hbox (13.93329pt too wide) in paragraph at lines 17--22
\JY2/mc/m/n/10 「 ア
 []


Overfull \hbox (9.6222pt too wide) in paragraph at lines 17--22
\JY2/mc/m/n/10 ク
 []


Overfull \hbox (9.6222pt too wide) in paragraph at lines 17--22
\JY2/mc/m/n/10 セ
 []


Overfull \hbox (9.6222pt too wide) in paragraph at lines 17--22
\JY2/mc/m/n/10 ス
 []


Overfull \hbox (9.6222pt too wide) in paragraph at lines 17--22
\JY2/mc/m/n/10 権
 []


Overfull \hbox (9.6222pt too wide) in paragraph at lines 17--22
\JY2/mc/m/n/10 限
 []


Overfull \hbox (9.6222pt too wide) in paragraph at lines 17--22
\JY2/mc/m/n/10 の
 []


Overfull \hbox (9.6222pt too wide) in paragraph at lines 17--22
\JY2/mc/m/n/10 認
 []


Overfull \hbox (13.93329pt too wide) in paragraph at lines 17--22
\JY2/mc/m/n/10 可 」
 []


Overfull \hbox (9.6222pt too wide) in paragraph at lines 17--22
\JY2/mc/m/n/10 を
 []


Overfull \hbox (9.6222pt too wide) in paragraph at lines 17--22
\JY2/mc/m/n/10 行
 []


Overfull \hbox (9.6222pt too wide) in paragraph at lines 17--22
\JY2/mc/m/n/10 う
 []


Overfull \hbox (9.6222pt too wide) in paragraph at lines 17--22
\JY2/mc/m/n/10 た
 []


Overfull \hbox (9.6222pt too wide) in paragraph at lines 17--22
\JY2/mc/m/n/10 め
 []


Overfull \hbox (9.6222pt too wide) in paragraph at lines 17--22
\JY2/mc/m/n/10 の
 []


Overfull \hbox (9.6222pt too wide) in paragraph at lines 17--22
\JY2/mc/m/n/10 プ
 []


Overfull \hbox (9.6222pt too wide) in paragraph at lines 17--22
\JY2/mc/m/n/10 ロ
 []


Overfull \hbox (9.6222pt too wide) in paragraph at lines 17--22
\JY2/mc/m/n/10 ト
 []


Overfull \hbox (9.6222pt too wide) in paragraph at lines 17--22
\JY2/mc/m/n/10 コ
 []


Overfull \hbox (9.6222pt too wide) in paragraph at lines 17--22
\JY2/mc/m/n/10 ル
 []


Overfull \hbox (9.6222pt too wide) in paragraph at lines 17--22
\JY2/mc/m/n/10 で
 []


Overfull \hbox (9.6222pt too wide) in paragraph at lines 17--22
\JY2/mc/m/n/10 あ
 []


Overfull \hbox (13.93329pt too wide) in paragraph at lines 17--22
\JY2/mc/m/n/10 る 。
 []


Overfull \hbox (9.6222pt too wide) in paragraph at lines 17--22
\JY2/mc/m/n/10 ま
 []


Overfull \hbox (13.93329pt too wide) in paragraph at lines 17--22
\JY2/mc/m/n/10 た 、
 []


Overfull \hbox (30.00008pt too wide) in paragraph at lines 17--22
\OT1/cmr/m/n/10 OAuth
 []


Overfull \hbox (9.6222pt too wide) in paragraph at lines 17--22
\JY2/mc/m/n/10 に
 []


Overfull \hbox (9.6222pt too wide) in paragraph at lines 17--22
\JY2/mc/m/n/10 は
 []


Overfull \hbox (12.77782pt too wide) in paragraph at lines 17--22
\OT1/cmr/m/n/10 1.0
 []


Overfull \hbox (9.6222pt too wide) in paragraph at lines 17--22
\JY2/mc/m/n/10 と
 []


Overfull \hbox (12.77782pt too wide) in paragraph at lines 17--22
\OT1/cmr/m/n/10 2.0
 []


Overfull \hbox (9.6222pt too wide) in paragraph at lines 17--22
\JY2/mc/m/n/10 が
 []


Overfull \hbox (9.6222pt too wide) in paragraph at lines 17--22
\JY2/mc/m/n/10 存
 []


Overfull \hbox (9.6222pt too wide) in paragraph at lines 17--22
\JY2/mc/m/n/10 在
 []


Overfull \hbox (9.6222pt too wide) in paragraph at lines 17--22
\JY2/mc/m/n/10 し
 []


Overfull \hbox (9.6222pt too wide) in paragraph at lines 17--22
\JY2/mc/m/n/10 て
 []


Overfull \hbox (9.6222pt too wide) in paragraph at lines 17--22
\JY2/mc/m/n/10 い
 []


Overfull \hbox (9.6222pt too wide) in paragraph at lines 17--22
\JY2/mc/m/n/10 る
 []


Overfull \hbox (13.93329pt too wide) in paragraph at lines 17--22
\JY2/mc/m/n/10 が 、
 []


Overfull \hbox (9.6222pt too wide) in paragraph at lines 17--22
\JY2/mc/m/n/10 本
 []


Overfull \hbox (9.6222pt too wide) in paragraph at lines 17--22
\JY2/mc/m/n/10 研
 []


Overfull \hbox (9.6222pt too wide) in paragraph at lines 17--22
\JY2/mc/m/n/10 究
 []


Overfull \hbox (9.6222pt too wide) in paragraph at lines 17--22
\JY2/mc/m/n/10 で
 []


Overfull \hbox (9.6222pt too wide) in paragraph at lines 17--22
\JY2/mc/m/n/10 は
 []


Overfull \hbox (29.02783pt too wide) in paragraph at lines 17--22
\OT1/cmr/m/n/10 LTI1.0
 []


Overfull \hbox (9.6222pt too wide) in paragraph at lines 17--22
\JY2/mc/m/n/10 の
 []


Overfull \hbox (9.6222pt too wide) in paragraph at lines 17--22
\JY2/mc/m/n/10 実
 []


Overfull \hbox (9.6222pt too wide) in paragraph at lines 17--22
\JY2/mc/m/n/10 装
 []


Overfull \hbox (9.6222pt too wide) in paragraph at lines 17--22
\JY2/mc/m/n/10 に
 []


Overfull \hbox (9.6222pt too wide) in paragraph at lines 17--22
\JY2/mc/m/n/10 あ
 []


Overfull \hbox (9.6222pt too wide) in paragraph at lines 17--22
\JY2/mc/m/n/10 た
 []


Overfull \hbox (9.6222pt too wide) in paragraph at lines 17--22
\JY2/mc/m/n/10 り
 []


Overfull \hbox (42.7779pt too wide) in paragraph at lines 17--22
\OT1/cmr/m/n/10 OAuth1.0
 []


Overfull \hbox (9.6222pt too wide) in paragraph at lines 17--22
\JY2/mc/m/n/10 を
 []


Overfull \hbox (9.6222pt too wide) in paragraph at lines 17--22
\JY2/mc/m/n/10 使
 []


Overfull \hbox (9.6222pt too wide) in paragraph at lines 17--22
\JY2/mc/m/n/10 用
 []


Overfull \hbox (9.6222pt too wide) in paragraph at lines 17--22
\JY2/mc/m/n/10 し
 []


Overfull \hbox (9.6222pt too wide) in paragraph at lines 17--22
\JY2/mc/m/n/10 て
 []


Overfull \hbox (9.6222pt too wide) in paragraph at lines 17--22
\JY2/mc/m/n/10 い
 []


Overfull \hbox (13.93329pt too wide) in paragraph at lines 17--22
\JY2/mc/m/n/10 る 。 
 []


./lti.tex:23: LaTeX Error: Missing \begin{document}.

See the LaTeX manual or LaTeX Companion for explanation.
Type  H <return>  for immediate help.
 ...                                              
                                                  
l.23 O
      Auth1.0実装にあたり、第三者による不正なログインを...
You're in trouble here.  Try typing  <return>  to proceed.
If that doesn't work, type  X <return>  to quit.

./lti.tex:41: Undefined control sequence.
<recently read> \subsection 
                            
l.41 \subsection
                {成績反映}
The control sequence at the end of the top line
of your error message was never \def'ed. If you have
misspelled it (e.g., `\hobx'), type `I' and the correct
spelling (e.g., `I\hbox'). Otherwise just continue,
and I'll forget about whatever was undefined.

)
! Emergency stop.
<*> lti.tex
           
*** (job aborted, no legal \end found)

 
Here is how much of TeX's memory you used:
 7 strings out of 493270
 61 string characters out of 6145017
 72828 words of memory out of 5000000
 4046 multiletter control sequences out of 15000+600000
 6281 words of font info for 32 fonts, out of 8000000 for 9000
 929 hyphenation exceptions out of 8191
 18i,4n,8p,413b,119s stack positions out of 5000i,500n,10000p,200000b,80000s
Output written on lti.dvi (1 page, 952 bytes).
