This is e-upTeX, Version 3.14159265-p3.8.0-u1.23-180226-2.6 (utf8.uptex) (TeX Live 2018) (preloaded format=uplatex 2018.12.13)  18 JAN 2019 22:11
entering extended mode
 restricted \write18 enabled.
 file:line:error style messages enabled.
 %&-line parsing enabled.
**ui.tex
(./ui.tex
pLaTeX2e <2018-04-01u02>+1 (based on LaTeX2e <2018-04-01> patch level 2)
Babel <3.18> and hyphenation patterns for 84 language(s) loaded.
./ui.tex:1: Undefined control sequence.
l.1 \subsection
               {UIについて}
The control sequence at the end of the top line
of your error message was never \def'ed. If you have
misspelled it (e.g., `\hobx'), type `I' and the correct
spelling (e.g., `I\hbox'). Otherwise just continue,
and I'll forget about whatever was undefined.


./ui.tex:1: LaTeX Error: Missing \begin{document}.

See the LaTeX manual or LaTeX Companion for explanation.
Type  H <return>  for immediate help.
 ...                                              
                                                  
l.1 \subsection{U
                 Iについて}
You're in trouble here.  Try typing  <return>  to proceed.
If that doesn't work, type  X <return>  to quit.

LaTeX Font Info:    Font shape `JT2/mc/m/n' will be
(Font)              scaled to size 9.6222pt on input line 3.
LaTeX Font Info:    Font shape `JY2/mc/m/n' will be
(Font)              scaled to size 9.6222pt on input line 3.
LaTeX Font Info:    Font shape `JT2/mc/bx/n' in size <10> not available
(Font)              Font shape `JT2/gt/m/n' tried instead on input line 3.
LaTeX Font Info:    Font shape `JT2/gt/m/n' will be
(Font)              scaled to size 9.6222pt on input line 3.
LaTeX Font Info:    Font shape `JY2/mc/bx/n' in size <10> not available
(Font)              Font shape `JY2/gt/m/n' tried instead on input line 3.
LaTeX Font Info:    Font shape `JY2/gt/m/n' will be
(Font)              scaled to size 9.6222pt on input line 3.
./ui.tex:3: Undefined control sequence.
<write> ... Reference `fig:simu' on page \thepage 
                                                  \space undefined\on@line .^^J
l.3 ...た。これの概要を図\ref{fig:simu}
                                                に示す。
The control sequence at the end of the top line
of your error message was never \def'ed. If you have
misspelled it (e.g., `\hobx'), type `I' and the correct
spelling (e.g., `I\hbox'). Otherwise just continue,
and I'll forget about whatever was undefined.


LaTeX Warning: Reference `fig:simu' on page  undefined on input line 3.


Overfull \hbox (31.11113pt too wide) in paragraph at lines 1--4
[]\OT1/cmr/m/n/10 UI
 []


Overfull \hbox (9.6222pt too wide) in paragraph at lines 1--4
\JY2/mc/m/n/10 に
 []


Overfull \hbox (9.6222pt too wide) in paragraph at lines 1--4
\JY2/mc/m/n/10 つ
 []


Overfull \hbox (9.6222pt too wide) in paragraph at lines 1--4
\JY2/mc/m/n/10 い
 []


Overfull \hbox (9.6222pt too wide) in paragraph at lines 1--4
\JY2/mc/m/n/10 て[]
 []


Overfull \hbox (11.11113pt too wide) in paragraph at lines 1--4
\OT1/cmr/m/n/10 UI
 []


Overfull \hbox (9.6222pt too wide) in paragraph at lines 1--4
\JY2/mc/m/n/10 の
 []


Overfull \hbox (9.6222pt too wide) in paragraph at lines 1--4
\JY2/mc/m/n/10 基
 []


Overfull \hbox (9.6222pt too wide) in paragraph at lines 1--4
\JY2/mc/m/n/10 本
 []


Overfull \hbox (9.6222pt too wide) in paragraph at lines 1--4
\JY2/mc/m/n/10 的
 []


Overfull \hbox (9.6222pt too wide) in paragraph at lines 1--4
\JY2/mc/m/n/10 な
 []


Overfull \hbox (9.6222pt too wide) in paragraph at lines 1--4
\JY2/mc/m/n/10 部
 []


Overfull \hbox (9.6222pt too wide) in paragraph at lines 1--4
\JY2/mc/m/n/10 分
 []


Overfull \hbox (13.93329pt too wide) in paragraph at lines 1--4
\JY2/mc/m/n/10 は 、
 []


Overfull \hbox (9.6222pt too wide) in paragraph at lines 1--4
\JY2/mc/m/n/10 魚
 []


Overfull \hbox (13.93329pt too wide) in paragraph at lines 1--4
\JY2/mc/m/n/10 本 、
 []


Overfull \hbox (9.6222pt too wide) in paragraph at lines 1--4
\JY2/mc/m/n/10 大
 []


Overfull \hbox (9.6222pt too wide) in paragraph at lines 1--4
\JY2/mc/m/n/10 須
 []


Overfull \hbox (13.93329pt too wide) in paragraph at lines 1--4
\JY2/mc/m/n/10 賀 、
 []


Overfull \hbox (9.6222pt too wide) in paragraph at lines 1--4
\JY2/mc/m/n/10 中
 []


Overfull \hbox (9.6222pt too wide) in paragraph at lines 1--4
\JY2/mc/m/n/10 村
 []


Overfull \hbox (27.77786pt too wide) in paragraph at lines 1--4
\OT1/cmr/m/n/10 (2018)
 []


Overfull \hbox (9.6222pt too wide) in paragraph at lines 1--4
\JY2/mc/m/n/10 ら
 []


Overfull \hbox (9.6222pt too wide) in paragraph at lines 1--4
\JY2/mc/m/n/10 の
 []


Overfull \hbox (9.6222pt too wide) in paragraph at lines 1--4
\JY2/mc/m/n/10 制
 []


Overfull \hbox (9.6222pt too wide) in paragraph at lines 1--4
\JY2/mc/m/n/10 作
 []


Overfull \hbox (9.6222pt too wide) in paragraph at lines 1--4
\JY2/mc/m/n/10 し
 []


Overfull \hbox (9.6222pt too wide) in paragraph at lines 1--4
\JY2/mc/m/n/10 た
 []


Overfull \hbox (9.6222pt too wide) in paragraph at lines 1--4
\JY2/mc/m/n/10 ネ
 []


Overfull \hbox (9.6222pt too wide) in paragraph at lines 1--4
\JY2/mc/m/n/10 ッ
 []


Overfull \hbox (9.6222pt too wide) in paragraph at lines 1--4
\JY2/mc/m/n/10 ト
 []


Overfull \hbox (18.74438pt too wide) in paragraph at lines 1--4
\JY2/mc/m/n/10 ワ ー
 []


Overfull \hbox (9.6222pt too wide) in paragraph at lines 1--4
\JY2/mc/m/n/10 ク
 []


Overfull \hbox (9.6222pt too wide) in paragraph at lines 1--4
\JY2/mc/m/n/10 自
 []


Overfull \hbox (9.6222pt too wide) in paragraph at lines 1--4
\JY2/mc/m/n/10 己
 []


Overfull \hbox (9.6222pt too wide) in paragraph at lines 1--4
\JY2/mc/m/n/10 学
 []


Overfull \hbox (9.6222pt too wide) in paragraph at lines 1--4
\JY2/mc/m/n/10 習
 []


Overfull \hbox (9.6222pt too wide) in paragraph at lines 1--4
\JY2/mc/m/n/10 機
 []


Overfull \hbox (9.6222pt too wide) in paragraph at lines 1--4
\JY2/mc/m/n/10 能
 []


Overfull \hbox (9.6222pt too wide) in paragraph at lines 1--4
\JY2/mc/m/n/10 を
 []


Overfull \hbox (9.6222pt too wide) in paragraph at lines 1--4
\JY2/mc/m/n/10 採
 []


Overfull \hbox (9.6222pt too wide) in paragraph at lines 1--4
\JY2/mc/m/n/10 用
 []


Overfull \hbox (9.6222pt too wide) in paragraph at lines 1--4
\JY2/mc/m/n/10 し
 []


Overfull \hbox (13.93329pt too wide) in paragraph at lines 1--4
\JY2/mc/m/n/10 た 。
 []


Overfull \hbox (9.6222pt too wide) in paragraph at lines 1--4
\JY2/mc/m/n/10 こ
 []


Overfull \hbox (9.6222pt too wide) in paragraph at lines 1--4
\JY2/mc/m/n/10 れ
 []


Overfull \hbox (9.6222pt too wide) in paragraph at lines 1--4
\JY2/mc/m/n/10 の
 []


Overfull \hbox (9.6222pt too wide) in paragraph at lines 1--4
\JY2/mc/m/n/10 概
 []


Overfull \hbox (9.6222pt too wide) in paragraph at lines 1--4
\JY2/mc/m/n/10 要
 []


Overfull \hbox (9.6222pt too wide) in paragraph at lines 1--4
\JY2/mc/m/n/10 を
 []


Overfull \hbox (9.6222pt too wide) in paragraph at lines 1--4
\JY2/mc/m/n/10 図
 []


Overfull \hbox (10.86105pt too wide) in paragraph at lines 1--4
[]
 []


Overfull \hbox (9.6222pt too wide) in paragraph at lines 1--4
\JY2/mc/m/n/10 に
 []


Overfull \hbox (9.6222pt too wide) in paragraph at lines 1--4
\JY2/mc/m/n/10 示
 []


Overfull \hbox (13.93329pt too wide) in paragraph at lines 1--4
\JY2/mc/m/n/10 す 。 
 []


./ui.tex:5: LaTeX Error: Environment figure undefined.

See the LaTeX manual or LaTeX Companion for explanation.
Type  H <return>  for immediate help.
 ...                                              
                                                  
l.5 \begin{figure}
                  [htbp]
Your command was ignored.
Type  I <command> <return>  to replace it with another command,
or  <return>  to continue without it.


./ui.tex:5: LaTeX Error: Missing \begin{document}.

See the LaTeX manual or LaTeX Companion for explanation.
Type  H <return>  for immediate help.
 ...                                              
                                                  
l.5 \begin{figure}[
                   htbp]
You're in trouble here.  Try typing  <return>  to proceed.
If that doesn't work, type  X <return>  to quit.


Overfull \hbox (45.8334pt too wide) in paragraph at lines 5--6
[]\OT1/cmr/m/n/10 [htbp] 
 []

./ui.tex:7: Undefined control sequence.
l.7     \includegraphics
                        [scale=0.3]{img/simu.png}
The control sequence at the end of the top line
of your error message was never \def'ed. If you have
misspelled it (e.g., `\hobx'), type `I' and the correct
spelling (e.g., `I\hbox'). Otherwise just continue,
and I'll forget about whatever was undefined.


./ui.tex:8: LaTeX Error: \caption outside float.

See the LaTeX manual or LaTeX Companion for explanation.
Type  H <return>  for immediate help.
 ...                                              
                                                  
l.8     \caption
                {ネットワーク自己学習機能 UI(差し替えます)}
You're in trouble here.  Try typing  <return>  to proceed.
If that doesn't work, type  X <return>  to quit.


Overfull \hbox (107.05582pt too wide) in paragraph at lines 7--10
 \OT1/cmr/m/n/10 [scale=0.3]img/simu.png 
 []


Overfull \hbox (9.6222pt too wide) in paragraph at lines 7--10
 \JY2/mc/m/n/10 ネ 
 []


Overfull \hbox (9.6222pt too wide) in paragraph at lines 7--10
 \JY2/mc/m/n/10 ッ 
 []


Overfull \hbox (9.6222pt too wide) in paragraph at lines 7--10
 \JY2/mc/m/n/10 ト 
 []


Overfull \hbox (18.74438pt too wide) in paragraph at lines 7--10
 \JY2/mc/m/n/10 ワ ー 
 []


Overfull \hbox (9.6222pt too wide) in paragraph at lines 7--10
 \JY2/mc/m/n/10 ク 
 []


Overfull \hbox (9.6222pt too wide) in paragraph at lines 7--10
 \JY2/mc/m/n/10 自 
 []


Overfull \hbox (9.6222pt too wide) in paragraph at lines 7--10
 \JY2/mc/m/n/10 己 
 []


Overfull \hbox (9.6222pt too wide) in paragraph at lines 7--10
 \JY2/mc/m/n/10 学 
 []


Overfull \hbox (9.6222pt too wide) in paragraph at lines 7--10
 \JY2/mc/m/n/10 習 
 []


Overfull \hbox (9.6222pt too wide) in paragraph at lines 7--10
 \JY2/mc/m/n/10 機 
 []


Overfull \hbox (9.6222pt too wide) in paragraph at lines 7--10
 \JY2/mc/m/n/10 能 
 []


Overfull \hbox (24.62222pt too wide) in paragraph at lines 7--10
 \OT1/cmr/m/n/10 UI(\JY2/mc/m/n/10 差 
 []


Overfull \hbox (9.6222pt too wide) in paragraph at lines 7--10
 \JY2/mc/m/n/10 し 
 []


Overfull \hbox (9.6222pt too wide) in paragraph at lines 7--10
 \JY2/mc/m/n/10 替 
 []


Overfull \hbox (9.6222pt too wide) in paragraph at lines 7--10
 \JY2/mc/m/n/10 え 
 []


Overfull \hbox (9.6222pt too wide) in paragraph at lines 7--10
 \JY2/mc/m/n/10 ま 
 []


Overfull \hbox (13.5111pt too wide) in paragraph at lines 7--10
 \JY2/mc/m/n/10 す\OT1/cmr/m/n/10 ) 
 []


./ui.tex:11: LaTeX Error: \begin{document} ended by \end{figure}.

See the LaTeX manual or LaTeX Companion for explanation.
Type  H <return>  for immediate help.
 ...                                              
                                                  
l.11 \end{figure}
                 
Your command was ignored.
Type  I <command> <return>  to replace it with another command,
or  <return>  to continue without it.

./ui.tex:13: Undefined control sequence.
<write> ... Reference `fig:simu' on page \thepage 
                                                  \space undefined\on@line .^^J
l.13 図\ref{fig:simu}
                      のネットワーク自己学習機能は、実際に...
The control sequence at the end of the top line
of your error message was never \def'ed. If you have
misspelled it (e.g., `\hobx'), type `I' and the correct
spelling (e.g., `I\hbox'). Otherwise just continue,
and I'll forget about whatever was undefined.


LaTeX Warning: Reference `fig:simu' on page  undefined on input line 13.

./ui.tex:13: Undefined control sequence.
<write> ... Reference `fig:simu' on page \thepage 
                                                  \space undefined\on@line .^^J
l.13 ...いた。これにより図\ref{fig:simu}
                                                 のネットワーク自己学
The control sequence at the end of the top line
of your error message was never \def'ed. If you have
misspelled it (e.g., `\hobx'), type `I' and the correct
spelling (e.g., `I\hbox'). Otherwise just continue,
and I'll forget about whatever was undefined.


LaTeX Warning: Reference `fig:simu' on page  undefined on input line 13.

./ui.tex:14: Undefined control sequence.
<write> ... Reference `fig:simu' on page \thepage 
                                                  \space undefined\on@line .^^J
l.14 　図\ref{fig:simu}
                         は5つの部分に分けられており、機器...
The control sequence at the end of the top line
of your error message was never \def'ed. If you have
misspelled it (e.g., `\hobx'), type `I' and the correct
spelling (e.g., `I\hbox'). Otherwise just continue,
and I'll forget about whatever was undefined.


LaTeX Warning: Reference `fig:simu' on page  undefined on input line 14.

./ui.tex:14: Undefined control sequence.
<write> ... Reference `fig:simu' on page \thepage 
                                                  \space undefined\on@line .^^J
l.14 ...っている。また、図\ref{fig:simu}
                                                 では自由描画モードと
The control sequence at the end of the top line
of your error message was never \def'ed. If you have
misspelled it (e.g., `\hobx'), type `I' and the correct
spelling (e.g., `I\hbox'). Otherwise just continue,
and I'll forget about whatever was undefined.


LaTeX Warning: Reference `fig:simu' on page  undefined on input line 14.

)
! Emergency stop.
<*> ui.tex
          
*** (job aborted, no legal \end found)

 
Here is how much of TeX's memory you used:
 10 strings out of 493270
 90 string characters out of 6145017
 66060 words of memory out of 5000000
 4049 multiletter control sequences out of 15000+600000
 6589 words of font info for 33 fonts, out of 8000000 for 9000
 929 hyphenation exceptions out of 8191
 22i,1n,15p,629b,87s stack positions out of 5000i,500n,10000p,200000b,80000s
No pages of output.
