This is e-upTeX, Version 3.14159265-p3.8.0-u1.23-180226-2.6 (utf8.uptex) (TeX Live 2018) (preloaded format=uplatex 2018.12.13)  24 JAN 2019 16:48
entering extended mode
 restricted \write18 enabled.
 file:line:error style messages enabled.
 %&-line parsing enabled.
**experiment.tex
(./experiment.tex
pLaTeX2e <2018-04-01u02>+1 (based on LaTeX2e <2018-04-01> patch level 2)
Babel <3.18> and hyphenation patterns for 84 language(s) loaded.

./experiment.tex:2: LaTeX Error: Missing \begin{document}.

See the LaTeX manual or LaTeX Companion for explanation.
Type  H <return>  for immediate help.
 ...                                              
                                                  
l.2 本
       研究ではLTIを用いることで実際に複数のLMSから、独...
You're in trouble here.  Try typing  <return>  to proceed.
If that doesn't work, type  X <return>  to quit.


Overfull \hbox (29.6222pt too wide) in paragraph at lines 2--3
[]\JY2/mc/m/n/10 本
 []


Overfull \hbox (9.6222pt too wide) in paragraph at lines 2--3
\JY2/mc/m/n/10 研
 []


Overfull \hbox (9.6222pt too wide) in paragraph at lines 2--3
\JY2/mc/m/n/10 究
 []


Overfull \hbox (9.6222pt too wide) in paragraph at lines 2--3
\JY2/mc/m/n/10 で
 []


Overfull \hbox (9.6222pt too wide) in paragraph at lines 2--3
\JY2/mc/m/n/10 は
 []


Overfull \hbox (16.25002pt too wide) in paragraph at lines 2--3
\OT1/cmr/m/n/10 LTI
 []


Overfull \hbox (9.6222pt too wide) in paragraph at lines 2--3
\JY2/mc/m/n/10 を
 []


Overfull \hbox (9.6222pt too wide) in paragraph at lines 2--3
\JY2/mc/m/n/10 用
 []


Overfull \hbox (9.6222pt too wide) in paragraph at lines 2--3
\JY2/mc/m/n/10 い
 []


Overfull \hbox (9.6222pt too wide) in paragraph at lines 2--3
\JY2/mc/m/n/10 る
 []


Overfull \hbox (9.6222pt too wide) in paragraph at lines 2--3
\JY2/mc/m/n/10 こ
 []


Overfull \hbox (9.6222pt too wide) in paragraph at lines 2--3
\JY2/mc/m/n/10 と
 []


Overfull \hbox (9.6222pt too wide) in paragraph at lines 2--3
\JY2/mc/m/n/10 で
 []


Overfull \hbox (9.6222pt too wide) in paragraph at lines 2--3
\JY2/mc/m/n/10 実
 []


Overfull \hbox (9.6222pt too wide) in paragraph at lines 2--3
\JY2/mc/m/n/10 際
 []


Overfull \hbox (9.6222pt too wide) in paragraph at lines 2--3
\JY2/mc/m/n/10 に
 []


Overfull \hbox (9.6222pt too wide) in paragraph at lines 2--3
\JY2/mc/m/n/10 複
 []


Overfull \hbox (9.6222pt too wide) in paragraph at lines 2--3
\JY2/mc/m/n/10 数
 []


Overfull \hbox (9.6222pt too wide) in paragraph at lines 2--3
\JY2/mc/m/n/10 の
 []


Overfull \hbox (20.97227pt too wide) in paragraph at lines 2--3
\OT1/cmr/m/n/10 LMS
 []


Overfull \hbox (9.6222pt too wide) in paragraph at lines 2--3
\JY2/mc/m/n/10 か
 []


Overfull \hbox (13.93329pt too wide) in paragraph at lines 2--3
\JY2/mc/m/n/10 ら 、
 []


Overfull \hbox (9.6222pt too wide) in paragraph at lines 2--3
\JY2/mc/m/n/10 独
 []


Overfull \hbox (9.6222pt too wide) in paragraph at lines 2--3
\JY2/mc/m/n/10 立
 []


Overfull \hbox (9.6222pt too wide) in paragraph at lines 2--3
\JY2/mc/m/n/10 し
 []


Overfull \hbox (9.6222pt too wide) in paragraph at lines 2--3
\JY2/mc/m/n/10 た
 []


Overfull \hbox (19.44447pt too wide) in paragraph at lines 2--3
\OT1/cmr/m/n/10 Web
 []


Overfull \hbox (9.6222pt too wide) in paragraph at lines 2--3
\JY2/mc/m/n/10 ア
 []


Overfull \hbox (9.6222pt too wide) in paragraph at lines 2--3
\JY2/mc/m/n/10 プ
 []


Overfull \hbox (9.6222pt too wide) in paragraph at lines 2--3
\JY2/mc/m/n/10 リ
 []


Overfull \hbox (18.74438pt too wide) in paragraph at lines 2--3
\JY2/mc/m/n/10 ケ ー
 []


Overfull \hbox (9.6222pt too wide) in paragraph at lines 2--3
\JY2/mc/m/n/10 シ
 []


Overfull \hbox (9.6222pt too wide) in paragraph at lines 2--3
\JY2/mc/m/n/10 ョ
 []


Overfull \hbox (9.6222pt too wide) in paragraph at lines 2--3
\JY2/mc/m/n/10 ン
 []


Overfull \hbox (9.6222pt too wide) in paragraph at lines 2--3
\JY2/mc/m/n/10 で
 []


Overfull \hbox (9.6222pt too wide) in paragraph at lines 2--3
\JY2/mc/m/n/10 あ
 []


Overfull \hbox (9.6222pt too wide) in paragraph at lines 2--3
\JY2/mc/m/n/10 る
 []


Overfull \hbox (9.6222pt too wide) in paragraph at lines 2--3
\JY2/mc/m/n/10 ネ
 []


Overfull \hbox (9.6222pt too wide) in paragraph at lines 2--3
\JY2/mc/m/n/10 ッ
 []


Overfull \hbox (9.6222pt too wide) in paragraph at lines 2--3
\JY2/mc/m/n/10 ト
 []


Overfull \hbox (18.74438pt too wide) in paragraph at lines 2--3
\JY2/mc/m/n/10 ワ ー
 []


Overfull \hbox (9.6222pt too wide) in paragraph at lines 2--3
\JY2/mc/m/n/10 ク
 []


Overfull \hbox (9.6222pt too wide) in paragraph at lines 2--3
\JY2/mc/m/n/10 自
 []


Overfull \hbox (9.6222pt too wide) in paragraph at lines 2--3
\JY2/mc/m/n/10 己
 []


Overfull \hbox (9.6222pt too wide) in paragraph at lines 2--3
\JY2/mc/m/n/10 学
 []


Overfull \hbox (9.6222pt too wide) in paragraph at lines 2--3
\JY2/mc/m/n/10 習
 []


Overfull \hbox (9.6222pt too wide) in paragraph at lines 2--3
\JY2/mc/m/n/10 機
 []


Overfull \hbox (9.6222pt too wide) in paragraph at lines 2--3
\JY2/mc/m/n/10 能
 []


Overfull \hbox (9.6222pt too wide) in paragraph at lines 2--3
\JY2/mc/m/n/10 を
 []


Overfull \hbox (9.6222pt too wide) in paragraph at lines 2--3
\JY2/mc/m/n/10 同
 []


Overfull \hbox (9.6222pt too wide) in paragraph at lines 2--3
\JY2/mc/m/n/10 じ
 []


Overfull \hbox (9.6222pt too wide) in paragraph at lines 2--3
\JY2/mc/m/n/10 よ
 []


Overfull \hbox (9.6222pt too wide) in paragraph at lines 2--3
\JY2/mc/m/n/10 う
 []


Overfull \hbox (9.6222pt too wide) in paragraph at lines 2--3
\JY2/mc/m/n/10 に
 []


Overfull \hbox (9.6222pt too wide) in paragraph at lines 2--3
\JY2/mc/m/n/10 学
 []


Overfull \hbox (9.6222pt too wide) in paragraph at lines 2--3
\JY2/mc/m/n/10 習
 []


Overfull \hbox (9.6222pt too wide) in paragraph at lines 2--3
\JY2/mc/m/n/10 支
 []


Overfull \hbox (9.6222pt too wide) in paragraph at lines 2--3
\JY2/mc/m/n/10 援
 []


Overfull \hbox (18.74438pt too wide) in paragraph at lines 2--3
\JY2/mc/m/n/10 ツ ー
 []


Overfull \hbox (9.6222pt too wide) in paragraph at lines 2--3
\JY2/mc/m/n/10 ル
 []


Overfull \hbox (9.6222pt too wide) in paragraph at lines 2--3
\JY2/mc/m/n/10 と
 []


Overfull \hbox (9.6222pt too wide) in paragraph at lines 2--3
\JY2/mc/m/n/10 し
 []


Overfull \hbox (9.6222pt too wide) in paragraph at lines 2--3
\JY2/mc/m/n/10 て
 []


Overfull \hbox (9.6222pt too wide) in paragraph at lines 2--3
\JY2/mc/m/n/10 呼
 []


Overfull \hbox (9.6222pt too wide) in paragraph at lines 2--3
\JY2/mc/m/n/10 び
 []


Overfull \hbox (9.6222pt too wide) in paragraph at lines 2--3
\JY2/mc/m/n/10 出
 []


Overfull \hbox (9.6222pt too wide) in paragraph at lines 2--3
\JY2/mc/m/n/10 す
 []


Overfull \hbox (9.6222pt too wide) in paragraph at lines 2--3
\JY2/mc/m/n/10 こ
 []


Overfull \hbox (9.6222pt too wide) in paragraph at lines 2--3
\JY2/mc/m/n/10 と
 []


Overfull \hbox (9.6222pt too wide) in paragraph at lines 2--3
\JY2/mc/m/n/10 が
 []


Overfull \hbox (9.6222pt too wide) in paragraph at lines 2--3
\JY2/mc/m/n/10 で
 []


Overfull \hbox (9.6222pt too wide) in paragraph at lines 2--3
\JY2/mc/m/n/10 き
 []


Overfull \hbox (9.6222pt too wide) in paragraph at lines 2--3
\JY2/mc/m/n/10 る
 []


Overfull \hbox (9.6222pt too wide) in paragraph at lines 2--3
\JY2/mc/m/n/10 の
 []


Overfull \hbox (9.6222pt too wide) in paragraph at lines 2--3
\JY2/mc/m/n/10 か
 []


Overfull \hbox (9.6222pt too wide) in paragraph at lines 2--3
\JY2/mc/m/n/10 を
 []


Overfull \hbox (9.6222pt too wide) in paragraph at lines 2--3
\JY2/mc/m/n/10 確
 []


Overfull \hbox (9.6222pt too wide) in paragraph at lines 2--3
\JY2/mc/m/n/10 認
 []


Overfull \hbox (9.6222pt too wide) in paragraph at lines 2--3
\JY2/mc/m/n/10 す
 []


Overfull \hbox (9.6222pt too wide) in paragraph at lines 2--3
\JY2/mc/m/n/10 る
 []


Overfull \hbox (9.6222pt too wide) in paragraph at lines 2--3
\JY2/mc/m/n/10 た
 []


Overfull \hbox (9.6222pt too wide) in paragraph at lines 2--3
\JY2/mc/m/n/10 め
 []


Overfull \hbox (13.93329pt too wide) in paragraph at lines 2--3
\JY2/mc/m/n/10 に 、
 []


Overfull \hbox (16.25002pt too wide) in paragraph at lines 2--3
\OT1/cmr/m/n/10 LTI
 []


Overfull \hbox (9.6222pt too wide) in paragraph at lines 2--3
\JY2/mc/m/n/10 に
 []


Overfull \hbox (9.6222pt too wide) in paragraph at lines 2--3
\JY2/mc/m/n/10 準
 []


Overfull \hbox (9.6222pt too wide) in paragraph at lines 2--3
\JY2/mc/m/n/10 拠
 []


Overfull \hbox (9.6222pt too wide) in paragraph at lines 2--3
\JY2/mc/m/n/10 し
 []


Overfull \hbox (9.6222pt too wide) in paragraph at lines 2--3
\JY2/mc/m/n/10 た
 []


Overfull \hbox (20.97227pt too wide) in paragraph at lines 2--3
\OT1/cmr/m/n/10 LMS
 []


Overfull \hbox (9.6222pt too wide) in paragraph at lines 2--3
\JY2/mc/m/n/10 で
 []


Overfull \hbox (9.6222pt too wide) in paragraph at lines 2--3
\JY2/mc/m/n/10 あ
 []


Overfull \hbox (9.6222pt too wide) in paragraph at lines 2--3
\JY2/mc/m/n/10 る
 []


Overfull \hbox (22.77783pt too wide) in paragraph at lines 2--3
\OT1/cmr/m/n/10 Moo-
 []


Overfull \hbox (17.5889pt too wide) in paragraph at lines 2--3
\OT1/cmr/m/n/10 dle\JY2/mc/m/n/10 、
 []


Overfull \hbox (21.11115pt too wide) in paragraph at lines 2--3
\OT1/cmr/m/n/10 Can-
 []


Overfull \hbox (13.6667pt too wide) in paragraph at lines 2--3
\OT1/cmr/m/n/10 vas
 []


Overfull \hbox (9.6222pt too wide) in paragraph at lines 2--3
\JY2/mc/m/n/10 を
 []


Overfull \hbox (9.6222pt too wide) in paragraph at lines 2--3
\JY2/mc/m/n/10 用
 []


Overfull \hbox (9.6222pt too wide) in paragraph at lines 2--3
\JY2/mc/m/n/10 い
 []


Overfull \hbox (9.6222pt too wide) in paragraph at lines 2--3
\JY2/mc/m/n/10 て
 []


Overfull \hbox (9.6222pt too wide) in paragraph at lines 2--3
\JY2/mc/m/n/10 の
 []


Overfull \hbox (9.6222pt too wide) in paragraph at lines 2--3
\JY2/mc/m/n/10 実
 []


Overfull \hbox (9.6222pt too wide) in paragraph at lines 2--3
\JY2/mc/m/n/10 装
 []


Overfull \hbox (9.6222pt too wide) in paragraph at lines 2--3
\JY2/mc/m/n/10 実
 []


Overfull \hbox (9.6222pt too wide) in paragraph at lines 2--3
\JY2/mc/m/n/10 験
 []


Overfull \hbox (9.6222pt too wide) in paragraph at lines 2--3
\JY2/mc/m/n/10 を
 []


Overfull \hbox (9.6222pt too wide) in paragraph at lines 2--3
\JY2/mc/m/n/10 行
 []


Overfull \hbox (9.6222pt too wide) in paragraph at lines 2--3
\JY2/mc/m/n/10 っ
 []


Overfull \hbox (13.93329pt too wide) in paragraph at lines 2--3
\JY2/mc/m/n/10 た 。 
 []

LaTeX Font Info:    Font shape `JT2/mc/m/n' will be
(Font)              scaled to size 9.6222pt on input line 3.
LaTeX Font Info:    Font shape `JY2/mc/m/n' will be
(Font)              scaled to size 9.6222pt on input line 3.

./experiment.tex:3: LaTeX Error: The font size command \normalsize is not defined:
               there is probably something wrong with the class file.

See the LaTeX manual or LaTeX Companion for explanation.
Type  H <return>  for immediate help.
 ...                                              
                                                  
l.3 
    
Your command was ignored.
Type  I <command> <return>  to replace it with another command,
or  <return>  to continue without it.

[1
./experiment.tex:3: Undefined control sequence.
<write> \newlabel{tag:experiment}{{}{\thepage 
                                              }}
l.3 
    
The control sequence at the end of the top line
of your error message was never \def'ed. If you have
misspelled it (e.g., `\hobx'), type `I' and the correct
spelling (e.g., `I\hbox'). Otherwise just continue,
and I'll forget about whatever was undefined.

\newlabel{tag:experiment}{{}{}}
]
./experiment.tex:4: Undefined control sequence.
l.4 \subsection
               {LTI使用方法}
The control sequence at the end of the top line
of your error message was never \def'ed. If you have
misspelled it (e.g., `\hobx'), type `I' and the correct
spelling (e.g., `I\hbox'). Otherwise just continue,
and I'll forget about whatever was undefined.


./experiment.tex:4: LaTeX Error: Missing \begin{document}.

See the LaTeX manual or LaTeX Companion for explanation.
Type  H <return>  for immediate help.
 ...                                              
                                                  
l.4 \subsection{L
                 TI使用方法}
You're in trouble here.  Try typing  <return>  to proceed.
If that doesn't work, type  X <return>  to quit.

LaTeX Font Info:    Font shape `JT2/mc/bx/n' in size <10> not available
(Font)              Font shape `JT2/gt/m/n' tried instead on input line 6.
LaTeX Font Info:    Font shape `JT2/gt/m/n' will be
(Font)              scaled to size 9.6222pt on input line 6.
LaTeX Font Info:    Font shape `JY2/mc/bx/n' in size <10> not available
(Font)              Font shape `JY2/gt/m/n' tried instead on input line 6.
LaTeX Font Info:    Font shape `JY2/gt/m/n' will be
(Font)              scaled to size 9.6222pt on input line 6.
./experiment.tex:6: Undefined control sequence.
<write> ...e `fig:moodle config' on page \thepage 
                                                  \space undefined\on@line .^^J
l.6 ...ル設定より図\ref{fig:moodle config}
                                                参照、ツール名、ツー
The control sequence at the end of the top line
of your error message was never \def'ed. If you have
misspelled it (e.g., `\hobx'), type `I' and the correct
spelling (e.g., `I\hbox'). Otherwise just continue,
and I'll forget about whatever was undefined.


LaTeX Warning: Reference `fig:moodle config' on page  undefined on input line 6.


./experiment.tex:7: LaTeX Error: Environment figure undefined.

See the LaTeX manual or LaTeX Companion for explanation.
Type  H <return>  for immediate help.
 ...                                              
                                                  
l.7 \begin{figure}
                  [htbp]
Your command was ignored.
Type  I <command> <return>  to replace it with another command,
or  <return>  to continue without it.


Overfull \hbox (36.25002pt too wide) in paragraph at lines 4--8
[]\OT1/cmr/m/n/10 LTI
 []


Overfull \hbox (9.6222pt too wide) in paragraph at lines 4--8
\JY2/mc/m/n/10 使
 []


Overfull \hbox (9.6222pt too wide) in paragraph at lines 4--8
\JY2/mc/m/n/10 用
 []


Overfull \hbox (9.6222pt too wide) in paragraph at lines 4--8
\JY2/mc/m/n/10 方
 []


Overfull \hbox (9.6222pt too wide) in paragraph at lines 4--8
\JY2/mc/m/n/10 法
 []


Overfull \hbox (20.97227pt too wide) in paragraph at lines 4--8
\OT1/cmr/m/n/10 LMS
 []


Overfull \hbox (9.6222pt too wide) in paragraph at lines 4--8
\JY2/mc/m/n/10 上
 []


Overfull \hbox (9.6222pt too wide) in paragraph at lines 4--8
\JY2/mc/m/n/10 で
 []


Overfull \hbox (19.44449pt too wide) in paragraph at lines 4--8
\OT1/cmr/m/n/10 Tool
 []


Overfull \hbox (60.05003pt too wide) in paragraph at lines 4--8
\OT1/cmr/m/n/10 Provider(\JY2/mc/m/n/10 ツ ー
 []


Overfull \hbox (14.43329pt too wide) in paragraph at lines 4--8
\JY2/mc/m/n/10 ル ・
 []


Overfull \hbox (9.6222pt too wide) in paragraph at lines 4--8
\JY2/mc/m/n/10 プ
 []


Overfull \hbox (9.6222pt too wide) in paragraph at lines 4--8
\JY2/mc/m/n/10 ロ
 []


Overfull \hbox (9.6222pt too wide) in paragraph at lines 4--8
\JY2/mc/m/n/10 バ
 []


Overfull \hbox (9.6222pt too wide) in paragraph at lines 4--8
\JY2/mc/m/n/10 イ
 []


Overfull \hbox (13.5111pt too wide) in paragraph at lines 4--8
\JY2/mc/m/n/10 ダ\OT1/cmr/m/n/10 )
 []


Overfull \hbox (9.6222pt too wide) in paragraph at lines 4--8
\JY2/mc/m/n/10 を
 []


Overfull \hbox (9.6222pt too wide) in paragraph at lines 4--8
\JY2/mc/m/n/10 使
 []


Overfull \hbox (9.6222pt too wide) in paragraph at lines 4--8
\JY2/mc/m/n/10 用
 []


Overfull \hbox (9.6222pt too wide) in paragraph at lines 4--8
\JY2/mc/m/n/10 す
 []


Overfull \hbox (9.6222pt too wide) in paragraph at lines 4--8
\JY2/mc/m/n/10 る
 []


Overfull \hbox (9.6222pt too wide) in paragraph at lines 4--8
\JY2/mc/m/n/10 に
 []


Overfull \hbox (13.93329pt too wide) in paragraph at lines 4--8
\JY2/mc/m/n/10 は 、
 []


Overfull \hbox (9.6222pt too wide) in paragraph at lines 4--8
\JY2/mc/m/n/10 各
 []


Overfull \hbox (20.97227pt too wide) in paragraph at lines 4--8
\OT1/cmr/m/n/10 LMS
 []


Overfull \hbox (9.6222pt too wide) in paragraph at lines 4--8
\JY2/mc/m/n/10 上
 []


Overfull \hbox (9.6222pt too wide) in paragraph at lines 4--8
\JY2/mc/m/n/10 で
 []


Overfull \hbox (9.6222pt too wide) in paragraph at lines 4--8
\JY2/mc/m/n/10 外
 []


Overfull \hbox (9.6222pt too wide) in paragraph at lines 4--8
\JY2/mc/m/n/10 部
 []


Overfull \hbox (18.74438pt too wide) in paragraph at lines 4--8
\JY2/mc/m/n/10 ツ ー
 []


Overfull \hbox (9.6222pt too wide) in paragraph at lines 4--8
\JY2/mc/m/n/10 ル
 []


Overfull \hbox (9.6222pt too wide) in paragraph at lines 4--8
\JY2/mc/m/n/10 の
 []


Overfull \hbox (9.6222pt too wide) in paragraph at lines 4--8
\JY2/mc/m/n/10 設
 []


Overfull \hbox (9.6222pt too wide) in paragraph at lines 4--8
\JY2/mc/m/n/10 定
 []


Overfull \hbox (9.6222pt too wide) in paragraph at lines 4--8
\JY2/mc/m/n/10 を
 []


Overfull \hbox (9.6222pt too wide) in paragraph at lines 4--8
\JY2/mc/m/n/10 変
 []


Overfull \hbox (9.6222pt too wide) in paragraph at lines 4--8
\JY2/mc/m/n/10 更
 []


Overfull \hbox (9.6222pt too wide) in paragraph at lines 4--8
\JY2/mc/m/n/10 す
 []


Overfull \hbox (9.6222pt too wide) in paragraph at lines 4--8
\JY2/mc/m/n/10 る
 []


Overfull \hbox (9.6222pt too wide) in paragraph at lines 4--8
\JY2/mc/m/n/10 必
 []


Overfull \hbox (9.6222pt too wide) in paragraph at lines 4--8
\JY2/mc/m/n/10 要
 []


Overfull \hbox (9.6222pt too wide) in paragraph at lines 4--8
\JY2/mc/m/n/10 が
 []


Overfull \hbox (9.6222pt too wide) in paragraph at lines 4--8
\JY2/mc/m/n/10 あ
 []


Overfull \hbox (13.93329pt too wide) in paragraph at lines 4--8
\JY2/mc/m/n/10 る 。
 []


Overfull \hbox (9.6222pt too wide) in paragraph at lines 4--8
\JY2/mc/m/n/10 例
 []


Overfull \hbox (9.6222pt too wide) in paragraph at lines 4--8
\JY2/mc/m/n/10 と
 []


Overfull \hbox (9.6222pt too wide) in paragraph at lines 4--8
\JY2/mc/m/n/10 し
 []


Overfull \hbox (13.93329pt too wide) in paragraph at lines 4--8
\JY2/mc/m/n/10 て 、
 []


Overfull \hbox (21.9445pt too wide) in paragraph at lines 4--8
\OT1/cmr/m/n/10 moo-
 []


Overfull \hbox (12.7778pt too wide) in paragraph at lines 4--8
\OT1/cmr/m/n/10 dle
 []


Overfull \hbox (9.6222pt too wide) in paragraph at lines 4--8
\JY2/mc/m/n/10 で
 []


Overfull \hbox (9.6222pt too wide) in paragraph at lines 4--8
\JY2/mc/m/n/10 の
 []


Overfull \hbox (9.6222pt too wide) in paragraph at lines 4--8
\JY2/mc/m/n/10 使
 []


Overfull \hbox (9.6222pt too wide) in paragraph at lines 4--8
\JY2/mc/m/n/10 用
 []


Overfull \hbox (9.6222pt too wide) in paragraph at lines 4--8
\JY2/mc/m/n/10 方
 []


Overfull \hbox (9.6222pt too wide) in paragraph at lines 4--8
\JY2/mc/m/n/10 法
 []


Overfull \hbox (9.6222pt too wide) in paragraph at lines 4--8
\JY2/mc/m/n/10 を
 []


Overfull \hbox (9.6222pt too wide) in paragraph at lines 4--8
\JY2/mc/m/n/10 説
 []


Overfull \hbox (9.6222pt too wide) in paragraph at lines 4--8
\JY2/mc/m/n/10 明
 []


Overfull \hbox (9.6222pt too wide) in paragraph at lines 4--8
\JY2/mc/m/n/10 す
 []


Overfull \hbox (13.93329pt too wide) in paragraph at lines 4--8
\JY2/mc/m/n/10 る 。 
 []


Overfull \hbox (31.66676pt too wide) in paragraph at lines 4--8
[]\OT1/cmr/m/n/10 moodle
 []


Overfull \hbox (9.6222pt too wide) in paragraph at lines 4--8
\JY2/mc/m/n/10 で
 []


Overfull \hbox (9.6222pt too wide) in paragraph at lines 4--8
\JY2/mc/m/n/10 は
 []


Overfull \hbox (9.6222pt too wide) in paragraph at lines 4--8
\JY2/mc/m/n/10 外
 []


Overfull \hbox (9.6222pt too wide) in paragraph at lines 4--8
\JY2/mc/m/n/10 部
 []


Overfull \hbox (18.74438pt too wide) in paragraph at lines 4--8
\JY2/mc/m/n/10 ツ ー
 []


Overfull \hbox (9.6222pt too wide) in paragraph at lines 4--8
\JY2/mc/m/n/10 ル
 []


Overfull \hbox (9.6222pt too wide) in paragraph at lines 4--8
\JY2/mc/m/n/10 設
 []


Overfull \hbox (9.6222pt too wide) in paragraph at lines 4--8
\JY2/mc/m/n/10 定
 []


Overfull \hbox (9.6222pt too wide) in paragraph at lines 4--8
\JY2/mc/m/n/10 よ
 []


Overfull \hbox (9.6222pt too wide) in paragraph at lines 4--8
\JY2/mc/m/n/10 り
 []


Overfull \hbox (9.6222pt too wide) in paragraph at lines 4--8
\JY2/mc/m/n/10 図
 []


Overfull \hbox (10.86105pt too wide) in paragraph at lines 4--8
[]
 []


Overfull \hbox (9.6222pt too wide) in paragraph at lines 4--8
\JY2/mc/m/n/10 参
 []


Overfull \hbox (13.93329pt too wide) in paragraph at lines 4--8
\JY2/mc/m/n/10 照 、
 []


Overfull \hbox (18.74438pt too wide) in paragraph at lines 4--8
\JY2/mc/m/n/10 ツ ー
 []


Overfull \hbox (9.6222pt too wide) in paragraph at lines 4--8
\JY2/mc/m/n/10 ル
 []


Overfull \hbox (13.93329pt too wide) in paragraph at lines 4--8
\JY2/mc/m/n/10 名 、
 []


Overfull \hbox (18.74438pt too wide) in paragraph at lines 4--8
\JY2/mc/m/n/10 ツ ー
 []


Overfull \hbox (9.6222pt too wide) in paragraph at lines 4--8
\JY2/mc/m/n/10 ル
 []


Overfull \hbox (25.92224pt too wide) in paragraph at lines 4--8
\OT1/cmr/m/n/10 URL\JY2/mc/m/n/10 、
 []


Overfull \hbox (9.6222pt too wide) in paragraph at lines 4--8
\JY2/mc/m/n/10 コ
 []


Overfull \hbox (9.6222pt too wide) in paragraph at lines 4--8
\JY2/mc/m/n/10 ン
 []


Overfull \hbox (9.6222pt too wide) in paragraph at lines 4--8
\JY2/mc/m/n/10 シ
 []


Overfull \hbox (18.74438pt too wide) in paragraph at lines 4--8
\JY2/mc/m/n/10 ュ ー
 []


Overfull \hbox (9.6222pt too wide) in paragraph at lines 4--8
\JY2/mc/m/n/10 マ
 []


Overfull \hbox (23.05548pt too wide) in paragraph at lines 4--8
\JY2/mc/m/n/10 キ ー 、
 []


Overfull \hbox (9.6222pt too wide) in paragraph at lines 4--8
\JY2/mc/m/n/10 秘
 []


Overfull \hbox (9.6222pt too wide) in paragraph at lines 4--8
\JY2/mc/m/n/10 密
 []


Overfull \hbox (9.6222pt too wide) in paragraph at lines 4--8
\JY2/mc/m/n/10 鍵
 []


Overfull \hbox (9.6222pt too wide) in paragraph at lines 4--8
\JY2/mc/m/n/10 の
 []


Overfull \hbox (9.6222pt too wide) in paragraph at lines 4--8
\JY2/mc/m/n/10 設
 []


Overfull \hbox (9.6222pt too wide) in paragraph at lines 4--8
\JY2/mc/m/n/10 定
 []


Overfull \hbox (9.6222pt too wide) in paragraph at lines 4--8
\JY2/mc/m/n/10 を
 []


Overfull \hbox (9.6222pt too wide) in paragraph at lines 4--8
\JY2/mc/m/n/10 す
 []


Overfull \hbox (9.6222pt too wide) in paragraph at lines 4--8
\JY2/mc/m/n/10 る
 []


Overfull \hbox (9.6222pt too wide) in paragraph at lines 4--8
\JY2/mc/m/n/10 必
 []


Overfull \hbox (9.6222pt too wide) in paragraph at lines 4--8
\JY2/mc/m/n/10 要
 []


Overfull \hbox (9.6222pt too wide) in paragraph at lines 4--8
\JY2/mc/m/n/10 が
 []


Overfull \hbox (9.6222pt too wide) in paragraph at lines 4--8
\JY2/mc/m/n/10 あ
 []


Overfull \hbox (13.93329pt too wide) in paragraph at lines 4--8
\JY2/mc/m/n/10 る 。
 []


Overfull \hbox (9.6222pt too wide) in paragraph at lines 4--8
\JY2/mc/m/n/10 こ
 []


Overfull \hbox (9.6222pt too wide) in paragraph at lines 4--8
\JY2/mc/m/n/10 れ
 []


Overfull \hbox (9.6222pt too wide) in paragraph at lines 4--8
\JY2/mc/m/n/10 ら
 []


Overfull \hbox (9.6222pt too wide) in paragraph at lines 4--8
\JY2/mc/m/n/10 の
 []


Overfull \hbox (9.6222pt too wide) in paragraph at lines 4--8
\JY2/mc/m/n/10 設
 []


Overfull \hbox (9.6222pt too wide) in paragraph at lines 4--8
\JY2/mc/m/n/10 定
 []


Overfull \hbox (9.6222pt too wide) in paragraph at lines 4--8
\JY2/mc/m/n/10 を
 []


Overfull \hbox (9.6222pt too wide) in paragraph at lines 4--8
\JY2/mc/m/n/10 得
 []


Overfull \hbox (13.93329pt too wide) in paragraph at lines 4--8
\JY2/mc/m/n/10 て 、
 []


Overfull \hbox (21.9445pt too wide) in paragraph at lines 4--8
\OT1/cmr/m/n/10 moo-
 []


Overfull \hbox (12.7778pt too wide) in paragraph at lines 4--8
\OT1/cmr/m/n/10 dle
 []


Overfull \hbox (9.6222pt too wide) in paragraph at lines 4--8
\JY2/mc/m/n/10 か
 []


Overfull \hbox (9.6222pt too wide) in paragraph at lines 4--8
\JY2/mc/m/n/10 ら
 []


Overfull \hbox (19.44449pt too wide) in paragraph at lines 4--8
\OT1/cmr/m/n/10 Tool
 []


Overfull \hbox (60.05003pt too wide) in paragraph at lines 4--8
\OT1/cmr/m/n/10 Provider(\JY2/mc/m/n/10 ツ ー
 []


Overfull \hbox (14.43329pt too wide) in paragraph at lines 4--8
\JY2/mc/m/n/10 ル ・
 []


Overfull \hbox (9.6222pt too wide) in paragraph at lines 4--8
\JY2/mc/m/n/10 プ
 []


Overfull \hbox (9.6222pt too wide) in paragraph at lines 4--8
\JY2/mc/m/n/10 ロ
 []


Overfull \hbox (9.6222pt too wide) in paragraph at lines 4--8
\JY2/mc/m/n/10 パ
 []


Overfull \hbox (9.6222pt too wide) in paragraph at lines 4--8
\JY2/mc/m/n/10 イ
 []


Overfull \hbox (13.5111pt too wide) in paragraph at lines 4--8
\JY2/mc/m/n/10 ダ\OT1/cmr/m/n/10 )
 []


Overfull \hbox (9.6222pt too wide) in paragraph at lines 4--8
\JY2/mc/m/n/10 を
 []


Overfull \hbox (9.6222pt too wide) in paragraph at lines 4--8
\JY2/mc/m/n/10 利
 []


Overfull \hbox (9.6222pt too wide) in paragraph at lines 4--8
\JY2/mc/m/n/10 用
 []


Overfull \hbox (9.6222pt too wide) in paragraph at lines 4--8
\JY2/mc/m/n/10 す
 []


Overfull \hbox (9.6222pt too wide) in paragraph at lines 4--8
\JY2/mc/m/n/10 る
 []


Overfull \hbox (9.6222pt too wide) in paragraph at lines 4--8
\JY2/mc/m/n/10 こ
 []


Overfull \hbox (9.6222pt too wide) in paragraph at lines 4--8
\JY2/mc/m/n/10 と
 []


Overfull \hbox (9.6222pt too wide) in paragraph at lines 4--8
\JY2/mc/m/n/10 が
 []


Overfull \hbox (9.6222pt too wide) in paragraph at lines 4--8
\JY2/mc/m/n/10 可
 []


Overfull \hbox (9.6222pt too wide) in paragraph at lines 4--8
\JY2/mc/m/n/10 能
 []


Overfull \hbox (9.6222pt too wide) in paragraph at lines 4--8
\JY2/mc/m/n/10 と
 []


Overfull \hbox (9.6222pt too wide) in paragraph at lines 4--8
\JY2/mc/m/n/10 な
 []


Overfull \hbox (13.93329pt too wide) in paragraph at lines 4--8
\JY2/mc/m/n/10 る 。 
 []


Overfull \hbox (25.8334pt too wide) in paragraph at lines 4--8
[]\OT1/cmr/m/n/10 [htbp] 
 []

./experiment.tex:9: Undefined control sequence.
l.9     \resizebox
                  {\textwidth}{!}{\includegraphics{img/moodleSet.png}}
The control sequence at the end of the top line
of your error message was never \def'ed. If you have
misspelled it (e.g., `\hobx'), type `I' and the correct
spelling (e.g., `I\hbox'). Otherwise just continue,
and I'll forget about whatever was undefined.

./experiment.tex:9: Missing number, treated as zero.
<to be read again> 
                   }
l.9     \resizebox{\textwidth}
                              {!}{\includegraphics{img/moodleSet.png}}
A number should have been here; I inserted `0'.
(If you can't figure out why I needed to see a number,
look up `weird error' in the index to The TeXbook.)

./experiment.tex:9: Illegal unit of measure (pt inserted).
<to be read again> 
                   }
l.9     \resizebox{\textwidth}
                              {!}{\includegraphics{img/moodleSet.png}}
Dimensions can be in units of em, ex, zw, zh, in, pt, pc,
cm, mm, dd, cc, bp, H, Q, or sp; but yours is a new one!
I'll assume that you meant to say pt, for printer's points.
To recover gracefully from this error, it's best to
delete the erroneous units; e.g., type `2' to delete
two letters. (See Chapter 27 of The TeXbook.)

./experiment.tex:9: Undefined control sequence.
l.9     \resizebox{\textwidth}{!}{\includegraphics
                                                  {img/moodleSet.png}}
The control sequence at the end of the top line
of your error message was never \def'ed. If you have
misspelled it (e.g., `\hobx'), type `I' and the correct
spelling (e.g., `I\hbox'). Otherwise just continue,
and I'll forget about whatever was undefined.


./experiment.tex:10: LaTeX Error: \caption outside float.

See the LaTeX manual or LaTeX Companion for explanation.
Type  H <return>  for immediate help.
 ...                                              
                                                  
l.10     \caption
                 {moodle 外部ツール設定画面}
You're in trouble here.  Try typing  <return>  to proceed.
If that doesn't work, type  X <return>  to quit.


Overfull \hbox (88.33359pt too wide) in paragraph at lines 9--12
 \OT1/cmr/m/n/10 !img/moodleSet.png 
 []


Overfull \hbox (21.9445pt too wide) in paragraph at lines 9--12
 \OT1/cmr/m/n/10 moo- 
 []


Overfull \hbox (12.7778pt too wide) in paragraph at lines 9--12
 \OT1/cmr/m/n/10 dle 
 []


Overfull \hbox (9.6222pt too wide) in paragraph at lines 9--12
 \JY2/mc/m/n/10 外 
 []


Overfull \hbox (9.6222pt too wide) in paragraph at lines 9--12
 \JY2/mc/m/n/10 部 
 []


Overfull \hbox (18.74438pt too wide) in paragraph at lines 9--12
 \JY2/mc/m/n/10 ツ ー 
 []


Overfull \hbox (9.6222pt too wide) in paragraph at lines 9--12
 \JY2/mc/m/n/10 ル 
 []


Overfull \hbox (9.6222pt too wide) in paragraph at lines 9--12
 \JY2/mc/m/n/10 設 
 []


Overfull \hbox (9.6222pt too wide) in paragraph at lines 9--12
 \JY2/mc/m/n/10 定 
 []


Overfull \hbox (9.6222pt too wide) in paragraph at lines 9--12
 \JY2/mc/m/n/10 画 
 []


Overfull \hbox (9.6222pt too wide) in paragraph at lines 9--12
 \JY2/mc/m/n/10 面[] 
 []


./experiment.tex:13: LaTeX Error: \begin{document} ended by \end{figure}.

See the LaTeX manual or LaTeX Companion for explanation.
Type  H <return>  for immediate help.
 ...                                              
                                                  
l.13 \end{figure}
                 
Your command was ignored.
Type  I <command> <return>  to replace it with another command,
or  <return>  to continue without it.

./experiment.tex:15: Undefined control sequence.
l.15 \subsection
                {成績反映に使うデータ}
The control sequence at the end of the top line
of your error message was never \def'ed. If you have
misspelled it (e.g., `\hobx'), type `I' and the correct
spelling (e.g., `I\hbox'). Otherwise just continue,
and I'll forget about whatever was undefined.

./experiment.tex:16: Undefined control sequence.
<write> ...: Reference `fig:XML' on page \thepage 
                                                  \space undefined\on@line .^^J
l.16 実際に送信するXLMを図\ref{fig:XML}
                                                に示し、使用する値...
The control sequence at the end of the top line
of your error message was never \def'ed. If you have
misspelled it (e.g., `\hobx'), type `I' and the correct
spelling (e.g., `I\hbox'). Otherwise just continue,
and I'll forget about whatever was undefined.


LaTeX Warning: Reference `fig:XML' on page  undefined on input line 16.


Overfull \hbox (29.6222pt too wide) in paragraph at lines 15--19
[]\JY2/mc/m/n/10 成
 []


Overfull \hbox (9.6222pt too wide) in paragraph at lines 15--19
\JY2/mc/m/n/10 績
 []


Overfull \hbox (9.6222pt too wide) in paragraph at lines 15--19
\JY2/mc/m/n/10 反
 []


Overfull \hbox (9.6222pt too wide) in paragraph at lines 15--19
\JY2/mc/m/n/10 映
 []


Overfull \hbox (9.6222pt too wide) in paragraph at lines 15--19
\JY2/mc/m/n/10 に
 []


Overfull \hbox (9.6222pt too wide) in paragraph at lines 15--19
\JY2/mc/m/n/10 使
 []


Overfull \hbox (9.6222pt too wide) in paragraph at lines 15--19
\JY2/mc/m/n/10 う
 []


Overfull \hbox (18.74438pt too wide) in paragraph at lines 15--19
\JY2/mc/m/n/10 デ ー
 []


Overfull \hbox (9.6222pt too wide) in paragraph at lines 15--19
\JY2/mc/m/n/10 タ
 []


Overfull \hbox (9.6222pt too wide) in paragraph at lines 15--19
\JY2/mc/m/n/10 実
 []


Overfull \hbox (9.6222pt too wide) in paragraph at lines 15--19
\JY2/mc/m/n/10 際
 []


Overfull \hbox (9.6222pt too wide) in paragraph at lines 15--19
\JY2/mc/m/n/10 に
 []


Overfull \hbox (9.6222pt too wide) in paragraph at lines 15--19
\JY2/mc/m/n/10 送
 []


Overfull \hbox (9.6222pt too wide) in paragraph at lines 15--19
\JY2/mc/m/n/10 信
 []


Overfull \hbox (9.6222pt too wide) in paragraph at lines 15--19
\JY2/mc/m/n/10 す
 []


Overfull \hbox (9.6222pt too wide) in paragraph at lines 15--19
\JY2/mc/m/n/10 る
 []


Overfull \hbox (22.91672pt too wide) in paragraph at lines 15--19
\OT1/cmr/m/n/10 XLM
 []


Overfull \hbox (9.6222pt too wide) in paragraph at lines 15--19
\JY2/mc/m/n/10 を
 []


Overfull \hbox (9.6222pt too wide) in paragraph at lines 15--19
\JY2/mc/m/n/10 図
 []


Overfull \hbox (10.86105pt too wide) in paragraph at lines 15--19
[]
 []


Overfull \hbox (9.6222pt too wide) in paragraph at lines 15--19
\JY2/mc/m/n/10 に
 []


Overfull \hbox (9.6222pt too wide) in paragraph at lines 15--19
\JY2/mc/m/n/10 示
 []


Overfull \hbox (13.93329pt too wide) in paragraph at lines 15--19
\JY2/mc/m/n/10 し 、
 []


Overfull \hbox (9.6222pt too wide) in paragraph at lines 15--19
\JY2/mc/m/n/10 使
 []


Overfull \hbox (9.6222pt too wide) in paragraph at lines 15--19
\JY2/mc/m/n/10 用
 []


Overfull \hbox (9.6222pt too wide) in paragraph at lines 15--19
\JY2/mc/m/n/10 す
 []


Overfull \hbox (9.6222pt too wide) in paragraph at lines 15--19
\JY2/mc/m/n/10 る
 []


Overfull \hbox (9.6222pt too wide) in paragraph at lines 15--19
\JY2/mc/m/n/10 値
 []


Overfull \hbox (9.6222pt too wide) in paragraph at lines 15--19
\JY2/mc/m/n/10 に
 []


Overfull \hbox (9.6222pt too wide) in paragraph at lines 15--19
\JY2/mc/m/n/10 つ
 []


Overfull \hbox (9.6222pt too wide) in paragraph at lines 15--19
\JY2/mc/m/n/10 い
 []


Overfull \hbox (9.6222pt too wide) in paragraph at lines 15--19
\JY2/mc/m/n/10 て
 []


Overfull \hbox (9.6222pt too wide) in paragraph at lines 15--19
\JY2/mc/m/n/10 の
 []


Overfull \hbox (9.6222pt too wide) in paragraph at lines 15--19
\JY2/mc/m/n/10 解
 []


Overfull \hbox (9.6222pt too wide) in paragraph at lines 15--19
\JY2/mc/m/n/10 説
 []


Overfull \hbox (9.6222pt too wide) in paragraph at lines 15--19
\JY2/mc/m/n/10 を
 []


Overfull \hbox (9.6222pt too wide) in paragraph at lines 15--19
\JY2/mc/m/n/10 す
 []


Overfull \hbox (13.93329pt too wide) in paragraph at lines 15--19
\JY2/mc/m/n/10 る 。 
 []


Overfull \hbox (18.74438pt too wide) in paragraph at lines 15--19
\JY2/mc/m/n/10 ユ ー
 []


Overfull \hbox (18.74438pt too wide) in paragraph at lines 15--19
\JY2/mc/m/n/10 ザ ー
 []


Overfull \hbox (9.6222pt too wide) in paragraph at lines 15--19
\JY2/mc/m/n/10 を
 []


Overfull \hbox (9.6222pt too wide) in paragraph at lines 15--19
\JY2/mc/m/n/10 識
 []


Overfull \hbox (9.6222pt too wide) in paragraph at lines 15--19
\JY2/mc/m/n/10 別
 []


Overfull \hbox (9.6222pt too wide) in paragraph at lines 15--19
\JY2/mc/m/n/10 す
 []


Overfull \hbox (9.6222pt too wide) in paragraph at lines 15--19
\JY2/mc/m/n/10 る
 []


Overfull \hbox (9.6222pt too wide) in paragraph at lines 15--19
\JY2/mc/m/n/10 た
 []


Overfull \hbox (9.6222pt too wide) in paragraph at lines 15--19
\JY2/mc/m/n/10 め
 []


Overfull \hbox (9.6222pt too wide) in paragraph at lines 15--19
\JY2/mc/m/n/10 の
 []


Overfull \hbox (9.6222pt too wide) in paragraph at lines 15--19
\JY2/mc/m/n/10 番
 []


Overfull \hbox (9.6222pt too wide) in paragraph at lines 15--19
\JY2/mc/m/n/10 号
 []


Overfull \hbox (9.6222pt too wide) in paragraph at lines 15--19
\JY2/mc/m/n/10 は
 []


Overfull \hbox (33.4167pt too wide) in paragraph at lines 15--19
\OT1/cmr/m/n/10 <source-
 []


Overfull \hbox (19.44449pt too wide) in paragraph at lines 15--19
\OT1/cmr/m/n/10 dId>
 []


Overfull \hbox (9.6222pt too wide) in paragraph at lines 15--19
\JY2/mc/m/n/10 タ
 []


Overfull \hbox (9.6222pt too wide) in paragraph at lines 15--19
\JY2/mc/m/n/10 グ
 []


Overfull \hbox (9.6222pt too wide) in paragraph at lines 15--19
\JY2/mc/m/n/10 を
 []


Overfull \hbox (9.6222pt too wide) in paragraph at lines 15--19
\JY2/mc/m/n/10 使
 []


Overfull \hbox (13.93329pt too wide) in paragraph at lines 15--19
\JY2/mc/m/n/10 用 。
 []


Overfull \hbox (18.74438pt too wide) in paragraph at lines 15--19
\JY2/mc/m/n/10 ツ ー
 []


Overfull \hbox (9.6222pt too wide) in paragraph at lines 15--19
\JY2/mc/m/n/10 ル
 []


Overfull \hbox (9.6222pt too wide) in paragraph at lines 15--19
\JY2/mc/m/n/10 コ
 []


Overfull \hbox (9.6222pt too wide) in paragraph at lines 15--19
\JY2/mc/m/n/10 ン
 []


Overfull \hbox (9.6222pt too wide) in paragraph at lines 15--19
\JY2/mc/m/n/10 シ
 []


Overfull \hbox (18.74438pt too wide) in paragraph at lines 15--19
\JY2/mc/m/n/10 ュ ー
 []


Overfull \hbox (9.6222pt too wide) in paragraph at lines 15--19
\JY2/mc/m/n/10 マ
 []


Overfull \hbox (9.6222pt too wide) in paragraph at lines 15--19
\JY2/mc/m/n/10 か
 []


Overfull \hbox (9.6222pt too wide) in paragraph at lines 15--19
\JY2/mc/m/n/10 ら
 []


Overfull \hbox (18.74438pt too wide) in paragraph at lines 15--19
\JY2/mc/m/n/10 ユ ー
 []


Overfull \hbox (18.74438pt too wide) in paragraph at lines 15--19
\JY2/mc/m/n/10 ザ ー
 []


Overfull \hbox (11.25002pt too wide) in paragraph at lines 15--19
\OT1/cmr/m/n/10 ID
 []


Overfull \hbox (9.6222pt too wide) in paragraph at lines 15--19
\JY2/mc/m/n/10 が
 []


Overfull \hbox (9.6222pt too wide) in paragraph at lines 15--19
\JY2/mc/m/n/10 送
 []


Overfull \hbox (9.6222pt too wide) in paragraph at lines 15--19
\JY2/mc/m/n/10 信
 []


Overfull \hbox (9.6222pt too wide) in paragraph at lines 15--19
\JY2/mc/m/n/10 さ
 []


Overfull \hbox (9.6222pt too wide) in paragraph at lines 15--19
\JY2/mc/m/n/10 れ
 []


Overfull \hbox (9.6222pt too wide) in paragraph at lines 15--19
\JY2/mc/m/n/10 る
 []


Overfull \hbox (9.6222pt too wide) in paragraph at lines 15--19
\JY2/mc/m/n/10 の
 []


Overfull \hbox (13.93329pt too wide) in paragraph at lines 15--19
\JY2/mc/m/n/10 で 、
 []


Overfull \hbox (33.4167pt too wide) in paragraph at lines 15--19
\OT1/cmr/m/n/10 <source-
 []


Overfull \hbox (19.44449pt too wide) in paragraph at lines 15--19
\OT1/cmr/m/n/10 dId>
 []


Overfull \hbox (9.6222pt too wide) in paragraph at lines 15--19
\JY2/mc/m/n/10 タ
 []


Overfull \hbox (9.6222pt too wide) in paragraph at lines 15--19
\JY2/mc/m/n/10 グ
 []


Overfull \hbox (9.6222pt too wide) in paragraph at lines 15--19
\JY2/mc/m/n/10 内
 []


Overfull \hbox (9.6222pt too wide) in paragraph at lines 15--19
\JY2/mc/m/n/10 に
 []


Overfull \hbox (9.6222pt too wide) in paragraph at lines 15--19
\JY2/mc/m/n/10 書
 []


Overfull \hbox (9.6222pt too wide) in paragraph at lines 15--19
\JY2/mc/m/n/10 き
 []


Overfull \hbox (9.6222pt too wide) in paragraph at lines 15--19
\JY2/mc/m/n/10 換
 []


Overfull \hbox (9.6222pt too wide) in paragraph at lines 15--19
\JY2/mc/m/n/10 え
 []


Overfull \hbox (13.93329pt too wide) in paragraph at lines 15--19
\JY2/mc/m/n/10 て 、
 []


Overfull \hbox (9.6222pt too wide) in paragraph at lines 15--19
\JY2/mc/m/n/10 送
 []


Overfull \hbox (9.6222pt too wide) in paragraph at lines 15--19
\JY2/mc/m/n/10 信
 []


Overfull \hbox (9.6222pt too wide) in paragraph at lines 15--19
\JY2/mc/m/n/10 す
 []


Overfull \hbox (13.93329pt too wide) in paragraph at lines 15--19
\JY2/mc/m/n/10 る 。
 []


Overfull \hbox (9.6222pt too wide) in paragraph at lines 15--19
\JY2/mc/m/n/10 成
 []


Overfull \hbox (9.6222pt too wide) in paragraph at lines 15--19
\JY2/mc/m/n/10 績
 []


Overfull \hbox (18.74438pt too wide) in paragraph at lines 15--19
\JY2/mc/m/n/10 デ ー
 []


Overfull \hbox (9.6222pt too wide) in paragraph at lines 15--19
\JY2/mc/m/n/10 タ
 []


Overfull \hbox (9.6222pt too wide) in paragraph at lines 15--19
\JY2/mc/m/n/10 に
 []


Overfull \hbox (9.6222pt too wide) in paragraph at lines 15--19
\JY2/mc/m/n/10 関
 []


Overfull \hbox (9.6222pt too wide) in paragraph at lines 15--19
\JY2/mc/m/n/10 し
 []


Overfull \hbox (9.6222pt too wide) in paragraph at lines 15--19
\JY2/mc/m/n/10 て
 []


Overfull \hbox (9.6222pt too wide) in paragraph at lines 15--19
\JY2/mc/m/n/10 は
 []


Overfull \hbox (51.69458pt too wide) in paragraph at lines 15--19
\OT1/cmr/m/n/10 <textString>
 []


Overfull \hbox (9.6222pt too wide) in paragraph at lines 15--19
\JY2/mc/m/n/10 タ
 []


Overfull \hbox (9.6222pt too wide) in paragraph at lines 15--19
\JY2/mc/m/n/10 グ
 []


Overfull \hbox (9.6222pt too wide) in paragraph at lines 15--19
\JY2/mc/m/n/10 を
 []


Overfull \hbox (9.6222pt too wide) in paragraph at lines 15--19
\JY2/mc/m/n/10 使
 []


Overfull \hbox (13.93329pt too wide) in paragraph at lines 15--19
\JY2/mc/m/n/10 用 。
 []


Overfull \hbox (27.77785pt too wide) in paragraph at lines 15--19
\OT1/cmr/m/n/10 0.0 1.0
 []


Overfull \hbox (9.6222pt too wide) in paragraph at lines 15--19
\JY2/mc/m/n/10 ま
 []


Overfull \hbox (9.6222pt too wide) in paragraph at lines 15--19
\JY2/mc/m/n/10 で
 []


Overfull \hbox (9.6222pt too wide) in paragraph at lines 15--19
\JY2/mc/m/n/10 の
 []


Overfull \hbox (9.6222pt too wide) in paragraph at lines 15--19
\JY2/mc/m/n/10 範
 []


Overfull \hbox (9.6222pt too wide) in paragraph at lines 15--19
\JY2/mc/m/n/10 囲
 []


Overfull \hbox (9.6222pt too wide) in paragraph at lines 15--19
\JY2/mc/m/n/10 で
 []


Overfull \hbox (9.6222pt too wide) in paragraph at lines 15--19
\JY2/mc/m/n/10 得
 []


Overfull \hbox (9.6222pt too wide) in paragraph at lines 15--19
\JY2/mc/m/n/10 点
 []


Overfull \hbox (9.6222pt too wide) in paragraph at lines 15--19
\JY2/mc/m/n/10 を
 []


Overfull \hbox (9.6222pt too wide) in paragraph at lines 15--19
\JY2/mc/m/n/10 操
 []


Overfull \hbox (9.6222pt too wide) in paragraph at lines 15--19
\JY2/mc/m/n/10 作
 []


Overfull \hbox (9.6222pt too wide) in paragraph at lines 15--19
\JY2/mc/m/n/10 で
 []


Overfull \hbox (13.93329pt too wide) in paragraph at lines 15--19
\JY2/mc/m/n/10 き 、
 []


Overfull \hbox (12.77782pt too wide) in paragraph at lines 15--19
\OT1/cmr/m/n/10 1.0
 []


Overfull \hbox (9.6222pt too wide) in paragraph at lines 15--19
\JY2/mc/m/n/10 で
 []


Overfull \hbox (15.00005pt too wide) in paragraph at lines 15--19
\OT1/cmr/m/n/10 100
 []


Overfull \hbox (9.6222pt too wide) in paragraph at lines 15--19
\JY2/mc/m/n/10 点
 []


Overfull \hbox (9.6222pt too wide) in paragraph at lines 15--19
\JY2/mc/m/n/10 と
 []


Overfull \hbox (9.6222pt too wide) in paragraph at lines 15--19
\JY2/mc/m/n/10 な
 []


Overfull \hbox (13.93329pt too wide) in paragraph at lines 15--19
\JY2/mc/m/n/10 る 。
 []


Overfull \hbox (9.6222pt too wide) in paragraph at lines 15--19
\JY2/mc/m/n/10 成
 []


Overfull \hbox (9.6222pt too wide) in paragraph at lines 15--19
\JY2/mc/m/n/10 績
 []


Overfull \hbox (9.6222pt too wide) in paragraph at lines 15--19
\JY2/mc/m/n/10 反
 []


Overfull \hbox (9.6222pt too wide) in paragraph at lines 15--19
\JY2/mc/m/n/10 映
 []


Overfull \hbox (9.6222pt too wide) in paragraph at lines 15--19
\JY2/mc/m/n/10 に
 []


Overfull \hbox (9.6222pt too wide) in paragraph at lines 15--19
\JY2/mc/m/n/10 関
 []


Overfull \hbox (9.6222pt too wide) in paragraph at lines 15--19
\JY2/mc/m/n/10 し
 []


Overfull \hbox (9.6222pt too wide) in paragraph at lines 15--19
\JY2/mc/m/n/10 て
 []


Overfull \hbox (9.6222pt too wide) in paragraph at lines 15--19
\JY2/mc/m/n/10 は
 []


Overfull \hbox (9.6222pt too wide) in paragraph at lines 15--19
\JY2/mc/m/n/10 こ
 []


Overfull \hbox (9.6222pt too wide) in paragraph at lines 15--19
\JY2/mc/m/n/10 の
 []


Overfull \hbox (9.6222pt too wide) in paragraph at lines 15--19
\JY2/mc/m/n/10 二
 []


Overfull \hbox (9.6222pt too wide) in paragraph at lines 15--19
\JY2/mc/m/n/10 つ
 []


Overfull \hbox (9.6222pt too wide) in paragraph at lines 15--19
\JY2/mc/m/n/10 の
 []


Overfull \hbox (18.74438pt too wide) in paragraph at lines 15--19
\JY2/mc/m/n/10 デ ー
 []


Overfull \hbox (9.6222pt too wide) in paragraph at lines 15--19
\JY2/mc/m/n/10 タ
 []


Overfull \hbox (9.6222pt too wide) in paragraph at lines 15--19
\JY2/mc/m/n/10 を
 []


Overfull \hbox (9.6222pt too wide) in paragraph at lines 15--19
\JY2/mc/m/n/10 使
 []


Overfull \hbox (9.6222pt too wide) in paragraph at lines 15--19
\JY2/mc/m/n/10 用
 []


Overfull \hbox (9.6222pt too wide) in paragraph at lines 15--19
\JY2/mc/m/n/10 す
 []


Overfull \hbox (9.6222pt too wide) in paragraph at lines 15--19
\JY2/mc/m/n/10 る
 []


Overfull \hbox (9.6222pt too wide) in paragraph at lines 15--19
\JY2/mc/m/n/10 こ
 []


Overfull \hbox (9.6222pt too wide) in paragraph at lines 15--19
\JY2/mc/m/n/10 と
 []


Overfull \hbox (9.6222pt too wide) in paragraph at lines 15--19
\JY2/mc/m/n/10 で
 []


Overfull \hbox (9.6222pt too wide) in paragraph at lines 15--19
\JY2/mc/m/n/10 成
 []


Overfull \hbox (9.6222pt too wide) in paragraph at lines 15--19
\JY2/mc/m/n/10 績
 []


Overfull \hbox (9.6222pt too wide) in paragraph at lines 15--19
\JY2/mc/m/n/10 を
 []


Overfull \hbox (9.6222pt too wide) in paragraph at lines 15--19
\JY2/mc/m/n/10 反
 []


Overfull \hbox (9.6222pt too wide) in paragraph at lines 15--19
\JY2/mc/m/n/10 映
 []


Overfull \hbox (9.6222pt too wide) in paragraph at lines 15--19
\JY2/mc/m/n/10 さ
 []


Overfull \hbox (9.6222pt too wide) in paragraph at lines 15--19
\JY2/mc/m/n/10 せ
 []


Overfull \hbox (13.93329pt too wide) in paragraph at lines 15--19
\JY2/mc/m/n/10 た 。 
 []


./experiment.tex:20: LaTeX Error: Environment figure undefined.

See the LaTeX manual or LaTeX Companion for explanation.
Type  H <return>  for immediate help.
 ...                                              
                                                  
l.20 \begin{figure}
                   [htbp]
Your command was ignored.
Type  I <command> <return>  to replace it with another command,
or  <return>  to continue without it.


Overfull \hbox (45.8334pt too wide) in paragraph at lines 20--21
[]\OT1/cmr/m/n/10 [htbp] 
 []

./experiment.tex:22: Undefined control sequence.
l.22     \resizebox
                   {8cm}{!}{\includegraphics{img/XML.png}}
The control sequence at the end of the top line
of your error message was never \def'ed. If you have
misspelled it (e.g., `\hobx'), type `I' and the correct
spelling (e.g., `I\hbox'). Otherwise just continue,
and I'll forget about whatever was undefined.

./experiment.tex:22: Undefined control sequence.
l.22     \resizebox{8cm}{!}{\includegraphics
                                            {img/XML.png}}
The control sequence at the end of the top line
of your error message was never \def'ed. If you have
misspelled it (e.g., `\hobx'), type `I' and the correct
spelling (e.g., `I\hbox'). Otherwise just continue,
and I'll forget about whatever was undefined.


./experiment.tex:23: LaTeX Error: \caption outside float.

See the LaTeX manual or LaTeX Companion for explanation.
Type  H <return>  for immediate help.
 ...                                              
                                                  
l.23     \caption
                 {実際に送るXML}
You're in trouble here.  Try typing  <return>  to proceed.
If that doesn't work, type  X <return>  to quit.


Overfull \hbox (83.47244pt too wide) in paragraph at lines 22--25
 \OT1/cmr/m/n/10 8cm!img/XML.png 
 []


Overfull \hbox (9.6222pt too wide) in paragraph at lines 22--25
 \JY2/mc/m/n/10 実 
 []


Overfull \hbox (9.6222pt too wide) in paragraph at lines 22--25
 \JY2/mc/m/n/10 際 
 []


Overfull \hbox (9.6222pt too wide) in paragraph at lines 22--25
 \JY2/mc/m/n/10 に 
 []


Overfull \hbox (9.6222pt too wide) in paragraph at lines 22--25
 \JY2/mc/m/n/10 送 
 []


Overfull \hbox (9.6222pt too wide) in paragraph at lines 22--25
 \JY2/mc/m/n/10 る 
 []


Overfull \hbox (22.91672pt too wide) in paragraph at lines 22--25
 \OT1/cmr/m/n/10 XML 
 []


./experiment.tex:26: LaTeX Error: \begin{document} ended by \end{figure}.

See the LaTeX manual or LaTeX Companion for explanation.
Type  H <return>  for immediate help.
 ...                                              
                                                  
l.26 \end{figure}
                 
Your command was ignored.
Type  I <command> <return>  to replace it with another command,
or  <return>  to continue without it.

./experiment.tex:28: Undefined control sequence.
l.28 \subsection
                {成績反映}
The control sequence at the end of the top line
of your error message was never \def'ed. If you have
misspelled it (e.g., `\hobx'), type `I' and the correct
spelling (e.g., `I\hbox'). Otherwise just continue,
and I'll forget about whatever was undefined.


Overfull \hbox (29.6222pt too wide) in paragraph at lines 28--30
[]\JY2/mc/m/n/10 成
 []


Overfull \hbox (9.6222pt too wide) in paragraph at lines 28--30
\JY2/mc/m/n/10 績
 []


Overfull \hbox (9.6222pt too wide) in paragraph at lines 28--30
\JY2/mc/m/n/10 反
 []


Overfull \hbox (9.6222pt too wide) in paragraph at lines 28--30
\JY2/mc/m/n/10 映
 []


Overfull \hbox (22.77783pt too wide) in paragraph at lines 28--30
\OT1/cmr/m/n/10 Moo-
 []


Overfull \hbox (12.7778pt too wide) in paragraph at lines 28--30
\OT1/cmr/m/n/10 dle
 []


Overfull \hbox (9.6222pt too wide) in paragraph at lines 28--30
\JY2/mc/m/n/10 と
 []


Overfull \hbox (21.11115pt too wide) in paragraph at lines 28--30
\OT1/cmr/m/n/10 Can-
 []


Overfull \hbox (13.6667pt too wide) in paragraph at lines 28--30
\OT1/cmr/m/n/10 vas
 []


Overfull \hbox (9.6222pt too wide) in paragraph at lines 28--30
\JY2/mc/m/n/10 に
 []


Overfull \hbox (9.6222pt too wide) in paragraph at lines 28--30
\JY2/mc/m/n/10 お
 []


Overfull \hbox (9.6222pt too wide) in paragraph at lines 28--30
\JY2/mc/m/n/10 い
 []


Overfull \hbox (13.93329pt too wide) in paragraph at lines 28--30
\JY2/mc/m/n/10 て 、
 []


Overfull \hbox (9.6222pt too wide) in paragraph at lines 28--30
\JY2/mc/m/n/10 実
 []


Overfull \hbox (9.6222pt too wide) in paragraph at lines 28--30
\JY2/mc/m/n/10 際
 []


Overfull \hbox (9.6222pt too wide) in paragraph at lines 28--30
\JY2/mc/m/n/10 に
 []


Overfull \hbox (9.6222pt too wide) in paragraph at lines 28--30
\JY2/mc/m/n/10 成
 []


Overfull \hbox (9.6222pt too wide) in paragraph at lines 28--30
\JY2/mc/m/n/10 績
 []


Overfull \hbox (9.6222pt too wide) in paragraph at lines 28--30
\JY2/mc/m/n/10 反
 []


Overfull \hbox (9.6222pt too wide) in paragraph at lines 28--30
\JY2/mc/m/n/10 映
 []


Overfull \hbox (9.6222pt too wide) in paragraph at lines 28--30
\JY2/mc/m/n/10 の
 []


Overfull \hbox (9.6222pt too wide) in paragraph at lines 28--30
\JY2/mc/m/n/10 実
 []


Overfull \hbox (9.6222pt too wide) in paragraph at lines 28--30
\JY2/mc/m/n/10 験
 []


Overfull \hbox (9.6222pt too wide) in paragraph at lines 28--30
\JY2/mc/m/n/10 を
 []


Overfull \hbox (9.6222pt too wide) in paragraph at lines 28--30
\JY2/mc/m/n/10 行
 []


Overfull \hbox (9.6222pt too wide) in paragraph at lines 28--30
\JY2/mc/m/n/10 っ
 []


Overfull \hbox (9.6222pt too wide) in paragraph at lines 28--30
\JY2/mc/m/n/10 た
 []


Overfull \hbox (9.6222pt too wide) in paragraph at lines 28--30
\JY2/mc/m/n/10 結
 []


Overfull \hbox (9.6222pt too wide) in paragraph at lines 28--30
\JY2/mc/m/n/10 果
 []


Overfull \hbox (9.6222pt too wide) in paragraph at lines 28--30
\JY2/mc/m/n/10 を
 []


Overfull \hbox (9.6222pt too wide) in paragraph at lines 28--30
\JY2/mc/m/n/10 以
 []


Overfull \hbox (9.6222pt too wide) in paragraph at lines 28--30
\JY2/mc/m/n/10 下
 []


Overfull \hbox (9.6222pt too wide) in paragraph at lines 28--30
\JY2/mc/m/n/10 に
 []


Overfull \hbox (9.6222pt too wide) in paragraph at lines 28--30
\JY2/mc/m/n/10 示
 []


Overfull \hbox (13.93329pt too wide) in paragraph at lines 28--30
\JY2/mc/m/n/10 す 。 
 []


./experiment.tex:32: LaTeX Error: Environment figure undefined.

See the LaTeX manual or LaTeX Companion for explanation.
Type  H <return>  for immediate help.
 ...                                              
                                                  
l.32 \begin{figure}
                   [htbp]
Your command was ignored.
Type  I <command> <return>  to replace it with another command,
or  <return>  to continue without it.


Overfull \hbox (45.8334pt too wide) in paragraph at lines 32--33
[]\OT1/cmr/m/n/10 [htbp] 
 []

./experiment.tex:34: Undefined control sequence.
l.34     \resizebox
                   {\textwidth}{!}{\includegraphics{img/score.png}}
The control sequence at the end of the top line
of your error message was never \def'ed. If you have
misspelled it (e.g., `\hobx'), type `I' and the correct
spelling (e.g., `I\hbox'). Otherwise just continue,
and I'll forget about whatever was undefined.

./experiment.tex:34: Missing number, treated as zero.
<to be read again> 
                   }
l.34     \resizebox{\textwidth}
                               {!}{\includegraphics{img/score.png}}
A number should have been here; I inserted `0'.
(If you can't figure out why I needed to see a number,
look up `weird error' in the index to The TeXbook.)

./experiment.tex:34: Illegal unit of measure (pt inserted).
<to be read again> 
                   }
l.34     \resizebox{\textwidth}
                               {!}{\includegraphics{img/score.png}}
Dimensions can be in units of em, ex, zw, zh, in, pt, pc,
cm, mm, dd, cc, bp, H, Q, or sp; but yours is a new one!
I'll assume that you meant to say pt, for printer's points.
To recover gracefully from this error, it's best to
delete the erroneous units; e.g., type `2' to delete
two letters. (See Chapter 27 of The TeXbook.)

./experiment.tex:34: Undefined control sequence.
l.34 ...\resizebox{\textwidth}{!}{\includegraphics
                                                  {img/score.png}}
The control sequence at the end of the top line
of your error message was never \def'ed. If you have
misspelled it (e.g., `\hobx'), type `I' and the correct
spelling (e.g., `I\hbox'). Otherwise just continue,
and I'll forget about whatever was undefined.


./experiment.tex:35: LaTeX Error: \caption outside float.

See the LaTeX manual or LaTeX Companion for explanation.
Type  H <return>  for immediate help.
 ...                                              
                                                  
l.35     \caption
                 {moodle 成績反映}
You're in trouble here.  Try typing  <return>  to proceed.
If that doesn't work, type  X <return>  to quit.


Overfull \hbox (64.52792pt too wide) in paragraph at lines 34--37
 \OT1/cmr/m/n/10 !img/score.png 
 []


Overfull \hbox (21.9445pt too wide) in paragraph at lines 34--37
 \OT1/cmr/m/n/10 moo- 
 []


Overfull \hbox (12.7778pt too wide) in paragraph at lines 34--37
 \OT1/cmr/m/n/10 dle 
 []


Overfull \hbox (9.6222pt too wide) in paragraph at lines 34--37
 \JY2/mc/m/n/10 成 
 []


Overfull \hbox (9.6222pt too wide) in paragraph at lines 34--37
 \JY2/mc/m/n/10 績 
 []


Overfull \hbox (9.6222pt too wide) in paragraph at lines 34--37
 \JY2/mc/m/n/10 反 
 []


Overfull \hbox (9.6222pt too wide) in paragraph at lines 34--37
 \JY2/mc/m/n/10 映[] 
 []


./experiment.tex:38: LaTeX Error: \begin{document} ended by \end{figure}.

See the LaTeX manual or LaTeX Companion for explanation.
Type  H <return>  for immediate help.
 ...                                              
                                                  
l.38 \end{figure}
                 
Your command was ignored.
Type  I <command> <return>  to replace it with another command,
or  <return>  to continue without it.

)
! Emergency stop.
<*> experiment.tex
                  
*** (job aborted, no legal \end found)

 
Here is how much of TeX's memory you used:
 12 strings out of 493270
 154 string characters out of 6145017
 71379 words of memory out of 5000000
 4050 multiletter control sequences out of 15000+600000
 6589 words of font info for 33 fonts, out of 8000000 for 9000
 929 hyphenation exceptions out of 8191
 22i,4n,15p,370b,119s stack positions out of 5000i,500n,10000p,200000b,80000s
Output written on experiment.dvi (1 page, 920 bytes).
