This is e-upTeX, Version 3.14159265-p3.8.0-u1.23-180226-2.6 (utf8.uptex) (TeX Live 2018) (preloaded format=uplatex 2018.12.13)  25 DEC 2018 11:08
entering extended mode
 restricted \write18 enabled.
 file:line:error style messages enabled.
 %&-line parsing enabled.
**lit.back.tex
(./lit.back.tex
pLaTeX2e <2018-04-01u02>+1 (based on LaTeX2e <2018-04-01> patch level 2)
Babel <3.18> and hyphenation patterns for 84 language(s) loaded.
./lit.back.tex:1: Undefined control sequence.
l.1 \section
            {LTI}
The control sequence at the end of the top line
of your error message was never \def'ed. If you have
misspelled it (e.g., `\hobx'), type `I' and the correct
spelling (e.g., `I\hbox'). Otherwise just continue,
and I'll forget about whatever was undefined.


./lit.back.tex:1: LaTeX Error: Missing \begin{document}.

See the LaTeX manual or LaTeX Companion for explanation.
Type  H <return>  for immediate help.
 ...                                              
                                                  
l.1 \section{L
              TI}
You're in trouble here.  Try typing  <return>  to proceed.
If that doesn't work, type  X <return>  to quit.


./lit.back.tex:17: LaTeX Error: Environment figure undefined.

See the LaTeX manual or LaTeX Companion for explanation.
Type  H <return>  for immediate help.
 ...                                              
                                                  
l.17 \begin{figure}
                   [htbp]
Your command was ignored.
Type  I <command> <return>  to replace it with another command,
or  <return>  to continue without it.


Overfull \hbox (36.25002pt too wide) in paragraph at lines 1--18
[]\OT1/cmr/m/n/10 LTI
 []


Overfull \hbox (9.6222pt too wide) in paragraph at lines 1--18
[]\JY2/mc/m/n/10 こ
 []


Overfull \hbox (9.6222pt too wide) in paragraph at lines 1--18
\JY2/mc/m/n/10 こ
 []


Overfull \hbox (9.6222pt too wide) in paragraph at lines 1--18
\JY2/mc/m/n/10 で
 []


Overfull \hbox (9.6222pt too wide) in paragraph at lines 1--18
\JY2/mc/m/n/10 は
 []


Overfull \hbox (16.25002pt too wide) in paragraph at lines 1--18
\OT1/cmr/m/n/10 LTI
 []


Overfull \hbox (9.6222pt too wide) in paragraph at lines 1--18
\JY2/mc/m/n/10 に
 []


Overfull \hbox (9.6222pt too wide) in paragraph at lines 1--18
\JY2/mc/m/n/10 つ
 []


Overfull \hbox (9.6222pt too wide) in paragraph at lines 1--18
\JY2/mc/m/n/10 い
 []


Overfull \hbox (9.6222pt too wide) in paragraph at lines 1--18
\JY2/mc/m/n/10 て
 []


Overfull \hbox (9.6222pt too wide) in paragraph at lines 1--18
\JY2/mc/m/n/10 述
 []


Overfull \hbox (9.6222pt too wide) in paragraph at lines 1--18
\JY2/mc/m/n/10 べ
 []


Overfull \hbox (9.6222pt too wide) in paragraph at lines 1--18
\JY2/mc/m/n/10 さ
 []


Overfull \hbox (9.6222pt too wide) in paragraph at lines 1--18
\JY2/mc/m/n/10 せ
 []


Overfull \hbox (9.6222pt too wide) in paragraph at lines 1--18
\JY2/mc/m/n/10 て
 []


Overfull \hbox (9.6222pt too wide) in paragraph at lines 1--18
\JY2/mc/m/n/10 も
 []


Overfull \hbox (9.6222pt too wide) in paragraph at lines 1--18
\JY2/mc/m/n/10 ら
 []


Overfull \hbox (9.6222pt too wide) in paragraph at lines 1--18
\JY2/mc/m/n/10 う
 []


Overfull \hbox (58.639pt too wide) in paragraph at lines 1--18
\OT1/cmr/m/n/10 LTI(Learning
 []


Overfull \hbox (23.38893pt too wide) in paragraph at lines 1--18
\OT1/cmr/m/n/10 Tools
 []


Overfull \hbox (19.19446pt too wide) in paragraph at lines 1--18
\OT1/cmr/m/n/10 Iter-
 []


Overfull \hbox (16.6667pt too wide) in paragraph at lines 1--18
\OT1/cmr/m/n/10 Op-
 []


Overfull \hbox (11.69444pt too wide) in paragraph at lines 1--18
\OT1/cmr/m/n/10 er-
 []


Overfull \hbox (19.44449pt too wide) in paragraph at lines 1--18
\OT1/cmr/m/n/10 abil-
 []


Overfull \hbox (15.5556pt too wide) in paragraph at lines 1--18
\OT1/cmr/m/n/10 ity)
 []


Overfull \hbox (9.6222pt too wide) in paragraph at lines 1--18
\JY2/mc/m/n/10 と
 []


Overfull \hbox (13.93329pt too wide) in paragraph at lines 1--18
\JY2/mc/m/n/10 は 、
 []


Overfull \hbox (18.33337pt too wide) in paragraph at lines 1--18
\OT1/cmr/m/n/10 IMS
 []


Overfull \hbox (28.9584pt too wide) in paragraph at lines 1--18
\OT1/cmr/m/n/10 Global
 []


Overfull \hbox (28.50005pt too wide) in paragraph at lines 1--18
\OT1/cmr/m/n/10 Learn-
 []


Overfull \hbox (13.33337pt too wide) in paragraph at lines 1--18
\OT1/cmr/m/n/10 ing
 []


Overfull \hbox (21.11115pt too wide) in paragraph at lines 1--18
\OT1/cmr/m/n/10 Con-
 []


Overfull \hbox (16.19446pt too wide) in paragraph at lines 1--18
\OT1/cmr/m/n/10 sor-
 []


Overfull \hbox (34.06671pt too wide) in paragraph at lines 1--18
\OT1/cmr/m/n/10 tium(\JY2/mc/m/n/10 以
 []


Overfull \hbox (13.93329pt too wide) in paragraph at lines 1--18
\JY2/mc/m/n/10 下 、
 []


Overfull \hbox (20.00003pt too wide) in paragraph at lines 1--18
\OT1/cmr/m/n/10 IMT
 []


Overfull \hbox (9.6222pt too wide) in paragraph at lines 1--18
\JY2/mc/m/n/10 と
 []


Overfull \hbox (9.6222pt too wide) in paragraph at lines 1--18
\JY2/mc/m/n/10 呼
 []


Overfull \hbox (13.5111pt too wide) in paragraph at lines 1--18
\JY2/mc/m/n/10 ぶ\OT1/cmr/m/n/10 )
 []


Overfull \hbox (13.93329pt too wide) in paragraph at lines 1--18
\JY2/mc/m/n/10 が 、
 []


Overfull \hbox (9.6222pt too wide) in paragraph at lines 1--18
\JY2/mc/m/n/10 異
 []


Overfull \hbox (9.6222pt too wide) in paragraph at lines 1--18
\JY2/mc/m/n/10 な
 []


Overfull \hbox (9.6222pt too wide) in paragraph at lines 1--18
\JY2/mc/m/n/10 る
 []


Overfull \hbox (9.6222pt too wide) in paragraph at lines 1--18
\JY2/mc/m/n/10 プ
 []


Overfull \hbox (9.6222pt too wide) in paragraph at lines 1--18
\JY2/mc/m/n/10 ラ
 []


Overfull \hbox (9.6222pt too wide) in paragraph at lines 1--18
\JY2/mc/m/n/10 ッ
 []


Overfull \hbox (9.6222pt too wide) in paragraph at lines 1--18
\JY2/mc/m/n/10 ト
 []


Overfull \hbox (9.6222pt too wide) in paragraph at lines 1--18
\JY2/mc/m/n/10 フ
 []


Overfull \hbox (18.74438pt too wide) in paragraph at lines 1--18
\JY2/mc/m/n/10 ォ ー
 []


Overfull \hbox (9.6222pt too wide) in paragraph at lines 1--18
\JY2/mc/m/n/10 ム
 []


Overfull \hbox (9.6222pt too wide) in paragraph at lines 1--18
\JY2/mc/m/n/10 間
 []


Overfull \hbox (13.5111pt too wide) in paragraph at lines 1--18
\OT1/cmr/m/n/10 (\JY2/mc/m/n/10 異
 []


Overfull \hbox (9.6222pt too wide) in paragraph at lines 1--18
\JY2/mc/m/n/10 な
 []


Overfull \hbox (9.6222pt too wide) in paragraph at lines 1--18
\JY2/mc/m/n/10 る
 []


Overfull \hbox (20.97227pt too wide) in paragraph at lines 1--18
\OT1/cmr/m/n/10 LMS
 []


Overfull \hbox (13.5111pt too wide) in paragraph at lines 1--18
\JY2/mc/m/n/10 上\OT1/cmr/m/n/10 )
 []


Overfull \hbox (9.6222pt too wide) in paragraph at lines 1--18
\JY2/mc/m/n/10 に
 []


Overfull \hbox (9.6222pt too wide) in paragraph at lines 1--18
\JY2/mc/m/n/10 お
 []


Overfull \hbox (9.6222pt too wide) in paragraph at lines 1--18
\JY2/mc/m/n/10 け
 []


Overfull \hbox (9.6222pt too wide) in paragraph at lines 1--18
\JY2/mc/m/n/10 る
 []


Overfull \hbox (9.6222pt too wide) in paragraph at lines 1--18
\JY2/mc/m/n/10 学
 []


Overfull \hbox (9.6222pt too wide) in paragraph at lines 1--18
\JY2/mc/m/n/10 習
 []


Overfull \hbox (9.6222pt too wide) in paragraph at lines 1--18
\JY2/mc/m/n/10 支
 []


Overfull \hbox (9.6222pt too wide) in paragraph at lines 1--18
\JY2/mc/m/n/10 援
 []


Overfull \hbox (18.74438pt too wide) in paragraph at lines 1--18
\JY2/mc/m/n/10 ツ ー
 []


Overfull \hbox (9.6222pt too wide) in paragraph at lines 1--18
\JY2/mc/m/n/10 ル
 []


Overfull \hbox (9.6222pt too wide) in paragraph at lines 1--18
\JY2/mc/m/n/10 の
 []


Overfull \hbox (9.6222pt too wide) in paragraph at lines 1--18
\JY2/mc/m/n/10 相
 []


Overfull \hbox (9.6222pt too wide) in paragraph at lines 1--18
\JY2/mc/m/n/10 互
 []


Overfull \hbox (9.6222pt too wide) in paragraph at lines 1--18
\JY2/mc/m/n/10 運
 []


Overfull \hbox (9.6222pt too wide) in paragraph at lines 1--18
\JY2/mc/m/n/10 用
 []


Overfull \hbox (9.6222pt too wide) in paragraph at lines 1--18
\JY2/mc/m/n/10 を
 []


Overfull \hbox (9.6222pt too wide) in paragraph at lines 1--18
\JY2/mc/m/n/10 可
 []


Overfull \hbox (9.6222pt too wide) in paragraph at lines 1--18
\JY2/mc/m/n/10 能
 []


Overfull \hbox (9.6222pt too wide) in paragraph at lines 1--18
\JY2/mc/m/n/10 と
 []


Overfull \hbox (9.6222pt too wide) in paragraph at lines 1--18
\JY2/mc/m/n/10 す
 []


Overfull \hbox (9.6222pt too wide) in paragraph at lines 1--18
\JY2/mc/m/n/10 る
 []


Overfull \hbox (9.6222pt too wide) in paragraph at lines 1--18
\JY2/mc/m/n/10 技
 []


Overfull \hbox (9.6222pt too wide) in paragraph at lines 1--18
\JY2/mc/m/n/10 術
 []


Overfull \hbox (9.6222pt too wide) in paragraph at lines 1--18
\JY2/mc/m/n/10 に
 []


Overfull \hbox (9.6222pt too wide) in paragraph at lines 1--18
\JY2/mc/m/n/10 関
 []


Overfull \hbox (9.6222pt too wide) in paragraph at lines 1--18
\JY2/mc/m/n/10 す
 []


Overfull \hbox (9.6222pt too wide) in paragraph at lines 1--18
\JY2/mc/m/n/10 る
 []


Overfull \hbox (9.6222pt too wide) in paragraph at lines 1--18
\JY2/mc/m/n/10 企
 []


Overfull \hbox (9.6222pt too wide) in paragraph at lines 1--18
\JY2/mc/m/n/10 画
 []


Overfull \hbox (9.6222pt too wide) in paragraph at lines 1--18
\JY2/mc/m/n/10 を
 []


Overfull \hbox (9.6222pt too wide) in paragraph at lines 1--18
\JY2/mc/m/n/10 策
 []


Overfull \hbox (9.6222pt too wide) in paragraph at lines 1--18
\JY2/mc/m/n/10 定
 []


Overfull \hbox (13.93329pt too wide) in paragraph at lines 1--18
\JY2/mc/m/n/10 し 、
 []


Overfull \hbox (9.6222pt too wide) in paragraph at lines 1--18
\JY2/mc/m/n/10 標
 []


Overfull \hbox (9.6222pt too wide) in paragraph at lines 1--18
\JY2/mc/m/n/10 準
 []


Overfull \hbox (9.6222pt too wide) in paragraph at lines 1--18
\JY2/mc/m/n/10 化
 []


Overfull \hbox (9.6222pt too wide) in paragraph at lines 1--18
\JY2/mc/m/n/10 し
 []


Overfull \hbox (9.6222pt too wide) in paragraph at lines 1--18
\JY2/mc/m/n/10 た
 []


Overfull \hbox (9.6222pt too wide) in paragraph at lines 1--18
\JY2/mc/m/n/10 規
 []


Overfull \hbox (9.6222pt too wide) in paragraph at lines 1--18
\JY2/mc/m/n/10 格
 []


Overfull \hbox (9.6222pt too wide) in paragraph at lines 1--18
\JY2/mc/m/n/10 の
 []


Overfull \hbox (9.6222pt too wide) in paragraph at lines 1--18
\JY2/mc/m/n/10 こ
 []


Overfull \hbox (9.6222pt too wide) in paragraph at lines 1--18
\JY2/mc/m/n/10 と
 []


Overfull \hbox (9.6222pt too wide) in paragraph at lines 1--18
\JY2/mc/m/n/10 で
 []


Overfull \hbox (9.6222pt too wide) in paragraph at lines 1--18
\JY2/mc/m/n/10 あ
 []


Overfull \hbox (13.93329pt too wide) in paragraph at lines 1--18
\JY2/mc/m/n/10 る 。
 []


Overfull \hbox (16.25002pt too wide) in paragraph at lines 1--18
\OT1/cmr/m/n/10 LTI
 []


Overfull \hbox (9.6222pt too wide) in paragraph at lines 1--18
\JY2/mc/m/n/10 に
 []


Overfull \hbox (9.6222pt too wide) in paragraph at lines 1--18
\JY2/mc/m/n/10 準
 []


Overfull \hbox (9.6222pt too wide) in paragraph at lines 1--18
\JY2/mc/m/n/10 拠
 []


Overfull \hbox (9.6222pt too wide) in paragraph at lines 1--18
\JY2/mc/m/n/10 す
 []


Overfull \hbox (9.6222pt too wide) in paragraph at lines 1--18
\JY2/mc/m/n/10 る
 []


Overfull \hbox (9.6222pt too wide) in paragraph at lines 1--18
\JY2/mc/m/n/10 こ
 []


Overfull \hbox (9.6222pt too wide) in paragraph at lines 1--18
\JY2/mc/m/n/10 と
 []


Overfull \hbox (9.6222pt too wide) in paragraph at lines 1--18
\JY2/mc/m/n/10 の
 []


Overfull \hbox (9.6222pt too wide) in paragraph at lines 1--18
\JY2/mc/m/n/10 具
 []


Overfull \hbox (9.6222pt too wide) in paragraph at lines 1--18
\JY2/mc/m/n/10 体
 []


Overfull \hbox (9.6222pt too wide) in paragraph at lines 1--18
\JY2/mc/m/n/10 的
 []


Overfull \hbox (9.6222pt too wide) in paragraph at lines 1--18
\JY2/mc/m/n/10 な
 []


Overfull \hbox (9.6222pt too wide) in paragraph at lines 1--18
\JY2/mc/m/n/10 イ
 []


Overfull \hbox (18.74438pt too wide) in paragraph at lines 1--18
\JY2/mc/m/n/10 メ ー
 []


Overfull \hbox (9.6222pt too wide) in paragraph at lines 1--18
\JY2/mc/m/n/10 ジ
 []


Overfull \hbox (9.6222pt too wide) in paragraph at lines 1--18
\JY2/mc/m/n/10 と
 []


Overfull \hbox (9.6222pt too wide) in paragraph at lines 1--18
\JY2/mc/m/n/10 し
 []


Overfull \hbox (13.93329pt too wide) in paragraph at lines 1--18
\JY2/mc/m/n/10 て 、
 []


Overfull \hbox (9.6222pt too wide) in paragraph at lines 1--18
\JY2/mc/m/n/10 次
 []


Overfull \hbox (9.6222pt too wide) in paragraph at lines 1--18
\JY2/mc/m/n/10 の
 []


Overfull \hbox (9.6222pt too wide) in paragraph at lines 1--18
\JY2/mc/m/n/10 よ
 []


Overfull \hbox (9.6222pt too wide) in paragraph at lines 1--18
\JY2/mc/m/n/10 う
 []


Overfull \hbox (9.6222pt too wide) in paragraph at lines 1--18
\JY2/mc/m/n/10 な
 []


Overfull \hbox (18.74438pt too wide) in paragraph at lines 1--18
\JY2/mc/m/n/10 ケ ー
 []


Overfull \hbox (9.6222pt too wide) in paragraph at lines 1--18
\JY2/mc/m/n/10 ス
 []


Overfull \hbox (9.6222pt too wide) in paragraph at lines 1--18
\JY2/mc/m/n/10 を
 []


Overfull \hbox (9.6222pt too wide) in paragraph at lines 1--18
\JY2/mc/m/n/10 想
 []


Overfull \hbox (9.6222pt too wide) in paragraph at lines 1--18
\JY2/mc/m/n/10 定
 []


Overfull \hbox (9.6222pt too wide) in paragraph at lines 1--18
\JY2/mc/m/n/10 す
 []


Overfull \hbox (9.6222pt too wide) in paragraph at lines 1--18
\JY2/mc/m/n/10 る
 []


Overfull \hbox (9.6222pt too wide) in paragraph at lines 1--18
\JY2/mc/m/n/10 こ
 []


Overfull \hbox (9.6222pt too wide) in paragraph at lines 1--18
\JY2/mc/m/n/10 と
 []


Overfull \hbox (9.6222pt too wide) in paragraph at lines 1--18
\JY2/mc/m/n/10 が
 []


Overfull \hbox (9.6222pt too wide) in paragraph at lines 1--18
\JY2/mc/m/n/10 で
 []


Overfull \hbox (9.6222pt too wide) in paragraph at lines 1--18
\JY2/mc/m/n/10 き
 []


Overfull \hbox (13.93329pt too wide) in paragraph at lines 1--18
\JY2/mc/m/n/10 る 。
 []


Overfull \hbox (9.6222pt too wide) in paragraph at lines 1--18
\JY2/mc/m/n/10 先
 []


Overfull \hbox (9.6222pt too wide) in paragraph at lines 1--18
\JY2/mc/m/n/10 代
 []


Overfull \hbox (9.6222pt too wide) in paragraph at lines 1--18
\JY2/mc/m/n/10 の
 []


Overfull \hbox (9.6222pt too wide) in paragraph at lines 1--18
\JY2/mc/m/n/10 研
 []


Overfull \hbox (9.6222pt too wide) in paragraph at lines 1--18
\JY2/mc/m/n/10 究
 []


Overfull \hbox (9.6222pt too wide) in paragraph at lines 1--18
\JY2/mc/m/n/10 に
 []


Overfull \hbox (9.6222pt too wide) in paragraph at lines 1--18
\JY2/mc/m/n/10 よ
 []


Overfull \hbox (9.6222pt too wide) in paragraph at lines 1--18
\JY2/mc/m/n/10 り
 []


Overfull \hbox (9.6222pt too wide) in paragraph at lines 1--18
\JY2/mc/m/n/10 で
 []


Overfull \hbox (9.6222pt too wide) in paragraph at lines 1--18
\JY2/mc/m/n/10 き
 []


Overfull \hbox (9.6222pt too wide) in paragraph at lines 1--18
\JY2/mc/m/n/10 た
 []


Overfull \hbox (19.58339pt too wide) in paragraph at lines 1--18
\OT1/cmr/m/n/10 NSF
 []


Overfull \hbox (9.6222pt too wide) in paragraph at lines 1--18
\JY2/mc/m/n/10 を
 []


Overfull \hbox (18.74438pt too wide) in paragraph at lines 1--18
\JY2/mc/m/n/10 ツ ー
 []


Overfull \hbox (14.43329pt too wide) in paragraph at lines 1--18
\JY2/mc/m/n/10 ル ・
 []


Overfull \hbox (9.6222pt too wide) in paragraph at lines 1--18
\JY2/mc/m/n/10 プ
 []


Overfull \hbox (9.6222pt too wide) in paragraph at lines 1--18
\JY2/mc/m/n/10 ロ
 []


Overfull \hbox (9.6222pt too wide) in paragraph at lines 1--18
\JY2/mc/m/n/10 バ
 []


Overfull \hbox (9.6222pt too wide) in paragraph at lines 1--18
\JY2/mc/m/n/10 イ
 []


Overfull \hbox (9.6222pt too wide) in paragraph at lines 1--18
\JY2/mc/m/n/10 ダ
 []


Overfull \hbox (9.6222pt too wide) in paragraph at lines 1--18
\JY2/mc/m/n/10 と
 []


Overfull \hbox (13.93329pt too wide) in paragraph at lines 1--18
\JY2/mc/m/n/10 し 、
 []


Overfull \hbox (9.6222pt too wide) in paragraph at lines 1--18
\JY2/mc/m/n/10 異
 []


Overfull \hbox (9.6222pt too wide) in paragraph at lines 1--18
\JY2/mc/m/n/10 な
 []


Overfull \hbox (9.6222pt too wide) in paragraph at lines 1--18
\JY2/mc/m/n/10 る
 []


Overfull \hbox (20.97227pt too wide) in paragraph at lines 1--18
\OT1/cmr/m/n/10 LMS
 []


Overfull \hbox (9.6222pt too wide) in paragraph at lines 1--18
\JY2/mc/m/n/10 か
 []


Overfull \hbox (9.6222pt too wide) in paragraph at lines 1--18
\JY2/mc/m/n/10 ら
 []


Overfull \hbox (9.6222pt too wide) in paragraph at lines 1--18
\JY2/mc/m/n/10 利
 []


Overfull \hbox (9.6222pt too wide) in paragraph at lines 1--18
\JY2/mc/m/n/10 用
 []


Overfull \hbox (9.6222pt too wide) in paragraph at lines 1--18
\JY2/mc/m/n/10 す
 []


Overfull \hbox (9.6222pt too wide) in paragraph at lines 1--18
\JY2/mc/m/n/10 る
 []


Overfull \hbox (18.74438pt too wide) in paragraph at lines 1--18
\JY2/mc/m/n/10 ケ ー
 []


Overfull \hbox (13.93329pt too wide) in paragraph at lines 1--18
\JY2/mc/m/n/10 ス 。
 []


Overfull \hbox (9.6222pt too wide) in paragraph at lines 1--18
\JY2/mc/m/n/10 こ
 []


Overfull \hbox (9.6222pt too wide) in paragraph at lines 1--18
\JY2/mc/m/n/10 れ
 []


Overfull \hbox (9.6222pt too wide) in paragraph at lines 1--18
\JY2/mc/m/n/10 に
 []


Overfull \hbox (9.6222pt too wide) in paragraph at lines 1--18
\JY2/mc/m/n/10 よ
 []


Overfull \hbox (13.93329pt too wide) in paragraph at lines 1--18
\JY2/mc/m/n/10 り 、
 []


Overfull \hbox (16.25002pt too wide) in paragraph at lines 1--18
\OT1/cmr/m/n/10 LTI
 []


Overfull \hbox (9.6222pt too wide) in paragraph at lines 1--18
\JY2/mc/m/n/10 に
 []


Overfull \hbox (9.6222pt too wide) in paragraph at lines 1--18
\JY2/mc/m/n/10 準
 []


Overfull \hbox (9.6222pt too wide) in paragraph at lines 1--18
\JY2/mc/m/n/10 拠
 []


Overfull \hbox (9.6222pt too wide) in paragraph at lines 1--18
\JY2/mc/m/n/10 す
 []


Overfull \hbox (9.6222pt too wide) in paragraph at lines 1--18
\JY2/mc/m/n/10 る
 []


Overfull \hbox (9.6222pt too wide) in paragraph at lines 1--18
\JY2/mc/m/n/10 こ
 []


Overfull \hbox (9.6222pt too wide) in paragraph at lines 1--18
\JY2/mc/m/n/10 と
 []


Overfull \hbox (9.6222pt too wide) in paragraph at lines 1--18
\JY2/mc/m/n/10 で
 []


Overfull \hbox (22.77783pt too wide) in paragraph at lines 1--18
\OT1/cmr/m/n/10 Moo-
 []


Overfull \hbox (17.5889pt too wide) in paragraph at lines 1--18
\OT1/cmr/m/n/10 dle\JY2/mc/m/n/10 、
 []


Overfull \hbox (9.6222pt too wide) in paragraph at lines 1--18
\JY2/mc/m/n/10 や
 []


Overfull \hbox (21.11115pt too wide) in paragraph at lines 1--18
\OT1/cmr/m/n/10 Can-
 []


Overfull \hbox (13.6667pt too wide) in paragraph at lines 1--18
\OT1/cmr/m/n/10 vas
 []


Overfull \hbox (9.6222pt too wide) in paragraph at lines 1--18
\JY2/mc/m/n/10 な
 []


Overfull \hbox (9.6222pt too wide) in paragraph at lines 1--18
\JY2/mc/m/n/10 ど
 []


Overfull \hbox (9.6222pt too wide) in paragraph at lines 1--18
\JY2/mc/m/n/10 の
 []


Overfull \hbox (9.6222pt too wide) in paragraph at lines 1--18
\JY2/mc/m/n/10 異
 []


Overfull \hbox (9.6222pt too wide) in paragraph at lines 1--18
\JY2/mc/m/n/10 な
 []


Overfull \hbox (9.6222pt too wide) in paragraph at lines 1--18
\JY2/mc/m/n/10 る
 []


Overfull \hbox (20.97227pt too wide) in paragraph at lines 1--18
\OT1/cmr/m/n/10 LMS
 []


Overfull \hbox (9.6222pt too wide) in paragraph at lines 1--18
\JY2/mc/m/n/10 間
 []


Overfull \hbox (9.6222pt too wide) in paragraph at lines 1--18
\JY2/mc/m/n/10 で
 []


Overfull \hbox (19.58339pt too wide) in paragraph at lines 1--18
\OT1/cmr/m/n/10 NSF
 []


Overfull \hbox (9.6222pt too wide) in paragraph at lines 1--18
\JY2/mc/m/n/10 と
 []


Overfull \hbox (9.6222pt too wide) in paragraph at lines 1--18
\JY2/mc/m/n/10 の
 []


Overfull \hbox (9.6222pt too wide) in paragraph at lines 1--18
\JY2/mc/m/n/10 連
 []


Overfull \hbox (9.6222pt too wide) in paragraph at lines 1--18
\JY2/mc/m/n/10 携
 []


Overfull \hbox (9.6222pt too wide) in paragraph at lines 1--18
\JY2/mc/m/n/10 を
 []


Overfull \hbox (9.6222pt too wide) in paragraph at lines 1--18
\JY2/mc/m/n/10 取
 []


Overfull \hbox (9.6222pt too wide) in paragraph at lines 1--18
\JY2/mc/m/n/10 る
 []


Overfull \hbox (9.6222pt too wide) in paragraph at lines 1--18
\JY2/mc/m/n/10 こ
 []


Overfull \hbox (9.6222pt too wide) in paragraph at lines 1--18
\JY2/mc/m/n/10 と
 []


Overfull \hbox (9.6222pt too wide) in paragraph at lines 1--18
\JY2/mc/m/n/10 が
 []


Overfull \hbox (9.6222pt too wide) in paragraph at lines 1--18
\JY2/mc/m/n/10 で
 []


Overfull \hbox (9.6222pt too wide) in paragraph at lines 1--18
\JY2/mc/m/n/10 き
 []


Overfull \hbox (13.93329pt too wide) in paragraph at lines 1--18
\JY2/mc/m/n/10 た 。
 []


Overfull \hbox (9.6222pt too wide) in paragraph at lines 1--18
\JY2/mc/m/n/10 本
 []


Overfull \hbox (9.6222pt too wide) in paragraph at lines 1--18
\JY2/mc/m/n/10 研
 []


Overfull \hbox (9.6222pt too wide) in paragraph at lines 1--18
\JY2/mc/m/n/10 究
 []


Overfull \hbox (9.6222pt too wide) in paragraph at lines 1--18
\JY2/mc/m/n/10 で
 []


Overfull \hbox (9.6222pt too wide) in paragraph at lines 1--18
\JY2/mc/m/n/10 は
 []


Overfull \hbox (22.77783pt too wide) in paragraph at lines 1--18
\OT1/cmr/m/n/10 Moo-
 []


Overfull \hbox (17.5889pt too wide) in paragraph at lines 1--18
\OT1/cmr/m/n/10 dle\JY2/mc/m/n/10 、
 []


Overfull \hbox (21.11115pt too wide) in paragraph at lines 1--18
\OT1/cmr/m/n/10 Can-
 []


Overfull \hbox (13.6667pt too wide) in paragraph at lines 1--18
\OT1/cmr/m/n/10 vas
 []


Overfull \hbox (9.6222pt too wide) in paragraph at lines 1--18
\JY2/mc/m/n/10 で
 []


Overfull \hbox (9.6222pt too wide) in paragraph at lines 1--18
\JY2/mc/m/n/10 の
 []


Overfull \hbox (9.6222pt too wide) in paragraph at lines 1--18
\JY2/mc/m/n/10 起
 []


Overfull \hbox (9.6222pt too wide) in paragraph at lines 1--18
\JY2/mc/m/n/10 動
 []


Overfull \hbox (9.6222pt too wide) in paragraph at lines 1--18
\JY2/mc/m/n/10 を
 []


Overfull \hbox (9.6222pt too wide) in paragraph at lines 1--18
\JY2/mc/m/n/10 行
 []


Overfull \hbox (9.6222pt too wide) in paragraph at lines 1--18
\JY2/mc/m/n/10 っ
 []


Overfull \hbox (13.93329pt too wide) in paragraph at lines 1--18
\JY2/mc/m/n/10 た 。
 []


Overfull \hbox (16.25002pt too wide) in paragraph at lines 1--18
\OT1/cmr/m/n/10 LTI
 []


Overfull \hbox (9.6222pt too wide) in paragraph at lines 1--18
\JY2/mc/m/n/10 に
 []


Overfull \hbox (9.6222pt too wide) in paragraph at lines 1--18
\JY2/mc/m/n/10 置
 []


Overfull \hbox (9.6222pt too wide) in paragraph at lines 1--18
\JY2/mc/m/n/10 け
 []


Overfull \hbox (9.6222pt too wide) in paragraph at lines 1--18
\JY2/mc/m/n/10 る
 []


Overfull \hbox (9.6222pt too wide) in paragraph at lines 1--18
\JY2/mc/m/n/10 用
 []


Overfull \hbox (9.6222pt too wide) in paragraph at lines 1--18
\JY2/mc/m/n/10 語
 []


Overfull \hbox (19.44449pt too wide) in paragraph at lines 1--18
\OT1/cmr/m/n/10 Tool
 []


Overfull \hbox (60.05003pt too wide) in paragraph at lines 1--18
\OT1/cmr/m/n/10 Provider(\JY2/mc/m/n/10 ツ ー
 []


Overfull \hbox (14.43329pt too wide) in paragraph at lines 1--18
\JY2/mc/m/n/10 ル ・
 []


Overfull \hbox (9.6222pt too wide) in paragraph at lines 1--18
\JY2/mc/m/n/10 プ
 []


Overfull \hbox (9.6222pt too wide) in paragraph at lines 1--18
\JY2/mc/m/n/10 ロ
 []


Overfull \hbox (9.6222pt too wide) in paragraph at lines 1--18
\JY2/mc/m/n/10 バ
 []


Overfull \hbox (9.6222pt too wide) in paragraph at lines 1--18
\JY2/mc/m/n/10 イ
 []


Overfull \hbox (13.5111pt too wide) in paragraph at lines 1--18
\JY2/mc/m/n/10 ダ\OT1/cmr/m/n/10 ) 
 []


Overfull \hbox (19.44449pt too wide) in paragraph at lines 1--18
[]\OT1/cmr/m/n/10 Tool
 []


Overfull \hbox (60.05003pt too wide) in paragraph at lines 1--18
\OT1/cmr/m/n/10 Provider(\JY2/mc/m/n/10 ツ ー
 []


Overfull \hbox (14.43329pt too wide) in paragraph at lines 1--18
\JY2/mc/m/n/10 ル ・
 []


Overfull \hbox (9.6222pt too wide) in paragraph at lines 1--18
\JY2/mc/m/n/10 プ
 []


Overfull \hbox (9.6222pt too wide) in paragraph at lines 1--18
\JY2/mc/m/n/10 ロ
 []


Overfull \hbox (9.6222pt too wide) in paragraph at lines 1--18
\JY2/mc/m/n/10 バ
 []


Overfull \hbox (9.6222pt too wide) in paragraph at lines 1--18
\JY2/mc/m/n/10 イ
 []


Overfull \hbox (13.5111pt too wide) in paragraph at lines 1--18
\JY2/mc/m/n/10 ダ\OT1/cmr/m/n/10 )
 []


Overfull \hbox (9.6222pt too wide) in paragraph at lines 1--18
\JY2/mc/m/n/10 と
 []


Overfull \hbox (13.93329pt too wide) in paragraph at lines 1--18
\JY2/mc/m/n/10 は 、
 []


Overfull \hbox (9.6222pt too wide) in paragraph at lines 1--18
\JY2/mc/m/n/10 外
 []


Overfull \hbox (9.6222pt too wide) in paragraph at lines 1--18
\JY2/mc/m/n/10 部
 []


Overfull \hbox (18.74438pt too wide) in paragraph at lines 1--18
\JY2/mc/m/n/10 ツ ー
 []


Overfull \hbox (9.6222pt too wide) in paragraph at lines 1--18
\JY2/mc/m/n/10 ル
 []


Overfull \hbox (9.6222pt too wide) in paragraph at lines 1--18
\JY2/mc/m/n/10 や
 []


Overfull \hbox (9.6222pt too wide) in paragraph at lines 1--18
\JY2/mc/m/n/10 外
 []


Overfull \hbox (9.6222pt too wide) in paragraph at lines 1--18
\JY2/mc/m/n/10 部
 []


Overfull \hbox (9.6222pt too wide) in paragraph at lines 1--18
\JY2/mc/m/n/10 コ
 []


Overfull \hbox (9.6222pt too wide) in paragraph at lines 1--18
\JY2/mc/m/n/10 ン
 []


Overfull \hbox (9.6222pt too wide) in paragraph at lines 1--18
\JY2/mc/m/n/10 テ
 []


Overfull \hbox (9.6222pt too wide) in paragraph at lines 1--18
\JY2/mc/m/n/10 ン
 []


Overfull \hbox (9.6222pt too wide) in paragraph at lines 1--18
\JY2/mc/m/n/10 ツ
 []


Overfull \hbox (9.6222pt too wide) in paragraph at lines 1--18
\JY2/mc/m/n/10 の
 []


Overfull \hbox (9.6222pt too wide) in paragraph at lines 1--18
\JY2/mc/m/n/10 こ
 []


Overfull \hbox (9.6222pt too wide) in paragraph at lines 1--18
\JY2/mc/m/n/10 と
 []


Overfull \hbox (9.6222pt too wide) in paragraph at lines 1--18
\JY2/mc/m/n/10 で
 []


Overfull \hbox (9.6222pt too wide) in paragraph at lines 1--18
\JY2/mc/m/n/10 あ
 []


Overfull \hbox (13.93329pt too wide) in paragraph at lines 1--18
\JY2/mc/m/n/10 り 、
 []


Overfull \hbox (9.6222pt too wide) in paragraph at lines 1--18
\JY2/mc/m/n/10 本
 []


Overfull \hbox (9.6222pt too wide) in paragraph at lines 1--18
\JY2/mc/m/n/10 研
 []


Overfull \hbox (9.6222pt too wide) in paragraph at lines 1--18
\JY2/mc/m/n/10 究
 []


Overfull \hbox (9.6222pt too wide) in paragraph at lines 1--18
\JY2/mc/m/n/10 で
 []


Overfull \hbox (9.6222pt too wide) in paragraph at lines 1--18
\JY2/mc/m/n/10 は
 []


Overfull \hbox (19.58339pt too wide) in paragraph at lines 1--18
\OT1/cmr/m/n/10 NSF
 []


Overfull \hbox (9.6222pt too wide) in paragraph at lines 1--18
\JY2/mc/m/n/10 が
 []


Overfull \hbox (18.74438pt too wide) in paragraph at lines 1--18
\JY2/mc/m/n/10 ツ ー
 []


Overfull \hbox (9.6222pt too wide) in paragraph at lines 1--18
\JY2/mc/m/n/10 ル
 []


Overfull \hbox (9.6222pt too wide) in paragraph at lines 1--18
\JY2/mc/m/n/10 プ
 []


Overfull \hbox (9.6222pt too wide) in paragraph at lines 1--18
\JY2/mc/m/n/10 ロ
 []


Overfull \hbox (9.6222pt too wide) in paragraph at lines 1--18
\JY2/mc/m/n/10 バ
 []


Overfull \hbox (9.6222pt too wide) in paragraph at lines 1--18
\JY2/mc/m/n/10 イ
 []


Overfull \hbox (9.6222pt too wide) in paragraph at lines 1--18
\JY2/mc/m/n/10 ダ
 []


Overfull \hbox (9.6222pt too wide) in paragraph at lines 1--18
\JY2/mc/m/n/10 と
 []


Overfull \hbox (9.6222pt too wide) in paragraph at lines 1--18
\JY2/mc/m/n/10 な
 []


Overfull \hbox (13.93329pt too wide) in paragraph at lines 1--18
\JY2/mc/m/n/10 る 。
 []


Overfull \hbox (19.44449pt too wide) in paragraph at lines 1--18
\OT1/cmr/m/n/10 Tool
 []


Overfull \hbox (21.11115pt too wide) in paragraph at lines 1--18
\OT1/cmr/m/n/10 Con-
 []


Overfull \hbox (48.82777pt too wide) in paragraph at lines 1--18
\OT1/cmr/m/n/10 sumer(\JY2/mc/m/n/10 ツ ー
 []


Overfull \hbox (14.43329pt too wide) in paragraph at lines 1--18
\JY2/mc/m/n/10 ル ・
 []


Overfull \hbox (9.6222pt too wide) in paragraph at lines 1--18
\JY2/mc/m/n/10 コ
 []


Overfull \hbox (9.6222pt too wide) in paragraph at lines 1--18
\JY2/mc/m/n/10 ン
 []


Overfull \hbox (9.6222pt too wide) in paragraph at lines 1--18
\JY2/mc/m/n/10 シ
 []


Overfull \hbox (18.74438pt too wide) in paragraph at lines 1--18
\JY2/mc/m/n/10 ュ ー
 []


Overfull \hbox (13.5111pt too wide) in paragraph at lines 1--18
\JY2/mc/m/n/10 マ\OT1/cmr/m/n/10 ) 
 []


Overfull \hbox (19.44449pt too wide) in paragraph at lines 1--18
[]\OT1/cmr/m/n/10 Tool
 []


Overfull \hbox (21.11115pt too wide) in paragraph at lines 1--18
\OT1/cmr/m/n/10 Con-
 []


Overfull \hbox (48.82777pt too wide) in paragraph at lines 1--18
\OT1/cmr/m/n/10 sumer(\JY2/mc/m/n/10 ツ ー
 []


Overfull \hbox (14.43329pt too wide) in paragraph at lines 1--18
\JY2/mc/m/n/10 ル ・
 []


Overfull \hbox (9.6222pt too wide) in paragraph at lines 1--18
\JY2/mc/m/n/10 コ
 []


Overfull \hbox (9.6222pt too wide) in paragraph at lines 1--18
\JY2/mc/m/n/10 ン
 []


Overfull \hbox (9.6222pt too wide) in paragraph at lines 1--18
\JY2/mc/m/n/10 シ
 []


Overfull \hbox (18.74438pt too wide) in paragraph at lines 1--18
\JY2/mc/m/n/10 ュ ー
 []


Overfull \hbox (13.5111pt too wide) in paragraph at lines 1--18
\JY2/mc/m/n/10 マ\OT1/cmr/m/n/10 )
 []


Overfull \hbox (9.6222pt too wide) in paragraph at lines 1--18
\JY2/mc/m/n/10 と
 []


Overfull \hbox (13.93329pt too wide) in paragraph at lines 1--18
\JY2/mc/m/n/10 は 、
 []


Overfull \hbox (18.74438pt too wide) in paragraph at lines 1--18
\JY2/mc/m/n/10 ツ ー
 []


Overfull \hbox (14.43329pt too wide) in paragraph at lines 1--18
\JY2/mc/m/n/10 ル ・
 []


Overfull \hbox (9.6222pt too wide) in paragraph at lines 1--18
\JY2/mc/m/n/10 プ
 []


Overfull \hbox (9.6222pt too wide) in paragraph at lines 1--18
\JY2/mc/m/n/10 ロ
 []


Overfull \hbox (9.6222pt too wide) in paragraph at lines 1--18
\JY2/mc/m/n/10 バ
 []


Overfull \hbox (9.6222pt too wide) in paragraph at lines 1--18
\JY2/mc/m/n/10 イ
 []


Overfull \hbox (9.6222pt too wide) in paragraph at lines 1--18
\JY2/mc/m/n/10 ダ
 []


Overfull \hbox (9.6222pt too wide) in paragraph at lines 1--18
\JY2/mc/m/n/10 か
 []


Overfull \hbox (9.6222pt too wide) in paragraph at lines 1--18
\JY2/mc/m/n/10 ら
 []


Overfull \hbox (9.6222pt too wide) in paragraph at lines 1--18
\JY2/mc/m/n/10 提
 []


Overfull \hbox (9.6222pt too wide) in paragraph at lines 1--18
\JY2/mc/m/n/10 供
 []


Overfull \hbox (9.6222pt too wide) in paragraph at lines 1--18
\JY2/mc/m/n/10 さ
 []


Overfull \hbox (9.6222pt too wide) in paragraph at lines 1--18
\JY2/mc/m/n/10 れ
 []


Overfull \hbox (9.6222pt too wide) in paragraph at lines 1--18
\JY2/mc/m/n/10 た
 []


Overfull \hbox (18.74438pt too wide) in paragraph at lines 1--18
\JY2/mc/m/n/10 ツ ー
 []


Overfull \hbox (9.6222pt too wide) in paragraph at lines 1--18
\JY2/mc/m/n/10 ル
 []


Overfull \hbox (9.6222pt too wide) in paragraph at lines 1--18
\JY2/mc/m/n/10 を
 []


Overfull \hbox (9.6222pt too wide) in paragraph at lines 1--18
\JY2/mc/m/n/10 使
 []


Overfull \hbox (9.6222pt too wide) in paragraph at lines 1--18
\JY2/mc/m/n/10 用
 []


Overfull \hbox (9.6222pt too wide) in paragraph at lines 1--18
\JY2/mc/m/n/10 す
 []


Overfull \hbox (9.6222pt too wide) in paragraph at lines 1--18
\JY2/mc/m/n/10 る
 []


Overfull \hbox (20.97227pt too wide) in paragraph at lines 1--18
\OT1/cmr/m/n/10 LMS
 []


Overfull \hbox (9.6222pt too wide) in paragraph at lines 1--18
\JY2/mc/m/n/10 の
 []


Overfull \hbox (9.6222pt too wide) in paragraph at lines 1--18
\JY2/mc/m/n/10 こ
 []


Overfull \hbox (9.6222pt too wide) in paragraph at lines 1--18
\JY2/mc/m/n/10 と
 []


Overfull \hbox (9.6222pt too wide) in paragraph at lines 1--18
\JY2/mc/m/n/10 で
 []


Overfull \hbox (9.6222pt too wide) in paragraph at lines 1--18
\JY2/mc/m/n/10 あ
 []


Overfull \hbox (13.93329pt too wide) in paragraph at lines 1--18
\JY2/mc/m/n/10 る 。
 []


Overfull \hbox (18.74438pt too wide) in paragraph at lines 1--18
\JY2/mc/m/n/10 ツ ー
 []


Overfull \hbox (14.43329pt too wide) in paragraph at lines 1--18
\JY2/mc/m/n/10 ル ・
 []


Overfull \hbox (9.6222pt too wide) in paragraph at lines 1--18
\JY2/mc/m/n/10 コ
 []


Overfull \hbox (9.6222pt too wide) in paragraph at lines 1--18
\JY2/mc/m/n/10 ン
 []


Overfull \hbox (9.6222pt too wide) in paragraph at lines 1--18
\JY2/mc/m/n/10 シ
 []


Overfull \hbox (18.74438pt too wide) in paragraph at lines 1--18
\JY2/mc/m/n/10 ュ ー
 []


Overfull \hbox (9.6222pt too wide) in paragraph at lines 1--18
\JY2/mc/m/n/10 マ
 []


Overfull \hbox (9.6222pt too wide) in paragraph at lines 1--18
\JY2/mc/m/n/10 は
 []


Overfull \hbox (9.6222pt too wide) in paragraph at lines 1--18
\JY2/mc/m/n/10 例
 []


Overfull \hbox (9.6222pt too wide) in paragraph at lines 1--18
\JY2/mc/m/n/10 と
 []


Overfull \hbox (9.6222pt too wide) in paragraph at lines 1--18
\JY2/mc/m/n/10 し
 []


Overfull \hbox (13.93329pt too wide) in paragraph at lines 1--18
\JY2/mc/m/n/10 て 、
 []


Overfull \hbox (21.11115pt too wide) in paragraph at lines 1--18
\OT1/cmr/m/n/10 Can-
 []


Overfull \hbox (120.63924pt too wide) in paragraph at lines 1--18
\OT1/cmr/m/n/10 vas,Moodle,Sakai,blackbord
 []


Overfull \hbox (9.6222pt too wide) in paragraph at lines 1--18
\JY2/mc/m/n/10 な
 []


Overfull \hbox (9.6222pt too wide) in paragraph at lines 1--18
\JY2/mc/m/n/10 ど
 []


Overfull \hbox (9.6222pt too wide) in paragraph at lines 1--18
\JY2/mc/m/n/10 が
 []


Overfull \hbox (9.6222pt too wide) in paragraph at lines 1--18
\JY2/mc/m/n/10 あ
 []


Overfull \hbox (13.93329pt too wide) in paragraph at lines 1--18
\JY2/mc/m/n/10 る 。
 []


Overfull \hbox (9.6222pt too wide) in paragraph at lines 1--18
\JY2/mc/m/n/10 本
 []


Overfull \hbox (9.6222pt too wide) in paragraph at lines 1--18
\JY2/mc/m/n/10 研
 []


Overfull \hbox (9.6222pt too wide) in paragraph at lines 1--18
\JY2/mc/m/n/10 究
 []


Overfull \hbox (9.6222pt too wide) in paragraph at lines 1--18
\JY2/mc/m/n/10 で
 []


Overfull \hbox (9.6222pt too wide) in paragraph at lines 1--18
\JY2/mc/m/n/10 は
 []


Overfull \hbox (22.77783pt too wide) in paragraph at lines 1--18
\OT1/cmr/m/n/10 Moo-
 []


Overfull \hbox (17.5889pt too wide) in paragraph at lines 1--18
\OT1/cmr/m/n/10 dle\JY2/mc/m/n/10 、
 []


Overfull \hbox (21.11115pt too wide) in paragraph at lines 1--18
\OT1/cmr/m/n/10 Can-
 []


Overfull \hbox (13.6667pt too wide) in paragraph at lines 1--18
\OT1/cmr/m/n/10 vas
 []


Overfull \hbox (9.6222pt too wide) in paragraph at lines 1--18
\JY2/mc/m/n/10 を
 []


Overfull \hbox (9.6222pt too wide) in paragraph at lines 1--18
\JY2/mc/m/n/10 使
 []


Overfull \hbox (9.6222pt too wide) in paragraph at lines 1--18
\JY2/mc/m/n/10 用
 []


Overfull \hbox (9.6222pt too wide) in paragraph at lines 1--18
\JY2/mc/m/n/10 し
 []


Overfull \hbox (13.93329pt too wide) in paragraph at lines 1--18
\JY2/mc/m/n/10 た 。
 []


Overfull \hbox (16.25002pt too wide) in paragraph at lines 1--18
\OT1/cmr/m/n/10 LTI
 []


Overfull \hbox (9.6222pt too wide) in paragraph at lines 1--18
\JY2/mc/m/n/10 に
 []


Overfull \hbox (9.6222pt too wide) in paragraph at lines 1--18
\JY2/mc/m/n/10 置
 []


Overfull \hbox (9.6222pt too wide) in paragraph at lines 1--18
\JY2/mc/m/n/10 け
 []


Overfull \hbox (9.6222pt too wide) in paragraph at lines 1--18
\JY2/mc/m/n/10 る
 []


Overfull \hbox (9.6222pt too wide) in paragraph at lines 1--18
\JY2/mc/m/n/10 利
 []


Overfull \hbox (9.6222pt too wide) in paragraph at lines 1--18
\JY2/mc/m/n/10 点 
 []


Overfull \hbox (16.25002pt too wide) in paragraph at lines 1--18
[]\OT1/cmr/m/n/10 LTI
 []


Overfull \hbox (9.6222pt too wide) in paragraph at lines 1--18
\JY2/mc/m/n/10 化
 []


Overfull \hbox (9.6222pt too wide) in paragraph at lines 1--18
\JY2/mc/m/n/10 す
 []


Overfull \hbox (9.6222pt too wide) in paragraph at lines 1--18
\JY2/mc/m/n/10 る
 []


Overfull \hbox (9.6222pt too wide) in paragraph at lines 1--18
\JY2/mc/m/n/10 こ
 []


Overfull \hbox (9.6222pt too wide) in paragraph at lines 1--18
\JY2/mc/m/n/10 と
 []


Overfull \hbox (9.6222pt too wide) in paragraph at lines 1--18
\JY2/mc/m/n/10 に
 []


Overfull \hbox (9.6222pt too wide) in paragraph at lines 1--18
\JY2/mc/m/n/10 よ
 []


Overfull \hbox (13.93329pt too wide) in paragraph at lines 1--18
\JY2/mc/m/n/10 り 、
 []


Overfull \hbox (18.74438pt too wide) in paragraph at lines 1--18
\JY2/mc/m/n/10 様 々
 []


Overfull \hbox (9.6222pt too wide) in paragraph at lines 1--18
\JY2/mc/m/n/10 な
 []


Overfull \hbox (20.97227pt too wide) in paragraph at lines 1--18
\OT1/cmr/m/n/10 LMS
 []


Overfull \hbox (9.6222pt too wide) in paragraph at lines 1--18
\JY2/mc/m/n/10 か
 []


Overfull \hbox (9.6222pt too wide) in paragraph at lines 1--18
\JY2/mc/m/n/10 ら
 []


Overfull \hbox (9.6222pt too wide) in paragraph at lines 1--18
\JY2/mc/m/n/10 ロ
 []


Overfull \hbox (9.6222pt too wide) in paragraph at lines 1--18
\JY2/mc/m/n/10 グ
 []


Overfull \hbox (9.6222pt too wide) in paragraph at lines 1--18
\JY2/mc/m/n/10 イ
 []


Overfull \hbox (9.6222pt too wide) in paragraph at lines 1--18
\JY2/mc/m/n/10 ン
 []


Overfull \hbox (9.6222pt too wide) in paragraph at lines 1--18
\JY2/mc/m/n/10 す
 []


Overfull \hbox (9.6222pt too wide) in paragraph at lines 1--18
\JY2/mc/m/n/10 る
 []


Overfull \hbox (9.6222pt too wide) in paragraph at lines 1--18
\JY2/mc/m/n/10 こ
 []


Overfull \hbox (9.6222pt too wide) in paragraph at lines 1--18
\JY2/mc/m/n/10 と
 []


Overfull \hbox (9.6222pt too wide) in paragraph at lines 1--18
\JY2/mc/m/n/10 な
 []


Overfull \hbox (9.6222pt too wide) in paragraph at lines 1--18
\JY2/mc/m/n/10 く
 []


Overfull \hbox (20.97227pt too wide) in paragraph at lines 1--18
\OT1/cmr/m/n/10 LMS
 []


Overfull \hbox (9.6222pt too wide) in paragraph at lines 1--18
\JY2/mc/m/n/10 の
 []


Overfull \hbox (9.6222pt too wide) in paragraph at lines 1--18
\JY2/mc/m/n/10 学
 []


Overfull \hbox (9.6222pt too wide) in paragraph at lines 1--18
\JY2/mc/m/n/10 習
 []


Overfull \hbox (9.6222pt too wide) in paragraph at lines 1--18
\JY2/mc/m/n/10 支
 []


Overfull \hbox (9.6222pt too wide) in paragraph at lines 1--18
\JY2/mc/m/n/10 援
 []


Overfull \hbox (18.74438pt too wide) in paragraph at lines 1--18
\JY2/mc/m/n/10 ツ ー
 []


Overfull \hbox (9.6222pt too wide) in paragraph at lines 1--18
\JY2/mc/m/n/10 ル
 []


Overfull \hbox (9.6222pt too wide) in paragraph at lines 1--18
\JY2/mc/m/n/10 と
 []


Overfull \hbox (9.6222pt too wide) in paragraph at lines 1--18
\JY2/mc/m/n/10 し
 []


Overfull \hbox (9.6222pt too wide) in paragraph at lines 1--18
\JY2/mc/m/n/10 て
 []


Overfull \hbox (9.6222pt too wide) in paragraph at lines 1--18
\JY2/mc/m/n/10 利
 []


Overfull \hbox (9.6222pt too wide) in paragraph at lines 1--18
\JY2/mc/m/n/10 用
 []


Overfull \hbox (9.6222pt too wide) in paragraph at lines 1--18
\JY2/mc/m/n/10 す
 []


Overfull \hbox (9.6222pt too wide) in paragraph at lines 1--18
\JY2/mc/m/n/10 る
 []


Overfull \hbox (9.6222pt too wide) in paragraph at lines 1--18
\JY2/mc/m/n/10 こ
 []


Overfull \hbox (9.6222pt too wide) in paragraph at lines 1--18
\JY2/mc/m/n/10 と
 []


Overfull \hbox (9.6222pt too wide) in paragraph at lines 1--18
\JY2/mc/m/n/10 が
 []


Overfull \hbox (9.6222pt too wide) in paragraph at lines 1--18
\JY2/mc/m/n/10 で
 []


Overfull \hbox (9.6222pt too wide) in paragraph at lines 1--18
\JY2/mc/m/n/10 き
 []


Overfull \hbox (13.93329pt too wide) in paragraph at lines 1--18
\JY2/mc/m/n/10 る 。
 []


Overfull \hbox (9.6222pt too wide) in paragraph at lines 1--18
\JY2/mc/m/n/10 ま
 []


Overfull \hbox (13.93329pt too wide) in paragraph at lines 1--18
\JY2/mc/m/n/10 た 、
 []


Overfull \hbox (9.6222pt too wide) in paragraph at lines 1--18
\JY2/mc/m/n/10 学
 []


Overfull \hbox (9.6222pt too wide) in paragraph at lines 1--18
\JY2/mc/m/n/10 習
 []


Overfull \hbox (9.6222pt too wide) in paragraph at lines 1--18
\JY2/mc/m/n/10 支
 []


Overfull \hbox (9.6222pt too wide) in paragraph at lines 1--18
\JY2/mc/m/n/10 援
 []


Overfull \hbox (18.74438pt too wide) in paragraph at lines 1--18
\JY2/mc/m/n/10 ツ ー
 []


Overfull \hbox (9.6222pt too wide) in paragraph at lines 1--18
\JY2/mc/m/n/10 ル
 []


Overfull \hbox (13.93329pt too wide) in paragraph at lines 1--18
\JY2/mc/m/n/10 を 、
 []


Overfull \hbox (9.6222pt too wide) in paragraph at lines 1--18
\JY2/mc/m/n/10 異
 []


Overfull \hbox (9.6222pt too wide) in paragraph at lines 1--18
\JY2/mc/m/n/10 な
 []


Overfull \hbox (9.6222pt too wide) in paragraph at lines 1--18
\JY2/mc/m/n/10 る
 []


Overfull \hbox (20.97227pt too wide) in paragraph at lines 1--18
\OT1/cmr/m/n/10 LMS
 []


Overfull \hbox (9.6222pt too wide) in paragraph at lines 1--18
\JY2/mc/m/n/10 に
 []


Overfull \hbox (9.6222pt too wide) in paragraph at lines 1--18
\JY2/mc/m/n/10 合
 []


Overfull \hbox (9.6222pt too wide) in paragraph at lines 1--18
\JY2/mc/m/n/10 わ
 []


Overfull \hbox (9.6222pt too wide) in paragraph at lines 1--18
\JY2/mc/m/n/10 せ
 []


Overfull \hbox (9.6222pt too wide) in paragraph at lines 1--18
\JY2/mc/m/n/10 た
 []


Overfull \hbox (9.6222pt too wide) in paragraph at lines 1--18
\JY2/mc/m/n/10 設
 []


Overfull \hbox (9.6222pt too wide) in paragraph at lines 1--18
\JY2/mc/m/n/10 計
 []


Overfull \hbox (9.6222pt too wide) in paragraph at lines 1--18
\JY2/mc/m/n/10 で
 []


Overfull \hbox (9.6222pt too wide) in paragraph at lines 1--18
\JY2/mc/m/n/10 作
 []


Overfull \hbox (9.6222pt too wide) in paragraph at lines 1--18
\JY2/mc/m/n/10 ら
 []


Overfull \hbox (9.6222pt too wide) in paragraph at lines 1--18
\JY2/mc/m/n/10 ず
 []


Overfull \hbox (9.6222pt too wide) in paragraph at lines 1--18
\JY2/mc/m/n/10 に
 []


Overfull \hbox (9.6222pt too wide) in paragraph at lines 1--18
\JY2/mc/m/n/10 済
 []


Overfull \hbox (9.6222pt too wide) in paragraph at lines 1--18
\JY2/mc/m/n/10 む
 []


Overfull \hbox (9.6222pt too wide) in paragraph at lines 1--18
\JY2/mc/m/n/10 こ
 []


Overfull \hbox (9.6222pt too wide) in paragraph at lines 1--18
\JY2/mc/m/n/10 と
 []


Overfull \hbox (9.6222pt too wide) in paragraph at lines 1--18
\JY2/mc/m/n/10 も
 []


Overfull \hbox (9.6222pt too wide) in paragraph at lines 1--18
\JY2/mc/m/n/10 利
 []


Overfull \hbox (9.6222pt too wide) in paragraph at lines 1--18
\JY2/mc/m/n/10 点
 []


Overfull \hbox (9.6222pt too wide) in paragraph at lines 1--18
\JY2/mc/m/n/10 と
 []


Overfull \hbox (9.6222pt too wide) in paragraph at lines 1--18
\JY2/mc/m/n/10 し
 []


Overfull \hbox (9.6222pt too wide) in paragraph at lines 1--18
\JY2/mc/m/n/10 て
 []


Overfull \hbox (9.6222pt too wide) in paragraph at lines 1--18
\JY2/mc/m/n/10 あ
 []


Overfull \hbox (9.6222pt too wide) in paragraph at lines 1--18
\JY2/mc/m/n/10 げ
 []


Overfull \hbox (9.6222pt too wide) in paragraph at lines 1--18
\JY2/mc/m/n/10 ら
 []


Overfull \hbox (9.6222pt too wide) in paragraph at lines 1--18
\JY2/mc/m/n/10 れ
 []


Overfull \hbox (13.93329pt too wide) in paragraph at lines 1--18
\JY2/mc/m/n/10 る 。
 []


Overfull \hbox (9.6222pt too wide) in paragraph at lines 1--18
\JY2/mc/m/n/10 こ
 []


Overfull \hbox (9.6222pt too wide) in paragraph at lines 1--18
\JY2/mc/m/n/10 れ
 []


Overfull \hbox (9.6222pt too wide) in paragraph at lines 1--18
\JY2/mc/m/n/10 に
 []


Overfull \hbox (9.6222pt too wide) in paragraph at lines 1--18
\JY2/mc/m/n/10 よ
 []


Overfull \hbox (9.6222pt too wide) in paragraph at lines 1--18
\JY2/mc/m/n/10 り
 []


Overfull \hbox (18.74438pt too wide) in paragraph at lines 1--18
\JY2/mc/m/n/10 ツ ー
 []


Overfull \hbox (9.6222pt too wide) in paragraph at lines 1--18
\JY2/mc/m/n/10 ル
 []


Overfull \hbox (9.6222pt too wide) in paragraph at lines 1--18
\JY2/mc/m/n/10 製
 []


Overfull \hbox (9.6222pt too wide) in paragraph at lines 1--18
\JY2/mc/m/n/10 作
 []


Overfull \hbox (9.6222pt too wide) in paragraph at lines 1--18
\JY2/mc/m/n/10 者
 []


Overfull \hbox (9.6222pt too wide) in paragraph at lines 1--18
\JY2/mc/m/n/10 は
 []


Overfull \hbox (18.74438pt too wide) in paragraph at lines 1--18
\JY2/mc/m/n/10 ツ ー
 []


Overfull \hbox (9.6222pt too wide) in paragraph at lines 1--18
\JY2/mc/m/n/10 ル
 []


Overfull \hbox (9.6222pt too wide) in paragraph at lines 1--18
\JY2/mc/m/n/10 の
 []


Overfull \hbox (9.6222pt too wide) in paragraph at lines 1--18
\JY2/mc/m/n/10 再
 []


Overfull \hbox (9.6222pt too wide) in paragraph at lines 1--18
\JY2/mc/m/n/10 利
 []


Overfull \hbox (9.6222pt too wide) in paragraph at lines 1--18
\JY2/mc/m/n/10 用
 []


Overfull \hbox (9.6222pt too wide) in paragraph at lines 1--18
\JY2/mc/m/n/10 お
 []


Overfull \hbox (9.6222pt too wide) in paragraph at lines 1--18
\JY2/mc/m/n/10 よ
 []


Overfull \hbox (13.93329pt too wide) in paragraph at lines 1--18
\JY2/mc/m/n/10 び 、
 []


Overfull \hbox (18.74438pt too wide) in paragraph at lines 1--18
\JY2/mc/m/n/10 ツ ー
 []


Overfull \hbox (9.6222pt too wide) in paragraph at lines 1--18
\JY2/mc/m/n/10 ル
 []


Overfull \hbox (9.6222pt too wide) in paragraph at lines 1--18
\JY2/mc/m/n/10 の
 []


Overfull \hbox (9.6222pt too wide) in paragraph at lines 1--18
\JY2/mc/m/n/10 共
 []


Overfull \hbox (9.6222pt too wide) in paragraph at lines 1--18
\JY2/mc/m/n/10 有
 []


Overfull \hbox (9.6222pt too wide) in paragraph at lines 1--18
\JY2/mc/m/n/10 を
 []


Overfull \hbox (9.6222pt too wide) in paragraph at lines 1--18
\JY2/mc/m/n/10 可
 []


Overfull \hbox (9.6222pt too wide) in paragraph at lines 1--18
\JY2/mc/m/n/10 能
 []


Overfull \hbox (9.6222pt too wide) in paragraph at lines 1--18
\JY2/mc/m/n/10 と
 []


Overfull \hbox (9.6222pt too wide) in paragraph at lines 1--18
\JY2/mc/m/n/10 す
 []


Overfull \hbox (9.6222pt too wide) in paragraph at lines 1--18
\JY2/mc/m/n/10 る
 []


Overfull \hbox (9.6222pt too wide) in paragraph at lines 1--18
\JY2/mc/m/n/10 こ
 []


Overfull \hbox (9.6222pt too wide) in paragraph at lines 1--18
\JY2/mc/m/n/10 と
 []


Overfull \hbox (9.6222pt too wide) in paragraph at lines 1--18
\JY2/mc/m/n/10 が
 []


Overfull \hbox (9.6222pt too wide) in paragraph at lines 1--18
\JY2/mc/m/n/10 で
 []


Overfull \hbox (9.6222pt too wide) in paragraph at lines 1--18
\JY2/mc/m/n/10 き
 []


Overfull \hbox (13.93329pt too wide) in paragraph at lines 1--18
\JY2/mc/m/n/10 る 。
 []


Overfull \hbox (16.25002pt too wide) in paragraph at lines 1--18
\OT1/cmr/m/n/10 LTI
 []


Overfull \hbox (9.6222pt too wide) in paragraph at lines 1--18
\JY2/mc/m/n/10 の
 []


Overfull \hbox (9.6222pt too wide) in paragraph at lines 1--18
\JY2/mc/m/n/10 利
 []


Overfull \hbox (9.6222pt too wide) in paragraph at lines 1--18
\JY2/mc/m/n/10 用
 []


Overfull \hbox (9.6222pt too wide) in paragraph at lines 1--18
\JY2/mc/m/n/10 方
 []


Overfull \hbox (9.6222pt too wide) in paragraph at lines 1--18
\JY2/mc/m/n/10 法 
 []


Overfull \hbox (20.97227pt too wide) in paragraph at lines 1--18
[]\OT1/cmr/m/n/10 LMS
 []


Overfull \hbox (9.6222pt too wide) in paragraph at lines 1--18
\JY2/mc/m/n/10 上
 []


Overfull \hbox (9.6222pt too wide) in paragraph at lines 1--18
\JY2/mc/m/n/10 で
 []


Overfull \hbox (19.44449pt too wide) in paragraph at lines 1--18
\OT1/cmr/m/n/10 Tool
 []


Overfull \hbox (60.05003pt too wide) in paragraph at lines 1--18
\OT1/cmr/m/n/10 Provider(\JY2/mc/m/n/10 ツ ー
 []


Overfull \hbox (14.43329pt too wide) in paragraph at lines 1--18
\JY2/mc/m/n/10 ル ・
 []


Overfull \hbox (9.6222pt too wide) in paragraph at lines 1--18
\JY2/mc/m/n/10 プ
 []


Overfull \hbox (9.6222pt too wide) in paragraph at lines 1--18
\JY2/mc/m/n/10 ロ
 []


Overfull \hbox (9.6222pt too wide) in paragraph at lines 1--18
\JY2/mc/m/n/10 バ
 []


Overfull \hbox (9.6222pt too wide) in paragraph at lines 1--18
\JY2/mc/m/n/10 イ
 []


Overfull \hbox (13.5111pt too wide) in paragraph at lines 1--18
\JY2/mc/m/n/10 ダ\OT1/cmr/m/n/10 )
 []


Overfull \hbox (9.6222pt too wide) in paragraph at lines 1--18
\JY2/mc/m/n/10 を
 []


Overfull \hbox (9.6222pt too wide) in paragraph at lines 1--18
\JY2/mc/m/n/10 使
 []


Overfull \hbox (9.6222pt too wide) in paragraph at lines 1--18
\JY2/mc/m/n/10 用
 []


Overfull \hbox (9.6222pt too wide) in paragraph at lines 1--18
\JY2/mc/m/n/10 す
 []


Overfull \hbox (9.6222pt too wide) in paragraph at lines 1--18
\JY2/mc/m/n/10 る
 []


Overfull \hbox (9.6222pt too wide) in paragraph at lines 1--18
\JY2/mc/m/n/10 に
 []


Overfull \hbox (13.93329pt too wide) in paragraph at lines 1--18
\JY2/mc/m/n/10 は 、
 []


Overfull \hbox (9.6222pt too wide) in paragraph at lines 1--18
\JY2/mc/m/n/10 各
 []


Overfull \hbox (20.97227pt too wide) in paragraph at lines 1--18
\OT1/cmr/m/n/10 LMS
 []


Overfull \hbox (9.6222pt too wide) in paragraph at lines 1--18
\JY2/mc/m/n/10 上
 []


Overfull \hbox (9.6222pt too wide) in paragraph at lines 1--18
\JY2/mc/m/n/10 で
 []


Overfull \hbox (9.6222pt too wide) in paragraph at lines 1--18
\JY2/mc/m/n/10 外
 []


Overfull \hbox (9.6222pt too wide) in paragraph at lines 1--18
\JY2/mc/m/n/10 部
 []


Overfull \hbox (18.74438pt too wide) in paragraph at lines 1--18
\JY2/mc/m/n/10 ツ ー
 []


Overfull \hbox (9.6222pt too wide) in paragraph at lines 1--18
\JY2/mc/m/n/10 ル
 []


Overfull \hbox (9.6222pt too wide) in paragraph at lines 1--18
\JY2/mc/m/n/10 の
 []


Overfull \hbox (9.6222pt too wide) in paragraph at lines 1--18
\JY2/mc/m/n/10 設
 []


Overfull \hbox (9.6222pt too wide) in paragraph at lines 1--18
\JY2/mc/m/n/10 定
 []


Overfull \hbox (9.6222pt too wide) in paragraph at lines 1--18
\JY2/mc/m/n/10 を
 []


Overfull \hbox (9.6222pt too wide) in paragraph at lines 1--18
\JY2/mc/m/n/10 変
 []


Overfull \hbox (9.6222pt too wide) in paragraph at lines 1--18
\JY2/mc/m/n/10 更
 []


Overfull \hbox (9.6222pt too wide) in paragraph at lines 1--18
\JY2/mc/m/n/10 す
 []


Overfull \hbox (9.6222pt too wide) in paragraph at lines 1--18
\JY2/mc/m/n/10 る
 []


Overfull \hbox (9.6222pt too wide) in paragraph at lines 1--18
\JY2/mc/m/n/10 必
 []


Overfull \hbox (9.6222pt too wide) in paragraph at lines 1--18
\JY2/mc/m/n/10 要
 []


Overfull \hbox (9.6222pt too wide) in paragraph at lines 1--18
\JY2/mc/m/n/10 が
 []


Overfull \hbox (9.6222pt too wide) in paragraph at lines 1--18
\JY2/mc/m/n/10 あ
 []


Overfull \hbox (13.93329pt too wide) in paragraph at lines 1--18
\JY2/mc/m/n/10 る 。
 []


Overfull \hbox (9.6222pt too wide) in paragraph at lines 1--18
\JY2/mc/m/n/10 例
 []


Overfull \hbox (9.6222pt too wide) in paragraph at lines 1--18
\JY2/mc/m/n/10 と
 []


Overfull \hbox (9.6222pt too wide) in paragraph at lines 1--18
\JY2/mc/m/n/10 し
 []


Overfull \hbox (13.93329pt too wide) in paragraph at lines 1--18
\JY2/mc/m/n/10 て 、
 []


Overfull \hbox (21.9445pt too wide) in paragraph at lines 1--18
\OT1/cmr/m/n/10 moo-
 []


Overfull \hbox (12.7778pt too wide) in paragraph at lines 1--18
\OT1/cmr/m/n/10 dle
 []


Overfull \hbox (9.6222pt too wide) in paragraph at lines 1--18
\JY2/mc/m/n/10 で
 []


Overfull \hbox (9.6222pt too wide) in paragraph at lines 1--18
\JY2/mc/m/n/10 は
 []


Overfull \hbox (9.6222pt too wide) in paragraph at lines 1--18
\JY2/mc/m/n/10 外
 []


Overfull \hbox (9.6222pt too wide) in paragraph at lines 1--18
\JY2/mc/m/n/10 部
 []


Overfull \hbox (18.74438pt too wide) in paragraph at lines 1--18
\JY2/mc/m/n/10 ツ ー
 []


Overfull \hbox (9.6222pt too wide) in paragraph at lines 1--18
\JY2/mc/m/n/10 ル
 []


Overfull \hbox (9.6222pt too wide) in paragraph at lines 1--18
\JY2/mc/m/n/10 設
 []


Overfull \hbox (9.6222pt too wide) in paragraph at lines 1--18
\JY2/mc/m/n/10 定
 []


Overfull \hbox (9.6222pt too wide) in paragraph at lines 1--18
\JY2/mc/m/n/10 よ
 []


Overfull \hbox (13.93329pt too wide) in paragraph at lines 1--18
\JY2/mc/m/n/10 り 、
 []


Overfull \hbox (18.74438pt too wide) in paragraph at lines 1--18
\JY2/mc/m/n/10 ツ ー
 []


Overfull \hbox (9.6222pt too wide) in paragraph at lines 1--18
\JY2/mc/m/n/10 ル
 []


Overfull \hbox (13.93329pt too wide) in paragraph at lines 1--18
\JY2/mc/m/n/10 名 、
 []


Overfull \hbox (18.74438pt too wide) in paragraph at lines 1--18
\JY2/mc/m/n/10 ツ ー
 []


Overfull \hbox (9.6222pt too wide) in paragraph at lines 1--18
\JY2/mc/m/n/10 ル
 []


Overfull \hbox (25.92224pt too wide) in paragraph at lines 1--18
\OT1/cmr/m/n/10 URL\JY2/mc/m/n/10 、
 []


Overfull \hbox (9.6222pt too wide) in paragraph at lines 1--18
\JY2/mc/m/n/10 コ
 []


Overfull \hbox (9.6222pt too wide) in paragraph at lines 1--18
\JY2/mc/m/n/10 ン
 []


Overfull \hbox (9.6222pt too wide) in paragraph at lines 1--18
\JY2/mc/m/n/10 シ
 []


Overfull \hbox (18.74438pt too wide) in paragraph at lines 1--18
\JY2/mc/m/n/10 ュ ー
 []


Overfull \hbox (9.6222pt too wide) in paragraph at lines 1--18
\JY2/mc/m/n/10 マ
 []


Overfull \hbox (23.05548pt too wide) in paragraph at lines 1--18
\JY2/mc/m/n/10 キ ー 、
 []


Overfull \hbox (9.6222pt too wide) in paragraph at lines 1--18
\JY2/mc/m/n/10 秘
 []


Overfull \hbox (9.6222pt too wide) in paragraph at lines 1--18
\JY2/mc/m/n/10 密
 []


Overfull \hbox (9.6222pt too wide) in paragraph at lines 1--18
\JY2/mc/m/n/10 鍵
 []


Overfull \hbox (9.6222pt too wide) in paragraph at lines 1--18
\JY2/mc/m/n/10 の
 []


Overfull \hbox (9.6222pt too wide) in paragraph at lines 1--18
\JY2/mc/m/n/10 設
 []


Overfull \hbox (9.6222pt too wide) in paragraph at lines 1--18
\JY2/mc/m/n/10 定
 []


Overfull \hbox (9.6222pt too wide) in paragraph at lines 1--18
\JY2/mc/m/n/10 を
 []


Overfull \hbox (9.6222pt too wide) in paragraph at lines 1--18
\JY2/mc/m/n/10 す
 []


Overfull \hbox (9.6222pt too wide) in paragraph at lines 1--18
\JY2/mc/m/n/10 る
 []


Overfull \hbox (9.6222pt too wide) in paragraph at lines 1--18
\JY2/mc/m/n/10 必
 []


Overfull \hbox (9.6222pt too wide) in paragraph at lines 1--18
\JY2/mc/m/n/10 要
 []


Overfull \hbox (9.6222pt too wide) in paragraph at lines 1--18
\JY2/mc/m/n/10 が
 []


Overfull \hbox (9.6222pt too wide) in paragraph at lines 1--18
\JY2/mc/m/n/10 あ
 []


Overfull \hbox (13.93329pt too wide) in paragraph at lines 1--18
\JY2/mc/m/n/10 る 。
 []


Overfull \hbox (9.6222pt too wide) in paragraph at lines 1--18
\JY2/mc/m/n/10 こ
 []


Overfull \hbox (9.6222pt too wide) in paragraph at lines 1--18
\JY2/mc/m/n/10 れ
 []


Overfull \hbox (9.6222pt too wide) in paragraph at lines 1--18
\JY2/mc/m/n/10 ら
 []


Overfull \hbox (9.6222pt too wide) in paragraph at lines 1--18
\JY2/mc/m/n/10 の
 []


Overfull \hbox (9.6222pt too wide) in paragraph at lines 1--18
\JY2/mc/m/n/10 設
 []


Overfull \hbox (9.6222pt too wide) in paragraph at lines 1--18
\JY2/mc/m/n/10 定
 []


Overfull \hbox (9.6222pt too wide) in paragraph at lines 1--18
\JY2/mc/m/n/10 を
 []


Overfull \hbox (9.6222pt too wide) in paragraph at lines 1--18
\JY2/mc/m/n/10 得
 []


Overfull \hbox (13.93329pt too wide) in paragraph at lines 1--18
\JY2/mc/m/n/10 て 、
 []


Overfull \hbox (21.9445pt too wide) in paragraph at lines 1--18
\OT1/cmr/m/n/10 moo-
 []


Overfull \hbox (12.7778pt too wide) in paragraph at lines 1--18
\OT1/cmr/m/n/10 dle
 []


Overfull \hbox (9.6222pt too wide) in paragraph at lines 1--18
\JY2/mc/m/n/10 か
 []


Overfull \hbox (9.6222pt too wide) in paragraph at lines 1--18
\JY2/mc/m/n/10 ら
 []


Overfull \hbox (19.44449pt too wide) in paragraph at lines 1--18
\OT1/cmr/m/n/10 Tool
 []


Overfull \hbox (60.05003pt too wide) in paragraph at lines 1--18
\OT1/cmr/m/n/10 Provider(\JY2/mc/m/n/10 ツ ー
 []


Overfull \hbox (14.43329pt too wide) in paragraph at lines 1--18
\JY2/mc/m/n/10 ル ・
 []


Overfull \hbox (9.6222pt too wide) in paragraph at lines 1--18
\JY2/mc/m/n/10 プ
 []


Overfull \hbox (9.6222pt too wide) in paragraph at lines 1--18
\JY2/mc/m/n/10 ロ
 []


Overfull \hbox (9.6222pt too wide) in paragraph at lines 1--18
\JY2/mc/m/n/10 パ
 []


Overfull \hbox (9.6222pt too wide) in paragraph at lines 1--18
\JY2/mc/m/n/10 イ
 []


Overfull \hbox (13.5111pt too wide) in paragraph at lines 1--18
\JY2/mc/m/n/10 ダ\OT1/cmr/m/n/10 )
 []


Overfull \hbox (9.6222pt too wide) in paragraph at lines 1--18
\JY2/mc/m/n/10 を
 []


Overfull \hbox (9.6222pt too wide) in paragraph at lines 1--18
\JY2/mc/m/n/10 利
 []


Overfull \hbox (9.6222pt too wide) in paragraph at lines 1--18
\JY2/mc/m/n/10 用
 []


Overfull \hbox (9.6222pt too wide) in paragraph at lines 1--18
\JY2/mc/m/n/10 す
 []


Overfull \hbox (9.6222pt too wide) in paragraph at lines 1--18
\JY2/mc/m/n/10 る
 []


Overfull \hbox (9.6222pt too wide) in paragraph at lines 1--18
\JY2/mc/m/n/10 こ
 []


Overfull \hbox (9.6222pt too wide) in paragraph at lines 1--18
\JY2/mc/m/n/10 と
 []


Overfull \hbox (9.6222pt too wide) in paragraph at lines 1--18
\JY2/mc/m/n/10 が
 []


Overfull \hbox (9.6222pt too wide) in paragraph at lines 1--18
\JY2/mc/m/n/10 可
 []


Overfull \hbox (9.6222pt too wide) in paragraph at lines 1--18
\JY2/mc/m/n/10 能
 []


Overfull \hbox (9.6222pt too wide) in paragraph at lines 1--18
\JY2/mc/m/n/10 と
 []


Overfull \hbox (9.6222pt too wide) in paragraph at lines 1--18
\JY2/mc/m/n/10 な
 []


Overfull \hbox (13.93329pt too wide) in paragraph at lines 1--18
\JY2/mc/m/n/10 る 。
 []


Overfull \hbox (25.8334pt too wide) in paragraph at lines 1--18
\OT1/cmr/m/n/10 [htbp] 
 []


Underfull \vbox (badness 10000) has occurred while \output is active []

LaTeX Font Info:    Font shape `JT2/mc/m/n' will be
(Font)              scaled to size 9.6222pt on input line 18.
LaTeX Font Info:    Font shape `JY2/mc/m/n' will be
(Font)              scaled to size 9.6222pt on input line 18.


./lit.back.tex:18: LaTeX Error: The font size command \normalsize is not defined:
               there is probably something wrong with the class file.

See the LaTeX manual or LaTeX Companion for explanation.
Type  H <return>  for immediate help.
 ...                                              
                                                  
l.18   \begin{center}
                     
Your command was ignored.
Type  I <command> <return>  to replace it with another command,
or  <return>  to continue without it.

[1
./lit.back.tex:18: Undefined control sequence.
<write> \newlabel{tag:LTI}{{}{\thepage 
                                       }}
l.18   \begin{center}
                     
The control sequence at the end of the top line
of your error message was never \def'ed. If you have
misspelled it (e.g., `\hobx'), type `I' and the correct
spelling (e.g., `I\hbox'). Otherwise just continue,
and I'll forget about whatever was undefined.

\newlabel{tag:LTI}{{}{}}
]
./lit.back.tex:19: Undefined control sequence.
l.19     \includegraphics
                         [clip,width=12.0cm,height=8.0cm]{img/moodleSet.png}
The control sequence at the end of the top line
of your error message was never \def'ed. If you have
misspelled it (e.g., `\hobx'), type `I' and the correct
spelling (e.g., `I\hbox'). Otherwise just continue,
and I'll forget about whatever was undefined.


./lit.back.tex:20: LaTeX Error: \caption outside float.

See the LaTeX manual or LaTeX Companion for explanation.
Type  H <return>  for immediate help.
 ...                                              
                                                  
l.20     \caption
                 {moodle 外部ツール設定画面}
You're in trouble here.  Try typing  <return>  to proceed.
If that doesn't work, type  X <return>  to quit.


Overfull \hbox (235.83395pt too wide) in paragraph at lines 19--22
 \OT1/cmr/m/n/10 [clip,width=12.0cm,height=8.0cm]img/moodleSet.png 
 []


Overfull \hbox (21.9445pt too wide) in paragraph at lines 19--22
 \OT1/cmr/m/n/10 moo- 
 []


Overfull \hbox (12.7778pt too wide) in paragraph at lines 19--22
 \OT1/cmr/m/n/10 dle 
 []


Overfull \hbox (9.6222pt too wide) in paragraph at lines 19--22
 \JY2/mc/m/n/10 外 
 []


Overfull \hbox (9.6222pt too wide) in paragraph at lines 19--22
 \JY2/mc/m/n/10 部 
 []


Overfull \hbox (18.74438pt too wide) in paragraph at lines 19--22
 \JY2/mc/m/n/10 ツ ー 
 []


Overfull \hbox (9.6222pt too wide) in paragraph at lines 19--22
 \JY2/mc/m/n/10 ル 
 []


Overfull \hbox (9.6222pt too wide) in paragraph at lines 19--22
 \JY2/mc/m/n/10 設 
 []


Overfull \hbox (9.6222pt too wide) in paragraph at lines 19--22
 \JY2/mc/m/n/10 定 
 []


Overfull \hbox (9.6222pt too wide) in paragraph at lines 19--22
 \JY2/mc/m/n/10 画 
 []


Overfull \hbox (9.6222pt too wide) in paragraph at lines 19--22
 \JY2/mc/m/n/10 面[] 
 []


./lit.back.tex:23: LaTeX Error: \begin{document} ended by \end{figure}.

See the LaTeX manual or LaTeX Companion for explanation.
Type  H <return>  for immediate help.
 ...                                              
                                                  
l.23 \end{figure}
                 
Your command was ignored.
Type  I <command> <return>  to replace it with another command,
or  <return>  to continue without it.


./lit.back.tex:25: LaTeX Error: Environment figure undefined.

See the LaTeX manual or LaTeX Companion for explanation.
Type  H <return>  for immediate help.
 ...                                              
                                                  
l.25 \begin{figure}
                   [htbp]
Your command was ignored.
Type  I <command> <return>  to replace it with another command,
or  <return>  to continue without it.


Overfull \hbox (45.8334pt too wide) in paragraph at lines 25--26
[]\OT1/cmr/m/n/10 [htbp] 
 []

./lit.back.tex:27: Undefined control sequence.
l.27     \includegraphics
                         [clip,width=12.0cm,height=8.0cm]{img/LTIstart.png}
The control sequence at the end of the top line
of your error message was never \def'ed. If you have
misspelled it (e.g., `\hobx'), type `I' and the correct
spelling (e.g., `I\hbox'). Otherwise just continue,
and I'll forget about whatever was undefined.


./lit.back.tex:28: LaTeX Error: \caption outside float.

See the LaTeX manual or LaTeX Companion for explanation.
Type  H <return>  for immediate help.
 ...                                              
                                                  
l.28     \caption
                 {moodle 外部ツール起動}
You're in trouble here.  Try typing  <return>  to proceed.
If that doesn't work, type  X <return>  to quit.


Overfull \hbox (227.16722pt too wide) in paragraph at lines 27--30
 \OT1/cmr/m/n/10 [clip,width=12.0cm,height=8.0cm]img/LTIstart.png 
 []


Overfull \hbox (21.9445pt too wide) in paragraph at lines 27--30
 \OT1/cmr/m/n/10 moo- 
 []


Overfull \hbox (12.7778pt too wide) in paragraph at lines 27--30
 \OT1/cmr/m/n/10 dle 
 []


Overfull \hbox (9.6222pt too wide) in paragraph at lines 27--30
 \JY2/mc/m/n/10 外 
 []


Overfull \hbox (9.6222pt too wide) in paragraph at lines 27--30
 \JY2/mc/m/n/10 部 
 []


Overfull \hbox (18.74438pt too wide) in paragraph at lines 27--30
 \JY2/mc/m/n/10 ツ ー 
 []


Overfull \hbox (9.6222pt too wide) in paragraph at lines 27--30
 \JY2/mc/m/n/10 ル 
 []


Overfull \hbox (9.6222pt too wide) in paragraph at lines 27--30
 \JY2/mc/m/n/10 起 
 []


Overfull \hbox (9.6222pt too wide) in paragraph at lines 27--30
 \JY2/mc/m/n/10 動[] 
 []


./lit.back.tex:31: LaTeX Error: \begin{document} ended by \end{figure}.

See the LaTeX manual or LaTeX Companion for explanation.
Type  H <return>  for immediate help.
 ...                                              
                                                  
l.31 \end{figure}
                 
Your command was ignored.
Type  I <command> <return>  to replace it with another command,
or  <return>  to continue without it.

./lit.back.tex:36: Missing $ inserted.
<inserted text> 
                $
l.36 ...必要なパラメータとして、[lti_
                                                 message_typ]=[basic-lti-launch
I've inserted a begin-math/end-math symbol since I think
you left one out. Proceed, with fingers crossed.

LaTeX Font Info:    External font `cmex10' loaded for size
(Font)              <7> on input line 36.
LaTeX Font Info:    External font `cmex10' loaded for size
(Font)              <5> on input line 36.
./lit.back.tex:36: Not two-byte family.
l.36 ...message_typ]=[basic-lti-launch-request]、
                                                  [lti_version=[LTI-1p0][oau...
IGNORE.

./lit.back.tex:36: Not two-byte family.
l.36 ...i_version=[LTI-1p0][oauth_consumer_key]お
                                                  よび[resource_link_id]...
IGNORE.

./lit.back.tex:36: Not two-byte family.
l.36 ...ersion=[LTI-1p0][oauth_consumer_key]およ
                                                  び[resource_link_id]が...
IGNORE.

./lit.back.tex:36: Not two-byte family.
l.36 ...ion=[LTI-1p0][oauth_consumer_key]および
                                                  [resource_link_id]が必...
IGNORE.

./lit.back.tex:36: Not two-byte family.
l.36 ...onsumer_key]および[resource_link_id]が
                                                  必須である
IGNORE.

./lit.back.tex:36: Not two-byte family.
l.36 ...umer_key]および[resource_link_id]が必
                                                  須である
IGNORE.

./lit.back.tex:36: Not two-byte family.
l.36 ...r_key]および[resource_link_id]が必須
                                                  である
IGNORE.

./lit.back.tex:36: Not two-byte family.
l.36 ...ey]および[resource_link_id]が必須で
                                                  ある
IGNORE.

./lit.back.tex:36: Not two-byte family.
l.36 ...および[resource_link_id]が必須であ
                                                  る
IGNORE.

./lit.back.tex:36: Not two-byte family.
l.36 ...よび[resource_link_id]が必須である
                                                  
IGNORE.

./lit.back.tex:37: Not two-byte family.
l.37 [oauth_callback]=[about:blank]、
                                      [oauth_consumer_key]=[各自で設定...
IGNORE.

./lit.back.tex:37: Not two-byte family.
l.37 ...=[about:blank]、[oauth_consumer_key]=[各
                                                  自で設定したもの]...
IGNORE.

./lit.back.tex:37: Not two-byte family.
l.37 ...bout:blank]、[oauth_consumer_key]=[各自
                                                  で設定したもの]、[...
IGNORE.

./lit.back.tex:37: Not two-byte family.
l.37 ...t:blank]、[oauth_consumer_key]=[各自で
                                                  設定したもの]、[oau...
IGNORE.

./lit.back.tex:37: Not two-byte family.
l.37 ...lank]、[oauth_consumer_key]=[各自で設
                                                  定したもの]、[oauth_...
IGNORE.

./lit.back.tex:37: Not two-byte family.
l.37 ...k]、[oauth_consumer_key]=[各自で設定
                                                  したもの]、[oauth_non...
IGNORE.

./lit.back.tex:37: Not two-byte family.
l.37 ...[oauth_consumer_key]=[各自で設定し
                                                たもの]、[oauth_nonce]=[
IGNORE.

./lit.back.tex:37: Not two-byte family.
l.37 ...oauth_consumer_key]=[各自で設定した
                                                  もの]、[oauth_nonce]=[...
IGNORE.

./lit.back.tex:37: Not two-byte family.
l.37 ...th_consumer_key]=[各自で設定したも
                                                  の]、[oauth_nonce]=[ラ...
IGNORE.

./lit.back.tex:37: Not two-byte family.
l.37 ...consumer_key]=[各自で設定したもの
                                                  ]、[oauth_nonce]=[ラン...
IGNORE.

./lit.back.tex:37: Not two-byte family.
l.37 ...umer_key]=[各自で設定したもの]、
                                                  [oauth_nonce]=[ランダ...
IGNORE.

./lit.back.tex:37: Not two-byte family.
l.37 ...設定したもの]、[oauth_nonce]=[ラ
                                                ンダムに生成された一
IGNORE.

./lit.back.tex:37: Not two-byte family.
l.37 ...定したもの]、[oauth_nonce]=[ラン
                                                ダムに生成された一意
IGNORE.

./lit.back.tex:37: Not two-byte family.
l.37 ...したもの]、[oauth_nonce]=[ランダ
                                                ムに生成された一意の
IGNORE.

./lit.back.tex:37: Not two-byte family.
l.37 ...たもの]、[oauth_nonce]=[ランダム
                                                に生成された一意の値
IGNORE.

./lit.back.tex:37: Not two-byte family.
l.37 ...もの]、[oauth_nonce]=[ランダムに
                                                生成された一意の値]
IGNORE.

./lit.back.tex:37: Not two-byte family.
l.37 ...の]、[oauth_nonce]=[ランダムに生
                                                成された一意の値]、[o
IGNORE.

./lit.back.tex:37: Not two-byte family.
l.37 ...]、[oauth_nonce]=[ランダムに生成
                                                された一意の値]、[oaut
IGNORE.

./lit.back.tex:37: Not two-byte family.
l.37 ...、[oauth_nonce]=[ランダムに生成さ
                                                  れた一意の値]、[oau...
IGNORE.

./lit.back.tex:37: Not two-byte family.
l.37 ...[oauth_nonce]=[ランダムに生成され
                                                  た一意の値]、[oauth_...
IGNORE.

./lit.back.tex:37: Not two-byte family.
l.37 ...uth_nonce]=[ランダムに生成された
                                                  一意の値]、[oauth_sig...
IGNORE.

./lit.back.tex:37: Not two-byte family.
l.37 ..._nonce]=[ランダムに生成された一
                                                  意の値]、[oauth_signat...
IGNORE.

./lit.back.tex:37: Not two-byte family.
l.37 ...nce]=[ランダムに生成された一意
                                                  の値]、[oauth_signature...
IGNORE.

./lit.back.tex:37: Not two-byte family.
l.37 ...]=[ランダムに生成された一意の
                                                  値]、[oauth_signature]=...
IGNORE.

./lit.back.tex:37: Not two-byte family.
l.37 ...ランダムに生成された一意の値
                                                  ]、[oauth_signature]=、[...
IGNORE.

./lit.back.tex:37: Not two-byte family.
l.37 ...ダムに生成された一意の値]、
                                                [oauth_signature]=、[oauth_si
IGNORE.

./lit.back.tex:37: Not two-byte family.
l.37 ...た一意の値]、[oauth_signature]=、
                                                [oauth_signature_method ],[oau
IGNORE.

./lit.back.tex:37: Not two-byte family.
l.37 ...od ],[oauth_timestamp]=,[oauth_version]＝
                                                  [oauth_version]
IGNORE.

./lit.back.tex:38: Not two-byte family.
l.38 3,送
          られてきた情報を元に署名を作成し、送られてき...
IGNORE.

./lit.back.tex:38: Not two-byte family.
l.38 3,送ら
             れてきた情報を元に署名を作成し、送られてき...
IGNORE.

./lit.back.tex:38: Not two-byte family.
l.38 3,送られ
                てきた情報を元に署名を作成し、送られてき...
IGNORE.

./lit.back.tex:38: Not two-byte family.
l.38 3,送られて
                   きた情報を元に署名を作成し、送られてき...
IGNORE.

./lit.back.tex:38: Not two-byte family.
l.38 3,送られてき
                      た情報を元に署名を作成し、送られてき...
IGNORE.

./lit.back.tex:38: Not two-byte family.
l.38 3,送られてきた
                         情報を元に署名を作成し、送られてき...
IGNORE.

./lit.back.tex:38: Not two-byte family.
l.38 3,送られてきた情
                            報を元に署名を作成し、送られてき...
IGNORE.

./lit.back.tex:38: Not two-byte family.
l.38 3,送られてきた情報
                               を元に署名を作成し、送られてき...
IGNORE.

./lit.back.tex:38: Not two-byte family.
l.38 3,送られてきた情報を
                                  元に署名を作成し、送られてき...
IGNORE.

./lit.back.tex:38: Not two-byte family.
l.38 3,送られてきた情報を元
                                     に署名を作成し、送られてき...
IGNORE.

./lit.back.tex:38: Not two-byte family.
l.38 3,送られてきた情報を元に
                                        署名を作成し、送られてき...
IGNORE.

./lit.back.tex:38: Not two-byte family.
l.38 3,送られてきた情報を元に署
                                           名を作成し、送られてき...
IGNORE.

./lit.back.tex:38: Not two-byte family.
l.38 3,送られてきた情報を元に署名
                                              を作成し、送られてき...
IGNORE.

./lit.back.tex:38: Not two-byte family.
l.38 3,送られてきた情報を元に署名を
                                                 作成し、送られてき...
IGNORE.

./lit.back.tex:38: Not two-byte family.
l.38 ...られてきた情報を元に署名を作
                                                  成し、送られてき...
IGNORE.

./lit.back.tex:38: Not two-byte family.
l.38 ...れてきた情報を元に署名を作成
                                                  し、送られてきた...
IGNORE.

./lit.back.tex:38: Not two-byte family.
l.38 ...てきた情報を元に署名を作成し
                                                  、送られてきた署...
IGNORE.

./lit.back.tex:38: Not two-byte family.
l.38 ...きた情報を元に署名を作成し、
                                                  送られてきた署名...
IGNORE.

./lit.back.tex:38: Not two-byte family.
l.38 ...た情報を元に署名を作成し、送
                                                  られてきた署名と...
IGNORE.

./lit.back.tex:38: Not two-byte family.
l.38 ...情報を元に署名を作成し、送ら
                                                  れてきた署名と一...
IGNORE.

./lit.back.tex:38: Not two-byte family.
l.38 ...報を元に署名を作成し、送られ
                                                  てきた署名と一致...
IGNORE.

./lit.back.tex:38: Not two-byte family.
l.38 ...を元に署名を作成し、送られて
                                                  きた署名と一致す...
IGNORE.

./lit.back.tex:38: Not two-byte family.
l.38 ...元に署名を作成し、送られてき
                                                  た署名と一致する...
IGNORE.

./lit.back.tex:38: Not two-byte family.
l.38 ...に署名を作成し、送られてきた
                                                  署名と一致するよ...
IGNORE.

./lit.back.tex:38: Not two-byte family.
l.38 ...署名を作成し、送られてきた署
                                                  名と一致するよう...
IGNORE.

./lit.back.tex:38: Not two-byte family.
l.38 ...名を作成し、送られてきた署名
                                                  と一致するような...
IGNORE.

./lit.back.tex:38: Not two-byte family.
l.38 ...を作成し、送られてきた署名と
                                                  一致するようなら...
IGNORE.

./lit.back.tex:38: Not two-byte family.
l.38 ...作成し、送られてきた署名と一
                                                  致するようならば...
IGNORE.

./lit.back.tex:38: Not two-byte family.
l.38 ...成し、送られてきた署名と一致
                                                  するようならば、...
IGNORE.

./lit.back.tex:38: Not two-byte family.
l.38 ...し、送られてきた署名と一致す
                                                  るようならば、ツ...
IGNORE.

./lit.back.tex:38: Not two-byte family.
l.38 ...、送られてきた署名と一致する
                                                  ようならば、ツー...
IGNORE.

./lit.back.tex:38: Not two-byte family.
l.38 ...送られてきた署名と一致するよ
                                                  うならば、ツール...
IGNORE.

./lit.back.tex:38: Not two-byte family.
l.38 ...られてきた署名と一致するよう
                                                  ならば、ツールプ...
IGNORE.

./lit.back.tex:38: Not two-byte family.
l.38 ...れてきた署名と一致するような
                                                  らば、ツールプロ...
IGNORE.

./lit.back.tex:38: Not two-byte family.
l.38 ...てきた署名と一致するようなら
                                                  ば、ツールプロバ...
IGNORE.

./lit.back.tex:38: Not two-byte family.
l.38 ...きた署名と一致するようならば
                                                  、ツールプロバイ...
IGNORE.

./lit.back.tex:38: Not two-byte family.
l.38 ...た署名と一致するようならば、
                                                  ツールプロバイダ...
IGNORE.

./lit.back.tex:38: Not two-byte family.
l.38 ...署名と一致するようならば、ツ
                                                  ールプロバイダで...
IGNORE.

./lit.back.tex:38: Not two-byte family.
l.38 ...名と一致するようならば、ツー
                                                  ルプロバイダで行...
IGNORE.

./lit.back.tex:38: Not two-byte family.
l.38 ...と一致するようならば、ツール
                                                  プロバイダで行っ...
IGNORE.

./lit.back.tex:38: Not two-byte family.
l.38 ...一致するようならば、ツールプ
                                                  ロバイダで行った...
IGNORE.

./lit.back.tex:38: Not two-byte family.
l.38 ...致するようならば、ツールプロ
                                                  バイダで行った処...
IGNORE.

./lit.back.tex:38: Not two-byte family.
l.38 ...するようならば、ツールプロバ
                                                  イダで行った処理...
IGNORE.

./lit.back.tex:38: Not two-byte family.
l.38 ...るようならば、ツールプロバイ
                                                  ダで行った処理を...
IGNORE.

./lit.back.tex:38: Not two-byte family.
l.38 ...ようならば、ツールプロバイダ
                                                  で行った処理を返す
IGNORE.

./lit.back.tex:38: Not two-byte family.
l.38 ...うならば、ツールプロバイダで
                                                  行った処理を返す
IGNORE.

./lit.back.tex:38: Not two-byte family.
l.38 ...ならば、ツールプロバイダで行
                                                  った処理を返す
IGNORE.

./lit.back.tex:38: Not two-byte family.
l.38 ...らば、ツールプロバイダで行っ
                                                  た処理を返す
IGNORE.

./lit.back.tex:38: Not two-byte family.
l.38 ...ば、ツールプロバイダで行った
                                                  処理を返す
IGNORE.

./lit.back.tex:38: Not two-byte family.
l.38 ...、ツールプロバイダで行った処
                                                  理を返す
IGNORE.

./lit.back.tex:38: Not two-byte family.
l.38 ...ツールプロバイダで行った処理
                                                  を返す
IGNORE.

./lit.back.tex:38: Not two-byte family.
l.38 ...ールプロバイダで行った処理を
                                                  返す
IGNORE.

./lit.back.tex:38: Not two-byte family.
l.38 ...ルプロバイダで行った処理を返
                                                  す
IGNORE.

./lit.back.tex:38: Not two-byte family.
l.38 ...プロバイダで行った処理を返す
                                                  
IGNORE.

./lit.back.tex:39: Not two-byte family.
l.39 成
        績処理について
IGNORE.

./lit.back.tex:39: Not two-byte family.
l.39 成績
           処理について
IGNORE.

./lit.back.tex:39: Not two-byte family.
l.39 成績処
              理について
IGNORE.

./lit.back.tex:39: Not two-byte family.
l.39 成績処理
                 について
IGNORE.

./lit.back.tex:39: Not two-byte family.
l.39 成績処理に
                    ついて
IGNORE.

./lit.back.tex:39: Not two-byte family.
l.39 成績処理につ
                       いて
(That makes 100 errors; please try again.) 
Here is how much of TeX's memory you used:
 8 strings out of 493270
 95 string characters out of 6145017
 79225 words of memory out of 5000000
 4047 multiletter control sequences out of 15000+600000
 6281 words of font info for 32 fonts, out of 8000000 for 9000
 929 hyphenation exceptions out of 8191
 21i,4n,12p,558b,131s stack positions out of 5000i,500n,10000p,200000b,80000s

Output written on lit.back.dvi (1 page, 956 bytes).
