This is e-upTeX, Version 3.14159265-p3.8.0-u1.23-180226-2.6 (utf8.uptex) (TeX Live 2018) (preloaded format=uplatex 2018.12.13)  20 DEC 2018 17:40
entering extended mode
 restricted \write18 enabled.
 file:line:error style messages enabled.
 %&-line parsing enabled.
**lti.tex
(./lti.tex
pLaTeX2e <2018-04-01u02>+1 (based on LaTeX2e <2018-04-01> patch level 2)
Babel <3.18> and hyphenation patterns for 84 language(s) loaded.
./lti.tex:1: Undefined control sequence.
l.1 \section
            {LTI}
The control sequence at the end of the top line
of your error message was never \def'ed. If you have
misspelled it (e.g., `\hobx'), type `I' and the correct
spelling (e.g., `I\hbox'). Otherwise just continue,
and I'll forget about whatever was undefined.


./lti.tex:1: LaTeX Error: Missing \begin{document}.

See the LaTeX manual or LaTeX Companion for explanation.
Type  H <return>  for immediate help.
 ...                                              
                                                  
l.1 \section{L
              TI}
You're in trouble here.  Try typing  <return>  to proceed.
If that doesn't work, type  X <return>  to quit.


Overfull \hbox (36.25002pt too wide) in paragraph at lines 1--3
[]\OT1/cmr/m/n/10 LTI
 []


./lti.tex:5: LaTeX Error: Missing \begin{document}.

See the LaTeX manual or LaTeX Companion for explanation.
Type  H <return>  for immediate help.
 ...                                              
                                                  
l.5 こ
       こではLTIについて述べさせてもらう。
You're in trouble here.  Try typing  <return>  to proceed.
If that doesn't work, type  X <return>  to quit.


Overfull \hbox (29.6222pt too wide) in paragraph at lines 5--10
[]\JY2/mc/m/n/10 こ
 []


Overfull \hbox (9.6222pt too wide) in paragraph at lines 5--10
\JY2/mc/m/n/10 こ
 []


Overfull \hbox (9.6222pt too wide) in paragraph at lines 5--10
\JY2/mc/m/n/10 で
 []


Overfull \hbox (9.6222pt too wide) in paragraph at lines 5--10
\JY2/mc/m/n/10 は
 []


Overfull \hbox (16.25002pt too wide) in paragraph at lines 5--10
\OT1/cmr/m/n/10 LTI
 []


Overfull \hbox (9.6222pt too wide) in paragraph at lines 5--10
\JY2/mc/m/n/10 に
 []


Overfull \hbox (9.6222pt too wide) in paragraph at lines 5--10
\JY2/mc/m/n/10 つ
 []


Overfull \hbox (9.6222pt too wide) in paragraph at lines 5--10
\JY2/mc/m/n/10 い
 []


Overfull \hbox (9.6222pt too wide) in paragraph at lines 5--10
\JY2/mc/m/n/10 て
 []


Overfull \hbox (9.6222pt too wide) in paragraph at lines 5--10
\JY2/mc/m/n/10 述
 []


Overfull \hbox (9.6222pt too wide) in paragraph at lines 5--10
\JY2/mc/m/n/10 べ
 []


Overfull \hbox (9.6222pt too wide) in paragraph at lines 5--10
\JY2/mc/m/n/10 さ
 []


Overfull \hbox (9.6222pt too wide) in paragraph at lines 5--10
\JY2/mc/m/n/10 せ
 []


Overfull \hbox (9.6222pt too wide) in paragraph at lines 5--10
\JY2/mc/m/n/10 て
 []


Overfull \hbox (9.6222pt too wide) in paragraph at lines 5--10
\JY2/mc/m/n/10 も
 []


Overfull \hbox (9.6222pt too wide) in paragraph at lines 5--10
\JY2/mc/m/n/10 ら
 []


Overfull \hbox (13.93329pt too wide) in paragraph at lines 5--10
\JY2/mc/m/n/10 う 。
 []


Overfull \hbox (20.13892pt too wide) in paragraph at lines 5--10
\OT1/cmr/m/n/10 LTI(
 []


Overfull \hbox (28.50005pt too wide) in paragraph at lines 5--10
\OT1/cmr/m/n/10 Learn-
 []


Overfull \hbox (13.33337pt too wide) in paragraph at lines 5--10
\OT1/cmr/m/n/10 ing
 []


Overfull \hbox (23.38893pt too wide) in paragraph at lines 5--10
\OT1/cmr/m/n/10 Tools
 []


Overfull \hbox (19.19446pt too wide) in paragraph at lines 5--10
\OT1/cmr/m/n/10 Iter-
 []


Overfull \hbox (16.6667pt too wide) in paragraph at lines 5--10
\OT1/cmr/m/n/10 Op-
 []


Overfull \hbox (11.69444pt too wide) in paragraph at lines 5--10
\OT1/cmr/m/n/10 er-
 []


Overfull \hbox (19.44449pt too wide) in paragraph at lines 5--10
\OT1/cmr/m/n/10 abil-
 []


Overfull \hbox (15.5556pt too wide) in paragraph at lines 5--10
\OT1/cmr/m/n/10 ity)
 []


Overfull \hbox (9.6222pt too wide) in paragraph at lines 5--10
\JY2/mc/m/n/10 と
 []


Overfull \hbox (13.93329pt too wide) in paragraph at lines 5--10
\JY2/mc/m/n/10 は 、
 []


Overfull \hbox (18.33337pt too wide) in paragraph at lines 5--10
\OT1/cmr/m/n/10 IMS
 []


Overfull \hbox (28.9584pt too wide) in paragraph at lines 5--10
\OT1/cmr/m/n/10 Global
 []


Overfull \hbox (28.50005pt too wide) in paragraph at lines 5--10
\OT1/cmr/m/n/10 Learn-
 []


Overfull \hbox (13.33337pt too wide) in paragraph at lines 5--10
\OT1/cmr/m/n/10 ing
 []


Overfull \hbox (21.11115pt too wide) in paragraph at lines 5--10
\OT1/cmr/m/n/10 Con-
 []


Overfull \hbox (16.19446pt too wide) in paragraph at lines 5--10
\OT1/cmr/m/n/10 sor-
 []


Overfull \hbox (34.06671pt too wide) in paragraph at lines 5--10
\OT1/cmr/m/n/10 tium(\JY2/mc/m/n/10 以
 []


Overfull \hbox (13.93329pt too wide) in paragraph at lines 5--10
\JY2/mc/m/n/10 下 、
 []


Overfull \hbox (20.00003pt too wide) in paragraph at lines 5--10
\OT1/cmr/m/n/10 IMT
 []


Overfull \hbox (9.6222pt too wide) in paragraph at lines 5--10
\JY2/mc/m/n/10 と
 []


Overfull \hbox (9.6222pt too wide) in paragraph at lines 5--10
\JY2/mc/m/n/10 呼
 []


Overfull \hbox (13.5111pt too wide) in paragraph at lines 5--10
\JY2/mc/m/n/10 ぶ\OT1/cmr/m/n/10 )
 []


Overfull \hbox (13.93329pt too wide) in paragraph at lines 5--10
\JY2/mc/m/n/10 が 、
 []


Overfull \hbox (9.6222pt too wide) in paragraph at lines 5--10
\JY2/mc/m/n/10 異
 []


Overfull \hbox (9.6222pt too wide) in paragraph at lines 5--10
\JY2/mc/m/n/10 な
 []


Overfull \hbox (9.6222pt too wide) in paragraph at lines 5--10
\JY2/mc/m/n/10 る
 []


Overfull \hbox (9.6222pt too wide) in paragraph at lines 5--10
\JY2/mc/m/n/10 プ
 []


Overfull \hbox (9.6222pt too wide) in paragraph at lines 5--10
\JY2/mc/m/n/10 ラ
 []


Overfull \hbox (9.6222pt too wide) in paragraph at lines 5--10
\JY2/mc/m/n/10 ッ
 []


Overfull \hbox (9.6222pt too wide) in paragraph at lines 5--10
\JY2/mc/m/n/10 ト
 []


Overfull \hbox (9.6222pt too wide) in paragraph at lines 5--10
\JY2/mc/m/n/10 フ
 []


Overfull \hbox (18.74438pt too wide) in paragraph at lines 5--10
\JY2/mc/m/n/10 ォ ー
 []


Overfull \hbox (9.6222pt too wide) in paragraph at lines 5--10
\JY2/mc/m/n/10 ム
 []


Overfull \hbox (9.6222pt too wide) in paragraph at lines 5--10
\JY2/mc/m/n/10 間
 []


Overfull \hbox (13.5111pt too wide) in paragraph at lines 5--10
\OT1/cmr/m/n/10 (\JY2/mc/m/n/10 異
 []


Overfull \hbox (9.6222pt too wide) in paragraph at lines 5--10
\JY2/mc/m/n/10 な
 []


Overfull \hbox (9.6222pt too wide) in paragraph at lines 5--10
\JY2/mc/m/n/10 る
 []


Overfull \hbox (20.97227pt too wide) in paragraph at lines 5--10
\OT1/cmr/m/n/10 LMS
 []


Overfull \hbox (13.5111pt too wide) in paragraph at lines 5--10
\JY2/mc/m/n/10 上\OT1/cmr/m/n/10 )
 []


Overfull \hbox (9.6222pt too wide) in paragraph at lines 5--10
\JY2/mc/m/n/10 に
 []


Overfull \hbox (9.6222pt too wide) in paragraph at lines 5--10
\JY2/mc/m/n/10 お
 []


Overfull \hbox (9.6222pt too wide) in paragraph at lines 5--10
\JY2/mc/m/n/10 け
 []


Overfull \hbox (9.6222pt too wide) in paragraph at lines 5--10
\JY2/mc/m/n/10 る
 []


Overfull \hbox (9.6222pt too wide) in paragraph at lines 5--10
\JY2/mc/m/n/10 学
 []


Overfull \hbox (9.6222pt too wide) in paragraph at lines 5--10
\JY2/mc/m/n/10 習
 []


Overfull \hbox (9.6222pt too wide) in paragraph at lines 5--10
\JY2/mc/m/n/10 支
 []


Overfull \hbox (9.6222pt too wide) in paragraph at lines 5--10
\JY2/mc/m/n/10 援
 []


Overfull \hbox (18.74438pt too wide) in paragraph at lines 5--10
\JY2/mc/m/n/10 ツ ー
 []


Overfull \hbox (9.6222pt too wide) in paragraph at lines 5--10
\JY2/mc/m/n/10 ル
 []


Overfull \hbox (9.6222pt too wide) in paragraph at lines 5--10
\JY2/mc/m/n/10 の
 []


Overfull \hbox (9.6222pt too wide) in paragraph at lines 5--10
\JY2/mc/m/n/10 相
 []


Overfull \hbox (9.6222pt too wide) in paragraph at lines 5--10
\JY2/mc/m/n/10 互
 []


Overfull \hbox (9.6222pt too wide) in paragraph at lines 5--10
\JY2/mc/m/n/10 運
 []


Overfull \hbox (9.6222pt too wide) in paragraph at lines 5--10
\JY2/mc/m/n/10 用
 []


Overfull \hbox (9.6222pt too wide) in paragraph at lines 5--10
\JY2/mc/m/n/10 を
 []


Overfull \hbox (9.6222pt too wide) in paragraph at lines 5--10
\JY2/mc/m/n/10 可
 []


Overfull \hbox (9.6222pt too wide) in paragraph at lines 5--10
\JY2/mc/m/n/10 能
 []


Overfull \hbox (9.6222pt too wide) in paragraph at lines 5--10
\JY2/mc/m/n/10 と
 []


Overfull \hbox (9.6222pt too wide) in paragraph at lines 5--10
\JY2/mc/m/n/10 す
 []


Overfull \hbox (9.6222pt too wide) in paragraph at lines 5--10
\JY2/mc/m/n/10 る
 []


Overfull \hbox (9.6222pt too wide) in paragraph at lines 5--10
\JY2/mc/m/n/10 技
 []


Overfull \hbox (9.6222pt too wide) in paragraph at lines 5--10
\JY2/mc/m/n/10 術
 []


Overfull \hbox (9.6222pt too wide) in paragraph at lines 5--10
\JY2/mc/m/n/10 に
 []


Overfull \hbox (9.6222pt too wide) in paragraph at lines 5--10
\JY2/mc/m/n/10 関
 []


Overfull \hbox (9.6222pt too wide) in paragraph at lines 5--10
\JY2/mc/m/n/10 す
 []


Overfull \hbox (9.6222pt too wide) in paragraph at lines 5--10
\JY2/mc/m/n/10 る
 []


Overfull \hbox (9.6222pt too wide) in paragraph at lines 5--10
\JY2/mc/m/n/10 企
 []


Overfull \hbox (9.6222pt too wide) in paragraph at lines 5--10
\JY2/mc/m/n/10 画
 []


Overfull \hbox (9.6222pt too wide) in paragraph at lines 5--10
\JY2/mc/m/n/10 を
 []


Overfull \hbox (9.6222pt too wide) in paragraph at lines 5--10
\JY2/mc/m/n/10 策
 []


Overfull \hbox (9.6222pt too wide) in paragraph at lines 5--10
\JY2/mc/m/n/10 定
 []


Overfull \hbox (13.93329pt too wide) in paragraph at lines 5--10
\JY2/mc/m/n/10 し 、
 []


Overfull \hbox (9.6222pt too wide) in paragraph at lines 5--10
\JY2/mc/m/n/10 標
 []


Overfull \hbox (9.6222pt too wide) in paragraph at lines 5--10
\JY2/mc/m/n/10 準
 []


Overfull \hbox (9.6222pt too wide) in paragraph at lines 5--10
\JY2/mc/m/n/10 化
 []


Overfull \hbox (9.6222pt too wide) in paragraph at lines 5--10
\JY2/mc/m/n/10 し
 []


Overfull \hbox (9.6222pt too wide) in paragraph at lines 5--10
\JY2/mc/m/n/10 た
 []


Overfull \hbox (9.6222pt too wide) in paragraph at lines 5--10
\JY2/mc/m/n/10 規
 []


Overfull \hbox (9.6222pt too wide) in paragraph at lines 5--10
\JY2/mc/m/n/10 格
 []


Overfull \hbox (9.6222pt too wide) in paragraph at lines 5--10
\JY2/mc/m/n/10 の
 []


Overfull \hbox (9.6222pt too wide) in paragraph at lines 5--10
\JY2/mc/m/n/10 こ
 []


Overfull \hbox (9.6222pt too wide) in paragraph at lines 5--10
\JY2/mc/m/n/10 と
 []


Overfull \hbox (9.6222pt too wide) in paragraph at lines 5--10
\JY2/mc/m/n/10 で
 []


Overfull \hbox (9.6222pt too wide) in paragraph at lines 5--10
\JY2/mc/m/n/10 あ
 []


Overfull \hbox (13.93329pt too wide) in paragraph at lines 5--10
\JY2/mc/m/n/10 る 。
 []


Overfull \hbox (16.25002pt too wide) in paragraph at lines 5--10
\OT1/cmr/m/n/10 LTI
 []


Overfull \hbox (9.6222pt too wide) in paragraph at lines 5--10
\JY2/mc/m/n/10 に
 []


Overfull \hbox (9.6222pt too wide) in paragraph at lines 5--10
\JY2/mc/m/n/10 準
 []


Overfull \hbox (9.6222pt too wide) in paragraph at lines 5--10
\JY2/mc/m/n/10 拠
 []


Overfull \hbox (9.6222pt too wide) in paragraph at lines 5--10
\JY2/mc/m/n/10 す
 []


Overfull \hbox (9.6222pt too wide) in paragraph at lines 5--10
\JY2/mc/m/n/10 る
 []


Overfull \hbox (9.6222pt too wide) in paragraph at lines 5--10
\JY2/mc/m/n/10 こ
 []


Overfull \hbox (9.6222pt too wide) in paragraph at lines 5--10
\JY2/mc/m/n/10 と
 []


Overfull \hbox (9.6222pt too wide) in paragraph at lines 5--10
\JY2/mc/m/n/10 の
 []


Overfull \hbox (9.6222pt too wide) in paragraph at lines 5--10
\JY2/mc/m/n/10 具
 []


Overfull \hbox (9.6222pt too wide) in paragraph at lines 5--10
\JY2/mc/m/n/10 体
 []


Overfull \hbox (9.6222pt too wide) in paragraph at lines 5--10
\JY2/mc/m/n/10 的
 []


Overfull \hbox (9.6222pt too wide) in paragraph at lines 5--10
\JY2/mc/m/n/10 な
 []


Overfull \hbox (9.6222pt too wide) in paragraph at lines 5--10
\JY2/mc/m/n/10 イ
 []


Overfull \hbox (18.74438pt too wide) in paragraph at lines 5--10
\JY2/mc/m/n/10 メ ー
 []


Overfull \hbox (9.6222pt too wide) in paragraph at lines 5--10
\JY2/mc/m/n/10 ジ
 []


Overfull \hbox (9.6222pt too wide) in paragraph at lines 5--10
\JY2/mc/m/n/10 と
 []


Overfull \hbox (9.6222pt too wide) in paragraph at lines 5--10
\JY2/mc/m/n/10 し
 []


Overfull \hbox (13.93329pt too wide) in paragraph at lines 5--10
\JY2/mc/m/n/10 て 、
 []


Overfull \hbox (9.6222pt too wide) in paragraph at lines 5--10
\JY2/mc/m/n/10 次
 []


Overfull \hbox (9.6222pt too wide) in paragraph at lines 5--10
\JY2/mc/m/n/10 の
 []


Overfull \hbox (9.6222pt too wide) in paragraph at lines 5--10
\JY2/mc/m/n/10 よ
 []


Overfull \hbox (9.6222pt too wide) in paragraph at lines 5--10
\JY2/mc/m/n/10 う
 []


Overfull \hbox (9.6222pt too wide) in paragraph at lines 5--10
\JY2/mc/m/n/10 な
 []


Overfull \hbox (18.74438pt too wide) in paragraph at lines 5--10
\JY2/mc/m/n/10 ケ ー
 []


Overfull \hbox (9.6222pt too wide) in paragraph at lines 5--10
\JY2/mc/m/n/10 ス
 []


Overfull \hbox (9.6222pt too wide) in paragraph at lines 5--10
\JY2/mc/m/n/10 を
 []


Overfull \hbox (9.6222pt too wide) in paragraph at lines 5--10
\JY2/mc/m/n/10 想
 []


Overfull \hbox (9.6222pt too wide) in paragraph at lines 5--10
\JY2/mc/m/n/10 定
 []


Overfull \hbox (9.6222pt too wide) in paragraph at lines 5--10
\JY2/mc/m/n/10 す
 []


Overfull \hbox (9.6222pt too wide) in paragraph at lines 5--10
\JY2/mc/m/n/10 る
 []


Overfull \hbox (9.6222pt too wide) in paragraph at lines 5--10
\JY2/mc/m/n/10 こ
 []


Overfull \hbox (9.6222pt too wide) in paragraph at lines 5--10
\JY2/mc/m/n/10 と
 []


Overfull \hbox (9.6222pt too wide) in paragraph at lines 5--10
\JY2/mc/m/n/10 が
 []


Overfull \hbox (9.6222pt too wide) in paragraph at lines 5--10
\JY2/mc/m/n/10 で
 []


Overfull \hbox (9.6222pt too wide) in paragraph at lines 5--10
\JY2/mc/m/n/10 き
 []


Overfull \hbox (13.93329pt too wide) in paragraph at lines 5--10
\JY2/mc/m/n/10 る 。
 []


Overfull \hbox (9.6222pt too wide) in paragraph at lines 5--10
\JY2/mc/m/n/10 先
 []


Overfull \hbox (9.6222pt too wide) in paragraph at lines 5--10
\JY2/mc/m/n/10 代
 []


Overfull \hbox (9.6222pt too wide) in paragraph at lines 5--10
\JY2/mc/m/n/10 の
 []


Overfull \hbox (9.6222pt too wide) in paragraph at lines 5--10
\JY2/mc/m/n/10 研
 []


Overfull \hbox (9.6222pt too wide) in paragraph at lines 5--10
\JY2/mc/m/n/10 究
 []


Overfull \hbox (9.6222pt too wide) in paragraph at lines 5--10
\JY2/mc/m/n/10 に
 []


Overfull \hbox (9.6222pt too wide) in paragraph at lines 5--10
\JY2/mc/m/n/10 よ
 []


Overfull \hbox (9.6222pt too wide) in paragraph at lines 5--10
\JY2/mc/m/n/10 り
 []


Overfull \hbox (9.6222pt too wide) in paragraph at lines 5--10
\JY2/mc/m/n/10 で
 []


Overfull \hbox (9.6222pt too wide) in paragraph at lines 5--10
\JY2/mc/m/n/10 き
 []


Overfull \hbox (9.6222pt too wide) in paragraph at lines 5--10
\JY2/mc/m/n/10 た
 []


Overfull \hbox (19.58339pt too wide) in paragraph at lines 5--10
\OT1/cmr/m/n/10 NSF
 []


Overfull \hbox (9.6222pt too wide) in paragraph at lines 5--10
\JY2/mc/m/n/10 を
 []


Overfull \hbox (18.74438pt too wide) in paragraph at lines 5--10
\JY2/mc/m/n/10 ツ ー
 []


Overfull \hbox (14.43329pt too wide) in paragraph at lines 5--10
\JY2/mc/m/n/10 ル ・
 []


Overfull \hbox (9.6222pt too wide) in paragraph at lines 5--10
\JY2/mc/m/n/10 プ
 []


Overfull \hbox (9.6222pt too wide) in paragraph at lines 5--10
\JY2/mc/m/n/10 ロ
 []


Overfull \hbox (9.6222pt too wide) in paragraph at lines 5--10
\JY2/mc/m/n/10 バ
 []


Overfull \hbox (9.6222pt too wide) in paragraph at lines 5--10
\JY2/mc/m/n/10 イ
 []


Overfull \hbox (9.6222pt too wide) in paragraph at lines 5--10
\JY2/mc/m/n/10 ダ
 []


Overfull \hbox (9.6222pt too wide) in paragraph at lines 5--10
\JY2/mc/m/n/10 と
 []


Overfull \hbox (13.93329pt too wide) in paragraph at lines 5--10
\JY2/mc/m/n/10 し 、
 []


Overfull \hbox (9.6222pt too wide) in paragraph at lines 5--10
\JY2/mc/m/n/10 異
 []


Overfull \hbox (9.6222pt too wide) in paragraph at lines 5--10
\JY2/mc/m/n/10 な
 []


Overfull \hbox (9.6222pt too wide) in paragraph at lines 5--10
\JY2/mc/m/n/10 る
 []


Overfull \hbox (20.97227pt too wide) in paragraph at lines 5--10
\OT1/cmr/m/n/10 LMS
 []


Overfull \hbox (9.6222pt too wide) in paragraph at lines 5--10
\JY2/mc/m/n/10 か
 []


Overfull \hbox (9.6222pt too wide) in paragraph at lines 5--10
\JY2/mc/m/n/10 ら
 []


Overfull \hbox (9.6222pt too wide) in paragraph at lines 5--10
\JY2/mc/m/n/10 利
 []


Overfull \hbox (9.6222pt too wide) in paragraph at lines 5--10
\JY2/mc/m/n/10 用
 []


Overfull \hbox (9.6222pt too wide) in paragraph at lines 5--10
\JY2/mc/m/n/10 す
 []


Overfull \hbox (9.6222pt too wide) in paragraph at lines 5--10
\JY2/mc/m/n/10 る
 []


Overfull \hbox (18.74438pt too wide) in paragraph at lines 5--10
\JY2/mc/m/n/10 ケ ー
 []


Overfull \hbox (13.93329pt too wide) in paragraph at lines 5--10
\JY2/mc/m/n/10 ス 。
 []


Overfull \hbox (9.6222pt too wide) in paragraph at lines 5--10
\JY2/mc/m/n/10 こ
 []


Overfull \hbox (9.6222pt too wide) in paragraph at lines 5--10
\JY2/mc/m/n/10 れ
 []


Overfull \hbox (9.6222pt too wide) in paragraph at lines 5--10
\JY2/mc/m/n/10 に
 []


Overfull \hbox (9.6222pt too wide) in paragraph at lines 5--10
\JY2/mc/m/n/10 よ
 []


Overfull \hbox (13.93329pt too wide) in paragraph at lines 5--10
\JY2/mc/m/n/10 り 、
 []


Overfull \hbox (16.25002pt too wide) in paragraph at lines 5--10
\OT1/cmr/m/n/10 LTI
 []


Overfull \hbox (9.6222pt too wide) in paragraph at lines 5--10
\JY2/mc/m/n/10 に
 []


Overfull \hbox (9.6222pt too wide) in paragraph at lines 5--10
\JY2/mc/m/n/10 準
 []


Overfull \hbox (9.6222pt too wide) in paragraph at lines 5--10
\JY2/mc/m/n/10 拠
 []


Overfull \hbox (9.6222pt too wide) in paragraph at lines 5--10
\JY2/mc/m/n/10 す
 []


Overfull \hbox (9.6222pt too wide) in paragraph at lines 5--10
\JY2/mc/m/n/10 る
 []


Overfull \hbox (9.6222pt too wide) in paragraph at lines 5--10
\JY2/mc/m/n/10 こ
 []


Overfull \hbox (9.6222pt too wide) in paragraph at lines 5--10
\JY2/mc/m/n/10 と
 []


Overfull \hbox (9.6222pt too wide) in paragraph at lines 5--10
\JY2/mc/m/n/10 で
 []


Overfull \hbox (22.77783pt too wide) in paragraph at lines 5--10
\OT1/cmr/m/n/10 Moo-
 []


Overfull \hbox (17.5889pt too wide) in paragraph at lines 5--10
\OT1/cmr/m/n/10 dle\JY2/mc/m/n/10 、
 []


Overfull \hbox (9.6222pt too wide) in paragraph at lines 5--10
\JY2/mc/m/n/10 や
 []


Overfull \hbox (21.11115pt too wide) in paragraph at lines 5--10
\OT1/cmr/m/n/10 Can-
 []


Overfull \hbox (13.6667pt too wide) in paragraph at lines 5--10
\OT1/cmr/m/n/10 vas
 []


Overfull \hbox (9.6222pt too wide) in paragraph at lines 5--10
\JY2/mc/m/n/10 な
 []


Overfull \hbox (9.6222pt too wide) in paragraph at lines 5--10
\JY2/mc/m/n/10 ど
 []


Overfull \hbox (9.6222pt too wide) in paragraph at lines 5--10
\JY2/mc/m/n/10 の
 []


Overfull \hbox (9.6222pt too wide) in paragraph at lines 5--10
\JY2/mc/m/n/10 異
 []


Overfull \hbox (9.6222pt too wide) in paragraph at lines 5--10
\JY2/mc/m/n/10 な
 []


Overfull \hbox (9.6222pt too wide) in paragraph at lines 5--10
\JY2/mc/m/n/10 る
 []


Overfull \hbox (20.97227pt too wide) in paragraph at lines 5--10
\OT1/cmr/m/n/10 LMS
 []


Overfull \hbox (9.6222pt too wide) in paragraph at lines 5--10
\JY2/mc/m/n/10 間
 []


Overfull \hbox (9.6222pt too wide) in paragraph at lines 5--10
\JY2/mc/m/n/10 で
 []


Overfull \hbox (19.58339pt too wide) in paragraph at lines 5--10
\OT1/cmr/m/n/10 NSF
 []


Overfull \hbox (9.6222pt too wide) in paragraph at lines 5--10
\JY2/mc/m/n/10 と
 []


Overfull \hbox (9.6222pt too wide) in paragraph at lines 5--10
\JY2/mc/m/n/10 の
 []


Overfull \hbox (9.6222pt too wide) in paragraph at lines 5--10
\JY2/mc/m/n/10 連
 []


Overfull \hbox (9.6222pt too wide) in paragraph at lines 5--10
\JY2/mc/m/n/10 携
 []


Overfull \hbox (9.6222pt too wide) in paragraph at lines 5--10
\JY2/mc/m/n/10 を
 []


Overfull \hbox (9.6222pt too wide) in paragraph at lines 5--10
\JY2/mc/m/n/10 取
 []


Overfull \hbox (9.6222pt too wide) in paragraph at lines 5--10
\JY2/mc/m/n/10 る
 []


Overfull \hbox (9.6222pt too wide) in paragraph at lines 5--10
\JY2/mc/m/n/10 こ
 []


Overfull \hbox (9.6222pt too wide) in paragraph at lines 5--10
\JY2/mc/m/n/10 と
 []


Overfull \hbox (9.6222pt too wide) in paragraph at lines 5--10
\JY2/mc/m/n/10 が
 []


Overfull \hbox (9.6222pt too wide) in paragraph at lines 5--10
\JY2/mc/m/n/10 で
 []


Overfull \hbox (9.6222pt too wide) in paragraph at lines 5--10
\JY2/mc/m/n/10 き
 []


Overfull \hbox (13.93329pt too wide) in paragraph at lines 5--10
\JY2/mc/m/n/10 た 。
 []


Overfull \hbox (9.6222pt too wide) in paragraph at lines 5--10
\JY2/mc/m/n/10 本
 []


Overfull \hbox (9.6222pt too wide) in paragraph at lines 5--10
\JY2/mc/m/n/10 研
 []


Overfull \hbox (9.6222pt too wide) in paragraph at lines 5--10
\JY2/mc/m/n/10 究
 []


Overfull \hbox (9.6222pt too wide) in paragraph at lines 5--10
\JY2/mc/m/n/10 で
 []


Overfull \hbox (9.6222pt too wide) in paragraph at lines 5--10
\JY2/mc/m/n/10 は
 []


Overfull \hbox (22.77783pt too wide) in paragraph at lines 5--10
\OT1/cmr/m/n/10 Moo-
 []


Overfull \hbox (17.5889pt too wide) in paragraph at lines 5--10
\OT1/cmr/m/n/10 dle\JY2/mc/m/n/10 、
 []


Overfull \hbox (21.11115pt too wide) in paragraph at lines 5--10
\OT1/cmr/m/n/10 Can-
 []


Overfull \hbox (13.6667pt too wide) in paragraph at lines 5--10
\OT1/cmr/m/n/10 vas
 []


Overfull \hbox (9.6222pt too wide) in paragraph at lines 5--10
\JY2/mc/m/n/10 で
 []


Overfull \hbox (9.6222pt too wide) in paragraph at lines 5--10
\JY2/mc/m/n/10 の
 []


Overfull \hbox (9.6222pt too wide) in paragraph at lines 5--10
\JY2/mc/m/n/10 起
 []


Overfull \hbox (9.6222pt too wide) in paragraph at lines 5--10
\JY2/mc/m/n/10 動
 []


Overfull \hbox (9.6222pt too wide) in paragraph at lines 5--10
\JY2/mc/m/n/10 を
 []


Overfull \hbox (9.6222pt too wide) in paragraph at lines 5--10
\JY2/mc/m/n/10 行
 []


Overfull \hbox (9.6222pt too wide) in paragraph at lines 5--10
\JY2/mc/m/n/10 っ
 []


Overfull \hbox (13.93329pt too wide) in paragraph at lines 5--10
\JY2/mc/m/n/10 た 。 
 []


Underfull \vbox (badness 10000) has occurred while \output is active []

LaTeX Font Info:    Font shape `JT2/mc/m/n' will be
(Font)              scaled to size 9.6222pt on input line 10.
LaTeX Font Info:    Font shape `JY2/mc/m/n' will be
(Font)              scaled to size 9.6222pt on input line 10.


./lti.tex:10: LaTeX Error: The font size command \normalsize is not defined:
               there is probably something wrong with the class file.

See the LaTeX manual or LaTeX Companion for explanation.
Type  H <return>  for immediate help.
 ...                                              
                                                  
l.10 
     
Your command was ignored.
Type  I <command> <return>  to replace it with another command,
or  <return>  to continue without it.

[1
./lti.tex:10: Undefined control sequence.
<write> \newlabel{tag:LTI}{{}{\thepage 
                                       }}
l.10 
     
The control sequence at the end of the top line
of your error message was never \def'ed. If you have
misspelled it (e.g., `\hobx'), type `I' and the correct
spelling (e.g., `I\hbox'). Otherwise just continue,
and I'll forget about whatever was undefined.

\newlabel{tag:LTI}{{}{}}
]

./lti.tex:11: LaTeX Error: Missing \begin{document}.

See the LaTeX manual or LaTeX Companion for explanation.
Type  H <return>  for immediate help.
 ...                                              
                                                  
l.11 L
      TIに置ける用語
You're in trouble here.  Try typing  <return>  to proceed.
If that doesn't work, type  X <return>  to quit.


Overfull \hbox (36.25002pt too wide) in paragraph at lines 11--14
[]\OT1/cmr/m/n/10 LTI
 []


Overfull \hbox (9.6222pt too wide) in paragraph at lines 11--14
\JY2/mc/m/n/10 に
 []


Overfull \hbox (9.6222pt too wide) in paragraph at lines 11--14
\JY2/mc/m/n/10 置
 []


Overfull \hbox (9.6222pt too wide) in paragraph at lines 11--14
\JY2/mc/m/n/10 け
 []


Overfull \hbox (9.6222pt too wide) in paragraph at lines 11--14
\JY2/mc/m/n/10 る
 []


Overfull \hbox (9.6222pt too wide) in paragraph at lines 11--14
\JY2/mc/m/n/10 用
 []


Overfull \hbox (9.6222pt too wide) in paragraph at lines 11--14
\JY2/mc/m/n/10 語
 []


Overfull \hbox (19.44449pt too wide) in paragraph at lines 11--14
\OT1/cmr/m/n/10 Tool
 []


Overfull \hbox (60.05003pt too wide) in paragraph at lines 11--14
\OT1/cmr/m/n/10 Provider(\JY2/mc/m/n/10 ツ ー
 []


Overfull \hbox (14.43329pt too wide) in paragraph at lines 11--14
\JY2/mc/m/n/10 ル ・
 []


Overfull \hbox (9.6222pt too wide) in paragraph at lines 11--14
\JY2/mc/m/n/10 プ
 []


Overfull \hbox (9.6222pt too wide) in paragraph at lines 11--14
\JY2/mc/m/n/10 ロ
 []


Overfull \hbox (9.6222pt too wide) in paragraph at lines 11--14
\JY2/mc/m/n/10 バ
 []


Overfull \hbox (9.6222pt too wide) in paragraph at lines 11--14
\JY2/mc/m/n/10 イ
 []


Overfull \hbox (13.5111pt too wide) in paragraph at lines 11--14
\JY2/mc/m/n/10 ダ\OT1/cmr/m/n/10 )
 []


Overfull \hbox (19.44449pt too wide) in paragraph at lines 11--14
\OT1/cmr/m/n/10 Tool
 []


Overfull \hbox (60.05003pt too wide) in paragraph at lines 11--14
\OT1/cmr/m/n/10 Provider(\JY2/mc/m/n/10 ツ ー
 []


Overfull \hbox (14.43329pt too wide) in paragraph at lines 11--14
\JY2/mc/m/n/10 ル ・
 []


Overfull \hbox (9.6222pt too wide) in paragraph at lines 11--14
\JY2/mc/m/n/10 プ
 []


Overfull \hbox (9.6222pt too wide) in paragraph at lines 11--14
\JY2/mc/m/n/10 ロ
 []


Overfull \hbox (9.6222pt too wide) in paragraph at lines 11--14
\JY2/mc/m/n/10 バ
 []


Overfull \hbox (9.6222pt too wide) in paragraph at lines 11--14
\JY2/mc/m/n/10 イ
 []


Overfull \hbox (13.5111pt too wide) in paragraph at lines 11--14
\JY2/mc/m/n/10 ダ\OT1/cmr/m/n/10 )
 []


Overfull \hbox (9.6222pt too wide) in paragraph at lines 11--14
\JY2/mc/m/n/10 と
 []


Overfull \hbox (13.93329pt too wide) in paragraph at lines 11--14
\JY2/mc/m/n/10 は 、
 []


Overfull \hbox (9.6222pt too wide) in paragraph at lines 11--14
\JY2/mc/m/n/10 外
 []


Overfull \hbox (9.6222pt too wide) in paragraph at lines 11--14
\JY2/mc/m/n/10 部
 []


Overfull \hbox (18.74438pt too wide) in paragraph at lines 11--14
\JY2/mc/m/n/10 ツ ー
 []


Overfull \hbox (9.6222pt too wide) in paragraph at lines 11--14
\JY2/mc/m/n/10 ル
 []


Overfull \hbox (9.6222pt too wide) in paragraph at lines 11--14
\JY2/mc/m/n/10 や
 []


Overfull \hbox (9.6222pt too wide) in paragraph at lines 11--14
\JY2/mc/m/n/10 外
 []


Overfull \hbox (9.6222pt too wide) in paragraph at lines 11--14
\JY2/mc/m/n/10 部
 []


Overfull \hbox (9.6222pt too wide) in paragraph at lines 11--14
\JY2/mc/m/n/10 コ
 []


Overfull \hbox (9.6222pt too wide) in paragraph at lines 11--14
\JY2/mc/m/n/10 ン
 []


Overfull \hbox (9.6222pt too wide) in paragraph at lines 11--14
\JY2/mc/m/n/10 テ
 []


Overfull \hbox (9.6222pt too wide) in paragraph at lines 11--14
\JY2/mc/m/n/10 ン
 []


Overfull \hbox (9.6222pt too wide) in paragraph at lines 11--14
\JY2/mc/m/n/10 ツ
 []


Overfull \hbox (9.6222pt too wide) in paragraph at lines 11--14
\JY2/mc/m/n/10 の
 []


Overfull \hbox (9.6222pt too wide) in paragraph at lines 11--14
\JY2/mc/m/n/10 こ
 []


Overfull \hbox (9.6222pt too wide) in paragraph at lines 11--14
\JY2/mc/m/n/10 と
 []


Overfull \hbox (9.6222pt too wide) in paragraph at lines 11--14
\JY2/mc/m/n/10 で
 []


Overfull \hbox (9.6222pt too wide) in paragraph at lines 11--14
\JY2/mc/m/n/10 あ
 []


Overfull \hbox (13.93329pt too wide) in paragraph at lines 11--14
\JY2/mc/m/n/10 り 、
 []


Overfull \hbox (9.6222pt too wide) in paragraph at lines 11--14
\JY2/mc/m/n/10 本
 []


Overfull \hbox (9.6222pt too wide) in paragraph at lines 11--14
\JY2/mc/m/n/10 研
 []


Overfull \hbox (9.6222pt too wide) in paragraph at lines 11--14
\JY2/mc/m/n/10 究
 []


Overfull \hbox (9.6222pt too wide) in paragraph at lines 11--14
\JY2/mc/m/n/10 で
 []


Overfull \hbox (9.6222pt too wide) in paragraph at lines 11--14
\JY2/mc/m/n/10 は
 []


Overfull \hbox (19.58339pt too wide) in paragraph at lines 11--14
\OT1/cmr/m/n/10 NSF
 []


Overfull \hbox (9.6222pt too wide) in paragraph at lines 11--14
\JY2/mc/m/n/10 が
 []


Overfull \hbox (18.74438pt too wide) in paragraph at lines 11--14
\JY2/mc/m/n/10 ツ ー
 []


Overfull \hbox (9.6222pt too wide) in paragraph at lines 11--14
\JY2/mc/m/n/10 ル
 []


Overfull \hbox (9.6222pt too wide) in paragraph at lines 11--14
\JY2/mc/m/n/10 プ
 []


Overfull \hbox (9.6222pt too wide) in paragraph at lines 11--14
\JY2/mc/m/n/10 ロ
 []


Overfull \hbox (9.6222pt too wide) in paragraph at lines 11--14
\JY2/mc/m/n/10 バ
 []


Overfull \hbox (9.6222pt too wide) in paragraph at lines 11--14
\JY2/mc/m/n/10 イ
 []


Overfull \hbox (9.6222pt too wide) in paragraph at lines 11--14
\JY2/mc/m/n/10 ダ
 []


Overfull \hbox (9.6222pt too wide) in paragraph at lines 11--14
\JY2/mc/m/n/10 と
 []


Overfull \hbox (9.6222pt too wide) in paragraph at lines 11--14
\JY2/mc/m/n/10 な
 []


Overfull \hbox (13.93329pt too wide) in paragraph at lines 11--14
\JY2/mc/m/n/10 る 。 
 []


./lti.tex:15: LaTeX Error: Missing \begin{document}.

See the LaTeX manual or LaTeX Companion for explanation.
Type  H <return>  for immediate help.
 ...                                              
                                                  
l.15 T
      ool Consumer(ツール・コンシューマ)
You're in trouble here.  Try typing  <return>  to proceed.
If that doesn't work, type  X <return>  to quit.


Overfull \hbox (39.44449pt too wide) in paragraph at lines 15--17
[]\OT1/cmr/m/n/10 Tool
 []


Overfull \hbox (21.11115pt too wide) in paragraph at lines 15--17
\OT1/cmr/m/n/10 Con-
 []


Overfull \hbox (48.82777pt too wide) in paragraph at lines 15--17
\OT1/cmr/m/n/10 sumer(\JY2/mc/m/n/10 ツ ー
 []


Overfull \hbox (14.43329pt too wide) in paragraph at lines 15--17
\JY2/mc/m/n/10 ル ・
 []


Overfull \hbox (9.6222pt too wide) in paragraph at lines 15--17
\JY2/mc/m/n/10 コ
 []


Overfull \hbox (9.6222pt too wide) in paragraph at lines 15--17
\JY2/mc/m/n/10 ン
 []


Overfull \hbox (9.6222pt too wide) in paragraph at lines 15--17
\JY2/mc/m/n/10 シ
 []


Overfull \hbox (18.74438pt too wide) in paragraph at lines 15--17
\JY2/mc/m/n/10 ュ ー
 []


Overfull \hbox (13.5111pt too wide) in paragraph at lines 15--17
\JY2/mc/m/n/10 マ\OT1/cmr/m/n/10 )
 []


Overfull \hbox (19.44449pt too wide) in paragraph at lines 15--17
\OT1/cmr/m/n/10 Tool
 []


Overfull \hbox (21.11115pt too wide) in paragraph at lines 15--17
\OT1/cmr/m/n/10 Con-
 []


Overfull \hbox (48.82777pt too wide) in paragraph at lines 15--17
\OT1/cmr/m/n/10 sumer(\JY2/mc/m/n/10 ツ ー
 []


Overfull \hbox (14.43329pt too wide) in paragraph at lines 15--17
\JY2/mc/m/n/10 ル ・
 []


Overfull \hbox (9.6222pt too wide) in paragraph at lines 15--17
\JY2/mc/m/n/10 コ
 []


Overfull \hbox (9.6222pt too wide) in paragraph at lines 15--17
\JY2/mc/m/n/10 ン
 []


Overfull \hbox (9.6222pt too wide) in paragraph at lines 15--17
\JY2/mc/m/n/10 シ
 []


Overfull \hbox (18.74438pt too wide) in paragraph at lines 15--17
\JY2/mc/m/n/10 ュ ー
 []


Overfull \hbox (13.5111pt too wide) in paragraph at lines 15--17
\JY2/mc/m/n/10 マ\OT1/cmr/m/n/10 )
 []


Overfull \hbox (9.6222pt too wide) in paragraph at lines 15--17
\JY2/mc/m/n/10 と
 []


Overfull \hbox (13.93329pt too wide) in paragraph at lines 15--17
\JY2/mc/m/n/10 は 、
 []


Overfull \hbox (18.74438pt too wide) in paragraph at lines 15--17
\JY2/mc/m/n/10 ツ ー
 []


Overfull \hbox (14.43329pt too wide) in paragraph at lines 15--17
\JY2/mc/m/n/10 ル ・
 []


Overfull \hbox (9.6222pt too wide) in paragraph at lines 15--17
\JY2/mc/m/n/10 プ
 []


Overfull \hbox (9.6222pt too wide) in paragraph at lines 15--17
\JY2/mc/m/n/10 ロ
 []


Overfull \hbox (9.6222pt too wide) in paragraph at lines 15--17
\JY2/mc/m/n/10 バ
 []


Overfull \hbox (9.6222pt too wide) in paragraph at lines 15--17
\JY2/mc/m/n/10 イ
 []


Overfull \hbox (9.6222pt too wide) in paragraph at lines 15--17
\JY2/mc/m/n/10 ダ
 []


Overfull \hbox (9.6222pt too wide) in paragraph at lines 15--17
\JY2/mc/m/n/10 か
 []


Overfull \hbox (9.6222pt too wide) in paragraph at lines 15--17
\JY2/mc/m/n/10 ら
 []


Overfull \hbox (9.6222pt too wide) in paragraph at lines 15--17
\JY2/mc/m/n/10 提
 []


Overfull \hbox (9.6222pt too wide) in paragraph at lines 15--17
\JY2/mc/m/n/10 供
 []


Overfull \hbox (9.6222pt too wide) in paragraph at lines 15--17
\JY2/mc/m/n/10 さ
 []


Overfull \hbox (9.6222pt too wide) in paragraph at lines 15--17
\JY2/mc/m/n/10 れ
 []


Overfull \hbox (9.6222pt too wide) in paragraph at lines 15--17
\JY2/mc/m/n/10 た
 []


Overfull \hbox (18.74438pt too wide) in paragraph at lines 15--17
\JY2/mc/m/n/10 ツ ー
 []


Overfull \hbox (9.6222pt too wide) in paragraph at lines 15--17
\JY2/mc/m/n/10 ル
 []


Overfull \hbox (9.6222pt too wide) in paragraph at lines 15--17
\JY2/mc/m/n/10 を
 []


Overfull \hbox (9.6222pt too wide) in paragraph at lines 15--17
\JY2/mc/m/n/10 使
 []


Overfull \hbox (9.6222pt too wide) in paragraph at lines 15--17
\JY2/mc/m/n/10 用
 []


Overfull \hbox (9.6222pt too wide) in paragraph at lines 15--17
\JY2/mc/m/n/10 す
 []


Overfull \hbox (9.6222pt too wide) in paragraph at lines 15--17
\JY2/mc/m/n/10 る
 []


Overfull \hbox (20.97227pt too wide) in paragraph at lines 15--17
\OT1/cmr/m/n/10 LMS
 []


Overfull \hbox (9.6222pt too wide) in paragraph at lines 15--17
\JY2/mc/m/n/10 の
 []


Overfull \hbox (9.6222pt too wide) in paragraph at lines 15--17
\JY2/mc/m/n/10 こ
 []


Overfull \hbox (9.6222pt too wide) in paragraph at lines 15--17
\JY2/mc/m/n/10 と
 []


Overfull \hbox (9.6222pt too wide) in paragraph at lines 15--17
\JY2/mc/m/n/10 で
 []


Overfull \hbox (9.6222pt too wide) in paragraph at lines 15--17
\JY2/mc/m/n/10 あ
 []


Overfull \hbox (13.93329pt too wide) in paragraph at lines 15--17
\JY2/mc/m/n/10 る 。
 []


Overfull \hbox (18.74438pt too wide) in paragraph at lines 15--17
\JY2/mc/m/n/10 ツ ー
 []


Overfull \hbox (14.43329pt too wide) in paragraph at lines 15--17
\JY2/mc/m/n/10 ル ・
 []


Overfull \hbox (9.6222pt too wide) in paragraph at lines 15--17
\JY2/mc/m/n/10 コ
 []


Overfull \hbox (9.6222pt too wide) in paragraph at lines 15--17
\JY2/mc/m/n/10 ン
 []


Overfull \hbox (9.6222pt too wide) in paragraph at lines 15--17
\JY2/mc/m/n/10 シ
 []


Overfull \hbox (18.74438pt too wide) in paragraph at lines 15--17
\JY2/mc/m/n/10 ュ ー
 []


Overfull \hbox (9.6222pt too wide) in paragraph at lines 15--17
\JY2/mc/m/n/10 マ
 []


Overfull \hbox (9.6222pt too wide) in paragraph at lines 15--17
\JY2/mc/m/n/10 は
 []


Overfull \hbox (9.6222pt too wide) in paragraph at lines 15--17
\JY2/mc/m/n/10 例
 []


Overfull \hbox (9.6222pt too wide) in paragraph at lines 15--17
\JY2/mc/m/n/10 と
 []


Overfull \hbox (9.6222pt too wide) in paragraph at lines 15--17
\JY2/mc/m/n/10 し
 []


Overfull \hbox (13.93329pt too wide) in paragraph at lines 15--17
\JY2/mc/m/n/10 て 、
 []


Overfull \hbox (21.11115pt too wide) in paragraph at lines 15--17
\OT1/cmr/m/n/10 Can-
 []


Overfull \hbox (120.63924pt too wide) in paragraph at lines 15--17
\OT1/cmr/m/n/10 vas,Moodle,Sakai,blackbord
 []


Overfull \hbox (9.6222pt too wide) in paragraph at lines 15--17
\JY2/mc/m/n/10 な
 []


Overfull \hbox (9.6222pt too wide) in paragraph at lines 15--17
\JY2/mc/m/n/10 ど
 []


Overfull \hbox (9.6222pt too wide) in paragraph at lines 15--17
\JY2/mc/m/n/10 が
 []


Overfull \hbox (9.6222pt too wide) in paragraph at lines 15--17
\JY2/mc/m/n/10 あ
 []


Overfull \hbox (13.93329pt too wide) in paragraph at lines 15--17
\JY2/mc/m/n/10 る 。
 []


Overfull \hbox (9.6222pt too wide) in paragraph at lines 15--17
\JY2/mc/m/n/10 本
 []


Overfull \hbox (9.6222pt too wide) in paragraph at lines 15--17
\JY2/mc/m/n/10 研
 []


Overfull \hbox (9.6222pt too wide) in paragraph at lines 15--17
\JY2/mc/m/n/10 究
 []


Overfull \hbox (9.6222pt too wide) in paragraph at lines 15--17
\JY2/mc/m/n/10 で
 []


Overfull \hbox (9.6222pt too wide) in paragraph at lines 15--17
\JY2/mc/m/n/10 は
 []


Overfull \hbox (22.77783pt too wide) in paragraph at lines 15--17
\OT1/cmr/m/n/10 Moo-
 []


Overfull \hbox (17.5889pt too wide) in paragraph at lines 15--17
\OT1/cmr/m/n/10 dle\JY2/mc/m/n/10 、
 []


Overfull \hbox (21.11115pt too wide) in paragraph at lines 15--17
\OT1/cmr/m/n/10 Can-
 []


Overfull \hbox (13.6667pt too wide) in paragraph at lines 15--17
\OT1/cmr/m/n/10 vas
 []


Overfull \hbox (9.6222pt too wide) in paragraph at lines 15--17
\JY2/mc/m/n/10 を
 []


Overfull \hbox (9.6222pt too wide) in paragraph at lines 15--17
\JY2/mc/m/n/10 使
 []


Overfull \hbox (9.6222pt too wide) in paragraph at lines 15--17
\JY2/mc/m/n/10 用
 []


Overfull \hbox (9.6222pt too wide) in paragraph at lines 15--17
\JY2/mc/m/n/10 し
 []


Overfull \hbox (13.93329pt too wide) in paragraph at lines 15--17
\JY2/mc/m/n/10 た 。 
 []


./lti.tex:18: LaTeX Error: Missing \begin{document}.

See the LaTeX manual or LaTeX Companion for explanation.
Type  H <return>  for immediate help.
 ...                                              
                                                  
l.18 L
      TIに置ける利点
You're in trouble here.  Try typing  <return>  to proceed.
If that doesn't work, type  X <return>  to quit.


Overfull \hbox (36.25002pt too wide) in paragraph at lines 18--20
[]\OT1/cmr/m/n/10 LTI
 []


Overfull \hbox (9.6222pt too wide) in paragraph at lines 18--20
\JY2/mc/m/n/10 に
 []


Overfull \hbox (9.6222pt too wide) in paragraph at lines 18--20
\JY2/mc/m/n/10 置
 []


Overfull \hbox (9.6222pt too wide) in paragraph at lines 18--20
\JY2/mc/m/n/10 け
 []


Overfull \hbox (9.6222pt too wide) in paragraph at lines 18--20
\JY2/mc/m/n/10 る
 []


Overfull \hbox (9.6222pt too wide) in paragraph at lines 18--20
\JY2/mc/m/n/10 利
 []


Overfull \hbox (9.6222pt too wide) in paragraph at lines 18--20
\JY2/mc/m/n/10 点
 []


Overfull \hbox (16.25002pt too wide) in paragraph at lines 18--20
\OT1/cmr/m/n/10 LTI
 []


Overfull \hbox (9.6222pt too wide) in paragraph at lines 18--20
\JY2/mc/m/n/10 化
 []


Overfull \hbox (9.6222pt too wide) in paragraph at lines 18--20
\JY2/mc/m/n/10 す
 []


Overfull \hbox (9.6222pt too wide) in paragraph at lines 18--20
\JY2/mc/m/n/10 る
 []


Overfull \hbox (9.6222pt too wide) in paragraph at lines 18--20
\JY2/mc/m/n/10 こ
 []


Overfull \hbox (9.6222pt too wide) in paragraph at lines 18--20
\JY2/mc/m/n/10 と
 []


Overfull \hbox (9.6222pt too wide) in paragraph at lines 18--20
\JY2/mc/m/n/10 に
 []


Overfull \hbox (9.6222pt too wide) in paragraph at lines 18--20
\JY2/mc/m/n/10 よ
 []


Overfull \hbox (13.93329pt too wide) in paragraph at lines 18--20
\JY2/mc/m/n/10 り 、
 []


Overfull \hbox (18.74438pt too wide) in paragraph at lines 18--20
\JY2/mc/m/n/10 様 々
 []


Overfull \hbox (9.6222pt too wide) in paragraph at lines 18--20
\JY2/mc/m/n/10 な
 []


Overfull \hbox (20.97227pt too wide) in paragraph at lines 18--20
\OT1/cmr/m/n/10 LMS
 []


Overfull \hbox (9.6222pt too wide) in paragraph at lines 18--20
\JY2/mc/m/n/10 か
 []


Overfull \hbox (9.6222pt too wide) in paragraph at lines 18--20
\JY2/mc/m/n/10 ら
 []


Overfull \hbox (9.6222pt too wide) in paragraph at lines 18--20
\JY2/mc/m/n/10 ロ
 []


Overfull \hbox (9.6222pt too wide) in paragraph at lines 18--20
\JY2/mc/m/n/10 グ
 []


Overfull \hbox (9.6222pt too wide) in paragraph at lines 18--20
\JY2/mc/m/n/10 イ
 []


Overfull \hbox (9.6222pt too wide) in paragraph at lines 18--20
\JY2/mc/m/n/10 ン
 []


Overfull \hbox (9.6222pt too wide) in paragraph at lines 18--20
\JY2/mc/m/n/10 す
 []


Overfull \hbox (9.6222pt too wide) in paragraph at lines 18--20
\JY2/mc/m/n/10 る
 []


Overfull \hbox (9.6222pt too wide) in paragraph at lines 18--20
\JY2/mc/m/n/10 こ
 []


Overfull \hbox (9.6222pt too wide) in paragraph at lines 18--20
\JY2/mc/m/n/10 と
 []


Overfull \hbox (9.6222pt too wide) in paragraph at lines 18--20
\JY2/mc/m/n/10 な
 []


Overfull \hbox (9.6222pt too wide) in paragraph at lines 18--20
\JY2/mc/m/n/10 く
 []


Overfull \hbox (20.97227pt too wide) in paragraph at lines 18--20
\OT1/cmr/m/n/10 LMS
 []


Overfull \hbox (9.6222pt too wide) in paragraph at lines 18--20
\JY2/mc/m/n/10 の
 []


Overfull \hbox (9.6222pt too wide) in paragraph at lines 18--20
\JY2/mc/m/n/10 学
 []


Overfull \hbox (9.6222pt too wide) in paragraph at lines 18--20
\JY2/mc/m/n/10 習
 []


Overfull \hbox (9.6222pt too wide) in paragraph at lines 18--20
\JY2/mc/m/n/10 支
 []


Overfull \hbox (9.6222pt too wide) in paragraph at lines 18--20
\JY2/mc/m/n/10 援
 []


Overfull \hbox (18.74438pt too wide) in paragraph at lines 18--20
\JY2/mc/m/n/10 ツ ー
 []


Overfull \hbox (9.6222pt too wide) in paragraph at lines 18--20
\JY2/mc/m/n/10 ル
 []


Overfull \hbox (9.6222pt too wide) in paragraph at lines 18--20
\JY2/mc/m/n/10 と
 []


Overfull \hbox (9.6222pt too wide) in paragraph at lines 18--20
\JY2/mc/m/n/10 し
 []


Overfull \hbox (9.6222pt too wide) in paragraph at lines 18--20
\JY2/mc/m/n/10 て
 []


Overfull \hbox (9.6222pt too wide) in paragraph at lines 18--20
\JY2/mc/m/n/10 利
 []


Overfull \hbox (9.6222pt too wide) in paragraph at lines 18--20
\JY2/mc/m/n/10 用
 []


Overfull \hbox (9.6222pt too wide) in paragraph at lines 18--20
\JY2/mc/m/n/10 す
 []


Overfull \hbox (9.6222pt too wide) in paragraph at lines 18--20
\JY2/mc/m/n/10 る
 []


Overfull \hbox (9.6222pt too wide) in paragraph at lines 18--20
\JY2/mc/m/n/10 こ
 []


Overfull \hbox (9.6222pt too wide) in paragraph at lines 18--20
\JY2/mc/m/n/10 と
 []


Overfull \hbox (9.6222pt too wide) in paragraph at lines 18--20
\JY2/mc/m/n/10 が
 []


Overfull \hbox (9.6222pt too wide) in paragraph at lines 18--20
\JY2/mc/m/n/10 で
 []


Overfull \hbox (9.6222pt too wide) in paragraph at lines 18--20
\JY2/mc/m/n/10 き
 []


Overfull \hbox (13.93329pt too wide) in paragraph at lines 18--20
\JY2/mc/m/n/10 る 。
 []


Overfull \hbox (9.6222pt too wide) in paragraph at lines 18--20
\JY2/mc/m/n/10 ま
 []


Overfull \hbox (13.93329pt too wide) in paragraph at lines 18--20
\JY2/mc/m/n/10 た 、
 []


Overfull \hbox (9.6222pt too wide) in paragraph at lines 18--20
\JY2/mc/m/n/10 学
 []


Overfull \hbox (9.6222pt too wide) in paragraph at lines 18--20
\JY2/mc/m/n/10 習
 []


Overfull \hbox (9.6222pt too wide) in paragraph at lines 18--20
\JY2/mc/m/n/10 支
 []


Overfull \hbox (9.6222pt too wide) in paragraph at lines 18--20
\JY2/mc/m/n/10 援
 []


Overfull \hbox (18.74438pt too wide) in paragraph at lines 18--20
\JY2/mc/m/n/10 ツ ー
 []


Overfull \hbox (9.6222pt too wide) in paragraph at lines 18--20
\JY2/mc/m/n/10 ル
 []


Overfull \hbox (13.93329pt too wide) in paragraph at lines 18--20
\JY2/mc/m/n/10 を 、
 []


Overfull \hbox (9.6222pt too wide) in paragraph at lines 18--20
\JY2/mc/m/n/10 異
 []


Overfull \hbox (9.6222pt too wide) in paragraph at lines 18--20
\JY2/mc/m/n/10 な
 []


Overfull \hbox (9.6222pt too wide) in paragraph at lines 18--20
\JY2/mc/m/n/10 る
 []


Overfull \hbox (20.97227pt too wide) in paragraph at lines 18--20
\OT1/cmr/m/n/10 LMS
 []


Overfull \hbox (9.6222pt too wide) in paragraph at lines 18--20
\JY2/mc/m/n/10 に
 []


Overfull \hbox (9.6222pt too wide) in paragraph at lines 18--20
\JY2/mc/m/n/10 合
 []


Overfull \hbox (9.6222pt too wide) in paragraph at lines 18--20
\JY2/mc/m/n/10 わ
 []


Overfull \hbox (9.6222pt too wide) in paragraph at lines 18--20
\JY2/mc/m/n/10 せ
 []


Overfull \hbox (9.6222pt too wide) in paragraph at lines 18--20
\JY2/mc/m/n/10 た
 []


Overfull \hbox (9.6222pt too wide) in paragraph at lines 18--20
\JY2/mc/m/n/10 設
 []


Overfull \hbox (9.6222pt too wide) in paragraph at lines 18--20
\JY2/mc/m/n/10 計
 []


Overfull \hbox (9.6222pt too wide) in paragraph at lines 18--20
\JY2/mc/m/n/10 で
 []


Overfull \hbox (9.6222pt too wide) in paragraph at lines 18--20
\JY2/mc/m/n/10 作
 []


Overfull \hbox (9.6222pt too wide) in paragraph at lines 18--20
\JY2/mc/m/n/10 ら
 []


Overfull \hbox (9.6222pt too wide) in paragraph at lines 18--20
\JY2/mc/m/n/10 ず
 []


Overfull \hbox (9.6222pt too wide) in paragraph at lines 18--20
\JY2/mc/m/n/10 に
 []


Overfull \hbox (9.6222pt too wide) in paragraph at lines 18--20
\JY2/mc/m/n/10 済
 []


Overfull \hbox (9.6222pt too wide) in paragraph at lines 18--20
\JY2/mc/m/n/10 む
 []


Overfull \hbox (9.6222pt too wide) in paragraph at lines 18--20
\JY2/mc/m/n/10 こ
 []


Overfull \hbox (9.6222pt too wide) in paragraph at lines 18--20
\JY2/mc/m/n/10 と
 []


Overfull \hbox (9.6222pt too wide) in paragraph at lines 18--20
\JY2/mc/m/n/10 も
 []


Overfull \hbox (9.6222pt too wide) in paragraph at lines 18--20
\JY2/mc/m/n/10 利
 []


Overfull \hbox (9.6222pt too wide) in paragraph at lines 18--20
\JY2/mc/m/n/10 点
 []


Overfull \hbox (9.6222pt too wide) in paragraph at lines 18--20
\JY2/mc/m/n/10 と
 []


Overfull \hbox (9.6222pt too wide) in paragraph at lines 18--20
\JY2/mc/m/n/10 し
 []


Overfull \hbox (9.6222pt too wide) in paragraph at lines 18--20
\JY2/mc/m/n/10 て
 []


Overfull \hbox (9.6222pt too wide) in paragraph at lines 18--20
\JY2/mc/m/n/10 あ
 []


Overfull \hbox (9.6222pt too wide) in paragraph at lines 18--20
\JY2/mc/m/n/10 げ
 []


Overfull \hbox (9.6222pt too wide) in paragraph at lines 18--20
\JY2/mc/m/n/10 ら
 []


Overfull \hbox (9.6222pt too wide) in paragraph at lines 18--20
\JY2/mc/m/n/10 れ
 []


Overfull \hbox (13.93329pt too wide) in paragraph at lines 18--20
\JY2/mc/m/n/10 る 。
 []


Overfull \hbox (9.6222pt too wide) in paragraph at lines 18--20
\JY2/mc/m/n/10 こ
 []


Overfull \hbox (9.6222pt too wide) in paragraph at lines 18--20
\JY2/mc/m/n/10 れ
 []


Overfull \hbox (9.6222pt too wide) in paragraph at lines 18--20
\JY2/mc/m/n/10 に
 []


Overfull \hbox (9.6222pt too wide) in paragraph at lines 18--20
\JY2/mc/m/n/10 よ
 []


Overfull \hbox (9.6222pt too wide) in paragraph at lines 18--20
\JY2/mc/m/n/10 り
 []


Overfull \hbox (18.74438pt too wide) in paragraph at lines 18--20
\JY2/mc/m/n/10 ツ ー
 []


Overfull \hbox (9.6222pt too wide) in paragraph at lines 18--20
\JY2/mc/m/n/10 ル
 []


Overfull \hbox (9.6222pt too wide) in paragraph at lines 18--20
\JY2/mc/m/n/10 製
 []


Overfull \hbox (9.6222pt too wide) in paragraph at lines 18--20
\JY2/mc/m/n/10 作
 []


Overfull \hbox (9.6222pt too wide) in paragraph at lines 18--20
\JY2/mc/m/n/10 者
 []


Overfull \hbox (9.6222pt too wide) in paragraph at lines 18--20
\JY2/mc/m/n/10 は
 []


Overfull \hbox (18.74438pt too wide) in paragraph at lines 18--20
\JY2/mc/m/n/10 ツ ー
 []


Overfull \hbox (9.6222pt too wide) in paragraph at lines 18--20
\JY2/mc/m/n/10 ル
 []


Overfull \hbox (9.6222pt too wide) in paragraph at lines 18--20
\JY2/mc/m/n/10 の
 []


Overfull \hbox (9.6222pt too wide) in paragraph at lines 18--20
\JY2/mc/m/n/10 再
 []


Overfull \hbox (9.6222pt too wide) in paragraph at lines 18--20
\JY2/mc/m/n/10 利
 []


Overfull \hbox (9.6222pt too wide) in paragraph at lines 18--20
\JY2/mc/m/n/10 用
 []


Overfull \hbox (9.6222pt too wide) in paragraph at lines 18--20
\JY2/mc/m/n/10 お
 []


Overfull \hbox (9.6222pt too wide) in paragraph at lines 18--20
\JY2/mc/m/n/10 よ
 []


Overfull \hbox (13.93329pt too wide) in paragraph at lines 18--20
\JY2/mc/m/n/10 び 、
 []


Overfull \hbox (18.74438pt too wide) in paragraph at lines 18--20
\JY2/mc/m/n/10 ツ ー
 []


Overfull \hbox (9.6222pt too wide) in paragraph at lines 18--20
\JY2/mc/m/n/10 ル
 []


Overfull \hbox (9.6222pt too wide) in paragraph at lines 18--20
\JY2/mc/m/n/10 の
 []


Overfull \hbox (9.6222pt too wide) in paragraph at lines 18--20
\JY2/mc/m/n/10 共
 []


Overfull \hbox (9.6222pt too wide) in paragraph at lines 18--20
\JY2/mc/m/n/10 有
 []


Overfull \hbox (9.6222pt too wide) in paragraph at lines 18--20
\JY2/mc/m/n/10 を
 []


Overfull \hbox (9.6222pt too wide) in paragraph at lines 18--20
\JY2/mc/m/n/10 可
 []


Overfull \hbox (9.6222pt too wide) in paragraph at lines 18--20
\JY2/mc/m/n/10 能
 []


Overfull \hbox (9.6222pt too wide) in paragraph at lines 18--20
\JY2/mc/m/n/10 と
 []


Overfull \hbox (9.6222pt too wide) in paragraph at lines 18--20
\JY2/mc/m/n/10 す
 []


Overfull \hbox (9.6222pt too wide) in paragraph at lines 18--20
\JY2/mc/m/n/10 る
 []


Overfull \hbox (9.6222pt too wide) in paragraph at lines 18--20
\JY2/mc/m/n/10 こ
 []


Overfull \hbox (9.6222pt too wide) in paragraph at lines 18--20
\JY2/mc/m/n/10 と
 []


Overfull \hbox (9.6222pt too wide) in paragraph at lines 18--20
\JY2/mc/m/n/10 が
 []


Overfull \hbox (9.6222pt too wide) in paragraph at lines 18--20
\JY2/mc/m/n/10 で
 []


Overfull \hbox (9.6222pt too wide) in paragraph at lines 18--20
\JY2/mc/m/n/10 き
 []


Overfull \hbox (13.93329pt too wide) in paragraph at lines 18--20
\JY2/mc/m/n/10 る 。 
 []


./lti.tex:21: LaTeX Error: Missing \begin{document}.

See the LaTeX manual or LaTeX Companion for explanation.
Type  H <return>  for immediate help.
 ...                                              
                                                  
l.21 L
      TIの利用方法
You're in trouble here.  Try typing  <return>  to proceed.
If that doesn't work, type  X <return>  to quit.


Overfull \hbox (36.25002pt too wide) in paragraph at lines 21--22
[]\OT1/cmr/m/n/10 LTI
 []


Overfull \hbox (9.6222pt too wide) in paragraph at lines 21--22
\JY2/mc/m/n/10 の
 []


Overfull \hbox (9.6222pt too wide) in paragraph at lines 21--22
\JY2/mc/m/n/10 利
 []


Overfull \hbox (9.6222pt too wide) in paragraph at lines 21--22
\JY2/mc/m/n/10 用
 []


Overfull \hbox (9.6222pt too wide) in paragraph at lines 21--22
\JY2/mc/m/n/10 方
 []


Overfull \hbox (9.6222pt too wide) in paragraph at lines 21--22
\JY2/mc/m/n/10 法 
 []


./lti.tex:23: LaTeX Error: Missing \begin{document}.

See the LaTeX manual or LaTeX Companion for explanation.
Type  H <return>  for immediate help.
 ...                                              
                                                  
l.23 L
      MS上でLTIに準拠したツール・プロバイダを使用する...
You're in trouble here.  Try typing  <return>  to proceed.
If that doesn't work, type  X <return>  to quit.

)
! Emergency stop.
<*> lti.tex
           
*** (job aborted, no legal \end found)

 
Here is how much of TeX's memory you used:
 5 strings out of 493270
 33 string characters out of 6145017
 72199 words of memory out of 5000000
 4044 multiletter control sequences out of 15000+600000
 6281 words of font info for 32 fonts, out of 8000000 for 9000
 929 hyphenation exceptions out of 8191
 18i,4n,8p,549b,118s stack positions out of 5000i,500n,10000p,200000b,80000s
Output written on lti.dvi (1 page, 960 bytes).
