This is e-upTeX, Version 3.14159265-p3.8.0-u1.23-180226-2.6 (utf8.uptex) (TeX Live 2018) (preloaded format=uplatex 2018.12.3)  17 DEC 2018 05:01
entering extended mode
 restricted \write18 enabled.
 file:line:error style messages enabled.
 %&-line parsing enabled.
**rails.tex
(./rails.tex
pLaTeX2e <2018-04-01u02>+1 (based on LaTeX2e <2018-04-01> patch level 2)
Babel <3.18> and hyphenation patterns for 84 language(s) loaded.
./rails.tex:1: Undefined control sequence.
l.1 \subsection
               {Ruby on Rails}
The control sequence at the end of the top line
of your error message was never \def'ed. If you have
misspelled it (e.g., `\hobx'), type `I' and the correct
spelling (e.g., `I\hbox'). Otherwise just continue,
and I'll forget about whatever was undefined.


./rails.tex:1: LaTeX Error: Missing \begin{document}.

See the LaTeX manual or LaTeX Companion for explanation.
Type  H <return>  for immediate help.
 ...                                              
                                                  
l.1 \subsection{R
                 uby on Rails}
You're in trouble here.  Try typing  <return>  to proceed.
If that doesn't work, type  X <return>  to quit.

LaTeX Font Info:    Font shape `JT2/mc/m/n' will be
(Font)              scaled to size 9.6222pt on input line 4.
LaTeX Font Info:    Font shape `JY2/mc/m/n' will be
(Font)              scaled to size 9.6222pt on input line 4.
LaTeX Font Info:    Font shape `JT2/mc/bx/n' in size <10> not available
(Font)              Font shape `JT2/gt/m/n' tried instead on input line 4.
LaTeX Font Info:    Font shape `JT2/gt/m/n' will be
(Font)              scaled to size 9.6222pt on input line 4.
LaTeX Font Info:    Font shape `JY2/mc/bx/n' in size <10> not available
(Font)              Font shape `JY2/gt/m/n' tried instead on input line 4.
LaTeX Font Info:    Font shape `JY2/gt/m/n' will be
(Font)              scaled to size 9.6222pt on input line 4.
./rails.tex:4: Undefined control sequence.
<write> ...: Reference `fig:MVC' on page \thepage 
                                                  \space undefined\on@line .^^J
l.4 ...ョンの構成が以下の図\ref{fig:MVC}
                                                  のようになること...
The control sequence at the end of the top line
of your error message was never \def'ed. If you have
misspelled it (e.g., `\hobx'), type `I' and the correct
spelling (e.g., `I\hbox'). Otherwise just continue,
and I'll forget about whatever was undefined.


LaTeX Warning: Reference `fig:MVC' on page  undefined on input line 4.


Overfull \hbox (43.47227pt too wide) in paragraph at lines 1--5
[]\OT1/cmr/m/n/10 Ruby
 []


Overfull \hbox (10.55559pt too wide) in paragraph at lines 1--5
\OT1/cmr/m/n/10 on
 []


Overfull \hbox (21.86115pt too wide) in paragraph at lines 1--5
\OT1/cmr/m/n/10 Rails
 []


Overfull \hbox (9.6222pt too wide) in paragraph at lines 1--5
[]\JY2/mc/m/n/10 本
 []


Overfull \hbox (9.6222pt too wide) in paragraph at lines 1--5
\JY2/mc/m/n/10 研
 []


Overfull \hbox (9.6222pt too wide) in paragraph at lines 1--5
\JY2/mc/m/n/10 究
 []


Overfull \hbox (9.6222pt too wide) in paragraph at lines 1--5
\JY2/mc/m/n/10 で
 []


Overfull \hbox (9.6222pt too wide) in paragraph at lines 1--5
\JY2/mc/m/n/10 提
 []


Overfull \hbox (9.6222pt too wide) in paragraph at lines 1--5
\JY2/mc/m/n/10 案
 []


Overfull \hbox (9.6222pt too wide) in paragraph at lines 1--5
\JY2/mc/m/n/10 し
 []


Overfull \hbox (9.6222pt too wide) in paragraph at lines 1--5
\JY2/mc/m/n/10 た
 []


Overfull \hbox (9.6222pt too wide) in paragraph at lines 1--5
\JY2/mc/m/n/10 ネ
 []


Overfull \hbox (9.6222pt too wide) in paragraph at lines 1--5
\JY2/mc/m/n/10 ッ
 []


Overfull \hbox (9.6222pt too wide) in paragraph at lines 1--5
\JY2/mc/m/n/10 ト
 []


Overfull \hbox (18.74438pt too wide) in paragraph at lines 1--5
\JY2/mc/m/n/10 ワ ー
 []


Overfull \hbox (9.6222pt too wide) in paragraph at lines 1--5
\JY2/mc/m/n/10 ク
 []


Overfull \hbox (9.6222pt too wide) in paragraph at lines 1--5
\JY2/mc/m/n/10 シ
 []


Overfull \hbox (9.6222pt too wide) in paragraph at lines 1--5
\JY2/mc/m/n/10 ミ
 []


Overfull \hbox (9.6222pt too wide) in paragraph at lines 1--5
\JY2/mc/m/n/10 ュ
 []


Overfull \hbox (18.74438pt too wide) in paragraph at lines 1--5
\JY2/mc/m/n/10 レ ー
 []


Overfull \hbox (9.6222pt too wide) in paragraph at lines 1--5
\JY2/mc/m/n/10 タ
 []


Overfull \hbox (13.93329pt too wide) in paragraph at lines 1--5
\JY2/mc/m/n/10 は 、
 []


Overfull \hbox (23.47227pt too wide) in paragraph at lines 1--5
\OT1/cmr/m/n/10 Ruby
 []


Overfull \hbox (10.55559pt too wide) in paragraph at lines 1--5
\OT1/cmr/m/n/10 on
 []


Overfull \hbox (21.86115pt too wide) in paragraph at lines 1--5
\OT1/cmr/m/n/10 Rails
 []


Overfull \hbox (9.6222pt too wide) in paragraph at lines 1--5
\JY2/mc/m/n/10 を
 []


Overfull \hbox (9.6222pt too wide) in paragraph at lines 1--5
\JY2/mc/m/n/10 用
 []


Overfull \hbox (9.6222pt too wide) in paragraph at lines 1--5
\JY2/mc/m/n/10 い
 []


Overfull \hbox (9.6222pt too wide) in paragraph at lines 1--5
\JY2/mc/m/n/10 て
 []


Overfull \hbox (9.6222pt too wide) in paragraph at lines 1--5
\JY2/mc/m/n/10 実
 []


Overfull \hbox (9.6222pt too wide) in paragraph at lines 1--5
\JY2/mc/m/n/10 装
 []


Overfull \hbox (9.6222pt too wide) in paragraph at lines 1--5
\JY2/mc/m/n/10 さ
 []


Overfull \hbox (9.6222pt too wide) in paragraph at lines 1--5
\JY2/mc/m/n/10 れ
 []


Overfull \hbox (9.6222pt too wide) in paragraph at lines 1--5
\JY2/mc/m/n/10 て
 []


Overfull \hbox (9.6222pt too wide) in paragraph at lines 1--5
\JY2/mc/m/n/10 い
 []


Overfull \hbox (13.93329pt too wide) in paragraph at lines 1--5
\JY2/mc/m/n/10 る 。
 []


Overfull \hbox (23.47227pt too wide) in paragraph at lines 1--5
\OT1/cmr/m/n/10 Ruby
 []


Overfull \hbox (10.55559pt too wide) in paragraph at lines 1--5
\OT1/cmr/m/n/10 on
 []


Overfull \hbox (21.86115pt too wide) in paragraph at lines 1--5
\OT1/cmr/m/n/10 Rails
 []


Overfull \hbox (9.6222pt too wide) in paragraph at lines 1--5
\JY2/mc/m/n/10 と
 []


Overfull \hbox (13.93329pt too wide) in paragraph at lines 1--5
\JY2/mc/m/n/10 は 、
 []


Overfull \hbox (23.47227pt too wide) in paragraph at lines 1--5
\OT1/cmr/m/n/10 Ruby
 []


Overfull \hbox (9.6222pt too wide) in paragraph at lines 1--5
\JY2/mc/m/n/10 で
 []


Overfull \hbox (9.6222pt too wide) in paragraph at lines 1--5
\JY2/mc/m/n/10 構
 []


Overfull \hbox (9.6222pt too wide) in paragraph at lines 1--5
\JY2/mc/m/n/10 築
 []


Overfull \hbox (9.6222pt too wide) in paragraph at lines 1--5
\JY2/mc/m/n/10 さ
 []


Overfull \hbox (9.6222pt too wide) in paragraph at lines 1--5
\JY2/mc/m/n/10 れ
 []


Overfull \hbox (13.93329pt too wide) in paragraph at lines 1--5
\JY2/mc/m/n/10 た 、
 []


Overfull \hbox (19.44447pt too wide) in paragraph at lines 1--5
\OT1/cmr/m/n/10 Web
 []


Overfull \hbox (9.6222pt too wide) in paragraph at lines 1--5
\JY2/mc/m/n/10 ア
 []


Overfull \hbox (9.6222pt too wide) in paragraph at lines 1--5
\JY2/mc/m/n/10 プ
 []


Overfull \hbox (9.6222pt too wide) in paragraph at lines 1--5
\JY2/mc/m/n/10 リ
 []


Overfull \hbox (18.74438pt too wide) in paragraph at lines 1--5
\JY2/mc/m/n/10 ケ ー
 []


Overfull \hbox (9.6222pt too wide) in paragraph at lines 1--5
\JY2/mc/m/n/10 シ
 []


Overfull \hbox (9.6222pt too wide) in paragraph at lines 1--5
\JY2/mc/m/n/10 ョ
 []


Overfull \hbox (9.6222pt too wide) in paragraph at lines 1--5
\JY2/mc/m/n/10 ン
 []


Overfull \hbox (9.6222pt too wide) in paragraph at lines 1--5
\JY2/mc/m/n/10 を
 []


Overfull \hbox (9.6222pt too wide) in paragraph at lines 1--5
\JY2/mc/m/n/10 開
 []


Overfull \hbox (9.6222pt too wide) in paragraph at lines 1--5
\JY2/mc/m/n/10 発
 []


Overfull \hbox (9.6222pt too wide) in paragraph at lines 1--5
\JY2/mc/m/n/10 す
 []


Overfull \hbox (9.6222pt too wide) in paragraph at lines 1--5
\JY2/mc/m/n/10 る
 []


Overfull \hbox (9.6222pt too wide) in paragraph at lines 1--5
\JY2/mc/m/n/10 た
 []


Overfull \hbox (9.6222pt too wide) in paragraph at lines 1--5
\JY2/mc/m/n/10 め
 []


Overfull \hbox (9.6222pt too wide) in paragraph at lines 1--5
\JY2/mc/m/n/10 の
 []


Overfull \hbox (9.6222pt too wide) in paragraph at lines 1--5
\JY2/mc/m/n/10 フ
 []


Overfull \hbox (18.74438pt too wide) in paragraph at lines 1--5
\JY2/mc/m/n/10 レ ー
 []


Overfull \hbox (9.6222pt too wide) in paragraph at lines 1--5
\JY2/mc/m/n/10 ム
 []


Overfull \hbox (18.74438pt too wide) in paragraph at lines 1--5
\JY2/mc/m/n/10 ワ ー
 []


Overfull \hbox (9.6222pt too wide) in paragraph at lines 1--5
\JY2/mc/m/n/10 ク
 []


Overfull \hbox (9.6222pt too wide) in paragraph at lines 1--5
\JY2/mc/m/n/10 で
 []


Overfull \hbox (9.6222pt too wide) in paragraph at lines 1--5
\JY2/mc/m/n/10 あ
 []


Overfull \hbox (13.93329pt too wide) in paragraph at lines 1--5
\JY2/mc/m/n/10 る 。
 []


Overfull \hbox (9.6222pt too wide) in paragraph at lines 1--5
\JY2/mc/m/n/10 特
 []


Overfull \hbox (9.6222pt too wide) in paragraph at lines 1--5
\JY2/mc/m/n/10 徴
 []


Overfull \hbox (9.6222pt too wide) in paragraph at lines 1--5
\JY2/mc/m/n/10 と
 []


Overfull \hbox (9.6222pt too wide) in paragraph at lines 1--5
\JY2/mc/m/n/10 し
 []


Overfull \hbox (9.6222pt too wide) in paragraph at lines 1--5
\JY2/mc/m/n/10 て
 []


Overfull \hbox (23.61115pt too wide) in paragraph at lines 1--5
\OT1/cmr/m/n/10 MVC
 []


Overfull \hbox (18.74438pt too wide) in paragraph at lines 1--5
\JY2/mc/m/n/10 ア ー
 []


Overfull \hbox (9.6222pt too wide) in paragraph at lines 1--5
\JY2/mc/m/n/10 キ
 []


Overfull \hbox (9.6222pt too wide) in paragraph at lines 1--5
\JY2/mc/m/n/10 テ
 []


Overfull \hbox (9.6222pt too wide) in paragraph at lines 1--5
\JY2/mc/m/n/10 ク
 []


Overfull \hbox (9.6222pt too wide) in paragraph at lines 1--5
\JY2/mc/m/n/10 チ
 []


Overfull \hbox (9.6222pt too wide) in paragraph at lines 1--5
\JY2/mc/m/n/10 ャ
 []


Overfull \hbox (9.6222pt too wide) in paragraph at lines 1--5
\JY2/mc/m/n/10 の
 []


Overfull \hbox (9.6222pt too wide) in paragraph at lines 1--5
\JY2/mc/m/n/10 採
 []


Overfull \hbox (9.6222pt too wide) in paragraph at lines 1--5
\JY2/mc/m/n/10 用
 []


Overfull \hbox (9.6222pt too wide) in paragraph at lines 1--5
\JY2/mc/m/n/10 や
 []


Overfull \hbox (9.6222pt too wide) in paragraph at lines 1--5
\JY2/mc/m/n/10 設
 []


Overfull \hbox (9.6222pt too wide) in paragraph at lines 1--5
\JY2/mc/m/n/10 定
 []


Overfull \hbox (9.6222pt too wide) in paragraph at lines 1--5
\JY2/mc/m/n/10 よ
 []


Overfull \hbox (9.6222pt too wide) in paragraph at lines 1--5
\JY2/mc/m/n/10 り
 []


Overfull \hbox (9.6222pt too wide) in paragraph at lines 1--5
\JY2/mc/m/n/10 規
 []


Overfull \hbox (9.6222pt too wide) in paragraph at lines 1--5
\JY2/mc/m/n/10 約
 []


Overfull \hbox (9.6222pt too wide) in paragraph at lines 1--5
\JY2/mc/m/n/10 と
 []


Overfull \hbox (9.6222pt too wide) in paragraph at lines 1--5
\JY2/mc/m/n/10 い
 []


Overfull \hbox (9.6222pt too wide) in paragraph at lines 1--5
\JY2/mc/m/n/10 う
 []


Overfull \hbox (9.6222pt too wide) in paragraph at lines 1--5
\JY2/mc/m/n/10 設
 []


Overfull \hbox (9.6222pt too wide) in paragraph at lines 1--5
\JY2/mc/m/n/10 計
 []


Overfull \hbox (9.6222pt too wide) in paragraph at lines 1--5
\JY2/mc/m/n/10 哲
 []


Overfull \hbox (9.6222pt too wide) in paragraph at lines 1--5
\JY2/mc/m/n/10 学
 []


Overfull \hbox (9.6222pt too wide) in paragraph at lines 1--5
\JY2/mc/m/n/10 な
 []


Overfull \hbox (9.6222pt too wide) in paragraph at lines 1--5
\JY2/mc/m/n/10 ど
 []


Overfull \hbox (9.6222pt too wide) in paragraph at lines 1--5
\JY2/mc/m/n/10 が
 []


Overfull \hbox (9.6222pt too wide) in paragraph at lines 1--5
\JY2/mc/m/n/10 挙
 []


Overfull \hbox (9.6222pt too wide) in paragraph at lines 1--5
\JY2/mc/m/n/10 げ
 []


Overfull \hbox (9.6222pt too wide) in paragraph at lines 1--5
\JY2/mc/m/n/10 ら
 []


Overfull \hbox (9.6222pt too wide) in paragraph at lines 1--5
\JY2/mc/m/n/10 れ
 []


Overfull \hbox (13.93329pt too wide) in paragraph at lines 1--5
\JY2/mc/m/n/10 る 。
 []


Overfull \hbox (9.6222pt too wide) in paragraph at lines 1--5
\JY2/mc/m/n/10 　
 []


Overfull \hbox (23.61115pt too wide) in paragraph at lines 1--5
\OT1/cmr/m/n/10 MVC
 []


Overfull \hbox (9.6222pt too wide) in paragraph at lines 1--5
\JY2/mc/m/n/10 と
 []


Overfull \hbox (9.6222pt too wide) in paragraph at lines 1--5
\JY2/mc/m/n/10 は
 []


Overfull \hbox (36.84448pt too wide) in paragraph at lines 1--5
\JY2/mc/m/n/10 「\OT1/cmr/m/n/10 Model\JY2/mc/m/n/10 」
 []


Overfull \hbox (31.56667pt too wide) in paragraph at lines 1--5
\JY2/mc/m/n/10 「\OT1/cmr/m/n/10 View\JY2/mc/m/n/10 」
 []


Overfull \hbox (25.92224pt too wide) in paragraph at lines 1--5
\JY2/mc/m/n/10 「\OT1/cmr/m/n/10 Con-
 []


Overfull \hbox (31.53337pt too wide) in paragraph at lines 1--5
\OT1/cmr/m/n/10 troller\JY2/mc/m/n/10 」
 []


Overfull \hbox (9.6222pt too wide) in paragraph at lines 1--5
\JY2/mc/m/n/10 の
 []


Overfull \hbox (9.6222pt too wide) in paragraph at lines 1--5
\JY2/mc/m/n/10 頭
 []


Overfull \hbox (9.6222pt too wide) in paragraph at lines 1--5
\JY2/mc/m/n/10 文
 []


Overfull \hbox (9.6222pt too wide) in paragraph at lines 1--5
\JY2/mc/m/n/10 字
 []


Overfull \hbox (9.6222pt too wide) in paragraph at lines 1--5
\JY2/mc/m/n/10 で
 []


Overfull \hbox (9.6222pt too wide) in paragraph at lines 1--5
\JY2/mc/m/n/10 あ
 []


Overfull \hbox (13.93329pt too wide) in paragraph at lines 1--5
\JY2/mc/m/n/10 り 、
 []


Overfull \hbox (23.61115pt too wide) in paragraph at lines 1--5
\OT1/cmr/m/n/10 MVC
 []


Overfull \hbox (18.74438pt too wide) in paragraph at lines 1--5
\JY2/mc/m/n/10 ア ー
 []


Overfull \hbox (9.6222pt too wide) in paragraph at lines 1--5
\JY2/mc/m/n/10 キ
 []


Overfull \hbox (9.6222pt too wide) in paragraph at lines 1--5
\JY2/mc/m/n/10 テ
 []


Overfull \hbox (9.6222pt too wide) in paragraph at lines 1--5
\JY2/mc/m/n/10 ク
 []


Overfull \hbox (9.6222pt too wide) in paragraph at lines 1--5
\JY2/mc/m/n/10 チ
 []


Overfull \hbox (9.6222pt too wide) in paragraph at lines 1--5
\JY2/mc/m/n/10 ャ
 []


Overfull \hbox (9.6222pt too wide) in paragraph at lines 1--5
\JY2/mc/m/n/10 と
 []


Overfull \hbox (9.6222pt too wide) in paragraph at lines 1--5
\JY2/mc/m/n/10 は
 []


Overfull \hbox (9.6222pt too wide) in paragraph at lines 1--5
\JY2/mc/m/n/10 ア
 []


Overfull \hbox (9.6222pt too wide) in paragraph at lines 1--5
\JY2/mc/m/n/10 プ
 []


Overfull \hbox (9.6222pt too wide) in paragraph at lines 1--5
\JY2/mc/m/n/10 リ
 []


Overfull \hbox (18.74438pt too wide) in paragraph at lines 1--5
\JY2/mc/m/n/10 ケ ー
 []


Overfull \hbox (9.6222pt too wide) in paragraph at lines 1--5
\JY2/mc/m/n/10 シ
 []


Overfull \hbox (9.6222pt too wide) in paragraph at lines 1--5
\JY2/mc/m/n/10 ョ
 []


Overfull \hbox (9.6222pt too wide) in paragraph at lines 1--5
\JY2/mc/m/n/10 ン
 []


Overfull \hbox (9.6222pt too wide) in paragraph at lines 1--5
\JY2/mc/m/n/10 の
 []


Overfull \hbox (9.6222pt too wide) in paragraph at lines 1--5
\JY2/mc/m/n/10 構
 []


Overfull \hbox (9.6222pt too wide) in paragraph at lines 1--5
\JY2/mc/m/n/10 成
 []


Overfull \hbox (9.6222pt too wide) in paragraph at lines 1--5
\JY2/mc/m/n/10 が
 []


Overfull \hbox (9.6222pt too wide) in paragraph at lines 1--5
\JY2/mc/m/n/10 以
 []


Overfull \hbox (9.6222pt too wide) in paragraph at lines 1--5
\JY2/mc/m/n/10 下
 []


Overfull \hbox (9.6222pt too wide) in paragraph at lines 1--5
\JY2/mc/m/n/10 の
 []


Overfull \hbox (9.6222pt too wide) in paragraph at lines 1--5
\JY2/mc/m/n/10 図
 []


Overfull \hbox (10.86105pt too wide) in paragraph at lines 1--5
[]
 []


Overfull \hbox (9.6222pt too wide) in paragraph at lines 1--5
\JY2/mc/m/n/10 の
 []


Overfull \hbox (9.6222pt too wide) in paragraph at lines 1--5
\JY2/mc/m/n/10 よ
 []


Overfull \hbox (9.6222pt too wide) in paragraph at lines 1--5
\JY2/mc/m/n/10 う
 []


Overfull \hbox (9.6222pt too wide) in paragraph at lines 1--5
\JY2/mc/m/n/10 に
 []


Overfull \hbox (9.6222pt too wide) in paragraph at lines 1--5
\JY2/mc/m/n/10 な
 []


Overfull \hbox (9.6222pt too wide) in paragraph at lines 1--5
\JY2/mc/m/n/10 る
 []


Overfull \hbox (9.6222pt too wide) in paragraph at lines 1--5
\JY2/mc/m/n/10 こ
 []


Overfull \hbox (9.6222pt too wide) in paragraph at lines 1--5
\JY2/mc/m/n/10 と
 []


Overfull \hbox (9.6222pt too wide) in paragraph at lines 1--5
\JY2/mc/m/n/10 に
 []


Overfull \hbox (9.6222pt too wide) in paragraph at lines 1--5
\JY2/mc/m/n/10 由
 []


Overfull \hbox (9.6222pt too wide) in paragraph at lines 1--5
\JY2/mc/m/n/10 来
 []


Overfull \hbox (9.6222pt too wide) in paragraph at lines 1--5
\JY2/mc/m/n/10 し
 []


Overfull \hbox (9.6222pt too wide) in paragraph at lines 1--5
\JY2/mc/m/n/10 て
 []


Overfull \hbox (9.6222pt too wide) in paragraph at lines 1--5
\JY2/mc/m/n/10 い
 []


Overfull \hbox (13.93329pt too wide) in paragraph at lines 1--5
\JY2/mc/m/n/10 る 。 
 []


Underfull \vbox (badness 10000) has occurred while \output is active []



./rails.tex:5: LaTeX Error: The font size command \normalsize is not defined:
               there is probably something wrong with the class file.

See the LaTeX manual or LaTeX Companion for explanation.
Type  H <return>  for immediate help.
 ...                                              
                                                  
l.5 
    
Your command was ignored.
Type  I <command> <return>  to replace it with another command,
or  <return>  to continue without it.

[1
./rails.tex:5: Undefined control sequence.
<write> \newlabel{tag:rails}{{}{\thepage 
                                         }}
l.5 
    
The control sequence at the end of the top line
of your error message was never \def'ed. If you have
misspelled it (e.g., `\hobx'), type `I' and the correct
spelling (e.g., `I\hbox'). Otherwise just continue,
and I'll forget about whatever was undefined.

\newlabel{tag:rails}{{}{}}
]

./rails.tex:6: LaTeX Error: Environment figure undefined.

See the LaTeX manual or LaTeX Companion for explanation.
Type  H <return>  for immediate help.
 ...                                              
                                                  
l.6 \begin{figure}
                  [htbp]
Your command was ignored.
Type  I <command> <return>  to replace it with another command,
or  <return>  to continue without it.


./rails.tex:6: LaTeX Error: Missing \begin{document}.

See the LaTeX manual or LaTeX Companion for explanation.
Type  H <return>  for immediate help.
 ...                                              
                                                  
l.6 \begin{figure}[
                   htbp]
You're in trouble here.  Try typing  <return>  to proceed.
If that doesn't work, type  X <return>  to quit.


Overfull \hbox (45.8334pt too wide) in paragraph at lines 6--7
[]\OT1/cmr/m/n/10 [htbp] 
 []

./rails.tex:8: Undefined control sequence.
l.8     \includegraphics
                        [clip,width=12.0cm,height=8.0cm]{img/mvc.png}
The control sequence at the end of the top line
of your error message was never \def'ed. If you have
misspelled it (e.g., `\hobx'), type `I' and the correct
spelling (e.g., `I\hbox'). Otherwise just continue,
and I'll forget about whatever was undefined.


./rails.tex:9: LaTeX Error: \caption outside float.

See the LaTeX manual or LaTeX Companion for explanation.
Type  H <return>  for immediate help.
 ...                                              
                                                  
l.9     \caption
                {MVCアーキテクチャ(いい感じの画像)}
You're in trouble here.  Try typing  <return>  to proceed.
If that doesn't work, type  X <return>  to quit.


Overfull \hbox (207.7783pt too wide) in paragraph at lines 8--11
 \OT1/cmr/m/n/10 [clip,width=12.0cm,height=8.0cm]img/mvc.png 
 []


Overfull \hbox (23.61115pt too wide) in paragraph at lines 8--11
 \OT1/cmr/m/n/10 MVC 
 []


Overfull \hbox (18.74438pt too wide) in paragraph at lines 8--11
 \JY2/mc/m/n/10 ア ー 
 []


Overfull \hbox (9.6222pt too wide) in paragraph at lines 8--11
 \JY2/mc/m/n/10 キ 
 []


Overfull \hbox (9.6222pt too wide) in paragraph at lines 8--11
 \JY2/mc/m/n/10 テ 
 []


Overfull \hbox (9.6222pt too wide) in paragraph at lines 8--11
 \JY2/mc/m/n/10 ク 
 []


Overfull \hbox (9.6222pt too wide) in paragraph at lines 8--11
 \JY2/mc/m/n/10 チ 
 []


Overfull \hbox (9.6222pt too wide) in paragraph at lines 8--11
 \JY2/mc/m/n/10 ャ 
 []


Overfull \hbox (13.5111pt too wide) in paragraph at lines 8--11
 \OT1/cmr/m/n/10 (\JY2/mc/m/n/10 い 
 []


Overfull \hbox (9.6222pt too wide) in paragraph at lines 8--11
 \JY2/mc/m/n/10 い 
 []


Overfull \hbox (9.6222pt too wide) in paragraph at lines 8--11
 \JY2/mc/m/n/10 感 
 []


Overfull \hbox (9.6222pt too wide) in paragraph at lines 8--11
 \JY2/mc/m/n/10 じ 
 []


Overfull \hbox (9.6222pt too wide) in paragraph at lines 8--11
 \JY2/mc/m/n/10 の 
 []


Overfull \hbox (9.6222pt too wide) in paragraph at lines 8--11
 \JY2/mc/m/n/10 画 
 []


Overfull \hbox (13.5111pt too wide) in paragraph at lines 8--11
 \JY2/mc/m/n/10 像\OT1/cmr/m/n/10 ) 
 []


./rails.tex:12: LaTeX Error: \begin{document} ended by \end{figure}.

See the LaTeX manual or LaTeX Companion for explanation.
Type  H <return>  for immediate help.
 ...                                              
                                                  
l.12 \end{figure}
                 
Your command was ignored.
Type  I <command> <return>  to replace it with another command,
or  <return>  to continue without it.

)
! Emergency stop.
<*> rails.tex
             
*** (job aborted, no legal \end found)

 
Here is how much of TeX's memory you used:
 11 strings out of 493270
 110 string characters out of 6145018
 65995 words of memory out of 5000000
 4049 multiletter control sequences out of 15000+600000
 6589 words of font info for 33 fonts, out of 8000000 for 9000
 929 hyphenation exceptions out of 8191
 22i,4n,15p,375b,103s stack positions out of 5000i,500n,10000p,200000b,80000s
Output written on rails.dvi (1 page, 956 bytes).
